OpenROAD 0.9.0 d03ebfc244
This program is licensed under the BSD-3 license. See the LICENSE file for details. 
Components of this program may be licensed under more restrictive licenses which must be honored.
Error: cannot open '/.openroad'.
Notice 0: Reading LEF file:  /project/openlane/DFFRAM/runs/DFFRAM/tmp/merged_unpadded.lef
Notice 0:     Created 13 technology layers
Notice 0:     Created 25 technology vias
Notice 0:     Created 438 library cells
Notice 0: Finished LEF file:  /project/openlane/DFFRAM/runs/DFFRAM/tmp/merged_unpadded.lef
Notice 0: 
Reading DEF file: /project/openlane/DFFRAM/runs/DFFRAM/results/routing/DFFRAM.def
Notice 0: Design: DFFRAM
Notice 0:     Created 80 pins.
Notice 0:     Created 40233 components and 211486 component-terminals.
Notice 0:     Created 2 special nets and 0 connections.
Notice 0:     Created 12163 nets and 60270 connections.
Notice 0: Finished DEF file: /project/openlane/DFFRAM/runs/DFFRAM/results/routing/DFFRAM.def
Notice 0: Split top of 7545 T shapes.
Number of pins violated: 41
Number of nets violated: 41
Total number of nets: 12163
