Mon Nov 09 11:50:39 UTC 2020 - Executing "/openLANE_flow/scripts/mergeLef.py -i /home/xrex/usr/devel/pdks/sky130A/libs.ref/sky130_fd_sc_hd/techlef/sky130_fd_sc_hd.tlef /home/xrex/usr/devel/pdks/sky130A/libs.ref/sky130_fd_sc_hd/lef/sky130_fd_sc_hd.lef -o /project/openlane/DFFRAM/runs/DFFRAM/tmp/merged_unpadded.lef |& tee >&@stdout"

Mon Nov 09 11:50:39 UTC 2020 - Executing "/openLANE_flow/scripts/libtrim.pl /home/xrex/usr/devel/pdks/sky130A/libs.ref/sky130_fd_sc_hd/lib/sky130_fd_sc_hd__tt_025C_1v80.lib /home/xrex/usr/devel/pdks/sky130A/libs.tech/openlane/sky130_fd_sc_hd/no_synth.cells > /project/openlane/DFFRAM/runs/DFFRAM/tmp/trimmed.lib"

Mon Nov 09 11:50:39 UTC 2020 - Executing "yosys -c /openLANE_flow/scripts/synth_top.tcl -l /project/openlane/DFFRAM/runs/DFFRAM/logs/synthesis/yosys.log |& tee >&@stdout"

Mon Nov 09 11:50:52 UTC 2020 - Executing "sed -i -e {s/\(set ::env(CURRENT_NETLIST)\).*/\1 \/project\/openlane\/DFFRAM\/runs\/DFFRAM\/results\/synthesis\/DFFRAM.synthesis.v/} /project/openlane/DFFRAM/runs/DFFRAM/config.tcl"

Mon Nov 09 11:50:52 UTC 2020 - Executing "sed -i -e {s/\(set ::env(PREV_NETLIST)\).*/\1 0/} /project/openlane/DFFRAM/runs/DFFRAM/config.tcl"

Mon Nov 09 11:50:52 UTC 2020 - Executing "sta /openLANE_flow/scripts/sta.tcl |& tee >&@stdout /project/openlane/DFFRAM/runs/DFFRAM/logs/synthesis/opensta.log"

Mon Nov 09 11:50:54 UTC 2020 - Executing "openroad -exit /openLANE_flow/scripts/openroad/or_floorplan.tcl |& tee >&@stdout /project/openlane/DFFRAM/runs/DFFRAM/logs/floorplan/verilog2def.openroad.log"

Mon Nov 09 11:50:55 UTC 2020 - Executing "python3 /openLANE_flow/scripts/io_place.py --input-lef /project/openlane/DFFRAM/runs/DFFRAM/tmp/merged.lef --input-def /project/openlane/DFFRAM/runs/DFFRAM/tmp/floorplan/verilog2def_openroad.def --config /project/openlane/DFFRAM/pin_order.cfg --hor-layer 4 --ver-layer 3 --ver-width-mult 2 --hor-width-mult 2 --length-mult 4 -o /project/openlane/DFFRAM/runs/DFFRAM/tmp/floorplan/ioPlacer.def |& tee /project/openlane/DFFRAM/runs/DFFRAM/logs/floorplan/place_io_ol.log >&@stdout"

Mon Nov 09 11:50:55 UTC 2020 - Executing "openroad -exit /openLANE_flow/scripts/openroad/or_tapcell.tcl |& tee >&@stdout /project/openlane/DFFRAM/runs/DFFRAM/logs/floorplan/tapcell.log"

Mon Nov 09 11:50:56 UTC 2020 - Executing "openroad -exit /openLANE_flow/scripts/openroad/or_replace.tcl |& tee >&@stdout /project/openlane/DFFRAM/runs/DFFRAM/logs/placement/replace.log"

Mon Nov 09 11:51:14 UTC 2020 - Executing "openroad -exit /openLANE_flow/scripts/openroad/or_opendp.tcl |& tee >&@stdout /project/openlane/DFFRAM/runs/DFFRAM/logs/placement/opendp.log"

Mon Nov 09 11:51:14 UTC 2020 - Executing "openroad -exit /openLANE_flow/scripts/new_pdn.tcl |& tee >&@stdout /project/openlane/DFFRAM/runs/DFFRAM/logs/floorplan/pdn.log"

Mon Nov 09 11:51:16 UTC 2020 - Executing "openroad -exit /openLANE_flow/scripts/openroad/or_route.tcl |& tee >&@stdout /project/openlane/DFFRAM/runs/DFFRAM/logs/routing/fastroute.log"

Mon Nov 09 11:51:23 UTC 2020 - Executing "openroad -exit /openLANE_flow/scripts/openroad/or_fill.tcl |& tee >&@stdout /project/openlane/DFFRAM/runs/DFFRAM/logs/routing/addspacers.log"

Mon Nov 09 11:51:23 UTC 2020 - Executing "openroad -exit /openLANE_flow/scripts/openroad/or_write_verilog.tcl |& tee >&@stdout /project/openlane/DFFRAM/runs/DFFRAM/logs/write_verilog.log"

Mon Nov 09 11:51:24 UTC 2020 - Executing "sed -i -e {s/\(set ::env(CURRENT_NETLIST)\).*/\1 \/project\/openlane\/DFFRAM\/runs\/DFFRAM\/results\/synthesis\/DFFRAM.synthesis_preroute.v/} /project/openlane/DFFRAM/runs/DFFRAM/config.tcl"

Mon Nov 09 11:51:24 UTC 2020 - Executing "sed -i -e {s/\(set ::env(PREV_NETLIST)\).*/\1 \/project\/openlane\/DFFRAM\/runs\/DFFRAM\/results\/synthesis\/DFFRAM.synthesis.v/} /project/openlane/DFFRAM/runs/DFFRAM/config.tcl"

Mon Nov 09 11:51:24 UTC 2020 - Executing "envsubst < /openLANE_flow/scripts/tritonRoute.param > /project/openlane/DFFRAM/runs/DFFRAM/tmp/routing/tritonRoute.param"

Mon Nov 09 11:51:24 UTC 2020 - Executing "TritonRoute /project/openlane/DFFRAM/runs/DFFRAM/tmp/routing/tritonRoute.param |& tee >&@stdout /project/openlane/DFFRAM/runs/DFFRAM/logs/routing/tritonRoute.log"

Mon Nov 09 12:04:58 UTC 2020 - Executing "python3 /openLANE_flow/scripts/spef_extractor/main.py -l /project/openlane/DFFRAM/runs/DFFRAM/tmp/merged_unpadded.lef -d /project/openlane/DFFRAM/runs/DFFRAM/results/routing/DFFRAM.def -mw PI -ec 1 |& tee >&@stdout /project/openlane/DFFRAM/runs/DFFRAM/logs/routing/spef_extraction.log"

Mon Nov 09 12:05:47 UTC 2020 - Executing "sta /openLANE_flow/scripts/sta.tcl |& tee >&@stdout /project/openlane/DFFRAM/runs/DFFRAM/logs/synthesis/opensta_spef.log"

Mon Nov 09 12:05:51 UTC 2020 - Executing "python3 /openLANE_flow/scripts/write_powered_def.py -d /project/openlane/DFFRAM/runs/DFFRAM/results/routing/DFFRAM.def -l /project/openlane/DFFRAM/runs/DFFRAM/tmp/merged.lef -v VPWR -g VGND -o /project/openlane/DFFRAM/runs/DFFRAM/tmp/routing/DFFRAM.powered.def |& tee >&@stdout /project/openlane/DFFRAM/runs/DFFRAM/logs/lvs/write_powered_verilog.log"

Mon Nov 09 12:05:56 UTC 2020 - Executing "openroad -exit /openLANE_flow/scripts/openroad/or_write_verilog.tcl |& tee >&@stdout /project/openlane/DFFRAM/runs/DFFRAM/logs/write_verilog.log"

Mon Nov 09 12:05:57 UTC 2020 - Executing "yosys -c /openLANE_flow/scripts/yosys_rewrite_verilog.tcl -l /project/openlane/DFFRAM/runs/DFFRAM/logs/synthesis/yosys_rewrite_verilog.log"

Mon Nov 09 12:06:39 UTC 2020 - Executing "sed -i -e {s/\(set ::env(CURRENT_NETLIST)\).*/\1 \/project\/openlane\/DFFRAM\/runs\/DFFRAM\/results\/lvs\/DFFRAM.lvs.powered.v/} /project/openlane/DFFRAM/runs/DFFRAM/config.tcl"

Mon Nov 09 12:06:39 UTC 2020 - Executing "sed -i -e {s/\(set ::env(PREV_NETLIST)\).*/\1 \/project\/openlane\/DFFRAM\/runs\/DFFRAM\/results\/synthesis\/DFFRAM.synthesis_preroute.v/} /project/openlane/DFFRAM/runs/DFFRAM/config.tcl"

Mon Nov 09 12:06:39 UTC 2020 - Executing "magic -noconsole -dnull -rcfile /home/xrex/usr/devel/pdks/sky130A/libs.tech/magic/sky130A.magicrc /openLANE_flow/scripts/magic.tcl </dev/null |& tee >&@stdout /project/openlane/DFFRAM/runs/DFFRAM/logs/magic/magic.log"

Mon Nov 09 12:07:09 UTC 2020 - Executing "magic -noconsole -dnull -rcfile /home/xrex/usr/devel/pdks/sky130A/libs.tech/magic/sky130A.magicrc /project/openlane/DFFRAM/runs/DFFRAM/tmp/magic_spice.tcl </dev/null |& tee >&@stdout /project/openlane/DFFRAM/runs/DFFRAM/logs/magic/magic_spice.log"

Mon Nov 09 12:08:13 UTC 2020 - Executing "magic -noconsole -dnull -rcfile /home/xrex/usr/devel/pdks/sky130A/libs.tech/magic/sky130A.magicrc /openLANE_flow/scripts/magic_drc.tcl </dev/null |& tee >&@stdout /project/openlane/DFFRAM/runs/DFFRAM/logs/magic/magic.drc.log"

Mon Nov 09 12:09:56 UTC 2020 - Executing "netgen -batch lvs {/project/openlane/DFFRAM/runs/DFFRAM/results/magic/DFFRAM.spice DFFRAM} {/project/openlane/DFFRAM/runs/DFFRAM/results/lvs/DFFRAM.lvs.powered.v DFFRAM} /home/xrex/usr/devel/pdks/sky130A/libs.tech/netgen/sky130A_setup.tcl /project/openlane/DFFRAM/runs/DFFRAM/results/lvs/DFFRAM.lvs.log -json |& tee >&@stdout /project/openlane/DFFRAM/runs/DFFRAM/logs/lvs/lvs.log"

Mon Nov 09 12:10:09 UTC 2020 - Executing "openroad -exit /openLANE_flow/scripts/openroad/or_antenna_check.tcl |& tee >&@stdout /project/openlane/DFFRAM/runs/DFFRAM/logs/routing/or_antenna.log"

Mon Nov 09 12:10:15 UTC 2020 - Executing "python3 /openLANE_flow/report_generation_wrapper.py -d /project/openlane/DFFRAM -dn DFFRAM -t DFFRAM -o /project/openlane/DFFRAM/runs/DFFRAM/reports/final_summary_report.csv -r /project/openlane/DFFRAM/runs/DFFRAM"

