Notice 0: Reading LEF file:  /project/openlane/mgmt_protect/runs/mgmt_protect/tmp/top_level.lef
Notice 0:     Created 13 technology layers
Notice 0:     Created 25 technology vias
Notice 0:     Created 79 library cells
Notice 0: Finished LEF file:  /project/openlane/mgmt_protect/runs/mgmt_protect/tmp/top_level.lef
Notice 0: Reading LEF file:  /project/openlane/mgmt_protect/runs/mgmt_protect/tmp/merged_unpadded.lef
Notice 0: warning: duplicate VIARULE (L1M1_PR) ignoring...Notice 0: warning: duplicate VIARULE (L1M1_PR_R) ignoring...Notice 0: warning: duplicate VIARULE (L1M1_PR_M) ignoring...Notice 0: warning: duplicate VIARULE (L1M1_PR_MR) ignoring...Notice 0: warning: duplicate VIARULE (L1M1_PR_C) ignoring...Notice 0: warning: duplicate VIARULE (M1M2_PR) ignoring...Notice 0: warning: duplicate VIARULE (M1M2_PR_R) ignoring...Notice 0: warning: duplicate VIARULE (M1M2_PR_M) ignoring...Notice 0: warning: duplicate VIARULE (M1M2_PR_MR) ignoring...Notice 0: warning: duplicate VIARULE (M1M2_PR_C) ignoring...Notice 0: warning: duplicate VIARULE (M2M3_PR) ignoring...Notice 0: warning: duplicate VIARULE (M2M3_PR_R) ignoring...Notice 0: warning: duplicate VIARULE (M2M3_PR_M) ignoring...Notice 0: warning: duplicate VIARULE (M2M3_PR_MR) ignoring...Notice 0: warning: duplicate VIARULE (M2M3_PR_C) ignoring...Notice 0: warning: duplicate VIARULE (M3M4_PR) ignoring...Notice 0: warning: duplicate VIARULE (M3M4_PR_R) ignoring...Notice 0: warning: duplicate VIARULE (M3M4_PR_M) ignoring...Notice 0: warning: duplicate VIARULE (M3M4_PR_MR) ignoring...Notice 0: warning: duplicate VIARULE (M3M4_PR_C) ignoring...Notice 0: warning: duplicate VIARULE (M4M5_PR) ignoring...Notice 0: warning: duplicate VIARULE (M4M5_PR_R) ignoring...Notice 0: warning: duplicate VIARULE (M4M5_PR_M) ignoring...Notice 0: warning: duplicate VIARULE (M4M5_PR_MR) ignoring...Notice 0: warning: duplicate VIARULE (M4M5_PR_C) ignoring...Notice 0:     Created 439 library cells
Notice 0: Finished LEF file:  /project/openlane/mgmt_protect/runs/mgmt_protect/tmp/merged_unpadded.lef
Notice 0: 
Reading DEF file: /project/openlane/mgmt_protect/runs/mgmt_protect/tmp/placement/replace.def
Notice 0: Design: mgmt_protect
Notice 0:     Created 921 pins.
Notice 0:     Created 1381 components and 8742 component-terminals.
Notice 0:     Created 1840 nets and 2761 connections.
Notice 0: Finished DEF file: /project/openlane/mgmt_protect/runs/mgmt_protect/tmp/placement/replace.def
Notice 0: Reading LEF file:  /project/openlane/mgmt_protect/runs/mgmt_protect/tmp/top_level.lef
Notice 0:     Created 13 technology layers
Notice 0:     Created 25 technology vias
Notice 0:     Created 79 library cells
Notice 0: Finished LEF file:  /project/openlane/mgmt_protect/runs/mgmt_protect/tmp/top_level.lef
Notice 0: 
Reading DEF file: /project/openlane/mgmt_protect/runs/mgmt_protect/tmp/top_level.def
Notice 0: Design: caravel
Notice 0:     Created 47 components and 4277 component-terminals.
Notice 0:     Created 1928 nets and 4078 connections.
Notice 0: Finished DEF file: /project/openlane/mgmt_protect/runs/mgmt_protect/tmp/top_level.def
Block design name: mgmt_protect
Top-level design name: caravel
Block net name:  caravel_clk
Block net name:  caravel_clk2
Block net name:  caravel_rstn
Block net name:  la_data_in_mprj[0]
Block net name:  la_data_in_mprj[100]
Block net name:  la_data_in_mprj[101]
Block net name:  la_data_in_mprj[102]
Block net name:  la_data_in_mprj[103]
Block net name:  la_data_in_mprj[104]
Block net name:  la_data_in_mprj[105]
Block net name:  la_data_in_mprj[106]
Block net name:  la_data_in_mprj[107]
Block net name:  la_data_in_mprj[108]
Block net name:  la_data_in_mprj[109]
Block net name:  la_data_in_mprj[10]
Block net name:  la_data_in_mprj[110]
Block net name:  la_data_in_mprj[111]
Block net name:  la_data_in_mprj[112]
Block net name:  la_data_in_mprj[113]
Block net name:  la_data_in_mprj[114]
Block net name:  la_data_in_mprj[115]
Block net name:  la_data_in_mprj[116]
Block net name:  la_data_in_mprj[117]
Block net name:  la_data_in_mprj[118]
Block net name:  la_data_in_mprj[119]
Block net name:  la_data_in_mprj[11]
Block net name:  la_data_in_mprj[120]
Block net name:  la_data_in_mprj[121]
Block net name:  la_data_in_mprj[122]
Block net name:  la_data_in_mprj[123]
Block net name:  la_data_in_mprj[124]
Block net name:  la_data_in_mprj[125]
Block net name:  la_data_in_mprj[126]
Block net name:  la_data_in_mprj[127]
Block net name:  la_data_in_mprj[12]
Block net name:  la_data_in_mprj[13]
Block net name:  la_data_in_mprj[14]
Block net name:  la_data_in_mprj[15]
Block net name:  la_data_in_mprj[16]
Block net name:  la_data_in_mprj[17]
Block net name:  la_data_in_mprj[18]
Block net name:  la_data_in_mprj[19]
Block net name:  la_data_in_mprj[1]
Block net name:  la_data_in_mprj[20]
Block net name:  la_data_in_mprj[21]
Block net name:  la_data_in_mprj[22]
Block net name:  la_data_in_mprj[23]
Block net name:  la_data_in_mprj[24]
Block net name:  la_data_in_mprj[25]
Block net name:  la_data_in_mprj[26]
Block net name:  la_data_in_mprj[27]
Block net name:  la_data_in_mprj[28]
Block net name:  la_data_in_mprj[29]
Block net name:  la_data_in_mprj[2]
Block net name:  la_data_in_mprj[30]
Block net name:  la_data_in_mprj[31]
Block net name:  la_data_in_mprj[32]
Block net name:  la_data_in_mprj[33]
Block net name:  la_data_in_mprj[34]
Block net name:  la_data_in_mprj[35]
Block net name:  la_data_in_mprj[36]
Block net name:  la_data_in_mprj[37]
Block net name:  la_data_in_mprj[38]
Block net name:  la_data_in_mprj[39]
Block net name:  la_data_in_mprj[3]
Block net name:  la_data_in_mprj[40]
Block net name:  la_data_in_mprj[41]
Block net name:  la_data_in_mprj[42]
Block net name:  la_data_in_mprj[43]
Block net name:  la_data_in_mprj[44]
Block net name:  la_data_in_mprj[45]
Block net name:  la_data_in_mprj[46]
Block net name:  la_data_in_mprj[47]
Block net name:  la_data_in_mprj[48]
Block net name:  la_data_in_mprj[49]
Block net name:  la_data_in_mprj[4]
Block net name:  la_data_in_mprj[50]
Block net name:  la_data_in_mprj[51]
Block net name:  la_data_in_mprj[52]
Block net name:  la_data_in_mprj[53]
Block net name:  la_data_in_mprj[54]
Block net name:  la_data_in_mprj[55]
Block net name:  la_data_in_mprj[56]
Block net name:  la_data_in_mprj[57]
Block net name:  la_data_in_mprj[58]
Block net name:  la_data_in_mprj[59]
Block net name:  la_data_in_mprj[5]
Block net name:  la_data_in_mprj[60]
Block net name:  la_data_in_mprj[61]
Block net name:  la_data_in_mprj[62]
Block net name:  la_data_in_mprj[63]
Block net name:  la_data_in_mprj[64]
Block net name:  la_data_in_mprj[65]
Block net name:  la_data_in_mprj[66]
Block net name:  la_data_in_mprj[67]
Block net name:  la_data_in_mprj[68]
Block net name:  la_data_in_mprj[69]
Block net name:  la_data_in_mprj[6]
Block net name:  la_data_in_mprj[70]
Block net name:  la_data_in_mprj[71]
Block net name:  la_data_in_mprj[72]
Block net name:  la_data_in_mprj[73]
Block net name:  la_data_in_mprj[74]
Block net name:  la_data_in_mprj[75]
Block net name:  la_data_in_mprj[76]
Block net name:  la_data_in_mprj[77]
Block net name:  la_data_in_mprj[78]
Block net name:  la_data_in_mprj[79]
Block net name:  la_data_in_mprj[7]
Block net name:  la_data_in_mprj[80]
Block net name:  la_data_in_mprj[81]
Block net name:  la_data_in_mprj[82]
Block net name:  la_data_in_mprj[83]
Block net name:  la_data_in_mprj[84]
Block net name:  la_data_in_mprj[85]
Block net name:  la_data_in_mprj[86]
Block net name:  la_data_in_mprj[87]
Block net name:  la_data_in_mprj[88]
Block net name:  la_data_in_mprj[89]
Block net name:  la_data_in_mprj[8]
Block net name:  la_data_in_mprj[90]
Block net name:  la_data_in_mprj[91]
Block net name:  la_data_in_mprj[92]
Block net name:  la_data_in_mprj[93]
Block net name:  la_data_in_mprj[94]
Block net name:  la_data_in_mprj[95]
Block net name:  la_data_in_mprj[96]
Block net name:  la_data_in_mprj[97]
Block net name:  la_data_in_mprj[98]
Block net name:  la_data_in_mprj[99]
Block net name:  la_data_in_mprj[9]
Block net name:  la_data_in_core[0]
Block net name:  la_data_in_core[100]
Block net name:  la_data_in_core[101]
Block net name:  la_data_in_core[102]
Block net name:  la_data_in_core[103]
Block net name:  la_data_in_core[104]
Block net name:  la_data_in_core[105]
Block net name:  la_data_in_core[106]
Block net name:  la_data_in_core[107]
Block net name:  la_data_in_core[108]
Block net name:  la_data_in_core[109]
Block net name:  la_data_in_core[10]
Block net name:  la_data_in_core[110]
Block net name:  la_data_in_core[111]
Block net name:  la_data_in_core[112]
Block net name:  la_data_in_core[113]
Block net name:  la_data_in_core[114]
Block net name:  la_data_in_core[115]
Block net name:  la_data_in_core[116]
Block net name:  la_data_in_core[117]
Block net name:  la_data_in_core[118]
Block net name:  la_data_in_core[119]
Block net name:  la_data_in_core[11]
Block net name:  la_data_in_core[120]
Block net name:  la_data_in_core[121]
Block net name:  la_data_in_core[122]
Block net name:  la_data_in_core[123]
Block net name:  la_data_in_core[124]
Block net name:  la_data_in_core[125]
Block net name:  la_data_in_core[126]
Block net name:  la_data_in_core[127]
Block net name:  la_data_in_core[12]
Block net name:  la_data_in_core[13]
Block net name:  la_data_in_core[14]
Block net name:  la_data_in_core[15]
Block net name:  la_data_in_core[16]
Block net name:  la_data_in_core[17]
Block net name:  la_data_in_core[18]
Block net name:  la_data_in_core[19]
Block net name:  la_data_in_core[1]
Block net name:  la_data_in_core[20]
Block net name:  la_data_in_core[21]
Block net name:  la_data_in_core[22]
Block net name:  la_data_in_core[23]
Block net name:  la_data_in_core[24]
Block net name:  la_data_in_core[25]
Block net name:  la_data_in_core[26]
Block net name:  la_data_in_core[27]
Block net name:  la_data_in_core[28]
Block net name:  la_data_in_core[29]
Block net name:  la_data_in_core[2]
Block net name:  la_data_in_core[30]
Block net name:  la_data_in_core[31]
Block net name:  la_data_in_core[32]
Block net name:  la_data_in_core[33]
Block net name:  la_data_in_core[34]
Block net name:  la_data_in_core[35]
Block net name:  la_data_in_core[36]
Block net name:  la_data_in_core[37]
Block net name:  la_data_in_core[38]
Block net name:  la_data_in_core[39]
Block net name:  la_data_in_core[3]
Block net name:  la_data_in_core[40]
Block net name:  la_data_in_core[41]
Block net name:  la_data_in_core[42]
Block net name:  la_data_in_core[43]
Block net name:  la_data_in_core[44]
Block net name:  la_data_in_core[45]
Block net name:  la_data_in_core[46]
Block net name:  la_data_in_core[47]
Block net name:  la_data_in_core[48]
Block net name:  la_data_in_core[49]
Block net name:  la_data_in_core[4]
Block net name:  la_data_in_core[50]
Block net name:  la_data_in_core[51]
Block net name:  la_data_in_core[52]
Block net name:  la_data_in_core[53]
Block net name:  la_data_in_core[54]
Block net name:  la_data_in_core[55]
Block net name:  la_data_in_core[56]
Block net name:  la_data_in_core[57]
Block net name:  la_data_in_core[58]
Block net name:  la_data_in_core[59]
Block net name:  la_data_in_core[5]
Block net name:  la_data_in_core[60]
Block net name:  la_data_in_core[61]
Block net name:  la_data_in_core[62]
Block net name:  la_data_in_core[63]
Block net name:  la_data_in_core[64]
Block net name:  la_data_in_core[65]
Block net name:  la_data_in_core[66]
Block net name:  la_data_in_core[67]
Block net name:  la_data_in_core[68]
Block net name:  la_data_in_core[69]
Block net name:  la_data_in_core[6]
Block net name:  la_data_in_core[70]
Block net name:  la_data_in_core[71]
Block net name:  la_data_in_core[72]
Block net name:  la_data_in_core[73]
Block net name:  la_data_in_core[74]
Block net name:  la_data_in_core[75]
Block net name:  la_data_in_core[76]
Block net name:  la_data_in_core[77]
Block net name:  la_data_in_core[78]
Block net name:  la_data_in_core[79]
Block net name:  la_data_in_core[7]
Block net name:  la_data_in_core[80]
Block net name:  la_data_in_core[81]
Block net name:  la_data_in_core[82]
Block net name:  la_data_in_core[83]
Block net name:  la_data_in_core[84]
Block net name:  la_data_in_core[85]
Block net name:  la_data_in_core[86]
Block net name:  la_data_in_core[87]
Block net name:  la_data_in_core[88]
Block net name:  la_data_in_core[89]
Block net name:  la_data_in_core[8]
Block net name:  la_data_in_core[90]
Block net name:  la_data_in_core[91]
Block net name:  la_data_in_core[92]
Block net name:  la_data_in_core[93]
Block net name:  la_data_in_core[94]
Block net name:  la_data_in_core[95]
Block net name:  la_data_in_core[96]
Block net name:  la_data_in_core[97]
Block net name:  la_data_in_core[98]
Block net name:  la_data_in_core[99]
Block net name:  la_data_in_core[9]
Block net name:  la_data_out_mprj[0]
Block net name:  la_data_out_mprj[100]
Block net name:  la_data_out_mprj[101]
Block net name:  la_data_out_mprj[102]
Block net name:  la_data_out_mprj[103]
Block net name:  la_data_out_mprj[104]
Block net name:  la_data_out_mprj[105]
Block net name:  la_data_out_mprj[106]
Block net name:  la_data_out_mprj[107]
Block net name:  la_data_out_mprj[108]
Block net name:  la_data_out_mprj[109]
Block net name:  la_data_out_mprj[10]
Block net name:  la_data_out_mprj[110]
Block net name:  la_data_out_mprj[111]
Block net name:  la_data_out_mprj[112]
Block net name:  la_data_out_mprj[113]
Block net name:  la_data_out_mprj[114]
Block net name:  la_data_out_mprj[115]
Block net name:  la_data_out_mprj[116]
Block net name:  la_data_out_mprj[117]
Block net name:  la_data_out_mprj[118]
Block net name:  la_data_out_mprj[119]
Block net name:  la_data_out_mprj[11]
Block net name:  la_data_out_mprj[120]
Block net name:  la_data_out_mprj[121]
Block net name:  la_data_out_mprj[122]
Block net name:  la_data_out_mprj[123]
Block net name:  la_data_out_mprj[124]
Block net name:  la_data_out_mprj[125]
Block net name:  la_data_out_mprj[126]
Block net name:  la_data_out_mprj[127]
Block net name:  la_data_out_mprj[12]
Block net name:  la_data_out_mprj[13]
Block net name:  la_data_out_mprj[14]
Block net name:  la_data_out_mprj[15]
Block net name:  la_data_out_mprj[16]
Block net name:  la_data_out_mprj[17]
Block net name:  la_data_out_mprj[18]
Block net name:  la_data_out_mprj[19]
Block net name:  la_data_out_mprj[1]
Block net name:  la_data_out_mprj[20]
Block net name:  la_data_out_mprj[21]
Block net name:  la_data_out_mprj[22]
Block net name:  la_data_out_mprj[23]
Block net name:  la_data_out_mprj[24]
Block net name:  la_data_out_mprj[25]
Block net name:  la_data_out_mprj[26]
Block net name:  la_data_out_mprj[27]
Block net name:  la_data_out_mprj[28]
Block net name:  la_data_out_mprj[29]
Block net name:  la_data_out_mprj[2]
Block net name:  la_data_out_mprj[30]
Block net name:  la_data_out_mprj[31]
Block net name:  la_data_out_mprj[32]
Block net name:  la_data_out_mprj[33]
Block net name:  la_data_out_mprj[34]
Block net name:  la_data_out_mprj[35]
Block net name:  la_data_out_mprj[36]
Block net name:  la_data_out_mprj[37]
Block net name:  la_data_out_mprj[38]
Block net name:  la_data_out_mprj[39]
Block net name:  la_data_out_mprj[3]
Block net name:  la_data_out_mprj[40]
Block net name:  la_data_out_mprj[41]
Block net name:  la_data_out_mprj[42]
Block net name:  la_data_out_mprj[43]
Block net name:  la_data_out_mprj[44]
Block net name:  la_data_out_mprj[45]
Block net name:  la_data_out_mprj[46]
Block net name:  la_data_out_mprj[47]
Block net name:  la_data_out_mprj[48]
Block net name:  la_data_out_mprj[49]
Block net name:  la_data_out_mprj[4]
Block net name:  la_data_out_mprj[50]
Block net name:  la_data_out_mprj[51]
Block net name:  la_data_out_mprj[52]
Block net name:  la_data_out_mprj[53]
Block net name:  la_data_out_mprj[54]
Block net name:  la_data_out_mprj[55]
Block net name:  la_data_out_mprj[56]
Block net name:  la_data_out_mprj[57]
Block net name:  la_data_out_mprj[58]
Block net name:  la_data_out_mprj[59]
Block net name:  la_data_out_mprj[5]
Block net name:  la_data_out_mprj[60]
Block net name:  la_data_out_mprj[61]
Block net name:  la_data_out_mprj[62]
Block net name:  la_data_out_mprj[63]
Block net name:  la_data_out_mprj[64]
Block net name:  la_data_out_mprj[65]
Block net name:  la_data_out_mprj[66]
Block net name:  la_data_out_mprj[67]
Block net name:  la_data_out_mprj[68]
Block net name:  la_data_out_mprj[69]
Block net name:  la_data_out_mprj[6]
Block net name:  la_data_out_mprj[70]
Block net name:  la_data_out_mprj[71]
Block net name:  la_data_out_mprj[72]
Block net name:  la_data_out_mprj[73]
Block net name:  la_data_out_mprj[74]
Block net name:  la_data_out_mprj[75]
Block net name:  la_data_out_mprj[76]
Block net name:  la_data_out_mprj[77]
Block net name:  la_data_out_mprj[78]
Block net name:  la_data_out_mprj[79]
Block net name:  la_data_out_mprj[7]
Block net name:  la_data_out_mprj[80]
Block net name:  la_data_out_mprj[81]
Block net name:  la_data_out_mprj[82]
Block net name:  la_data_out_mprj[83]
Block net name:  la_data_out_mprj[84]
Block net name:  la_data_out_mprj[85]
Block net name:  la_data_out_mprj[86]
Block net name:  la_data_out_mprj[87]
Block net name:  la_data_out_mprj[88]
Block net name:  la_data_out_mprj[89]
Block net name:  la_data_out_mprj[8]
Block net name:  la_data_out_mprj[90]
Block net name:  la_data_out_mprj[91]
Block net name:  la_data_out_mprj[92]
Block net name:  la_data_out_mprj[93]
Block net name:  la_data_out_mprj[94]
Block net name:  la_data_out_mprj[95]
Block net name:  la_data_out_mprj[96]
Block net name:  la_data_out_mprj[97]
Block net name:  la_data_out_mprj[98]
Block net name:  la_data_out_mprj[99]
Block net name:  la_data_out_mprj[9]
Block net name:  la_data_out_core[0]
Block net name:  la_data_out_core[100]
Block net name:  la_data_out_core[101]
Block net name:  la_data_out_core[102]
Block net name:  la_data_out_core[103]
Block net name:  la_data_out_core[104]
Block net name:  la_data_out_core[105]
Block net name:  la_data_out_core[106]
Block net name:  la_data_out_core[107]
Block net name:  la_data_out_core[108]
Block net name:  la_data_out_core[109]
Block net name:  la_data_out_core[10]
Block net name:  la_data_out_core[110]
Block net name:  la_data_out_core[111]
Block net name:  la_data_out_core[112]
Block net name:  la_data_out_core[113]
Block net name:  la_data_out_core[114]
Block net name:  la_data_out_core[115]
Block net name:  la_data_out_core[116]
Block net name:  la_data_out_core[117]
Block net name:  la_data_out_core[118]
Block net name:  la_data_out_core[119]
Block net name:  la_data_out_core[11]
Block net name:  la_data_out_core[120]
Block net name:  la_data_out_core[121]
Block net name:  la_data_out_core[122]
Block net name:  la_data_out_core[123]
Block net name:  la_data_out_core[124]
Block net name:  la_data_out_core[125]
Block net name:  la_data_out_core[126]
Block net name:  la_data_out_core[127]
Block net name:  la_data_out_core[12]
Block net name:  la_data_out_core[13]
Block net name:  la_data_out_core[14]
Block net name:  la_data_out_core[15]
Block net name:  la_data_out_core[16]
Block net name:  la_data_out_core[17]
Block net name:  la_data_out_core[18]
Block net name:  la_data_out_core[19]
Block net name:  la_data_out_core[1]
Block net name:  la_data_out_core[20]
Block net name:  la_data_out_core[21]
Block net name:  la_data_out_core[22]
Block net name:  la_data_out_core[23]
Block net name:  la_data_out_core[24]
Block net name:  la_data_out_core[25]
Block net name:  la_data_out_core[26]
Block net name:  la_data_out_core[27]
Block net name:  la_data_out_core[28]
Block net name:  la_data_out_core[29]
Block net name:  la_data_out_core[2]
Block net name:  la_data_out_core[30]
Block net name:  la_data_out_core[31]
Block net name:  la_data_out_core[32]
Block net name:  la_data_out_core[33]
Block net name:  la_data_out_core[34]
Block net name:  la_data_out_core[35]
Block net name:  la_data_out_core[36]
Block net name:  la_data_out_core[37]
Block net name:  la_data_out_core[38]
Block net name:  la_data_out_core[39]
Block net name:  la_data_out_core[3]
Block net name:  la_data_out_core[40]
Block net name:  la_data_out_core[41]
Block net name:  la_data_out_core[42]
Block net name:  la_data_out_core[43]
Block net name:  la_data_out_core[44]
Block net name:  la_data_out_core[45]
Block net name:  la_data_out_core[46]
Block net name:  la_data_out_core[47]
Block net name:  la_data_out_core[48]
Block net name:  la_data_out_core[49]
Block net name:  la_data_out_core[4]
Block net name:  la_data_out_core[50]
Block net name:  la_data_out_core[51]
Block net name:  la_data_out_core[52]
Block net name:  la_data_out_core[53]
Block net name:  la_data_out_core[54]
Block net name:  la_data_out_core[55]
Block net name:  la_data_out_core[56]
Block net name:  la_data_out_core[57]
Block net name:  la_data_out_core[58]
Block net name:  la_data_out_core[59]
Block net name:  la_data_out_core[5]
Block net name:  la_data_out_core[60]
Block net name:  la_data_out_core[61]
Block net name:  la_data_out_core[62]
Block net name:  la_data_out_core[63]
Block net name:  la_data_out_core[64]
Block net name:  la_data_out_core[65]
Block net name:  la_data_out_core[66]
Block net name:  la_data_out_core[67]
Block net name:  la_data_out_core[68]
Block net name:  la_data_out_core[69]
Block net name:  la_data_out_core[6]
Block net name:  la_data_out_core[70]
Block net name:  la_data_out_core[71]
Block net name:  la_data_out_core[72]
Block net name:  la_data_out_core[73]
Block net name:  la_data_out_core[74]
Block net name:  la_data_out_core[75]
Block net name:  la_data_out_core[76]
Block net name:  la_data_out_core[77]
Block net name:  la_data_out_core[78]
Block net name:  la_data_out_core[79]
Block net name:  la_data_out_core[7]
Block net name:  la_data_out_core[80]
Block net name:  la_data_out_core[81]
Block net name:  la_data_out_core[82]
Block net name:  la_data_out_core[83]
Block net name:  la_data_out_core[84]
Block net name:  la_data_out_core[85]
Block net name:  la_data_out_core[86]
Block net name:  la_data_out_core[87]
Block net name:  la_data_out_core[88]
Block net name:  la_data_out_core[89]
Block net name:  la_data_out_core[8]
Block net name:  la_data_out_core[90]
Block net name:  la_data_out_core[91]
Block net name:  la_data_out_core[92]
Block net name:  la_data_out_core[93]
Block net name:  la_data_out_core[94]
Block net name:  la_data_out_core[95]
Block net name:  la_data_out_core[96]
Block net name:  la_data_out_core[97]
Block net name:  la_data_out_core[98]
Block net name:  la_data_out_core[99]
Block net name:  la_data_out_core[9]
Block net name:  la_oen_mprj[0]
Block net name:  la_oen_mprj[100]
Block net name:  la_oen_mprj[101]
Block net name:  la_oen_mprj[102]
Block net name:  la_oen_mprj[103]
Block net name:  la_oen_mprj[104]
Block net name:  la_oen_mprj[105]
Block net name:  la_oen_mprj[106]
Block net name:  la_oen_mprj[107]
Block net name:  la_oen_mprj[108]
Block net name:  la_oen_mprj[109]
Block net name:  la_oen_mprj[10]
Block net name:  la_oen_mprj[110]
Block net name:  la_oen_mprj[111]
Block net name:  la_oen_mprj[112]
Block net name:  la_oen_mprj[113]
Block net name:  la_oen_mprj[114]
Block net name:  la_oen_mprj[115]
Block net name:  la_oen_mprj[116]
Block net name:  la_oen_mprj[117]
Block net name:  la_oen_mprj[118]
Block net name:  la_oen_mprj[119]
Block net name:  la_oen_mprj[11]
Block net name:  la_oen_mprj[120]
Block net name:  la_oen_mprj[121]
Block net name:  la_oen_mprj[122]
Block net name:  la_oen_mprj[123]
Block net name:  la_oen_mprj[124]
Block net name:  la_oen_mprj[125]
Block net name:  la_oen_mprj[126]
Block net name:  la_oen_mprj[127]
Block net name:  la_oen_mprj[12]
Block net name:  la_oen_mprj[13]
Block net name:  la_oen_mprj[14]
Block net name:  la_oen_mprj[15]
Block net name:  la_oen_mprj[16]
Block net name:  la_oen_mprj[17]
Block net name:  la_oen_mprj[18]
Block net name:  la_oen_mprj[19]
Block net name:  la_oen_mprj[1]
Block net name:  la_oen_mprj[20]
Block net name:  la_oen_mprj[21]
Block net name:  la_oen_mprj[22]
Block net name:  la_oen_mprj[23]
Block net name:  la_oen_mprj[24]
Block net name:  la_oen_mprj[25]
Block net name:  la_oen_mprj[26]
Block net name:  la_oen_mprj[27]
Block net name:  la_oen_mprj[28]
Block net name:  la_oen_mprj[29]
Block net name:  la_oen_mprj[2]
Block net name:  la_oen_mprj[30]
Block net name:  la_oen_mprj[31]
Block net name:  la_oen_mprj[32]
Block net name:  la_oen_mprj[33]
Block net name:  la_oen_mprj[34]
Block net name:  la_oen_mprj[35]
Block net name:  la_oen_mprj[36]
Block net name:  la_oen_mprj[37]
Block net name:  la_oen_mprj[38]
Block net name:  la_oen_mprj[39]
Block net name:  la_oen_mprj[3]
Block net name:  la_oen_mprj[40]
Block net name:  la_oen_mprj[41]
Block net name:  la_oen_mprj[42]
Block net name:  la_oen_mprj[43]
Block net name:  la_oen_mprj[44]
Block net name:  la_oen_mprj[45]
Block net name:  la_oen_mprj[46]
Block net name:  la_oen_mprj[47]
Block net name:  la_oen_mprj[48]
Block net name:  la_oen_mprj[49]
Block net name:  la_oen_mprj[4]
Block net name:  la_oen_mprj[50]
Block net name:  la_oen_mprj[51]
Block net name:  la_oen_mprj[52]
Block net name:  la_oen_mprj[53]
Block net name:  la_oen_mprj[54]
Block net name:  la_oen_mprj[55]
Block net name:  la_oen_mprj[56]
Block net name:  la_oen_mprj[57]
Block net name:  la_oen_mprj[58]
Block net name:  la_oen_mprj[59]
Block net name:  la_oen_mprj[5]
Block net name:  la_oen_mprj[60]
Block net name:  la_oen_mprj[61]
Block net name:  la_oen_mprj[62]
Block net name:  la_oen_mprj[63]
Block net name:  la_oen_mprj[64]
Block net name:  la_oen_mprj[65]
Block net name:  la_oen_mprj[66]
Block net name:  la_oen_mprj[67]
Block net name:  la_oen_mprj[68]
Block net name:  la_oen_mprj[69]
Block net name:  la_oen_mprj[6]
Block net name:  la_oen_mprj[70]
Block net name:  la_oen_mprj[71]
Block net name:  la_oen_mprj[72]
Block net name:  la_oen_mprj[73]
Block net name:  la_oen_mprj[74]
Block net name:  la_oen_mprj[75]
Block net name:  la_oen_mprj[76]
Block net name:  la_oen_mprj[77]
Block net name:  la_oen_mprj[78]
Block net name:  la_oen_mprj[79]
Block net name:  la_oen_mprj[7]
Block net name:  la_oen_mprj[80]
Block net name:  la_oen_mprj[81]
Block net name:  la_oen_mprj[82]
Block net name:  la_oen_mprj[83]
Block net name:  la_oen_mprj[84]
Block net name:  la_oen_mprj[85]
Block net name:  la_oen_mprj[86]
Block net name:  la_oen_mprj[87]
Block net name:  la_oen_mprj[88]
Block net name:  la_oen_mprj[89]
Block net name:  la_oen_mprj[8]
Block net name:  la_oen_mprj[90]
Block net name:  la_oen_mprj[91]
Block net name:  la_oen_mprj[92]
Block net name:  la_oen_mprj[93]
Block net name:  la_oen_mprj[94]
Block net name:  la_oen_mprj[95]
Block net name:  la_oen_mprj[96]
Block net name:  la_oen_mprj[97]
Block net name:  la_oen_mprj[98]
Block net name:  la_oen_mprj[99]
Block net name:  la_oen_mprj[9]
Block net name:  la_oen_core[0]
Block net name:  la_oen_core[100]
Block net name:  la_oen_core[101]
Block net name:  la_oen_core[102]
Block net name:  la_oen_core[103]
Block net name:  la_oen_core[104]
Block net name:  la_oen_core[105]
Block net name:  la_oen_core[106]
Block net name:  la_oen_core[107]
Block net name:  la_oen_core[108]
Block net name:  la_oen_core[109]
Block net name:  la_oen_core[10]
Block net name:  la_oen_core[110]
Block net name:  la_oen_core[111]
Block net name:  la_oen_core[112]
Block net name:  la_oen_core[113]
Block net name:  la_oen_core[114]
Block net name:  la_oen_core[115]
Block net name:  la_oen_core[116]
Block net name:  la_oen_core[117]
Block net name:  la_oen_core[118]
Block net name:  la_oen_core[119]
Block net name:  la_oen_core[11]
Block net name:  la_oen_core[120]
Block net name:  la_oen_core[121]
Block net name:  la_oen_core[122]
Block net name:  la_oen_core[123]
Block net name:  la_oen_core[124]
Block net name:  la_oen_core[125]
Block net name:  la_oen_core[126]
Block net name:  la_oen_core[127]
Block net name:  la_oen_core[12]
Block net name:  la_oen_core[13]
Block net name:  la_oen_core[14]
Block net name:  la_oen_core[15]
Block net name:  la_oen_core[16]
Block net name:  la_oen_core[17]
Block net name:  la_oen_core[18]
Block net name:  la_oen_core[19]
Block net name:  la_oen_core[1]
Block net name:  la_oen_core[20]
Block net name:  la_oen_core[21]
Block net name:  la_oen_core[22]
Block net name:  la_oen_core[23]
Block net name:  la_oen_core[24]
Block net name:  la_oen_core[25]
Block net name:  la_oen_core[26]
Block net name:  la_oen_core[27]
Block net name:  la_oen_core[28]
Block net name:  la_oen_core[29]
Block net name:  la_oen_core[2]
Block net name:  la_oen_core[30]
Block net name:  la_oen_core[31]
Block net name:  la_oen_core[32]
Block net name:  la_oen_core[33]
Block net name:  la_oen_core[34]
Block net name:  la_oen_core[35]
Block net name:  la_oen_core[36]
Block net name:  la_oen_core[37]
Block net name:  la_oen_core[38]
Block net name:  la_oen_core[39]
Block net name:  la_oen_core[3]
Block net name:  la_oen_core[40]
Block net name:  la_oen_core[41]
Block net name:  la_oen_core[42]
Block net name:  la_oen_core[43]
Block net name:  la_oen_core[44]
Block net name:  la_oen_core[45]
Block net name:  la_oen_core[46]
Block net name:  la_oen_core[47]
Block net name:  la_oen_core[48]
Block net name:  la_oen_core[49]
Block net name:  la_oen_core[4]
Block net name:  la_oen_core[50]
Block net name:  la_oen_core[51]
Block net name:  la_oen_core[52]
Block net name:  la_oen_core[53]
Block net name:  la_oen_core[54]
Block net name:  la_oen_core[55]
Block net name:  la_oen_core[56]
Block net name:  la_oen_core[57]
Block net name:  la_oen_core[58]
Block net name:  la_oen_core[59]
Block net name:  la_oen_core[5]
Block net name:  la_oen_core[60]
Block net name:  la_oen_core[61]
Block net name:  la_oen_core[62]
Block net name:  la_oen_core[63]
Block net name:  la_oen_core[64]
Block net name:  la_oen_core[65]
Block net name:  la_oen_core[66]
Block net name:  la_oen_core[67]
Block net name:  la_oen_core[68]
Block net name:  la_oen_core[69]
Block net name:  la_oen_core[6]
Block net name:  la_oen_core[70]
Block net name:  la_oen_core[71]
Block net name:  la_oen_core[72]
Block net name:  la_oen_core[73]
Block net name:  la_oen_core[74]
Block net name:  la_oen_core[75]
Block net name:  la_oen_core[76]
Block net name:  la_oen_core[77]
Block net name:  la_oen_core[78]
Block net name:  la_oen_core[79]
Block net name:  la_oen_core[7]
Block net name:  la_oen_core[80]
Block net name:  la_oen_core[81]
Block net name:  la_oen_core[82]
Block net name:  la_oen_core[83]
Block net name:  la_oen_core[84]
Block net name:  la_oen_core[85]
Block net name:  la_oen_core[86]
Block net name:  la_oen_core[87]
Block net name:  la_oen_core[88]
Block net name:  la_oen_core[89]
Block net name:  la_oen_core[8]
Block net name:  la_oen_core[90]
Block net name:  la_oen_core[91]
Block net name:  la_oen_core[92]
Block net name:  la_oen_core[93]
Block net name:  la_oen_core[94]
Block net name:  la_oen_core[95]
Block net name:  la_oen_core[96]
Block net name:  la_oen_core[97]
Block net name:  la_oen_core[98]
Block net name:  la_oen_core[99]
Block net name:  la_oen_core[9]
Block net name:  user2_vcc_powergood
Block net name:  user2_vdd_powergood
Block net name:  mprj_adr_o_core[0]
Block net name:  mprj_adr_o_core[10]
Block net name:  mprj_adr_o_core[11]
Block net name:  mprj_adr_o_core[12]
Block net name:  mprj_adr_o_core[13]
Block net name:  mprj_adr_o_core[14]
Block net name:  mprj_adr_o_core[15]
Block net name:  mprj_adr_o_core[16]
Block net name:  mprj_adr_o_core[17]
Block net name:  mprj_adr_o_core[18]
Block net name:  mprj_adr_o_core[19]
Block net name:  mprj_adr_o_core[1]
Block net name:  mprj_adr_o_core[20]
Block net name:  mprj_adr_o_core[21]
Block net name:  mprj_adr_o_core[22]
Block net name:  mprj_adr_o_core[23]
Block net name:  mprj_adr_o_core[24]
Block net name:  mprj_adr_o_core[25]
Block net name:  mprj_adr_o_core[26]
Block net name:  mprj_adr_o_core[27]
Block net name:  mprj_adr_o_core[28]
Block net name:  mprj_adr_o_core[29]
Block net name:  mprj_adr_o_core[2]
Block net name:  mprj_adr_o_core[30]
Block net name:  mprj_adr_o_core[31]
Block net name:  mprj_adr_o_core[3]
Block net name:  mprj_adr_o_core[4]
Block net name:  mprj_adr_o_core[5]
Block net name:  mprj_adr_o_core[6]
Block net name:  mprj_adr_o_core[7]
Block net name:  mprj_adr_o_core[8]
Block net name:  mprj_adr_o_core[9]
Block net name:  mprj_adr_o_user[0]
Block net name:  mprj_adr_o_user[10]
Block net name:  mprj_adr_o_user[11]
Block net name:  mprj_adr_o_user[12]
Block net name:  mprj_adr_o_user[13]
Block net name:  mprj_adr_o_user[14]
Block net name:  mprj_adr_o_user[15]
Block net name:  mprj_adr_o_user[16]
Block net name:  mprj_adr_o_user[17]
Block net name:  mprj_adr_o_user[18]
Block net name:  mprj_adr_o_user[19]
Block net name:  mprj_adr_o_user[1]
Block net name:  mprj_adr_o_user[20]
Block net name:  mprj_adr_o_user[21]
Block net name:  mprj_adr_o_user[22]
Block net name:  mprj_adr_o_user[23]
Block net name:  mprj_adr_o_user[24]
Block net name:  mprj_adr_o_user[25]
Block net name:  mprj_adr_o_user[26]
Block net name:  mprj_adr_o_user[27]
Block net name:  mprj_adr_o_user[28]
Block net name:  mprj_adr_o_user[29]
Block net name:  mprj_adr_o_user[2]
Block net name:  mprj_adr_o_user[30]
Block net name:  mprj_adr_o_user[31]
Block net name:  mprj_adr_o_user[3]
Block net name:  mprj_adr_o_user[4]
Block net name:  mprj_adr_o_user[5]
Block net name:  mprj_adr_o_user[6]
Block net name:  mprj_adr_o_user[7]
Block net name:  mprj_adr_o_user[8]
Block net name:  mprj_adr_o_user[9]
Block net name:  user_clock
Block net name:  user_clock2
Block net name:  mprj_cyc_o_core
Block net name:  mprj_cyc_o_user
Block net name:  mprj_dat_o_core[0]
Block net name:  mprj_dat_o_core[10]
Block net name:  mprj_dat_o_core[11]
Block net name:  mprj_dat_o_core[12]
Block net name:  mprj_dat_o_core[13]
Block net name:  mprj_dat_o_core[14]
Block net name:  mprj_dat_o_core[15]
Block net name:  mprj_dat_o_core[16]
Block net name:  mprj_dat_o_core[17]
Block net name:  mprj_dat_o_core[18]
Block net name:  mprj_dat_o_core[19]
Block net name:  mprj_dat_o_core[1]
Block net name:  mprj_dat_o_core[20]
Block net name:  mprj_dat_o_core[21]
Block net name:  mprj_dat_o_core[22]
Block net name:  mprj_dat_o_core[23]
Block net name:  mprj_dat_o_core[24]
Block net name:  mprj_dat_o_core[25]
Block net name:  mprj_dat_o_core[26]
Block net name:  mprj_dat_o_core[27]
Block net name:  mprj_dat_o_core[28]
Block net name:  mprj_dat_o_core[29]
Block net name:  mprj_dat_o_core[2]
Block net name:  mprj_dat_o_core[30]
Block net name:  mprj_dat_o_core[31]
Block net name:  mprj_dat_o_core[3]
Block net name:  mprj_dat_o_core[4]
Block net name:  mprj_dat_o_core[5]
Block net name:  mprj_dat_o_core[6]
Block net name:  mprj_dat_o_core[7]
Block net name:  mprj_dat_o_core[8]
Block net name:  mprj_dat_o_core[9]
Block net name:  mprj_dat_o_user[0]
Block net name:  mprj_dat_o_user[10]
Block net name:  mprj_dat_o_user[11]
Block net name:  mprj_dat_o_user[12]
Block net name:  mprj_dat_o_user[13]
Block net name:  mprj_dat_o_user[14]
Block net name:  mprj_dat_o_user[15]
Block net name:  mprj_dat_o_user[16]
Block net name:  mprj_dat_o_user[17]
Block net name:  mprj_dat_o_user[18]
Block net name:  mprj_dat_o_user[19]
Block net name:  mprj_dat_o_user[1]
Block net name:  mprj_dat_o_user[20]
Block net name:  mprj_dat_o_user[21]
Block net name:  mprj_dat_o_user[22]
Block net name:  mprj_dat_o_user[23]
Block net name:  mprj_dat_o_user[24]
Block net name:  mprj_dat_o_user[25]
Block net name:  mprj_dat_o_user[26]
Block net name:  mprj_dat_o_user[27]
Block net name:  mprj_dat_o_user[28]
Block net name:  mprj_dat_o_user[29]
Block net name:  mprj_dat_o_user[2]
Block net name:  mprj_dat_o_user[30]
Block net name:  mprj_dat_o_user[31]
Block net name:  mprj_dat_o_user[3]
Block net name:  mprj_dat_o_user[4]
Block net name:  mprj_dat_o_user[5]
Block net name:  mprj_dat_o_user[6]
Block net name:  mprj_dat_o_user[7]
Block net name:  mprj_dat_o_user[8]
Block net name:  mprj_dat_o_user[9]
Block net name:  user_reset
Block net name:  mprj_sel_o_core[0]
Block net name:  mprj_sel_o_core[1]
Block net name:  mprj_sel_o_core[2]
Block net name:  mprj_sel_o_core[3]
Block net name:  mprj_sel_o_user[0]
Block net name:  mprj_sel_o_user[1]
Block net name:  mprj_sel_o_user[2]
Block net name:  mprj_sel_o_user[3]
Block net name:  mprj_stb_o_core
Block net name:  mprj_stb_o_user
Block net name:  user1_vcc_powergood
Block net name:  user1_vdd_powergood
Block net name:  mprj_we_o_core
Block net name:  mprj_we_o_user
Creating:  storage storage
Creating:  mgmt_core soc
Creating:  user_project_wrapper mprj
