OpenROAD 0.9.0 d03ebfc244
This program is licensed under the BSD-3 license. See the LICENSE file for details. 
Components of this program may be licensed under more restrictive licenses which must be honored.
Error: cannot open '/.openroad'.
Notice 0: Reading LEF file:  /project/openlane/mgmt_protect/runs/mgmt_protect/tmp/merged_unpadded.lef
Notice 0:     Created 13 technology layers
Notice 0:     Created 25 technology vias
Notice 0:     Created 439 library cells
Notice 0: Finished LEF file:  /project/openlane/mgmt_protect/runs/mgmt_protect/tmp/merged_unpadded.lef
Notice 0: 
Reading DEF file: /project/openlane/mgmt_protect/runs/mgmt_protect/results/floorplan/mgmt_protect.floorplan.def
Notice 0: Design: mgmt_protect
Notice 0:     Created 921 pins.
Notice 0:     Created 2103 components and 10326 component-terminals.
Notice 0:     Created 1840 nets and 2761 connections.
Notice 0: Finished DEF file: /project/openlane/mgmt_protect/runs/mgmt_protect/results/floorplan/mgmt_protect.floorplan.def
[INFO] [PDNG-0016] Power Delivery Network Generator: Generating PDN
[INFO] [PDNG-0016]   config: /home/xrex/usr/devel/pdks/sky130A/libs.tech/openlane/common_pdn.tcl
[INFO] [PDNG-0008] Design Name is mgmt_protect
[INFO] [PDNG-0009] Reading technology data
[ERROR] [PDNG-0037] Cannot find pin VDD on instance powergood_check (mgmt_protect_hv)
[ERROR] [PDNG-0037] Cannot find pin vdd on instance powergood_check (mgmt_protect_hv)
[ERROR] [PDNG-0037] Cannot find pin VSS on instance powergood_check (mgmt_protect_hv)
[ERROR] [PDNG-0037] Cannot find pin gnd on instance powergood_check (mgmt_protect_hv)
[INFO] [PDNG-0011] ****** INFO ******
Type: stdcell, grid
    Stdcell Rails
      Layer: met1 -  width: 0.480  pitch: 2.720  offset: 0.000 
    Straps
      Layer: met4 -  width: 1.600  pitch: 282.107  offset: 141.053 
      Layer: met5 -  width: 1.600  pitch: 19.853  offset: 9.927 
    Connect: {met1 met4} {met4 met5}
Type: macro, macro_1
    Macro orientation: R0 R180 MX MY R90 R270 MXR90 MYR90
    Straps
    Connect: {met4_PIN_ver met5}
[INFO] [PDNG-0012] **** END INFO ****
[INFO] [PDNG-0013] Inserting stdcell grid - grid
[INFO] [PDNG-0010] Inserting macro grid for 1 macros
[INFO] [PDNG-0034]   - grid for instance powergood_check
[WARN] [PDNG-0002] No shapes on layer met4_PIN_ver for POWER
[WARN] [PDNG-0002] No shapes on layer met4_PIN_ver for GROUND
[INFO] [PDNG-0015] Writing to database
