Notice 0: Reading LEF file:  /project/openlane/mgmt_protect/runs/mgmt_protect/tmp/merged.lef
Notice 0:     Created 13 technology layers
Notice 0:     Created 25 technology vias
Notice 0:     Created 437 library cells
Notice 0: Finished LEF file:  /project/openlane/mgmt_protect/runs/mgmt_protect/tmp/merged.lef
Notice 0: 
Reading DEF file: /project/openlane/mgmt_protect/runs/mgmt_protect/tmp/floorplan/verilog2def_openroad.def
Notice 0: Design: mgmt_protect
Notice 0:     Created 546 pins.
Notice 0:     Created 612 components and 3874 component-terminals.
Notice 0:     Created 954 nets and 1349 connections.
Notice 0: Finished DEF file: /project/openlane/mgmt_protect/runs/mgmt_protect/tmp/floorplan/verilog2def_openroad.def
Top-level design name: mgmt_protect
Warning: Multiple regexes matched la_data_in_mprj[0] . Those are .*_mprj.*$ and la_.*$
Only the first one is taken into consideration.
Warning: Multiple regexes matched la_data_in_mprj[1] . Those are .*_mprj.*$ and la_.*$
Only the first one is taken into consideration.
Warning: Multiple regexes matched la_data_in_mprj[2] . Those are .*_mprj.*$ and la_.*$
Only the first one is taken into consideration.
Warning: Multiple regexes matched la_data_in_mprj[3] . Those are .*_mprj.*$ and la_.*$
Only the first one is taken into consideration.
Warning: Multiple regexes matched la_data_in_mprj[4] . Those are .*_mprj.*$ and la_.*$
Only the first one is taken into consideration.
Warning: Multiple regexes matched la_data_in_mprj[5] . Those are .*_mprj.*$ and la_.*$
Only the first one is taken into consideration.
Warning: Multiple regexes matched la_data_in_mprj[6] . Those are .*_mprj.*$ and la_.*$
Only the first one is taken into consideration.
Warning: Multiple regexes matched la_data_in_mprj[7] . Those are .*_mprj.*$ and la_.*$
Only the first one is taken into consideration.
Warning: Multiple regexes matched la_data_in_mprj[8] . Those are .*_mprj.*$ and la_.*$
Only the first one is taken into consideration.
Warning: Multiple regexes matched la_data_in_mprj[9] . Those are .*_mprj.*$ and la_.*$
Only the first one is taken into consideration.
Warning: Multiple regexes matched la_data_in_mprj[10] . Those are .*_mprj.*$ and la_.*$
Only the first one is taken into consideration.
Warning: Multiple regexes matched la_data_in_mprj[11] . Those are .*_mprj.*$ and la_.*$
Only the first one is taken into consideration.
Warning: Multiple regexes matched la_data_in_mprj[12] . Those are .*_mprj.*$ and la_.*$
Only the first one is taken into consideration.
Warning: Multiple regexes matched la_data_in_mprj[13] . Those are .*_mprj.*$ and la_.*$
Only the first one is taken into consideration.
Warning: Multiple regexes matched la_data_in_mprj[14] . Those are .*_mprj.*$ and la_.*$
Only the first one is taken into consideration.
Warning: Multiple regexes matched la_data_in_mprj[15] . Those are .*_mprj.*$ and la_.*$
Only the first one is taken into consideration.
Warning: Multiple regexes matched la_data_in_mprj[16] . Those are .*_mprj.*$ and la_.*$
Only the first one is taken into consideration.
Warning: Multiple regexes matched la_data_in_mprj[17] . Those are .*_mprj.*$ and la_.*$
Only the first one is taken into consideration.
Warning: Multiple regexes matched la_data_in_mprj[18] . Those are .*_mprj.*$ and la_.*$
Only the first one is taken into consideration.
Warning: Multiple regexes matched la_data_in_mprj[19] . Those are .*_mprj.*$ and la_.*$
Only the first one is taken into consideration.
Warning: Multiple regexes matched la_data_in_mprj[20] . Those are .*_mprj.*$ and la_.*$
Only the first one is taken into consideration.
Warning: Multiple regexes matched la_data_in_mprj[21] . Those are .*_mprj.*$ and la_.*$
Only the first one is taken into consideration.
Warning: Multiple regexes matched la_data_in_mprj[22] . Those are .*_mprj.*$ and la_.*$
Only the first one is taken into consideration.
Warning: Multiple regexes matched la_data_in_mprj[23] . Those are .*_mprj.*$ and la_.*$
Only the first one is taken into consideration.
Warning: Multiple regexes matched la_data_in_mprj[24] . Those are .*_mprj.*$ and la_.*$
Only the first one is taken into consideration.
Warning: Multiple regexes matched la_data_in_mprj[25] . Those are .*_mprj.*$ and la_.*$
Only the first one is taken into consideration.
Warning: Multiple regexes matched la_data_in_mprj[26] . Those are .*_mprj.*$ and la_.*$
Only the first one is taken into consideration.
Warning: Multiple regexes matched la_data_in_mprj[27] . Those are .*_mprj.*$ and la_.*$
Only the first one is taken into consideration.
Warning: Multiple regexes matched la_data_in_mprj[28] . Those are .*_mprj.*$ and la_.*$
Only the first one is taken into consideration.
Warning: Multiple regexes matched la_data_in_mprj[29] . Those are .*_mprj.*$ and la_.*$
Only the first one is taken into consideration.
Warning: Multiple regexes matched la_data_in_mprj[30] . Those are .*_mprj.*$ and la_.*$
Only the first one is taken into consideration.
Warning: Multiple regexes matched la_data_in_mprj[31] . Those are .*_mprj.*$ and la_.*$
Only the first one is taken into consideration.
Warning: Multiple regexes matched la_data_in_mprj[32] . Those are .*_mprj.*$ and la_.*$
Only the first one is taken into consideration.
Warning: Multiple regexes matched la_data_in_mprj[33] . Those are .*_mprj.*$ and la_.*$
Only the first one is taken into consideration.
Warning: Multiple regexes matched la_data_in_mprj[34] . Those are .*_mprj.*$ and la_.*$
Only the first one is taken into consideration.
Warning: Multiple regexes matched la_data_in_mprj[35] . Those are .*_mprj.*$ and la_.*$
Only the first one is taken into consideration.
Warning: Multiple regexes matched la_data_in_mprj[36] . Those are .*_mprj.*$ and la_.*$
Only the first one is taken into consideration.
Warning: Multiple regexes matched la_data_in_mprj[37] . Those are .*_mprj.*$ and la_.*$
Only the first one is taken into consideration.
Warning: Multiple regexes matched la_data_in_mprj[38] . Those are .*_mprj.*$ and la_.*$
Only the first one is taken into consideration.
Warning: Multiple regexes matched la_data_in_mprj[39] . Those are .*_mprj.*$ and la_.*$
Only the first one is taken into consideration.
Warning: Multiple regexes matched la_data_in_mprj[40] . Those are .*_mprj.*$ and la_.*$
Only the first one is taken into consideration.
Warning: Multiple regexes matched la_data_in_mprj[41] . Those are .*_mprj.*$ and la_.*$
Only the first one is taken into consideration.
Warning: Multiple regexes matched la_data_in_mprj[42] . Those are .*_mprj.*$ and la_.*$
Only the first one is taken into consideration.
Warning: Multiple regexes matched la_data_in_mprj[43] . Those are .*_mprj.*$ and la_.*$
Only the first one is taken into consideration.
Warning: Multiple regexes matched la_data_in_mprj[44] . Those are .*_mprj.*$ and la_.*$
Only the first one is taken into consideration.
Warning: Multiple regexes matched la_data_in_mprj[45] . Those are .*_mprj.*$ and la_.*$
Only the first one is taken into consideration.
Warning: Multiple regexes matched la_data_in_mprj[46] . Those are .*_mprj.*$ and la_.*$
Only the first one is taken into consideration.
Warning: Multiple regexes matched la_data_in_mprj[47] . Those are .*_mprj.*$ and la_.*$
Only the first one is taken into consideration.
Warning: Multiple regexes matched la_data_in_mprj[48] . Those are .*_mprj.*$ and la_.*$
Only the first one is taken into consideration.
Warning: Multiple regexes matched la_data_in_mprj[49] . Those are .*_mprj.*$ and la_.*$
Only the first one is taken into consideration.
Warning: Multiple regexes matched la_data_in_mprj[50] . Those are .*_mprj.*$ and la_.*$
Only the first one is taken into consideration.
Warning: Multiple regexes matched la_data_in_mprj[51] . Those are .*_mprj.*$ and la_.*$
Only the first one is taken into consideration.
Warning: Multiple regexes matched la_data_in_mprj[52] . Those are .*_mprj.*$ and la_.*$
Only the first one is taken into consideration.
Warning: Multiple regexes matched la_data_in_mprj[53] . Those are .*_mprj.*$ and la_.*$
Only the first one is taken into consideration.
Warning: Multiple regexes matched la_data_in_mprj[54] . Those are .*_mprj.*$ and la_.*$
Only the first one is taken into consideration.
Warning: Multiple regexes matched la_data_in_mprj[55] . Those are .*_mprj.*$ and la_.*$
Only the first one is taken into consideration.
Warning: Multiple regexes matched la_data_in_mprj[56] . Those are .*_mprj.*$ and la_.*$
Only the first one is taken into consideration.
Warning: Multiple regexes matched la_data_in_mprj[57] . Those are .*_mprj.*$ and la_.*$
Only the first one is taken into consideration.
Warning: Multiple regexes matched la_data_in_mprj[58] . Those are .*_mprj.*$ and la_.*$
Only the first one is taken into consideration.
Warning: Multiple regexes matched la_data_in_mprj[59] . Those are .*_mprj.*$ and la_.*$
Only the first one is taken into consideration.
Warning: Multiple regexes matched la_data_in_mprj[60] . Those are .*_mprj.*$ and la_.*$
Only the first one is taken into consideration.
Warning: Multiple regexes matched la_data_in_mprj[61] . Those are .*_mprj.*$ and la_.*$
Only the first one is taken into consideration.
Warning: Multiple regexes matched la_data_in_mprj[62] . Those are .*_mprj.*$ and la_.*$
Only the first one is taken into consideration.
Warning: Multiple regexes matched la_data_in_mprj[63] . Those are .*_mprj.*$ and la_.*$
Only the first one is taken into consideration.
Warning: Multiple regexes matched la_data_in_mprj[64] . Those are .*_mprj.*$ and la_.*$
Only the first one is taken into consideration.
Warning: Multiple regexes matched la_data_in_mprj[65] . Those are .*_mprj.*$ and la_.*$
Only the first one is taken into consideration.
Warning: Multiple regexes matched la_data_in_mprj[66] . Those are .*_mprj.*$ and la_.*$
Only the first one is taken into consideration.
Warning: Multiple regexes matched la_data_in_mprj[67] . Those are .*_mprj.*$ and la_.*$
Only the first one is taken into consideration.
Warning: Multiple regexes matched la_data_in_mprj[68] . Those are .*_mprj.*$ and la_.*$
Only the first one is taken into consideration.
Warning: Multiple regexes matched la_data_in_mprj[69] . Those are .*_mprj.*$ and la_.*$
Only the first one is taken into consideration.
Warning: Multiple regexes matched la_data_in_mprj[70] . Those are .*_mprj.*$ and la_.*$
Only the first one is taken into consideration.
Warning: Multiple regexes matched la_data_in_mprj[71] . Those are .*_mprj.*$ and la_.*$
Only the first one is taken into consideration.
Warning: Multiple regexes matched la_data_in_mprj[72] . Those are .*_mprj.*$ and la_.*$
Only the first one is taken into consideration.
Warning: Multiple regexes matched la_data_in_mprj[73] . Those are .*_mprj.*$ and la_.*$
Only the first one is taken into consideration.
Warning: Multiple regexes matched la_data_in_mprj[74] . Those are .*_mprj.*$ and la_.*$
Only the first one is taken into consideration.
Warning: Multiple regexes matched la_data_in_mprj[75] . Those are .*_mprj.*$ and la_.*$
Only the first one is taken into consideration.
Warning: Multiple regexes matched la_data_in_mprj[76] . Those are .*_mprj.*$ and la_.*$
Only the first one is taken into consideration.
Warning: Multiple regexes matched la_data_in_mprj[77] . Those are .*_mprj.*$ and la_.*$
Only the first one is taken into consideration.
Warning: Multiple regexes matched la_data_in_mprj[78] . Those are .*_mprj.*$ and la_.*$
Only the first one is taken into consideration.
Warning: Multiple regexes matched la_data_in_mprj[79] . Those are .*_mprj.*$ and la_.*$
Only the first one is taken into consideration.
Warning: Multiple regexes matched la_data_in_mprj[80] . Those are .*_mprj.*$ and la_.*$
Only the first one is taken into consideration.
Warning: Multiple regexes matched la_data_in_mprj[81] . Those are .*_mprj.*$ and la_.*$
Only the first one is taken into consideration.
Warning: Multiple regexes matched la_data_in_mprj[82] . Those are .*_mprj.*$ and la_.*$
Only the first one is taken into consideration.
Warning: Multiple regexes matched la_data_in_mprj[83] . Those are .*_mprj.*$ and la_.*$
Only the first one is taken into consideration.
Warning: Multiple regexes matched la_data_in_mprj[84] . Those are .*_mprj.*$ and la_.*$
Only the first one is taken into consideration.
Warning: Multiple regexes matched la_data_in_mprj[85] . Those are .*_mprj.*$ and la_.*$
Only the first one is taken into consideration.
Warning: Multiple regexes matched la_data_in_mprj[86] . Those are .*_mprj.*$ and la_.*$
Only the first one is taken into consideration.
Warning: Multiple regexes matched la_data_in_mprj[87] . Those are .*_mprj.*$ and la_.*$
Only the first one is taken into consideration.
Warning: Multiple regexes matched la_data_in_mprj[88] . Those are .*_mprj.*$ and la_.*$
Only the first one is taken into consideration.
Warning: Multiple regexes matched la_data_in_mprj[89] . Those are .*_mprj.*$ and la_.*$
Only the first one is taken into consideration.
Warning: Multiple regexes matched la_data_in_mprj[90] . Those are .*_mprj.*$ and la_.*$
Only the first one is taken into consideration.
Warning: Multiple regexes matched la_data_in_mprj[91] . Those are .*_mprj.*$ and la_.*$
Only the first one is taken into consideration.
Warning: Multiple regexes matched la_data_in_mprj[92] . Those are .*_mprj.*$ and la_.*$
Only the first one is taken into consideration.
Warning: Multiple regexes matched la_data_in_mprj[93] . Those are .*_mprj.*$ and la_.*$
Only the first one is taken into consideration.
Warning: Multiple regexes matched la_data_in_mprj[94] . Those are .*_mprj.*$ and la_.*$
Only the first one is taken into consideration.
Warning: Multiple regexes matched la_data_in_mprj[95] . Those are .*_mprj.*$ and la_.*$
Only the first one is taken into consideration.
Warning: Multiple regexes matched la_data_in_mprj[96] . Those are .*_mprj.*$ and la_.*$
Only the first one is taken into consideration.
Warning: Multiple regexes matched la_data_in_mprj[97] . Those are .*_mprj.*$ and la_.*$
Only the first one is taken into consideration.
Warning: Multiple regexes matched la_data_in_mprj[98] . Those are .*_mprj.*$ and la_.*$
Only the first one is taken into consideration.
Warning: Multiple regexes matched la_data_in_mprj[99] . Those are .*_mprj.*$ and la_.*$
Only the first one is taken into consideration.
Warning: Multiple regexes matched la_data_in_mprj[100] . Those are .*_mprj.*$ and la_.*$
Only the first one is taken into consideration.
Warning: Multiple regexes matched la_data_in_mprj[101] . Those are .*_mprj.*$ and la_.*$
Only the first one is taken into consideration.
Warning: Multiple regexes matched la_data_in_mprj[102] . Those are .*_mprj.*$ and la_.*$
Only the first one is taken into consideration.
Warning: Multiple regexes matched la_data_in_mprj[103] . Those are .*_mprj.*$ and la_.*$
Only the first one is taken into consideration.
Warning: Multiple regexes matched la_data_in_mprj[104] . Those are .*_mprj.*$ and la_.*$
Only the first one is taken into consideration.
Warning: Multiple regexes matched la_data_in_mprj[105] . Those are .*_mprj.*$ and la_.*$
Only the first one is taken into consideration.
Warning: Multiple regexes matched la_data_in_mprj[106] . Those are .*_mprj.*$ and la_.*$
Only the first one is taken into consideration.
Warning: Multiple regexes matched la_data_in_mprj[107] . Those are .*_mprj.*$ and la_.*$
Only the first one is taken into consideration.
Warning: Multiple regexes matched la_data_in_mprj[108] . Those are .*_mprj.*$ and la_.*$
Only the first one is taken into consideration.
Warning: Multiple regexes matched la_data_in_mprj[109] . Those are .*_mprj.*$ and la_.*$
Only the first one is taken into consideration.
Warning: Multiple regexes matched la_data_in_mprj[110] . Those are .*_mprj.*$ and la_.*$
Only the first one is taken into consideration.
Warning: Multiple regexes matched la_data_in_mprj[111] . Those are .*_mprj.*$ and la_.*$
Only the first one is taken into consideration.
Warning: Multiple regexes matched la_data_in_mprj[112] . Those are .*_mprj.*$ and la_.*$
Only the first one is taken into consideration.
Warning: Multiple regexes matched la_data_in_mprj[113] . Those are .*_mprj.*$ and la_.*$
Only the first one is taken into consideration.
Warning: Multiple regexes matched la_data_in_mprj[114] . Those are .*_mprj.*$ and la_.*$
Only the first one is taken into consideration.
Warning: Multiple regexes matched la_data_in_mprj[115] . Those are .*_mprj.*$ and la_.*$
Only the first one is taken into consideration.
Warning: Multiple regexes matched la_data_in_mprj[116] . Those are .*_mprj.*$ and la_.*$
Only the first one is taken into consideration.
Warning: Multiple regexes matched la_data_in_mprj[117] . Those are .*_mprj.*$ and la_.*$
Only the first one is taken into consideration.
Warning: Multiple regexes matched la_data_in_mprj[118] . Those are .*_mprj.*$ and la_.*$
Only the first one is taken into consideration.
Warning: Multiple regexes matched la_data_in_mprj[119] . Those are .*_mprj.*$ and la_.*$
Only the first one is taken into consideration.
Warning: Multiple regexes matched la_data_in_mprj[120] . Those are .*_mprj.*$ and la_.*$
Only the first one is taken into consideration.
Warning: Multiple regexes matched la_data_in_mprj[121] . Those are .*_mprj.*$ and la_.*$
Only the first one is taken into consideration.
Warning: Multiple regexes matched la_data_in_mprj[122] . Those are .*_mprj.*$ and la_.*$
Only the first one is taken into consideration.
Warning: Multiple regexes matched la_data_in_mprj[123] . Those are .*_mprj.*$ and la_.*$
Only the first one is taken into consideration.
Warning: Multiple regexes matched la_data_in_mprj[124] . Those are .*_mprj.*$ and la_.*$
Only the first one is taken into consideration.
Warning: Multiple regexes matched la_data_in_mprj[125] . Those are .*_mprj.*$ and la_.*$
Only the first one is taken into consideration.
Warning: Multiple regexes matched la_data_in_mprj[126] . Those are .*_mprj.*$ and la_.*$
Only the first one is taken into consideration.
Warning: Multiple regexes matched la_data_in_mprj[127] . Those are .*_mprj.*$ and la_.*$
Only the first one is taken into consideration.
Warning: Multiple regexes matched la_output_core[0] . Those are la_.*$ and .*_core.*$
Only the first one is taken into consideration.
Warning: Multiple regexes matched la_output_core[1] . Those are la_.*$ and .*_core.*$
Only the first one is taken into consideration.
Warning: Multiple regexes matched la_output_core[2] . Those are la_.*$ and .*_core.*$
Only the first one is taken into consideration.
Warning: Multiple regexes matched la_output_core[3] . Those are la_.*$ and .*_core.*$
Only the first one is taken into consideration.
Warning: Multiple regexes matched la_output_core[4] . Those are la_.*$ and .*_core.*$
Only the first one is taken into consideration.
Warning: Multiple regexes matched la_output_core[5] . Those are la_.*$ and .*_core.*$
Only the first one is taken into consideration.
Warning: Multiple regexes matched la_output_core[6] . Those are la_.*$ and .*_core.*$
Only the first one is taken into consideration.
Warning: Multiple regexes matched la_output_core[7] . Those are la_.*$ and .*_core.*$
Only the first one is taken into consideration.
Warning: Multiple regexes matched la_output_core[8] . Those are la_.*$ and .*_core.*$
Only the first one is taken into consideration.
Warning: Multiple regexes matched la_output_core[9] . Those are la_.*$ and .*_core.*$
Only the first one is taken into consideration.
Warning: Multiple regexes matched la_output_core[10] . Those are la_.*$ and .*_core.*$
Only the first one is taken into consideration.
Warning: Multiple regexes matched la_output_core[11] . Those are la_.*$ and .*_core.*$
Only the first one is taken into consideration.
Warning: Multiple regexes matched la_output_core[12] . Those are la_.*$ and .*_core.*$
Only the first one is taken into consideration.
Warning: Multiple regexes matched la_output_core[13] . Those are la_.*$ and .*_core.*$
Only the first one is taken into consideration.
Warning: Multiple regexes matched la_output_core[14] . Those are la_.*$ and .*_core.*$
Only the first one is taken into consideration.
Warning: Multiple regexes matched la_output_core[15] . Those are la_.*$ and .*_core.*$
Only the first one is taken into consideration.
Warning: Multiple regexes matched la_output_core[16] . Those are la_.*$ and .*_core.*$
Only the first one is taken into consideration.
Warning: Multiple regexes matched la_output_core[17] . Those are la_.*$ and .*_core.*$
Only the first one is taken into consideration.
Warning: Multiple regexes matched la_output_core[18] . Those are la_.*$ and .*_core.*$
Only the first one is taken into consideration.
Warning: Multiple regexes matched la_output_core[19] . Those are la_.*$ and .*_core.*$
Only the first one is taken into consideration.
Warning: Multiple regexes matched la_output_core[20] . Those are la_.*$ and .*_core.*$
Only the first one is taken into consideration.
Warning: Multiple regexes matched la_output_core[21] . Those are la_.*$ and .*_core.*$
Only the first one is taken into consideration.
Warning: Multiple regexes matched la_output_core[22] . Those are la_.*$ and .*_core.*$
Only the first one is taken into consideration.
Warning: Multiple regexes matched la_output_core[23] . Those are la_.*$ and .*_core.*$
Only the first one is taken into consideration.
Warning: Multiple regexes matched la_output_core[24] . Those are la_.*$ and .*_core.*$
Only the first one is taken into consideration.
Warning: Multiple regexes matched la_output_core[25] . Those are la_.*$ and .*_core.*$
Only the first one is taken into consideration.
Warning: Multiple regexes matched la_output_core[26] . Those are la_.*$ and .*_core.*$
Only the first one is taken into consideration.
Warning: Multiple regexes matched la_output_core[27] . Those are la_.*$ and .*_core.*$
Only the first one is taken into consideration.
Warning: Multiple regexes matched la_output_core[28] . Those are la_.*$ and .*_core.*$
Only the first one is taken into consideration.
Warning: Multiple regexes matched la_output_core[29] . Those are la_.*$ and .*_core.*$
Only the first one is taken into consideration.
Warning: Multiple regexes matched la_output_core[30] . Those are la_.*$ and .*_core.*$
Only the first one is taken into consideration.
Warning: Multiple regexes matched la_output_core[31] . Those are la_.*$ and .*_core.*$
Only the first one is taken into consideration.
Warning: Multiple regexes matched la_output_core[32] . Those are la_.*$ and .*_core.*$
Only the first one is taken into consideration.
Warning: Multiple regexes matched la_output_core[33] . Those are la_.*$ and .*_core.*$
Only the first one is taken into consideration.
Warning: Multiple regexes matched la_output_core[34] . Those are la_.*$ and .*_core.*$
Only the first one is taken into consideration.
Warning: Multiple regexes matched la_output_core[35] . Those are la_.*$ and .*_core.*$
Only the first one is taken into consideration.
Warning: Multiple regexes matched la_output_core[36] . Those are la_.*$ and .*_core.*$
Only the first one is taken into consideration.
Warning: Multiple regexes matched la_output_core[37] . Those are la_.*$ and .*_core.*$
Only the first one is taken into consideration.
Warning: Multiple regexes matched la_output_core[38] . Those are la_.*$ and .*_core.*$
Only the first one is taken into consideration.
Warning: Multiple regexes matched la_output_core[39] . Those are la_.*$ and .*_core.*$
Only the first one is taken into consideration.
Warning: Multiple regexes matched la_output_core[40] . Those are la_.*$ and .*_core.*$
Only the first one is taken into consideration.
Warning: Multiple regexes matched la_output_core[41] . Those are la_.*$ and .*_core.*$
Only the first one is taken into consideration.
Warning: Multiple regexes matched la_output_core[42] . Those are la_.*$ and .*_core.*$
Only the first one is taken into consideration.
Warning: Multiple regexes matched la_output_core[43] . Those are la_.*$ and .*_core.*$
Only the first one is taken into consideration.
Warning: Multiple regexes matched la_output_core[44] . Those are la_.*$ and .*_core.*$
Only the first one is taken into consideration.
Warning: Multiple regexes matched la_output_core[45] . Those are la_.*$ and .*_core.*$
Only the first one is taken into consideration.
Warning: Multiple regexes matched la_output_core[46] . Those are la_.*$ and .*_core.*$
Only the first one is taken into consideration.
Warning: Multiple regexes matched la_output_core[47] . Those are la_.*$ and .*_core.*$
Only the first one is taken into consideration.
Warning: Multiple regexes matched la_output_core[48] . Those are la_.*$ and .*_core.*$
Only the first one is taken into consideration.
Warning: Multiple regexes matched la_output_core[49] . Those are la_.*$ and .*_core.*$
Only the first one is taken into consideration.
Warning: Multiple regexes matched la_output_core[50] . Those are la_.*$ and .*_core.*$
Only the first one is taken into consideration.
Warning: Multiple regexes matched la_output_core[51] . Those are la_.*$ and .*_core.*$
Only the first one is taken into consideration.
Warning: Multiple regexes matched la_output_core[52] . Those are la_.*$ and .*_core.*$
Only the first one is taken into consideration.
Warning: Multiple regexes matched la_output_core[53] . Those are la_.*$ and .*_core.*$
Only the first one is taken into consideration.
Warning: Multiple regexes matched la_output_core[54] . Those are la_.*$ and .*_core.*$
Only the first one is taken into consideration.
Warning: Multiple regexes matched la_output_core[55] . Those are la_.*$ and .*_core.*$
Only the first one is taken into consideration.
Warning: Multiple regexes matched la_output_core[56] . Those are la_.*$ and .*_core.*$
Only the first one is taken into consideration.
Warning: Multiple regexes matched la_output_core[57] . Those are la_.*$ and .*_core.*$
Only the first one is taken into consideration.
Warning: Multiple regexes matched la_output_core[58] . Those are la_.*$ and .*_core.*$
Only the first one is taken into consideration.
Warning: Multiple regexes matched la_output_core[59] . Those are la_.*$ and .*_core.*$
Only the first one is taken into consideration.
Warning: Multiple regexes matched la_output_core[60] . Those are la_.*$ and .*_core.*$
Only the first one is taken into consideration.
Warning: Multiple regexes matched la_output_core[61] . Those are la_.*$ and .*_core.*$
Only the first one is taken into consideration.
Warning: Multiple regexes matched la_output_core[62] . Those are la_.*$ and .*_core.*$
Only the first one is taken into consideration.
Warning: Multiple regexes matched la_output_core[63] . Those are la_.*$ and .*_core.*$
Only the first one is taken into consideration.
Warning: Multiple regexes matched la_output_core[64] . Those are la_.*$ and .*_core.*$
Only the first one is taken into consideration.
Warning: Multiple regexes matched la_output_core[65] . Those are la_.*$ and .*_core.*$
Only the first one is taken into consideration.
Warning: Multiple regexes matched la_output_core[66] . Those are la_.*$ and .*_core.*$
Only the first one is taken into consideration.
Warning: Multiple regexes matched la_output_core[67] . Those are la_.*$ and .*_core.*$
Only the first one is taken into consideration.
Warning: Multiple regexes matched la_output_core[68] . Those are la_.*$ and .*_core.*$
Only the first one is taken into consideration.
Warning: Multiple regexes matched la_output_core[69] . Those are la_.*$ and .*_core.*$
Only the first one is taken into consideration.
Warning: Multiple regexes matched la_output_core[70] . Those are la_.*$ and .*_core.*$
Only the first one is taken into consideration.
Warning: Multiple regexes matched la_output_core[71] . Those are la_.*$ and .*_core.*$
Only the first one is taken into consideration.
Warning: Multiple regexes matched la_output_core[72] . Those are la_.*$ and .*_core.*$
Only the first one is taken into consideration.
Warning: Multiple regexes matched la_output_core[73] . Those are la_.*$ and .*_core.*$
Only the first one is taken into consideration.
Warning: Multiple regexes matched la_output_core[74] . Those are la_.*$ and .*_core.*$
Only the first one is taken into consideration.
Warning: Multiple regexes matched la_output_core[75] . Those are la_.*$ and .*_core.*$
Only the first one is taken into consideration.
Warning: Multiple regexes matched la_output_core[76] . Those are la_.*$ and .*_core.*$
Only the first one is taken into consideration.
Warning: Multiple regexes matched la_output_core[77] . Those are la_.*$ and .*_core.*$
Only the first one is taken into consideration.
Warning: Multiple regexes matched la_output_core[78] . Those are la_.*$ and .*_core.*$
Only the first one is taken into consideration.
Warning: Multiple regexes matched la_output_core[79] . Those are la_.*$ and .*_core.*$
Only the first one is taken into consideration.
Warning: Multiple regexes matched la_output_core[80] . Those are la_.*$ and .*_core.*$
Only the first one is taken into consideration.
Warning: Multiple regexes matched la_output_core[81] . Those are la_.*$ and .*_core.*$
Only the first one is taken into consideration.
Warning: Multiple regexes matched la_output_core[82] . Those are la_.*$ and .*_core.*$
Only the first one is taken into consideration.
Warning: Multiple regexes matched la_output_core[83] . Those are la_.*$ and .*_core.*$
Only the first one is taken into consideration.
Warning: Multiple regexes matched la_output_core[84] . Those are la_.*$ and .*_core.*$
Only the first one is taken into consideration.
Warning: Multiple regexes matched la_output_core[85] . Those are la_.*$ and .*_core.*$
Only the first one is taken into consideration.
Warning: Multiple regexes matched la_output_core[86] . Those are la_.*$ and .*_core.*$
Only the first one is taken into consideration.
Warning: Multiple regexes matched la_output_core[87] . Those are la_.*$ and .*_core.*$
Only the first one is taken into consideration.
Warning: Multiple regexes matched la_output_core[88] . Those are la_.*$ and .*_core.*$
Only the first one is taken into consideration.
Warning: Multiple regexes matched la_output_core[89] . Those are la_.*$ and .*_core.*$
Only the first one is taken into consideration.
Warning: Multiple regexes matched la_output_core[90] . Those are la_.*$ and .*_core.*$
Only the first one is taken into consideration.
Warning: Multiple regexes matched la_output_core[91] . Those are la_.*$ and .*_core.*$
Only the first one is taken into consideration.
Warning: Multiple regexes matched la_output_core[92] . Those are la_.*$ and .*_core.*$
Only the first one is taken into consideration.
Warning: Multiple regexes matched la_output_core[93] . Those are la_.*$ and .*_core.*$
Only the first one is taken into consideration.
Warning: Multiple regexes matched la_output_core[94] . Those are la_.*$ and .*_core.*$
Only the first one is taken into consideration.
Warning: Multiple regexes matched la_output_core[95] . Those are la_.*$ and .*_core.*$
Only the first one is taken into consideration.
Warning: Multiple regexes matched la_output_core[96] . Those are la_.*$ and .*_core.*$
Only the first one is taken into consideration.
Warning: Multiple regexes matched la_output_core[97] . Those are la_.*$ and .*_core.*$
Only the first one is taken into consideration.
Warning: Multiple regexes matched la_output_core[98] . Those are la_.*$ and .*_core.*$
Only the first one is taken into consideration.
Warning: Multiple regexes matched la_output_core[99] . Those are la_.*$ and .*_core.*$
Only the first one is taken into consideration.
Warning: Multiple regexes matched la_output_core[100] . Those are la_.*$ and .*_core.*$
Only the first one is taken into consideration.
Warning: Multiple regexes matched la_output_core[101] . Those are la_.*$ and .*_core.*$
Only the first one is taken into consideration.
Warning: Multiple regexes matched la_output_core[102] . Those are la_.*$ and .*_core.*$
Only the first one is taken into consideration.
Warning: Multiple regexes matched la_output_core[103] . Those are la_.*$ and .*_core.*$
Only the first one is taken into consideration.
Warning: Multiple regexes matched la_output_core[104] . Those are la_.*$ and .*_core.*$
Only the first one is taken into consideration.
Warning: Multiple regexes matched la_output_core[105] . Those are la_.*$ and .*_core.*$
Only the first one is taken into consideration.
Warning: Multiple regexes matched la_output_core[106] . Those are la_.*$ and .*_core.*$
Only the first one is taken into consideration.
Warning: Multiple regexes matched la_output_core[107] . Those are la_.*$ and .*_core.*$
Only the first one is taken into consideration.
Warning: Multiple regexes matched la_output_core[108] . Those are la_.*$ and .*_core.*$
Only the first one is taken into consideration.
Warning: Multiple regexes matched la_output_core[109] . Those are la_.*$ and .*_core.*$
Only the first one is taken into consideration.
Warning: Multiple regexes matched la_output_core[110] . Those are la_.*$ and .*_core.*$
Only the first one is taken into consideration.
Warning: Multiple regexes matched la_output_core[111] . Those are la_.*$ and .*_core.*$
Only the first one is taken into consideration.
Warning: Multiple regexes matched la_output_core[112] . Those are la_.*$ and .*_core.*$
Only the first one is taken into consideration.
Warning: Multiple regexes matched la_output_core[113] . Those are la_.*$ and .*_core.*$
Only the first one is taken into consideration.
Warning: Multiple regexes matched la_output_core[114] . Those are la_.*$ and .*_core.*$
Only the first one is taken into consideration.
Warning: Multiple regexes matched la_output_core[115] . Those are la_.*$ and .*_core.*$
Only the first one is taken into consideration.
Warning: Multiple regexes matched la_output_core[116] . Those are la_.*$ and .*_core.*$
Only the first one is taken into consideration.
Warning: Multiple regexes matched la_output_core[117] . Those are la_.*$ and .*_core.*$
Only the first one is taken into consideration.
Warning: Multiple regexes matched la_output_core[118] . Those are la_.*$ and .*_core.*$
Only the first one is taken into consideration.
Warning: Multiple regexes matched la_output_core[119] . Those are la_.*$ and .*_core.*$
Only the first one is taken into consideration.
Warning: Multiple regexes matched la_output_core[120] . Those are la_.*$ and .*_core.*$
Only the first one is taken into consideration.
Warning: Multiple regexes matched la_output_core[121] . Those are la_.*$ and .*_core.*$
Only the first one is taken into consideration.
Warning: Multiple regexes matched la_output_core[122] . Those are la_.*$ and .*_core.*$
Only the first one is taken into consideration.
Warning: Multiple regexes matched la_output_core[123] . Those are la_.*$ and .*_core.*$
Only the first one is taken into consideration.
Warning: Multiple regexes matched la_output_core[124] . Those are la_.*$ and .*_core.*$
Only the first one is taken into consideration.
Warning: Multiple regexes matched la_output_core[125] . Those are la_.*$ and .*_core.*$
Only the first one is taken into consideration.
Warning: Multiple regexes matched la_output_core[126] . Those are la_.*$ and .*_core.*$
Only the first one is taken into consideration.
Warning: Multiple regexes matched la_output_core[127] . Those are la_.*$ and .*_core.*$
Only the first one is taken into consideration.
Warning: Some pins weren't matched by the config file
Those are: ['user_clock', 'user_clock2', 'user_resetn', 'vccd', 'vccd1', 'vccd2', 'vdda1', 'vdda2', 'vssa1', 'vssa2', 'vssd', 'vssd1', 'vssd2']
Assigning random sides to the above pins
Block boundaries: 0 0 2000000 50000
Writing /project/openlane/mgmt_protect/runs/mgmt_protect/tmp/floorplan/ioPlacer.def
