Startpoint: _63984_ (rising edge-triggered flip-flop clocked by clock)
Endpoint: _64033_ (removal check against rising-edge clock clock)
Path Group: **async_default**
Path Type: min

  Delay    Time   Description
---------------------------------------------------------
   0.00    0.00   clock clock (rise edge)
   0.00    0.00   clock network delay (ideal)
   0.00    0.00 ^ _63984_/CLK (sky130_fd_sc_hd__dfstp_4)
   0.27    0.27 v _63984_/Q (sky130_fd_sc_hd__dfstp_4)
   0.25    0.52 v _61021_/X (sky130_fd_sc_hd__or4_4)
   0.04    0.56 ^ _61022_/Y (sky130_fd_sc_hd__inv_2)
   0.07    0.64 ^ _61023_/X (sky130_fd_sc_hd__buf_2)
   0.08    0.71 ^ _61024_/X (sky130_fd_sc_hd__buf_2)
   0.08    0.79 ^ _61025_/X (sky130_fd_sc_hd__buf_2)
   0.08    0.87 ^ _61026_/X (sky130_fd_sc_hd__buf_2)
   0.09    0.96 ^ _61027_/X (sky130_fd_sc_hd__buf_2)
   2.12    3.08 ^ _61028_/X (sky130_fd_sc_hd__buf_2)
   0.00    3.08 ^ _64033_/RESET_B (sky130_fd_sc_hd__dfrtp_4)
           3.08   data arrival time

   0.00    0.00   clock clock (rise edge)
   0.00    0.00   clock network delay (ideal)
   0.00    0.00   clock reconvergence pessimism
           0.00 ^ _64033_/CLK (sky130_fd_sc_hd__dfrtp_4)
   0.88    0.88   library removal time
           0.88   data required time
---------------------------------------------------------
           0.88   data required time
          -3.08   data arrival time
---------------------------------------------------------
           2.20   slack (MET)


Startpoint: _62219_ (rising edge-triggered flip-flop clocked by clock)
Endpoint: _62220_ (rising edge-triggered flip-flop clocked by clock)
Path Group: clock
Path Type: min

  Delay    Time   Description
---------------------------------------------------------
   0.00    0.00   clock clock (rise edge)
   0.00    0.00   clock network delay (ideal)
   0.00    0.00 ^ _62219_/CLK (sky130_fd_sc_hd__dfxtp_4)
   0.20    0.20 ^ _62219_/Q (sky130_fd_sc_hd__dfxtp_4)
   0.00    0.20 ^ _62220_/D (sky130_fd_sc_hd__dfxtp_4)
           0.20   data arrival time

   0.00    0.00   clock clock (rise edge)
   0.00    0.00   clock network delay (ideal)
   0.00    0.00   clock reconvergence pessimism
           0.00 ^ _62220_/CLK (sky130_fd_sc_hd__dfxtp_4)
  -0.02   -0.02   library hold time
          -0.02   data required time
---------------------------------------------------------
          -0.02   data required time
          -0.20   data arrival time
---------------------------------------------------------
           0.22   slack (MET)


Startpoint: resetb (input port clocked by clock)
Endpoint: _63984_ (recovery check against rising-edge clock clock)
Path Group: **async_default**
Path Type: max

  Delay    Time   Description
---------------------------------------------------------
   0.00    0.00   clock clock (rise edge)
   0.00    0.00   clock network delay (ideal)
  10.00   10.00 ^ input external delay
   0.18   10.18 ^ resetb (in)
   0.00   10.18 ^ _63984_/SET_B (sky130_fd_sc_hd__dfstp_4)
          10.18   data arrival time

  50.00   50.00   clock clock (rise edge)
   0.00   50.00   clock network delay (ideal)
   0.00   50.00   clock reconvergence pessimism
          50.00 ^ _63984_/CLK (sky130_fd_sc_hd__dfstp_4)
   0.22   50.22   library recovery time
          50.22   data required time
---------------------------------------------------------
          50.22   data required time
         -10.18   data arrival time
---------------------------------------------------------
          40.04   slack (MET)


Startpoint: clock (clock source 'clock')
Endpoint: mgmt_out_data[14] (output port clocked by clock)
Path Group: clock
Path Type: max

  Delay    Time   Description
---------------------------------------------------------
  25.00   25.00   clock clock (fall edge)
  12.09   37.09   clock network delay
          37.09 v mgmt_out_data[14] (out)
          37.09   data arrival time

  50.00   50.00   clock clock (rise edge)
   0.00   50.00   clock network delay (ideal)
   0.00   50.00   clock reconvergence pessimism
 -10.00   40.00   output external delay
          40.00   data required time
---------------------------------------------------------
          40.00   data required time
         -37.09   data arrival time
---------------------------------------------------------
           2.91   slack (MET)


