
26. Printing statistics.

=== mgmt_core ===

   Number of wires:              34607
   Number of wire bits:          35505
   Number of public wires:        3633
   Number of public wire bits:    4531
   Number of memories:               0
   Number of memory bits:            0
   Number of processes:              0
   Number of cells:              34964
     DFFRAM                          1
     digital_pll                     1
     sky130_fd_sc_hd__a2111o_4      11
     sky130_fd_sc_hd__a211o_4     1742
     sky130_fd_sc_hd__a21bo_4       67
     sky130_fd_sc_hd__a21o_4       134
     sky130_fd_sc_hd__a21oi_4      143
     sky130_fd_sc_hd__a22oi_4      169
     sky130_fd_sc_hd__a2bb2o_4    2113
     sky130_fd_sc_hd__a32o_4       711
     sky130_fd_sc_hd__a41o_4         2
     sky130_fd_sc_hd__and2_4      1499
     sky130_fd_sc_hd__and3_4      1910
     sky130_fd_sc_hd__and4_4       138
     sky130_fd_sc_hd__buf_2       8254
     sky130_fd_sc_hd__conb_1        14
     sky130_fd_sc_hd__dfbbn_2       18
     sky130_fd_sc_hd__dfrtp_4      268
     sky130_fd_sc_hd__dfstp_4       70
     sky130_fd_sc_hd__dfxtp_4     3510
     sky130_fd_sc_hd__inv_2       4040
     sky130_fd_sc_hd__nand2_4      323
     sky130_fd_sc_hd__nor2_4       986
     sky130_fd_sc_hd__o21a_4       918
     sky130_fd_sc_hd__o21ai_4      149
     sky130_fd_sc_hd__o22a_4      1814
     sky130_fd_sc_hd__o32a_4        60
     sky130_fd_sc_hd__o41a_4         5
     sky130_fd_sc_hd__or2_4       4373
     sky130_fd_sc_hd__or3_4        849
     sky130_fd_sc_hd__or4_4        672

   Area for cell type \DFFRAM is unknown!
   Area for cell type \digital_pll is unknown!

   Chip area for module '\mgmt_core': 403450.691200

