Mon Nov 30 06:10:33 UTC 2020 - Executing "/openLANE_flow/scripts/mergeLef.py -i /home/xrex/usr/devel/pdks/sky130A/libs.ref/sky130_fd_sc_hd/techlef/sky130_fd_sc_hd.tlef {/home/xrex/usr/devel/pdks/sky130A/libs.ref/sky130_fd_sc_hd/lef/sky130_fd_sc_hd.lef /home/xrex/usr/devel/pdks/sky130A/libs.ref/sky130_fd_sc_hd/lef/sky130_ef_sc_hd__fakediode_2.lef} -o /project/openlane/mgmt_protect/runs/mgmt_protect/tmp/merged_unpadded.lef |& tee >&@stdout"

Mon Nov 30 06:10:33 UTC 2020 - Executing "/openLANE_flow/scripts/mergeLef.py -i /project/openlane/mgmt_protect/runs/mgmt_protect/tmp/merged_unpadded.lef /project/openlane/mgmt_protect/../../lef/mgmt_protect_hv.lef -o /project/openlane/mgmt_protect/runs/mgmt_protect/tmp/merged_unpadded.lef |& tee >&@stdout"

Mon Nov 30 06:10:33 UTC 2020 - Executing "/openLANE_flow/scripts/libtrim.pl /home/xrex/usr/devel/pdks/sky130A/libs.ref/sky130_fd_sc_hd/lib/sky130_fd_sc_hd__tt_025C_1v80.lib /home/xrex/usr/devel/pdks/sky130A/libs.tech/openlane/sky130_fd_sc_hd/no_synth.cells > /project/openlane/mgmt_protect/runs/mgmt_protect/tmp/trimmed.lib"

Mon Nov 30 06:10:33 UTC 2020 - Executing "yosys -c /openLANE_flow/scripts/synth.tcl -l /project/openlane/mgmt_protect/runs/mgmt_protect/logs/synthesis/yosys.log |& tee >&@stdout"

Mon Nov 30 06:10:36 UTC 2020 - Executing "sed -i -e {s/\(set ::env(CURRENT_NETLIST)\).*/\1 \/project\/openlane\/mgmt_protect\/runs\/mgmt_protect\/results\/synthesis\/mgmt_protect.synthesis.v/} /project/openlane/mgmt_protect/runs/mgmt_protect/config.tcl"

Mon Nov 30 06:10:36 UTC 2020 - Executing "sed -i -e {s/\(set ::env(PREV_NETLIST)\).*/\1 0/} /project/openlane/mgmt_protect/runs/mgmt_protect/config.tcl"

Mon Nov 30 06:10:36 UTC 2020 - Executing "sed -ie /defparam/d /project/openlane/mgmt_protect/runs/mgmt_protect/results/synthesis/mgmt_protect.synthesis.v"

Mon Nov 30 06:10:36 UTC 2020 - Executing "openroad -exit /openLANE_flow/scripts/openroad/or_floorplan.tcl |& tee >&@stdout /project/openlane/mgmt_protect/runs/mgmt_protect/logs/floorplan/verilog2def.openroad.log"

Mon Nov 30 06:10:37 UTC 2020 - Executing "openroad -exit /openLANE_flow/scripts/openroad/or_ioplacer.tcl |& tee >&@stdout /project/openlane/mgmt_protect/runs/mgmt_protect/logs/floorplan/ioPlacer.log"

Mon Nov 30 06:10:37 UTC 2020 - Executing "openroad -exit /openLANE_flow/scripts/openroad/or_replace.tcl |& tee >&@stdout /project/openlane/mgmt_protect/runs/mgmt_protect/logs/placement/replace.log"

Mon Nov 30 06:10:38 UTC 2020 - Executing "python3 /openLANE_flow/scripts/contextualize.py -md /project/openlane/mgmt_protect/runs/mgmt_protect/tmp/placement/replace.def -ml /project/openlane/mgmt_protect/runs/mgmt_protect/tmp/merged_unpadded.lef -td /project/openlane/mgmt_protect/runs/mgmt_protect/tmp/top_level.def -tl /project/openlane/mgmt_protect/runs/mgmt_protect/tmp/top_level.lef -o /project/openlane/mgmt_protect/runs/mgmt_protect/tmp/floorplan/ioPlacer.context.def |& tee /project/openlane/mgmt_protect/runs/mgmt_protect/logs/floorplan/ioPlacer.contextualize.log"

Mon Nov 30 06:10:39 UTC 2020 - Executing "openroad -exit /openLANE_flow/scripts/openroad/or_ioplacer.tcl |& tee >&@stdout /project/openlane/mgmt_protect/runs/mgmt_protect/logs/floorplan/ioPlacer.log"

Mon Nov 30 06:10:39 UTC 2020 - Executing "/openLANE_flow/scripts/mv_pins.sh /project/openlane/mgmt_protect/runs/mgmt_protect/tmp/floorplan/ioPlacer.def /project/openlane/mgmt_protect/runs/mgmt_protect/tmp/placement/replace.def"

Mon Nov 30 06:10:39 UTC 2020 - Executing "python3 /openLANE_flow/scripts/manual_macro_place.py -l /project/openlane/mgmt_protect/runs/mgmt_protect/tmp/merged.lef -id /project/openlane/mgmt_protect/runs/mgmt_protect/tmp/placement/replace.def -o /project/openlane/mgmt_protect/runs/mgmt_protect/tmp/placement/replace.def.macro_placement.def -c /project/openlane/mgmt_protect/runs/mgmt_protect/tmp/macro_placement.cfg -f |& tee >&@stdout /project/openlane/mgmt_protect/runs/mgmt_protect/logs/macro_placement.log"

Mon Nov 30 06:10:40 UTC 2020 - Executing "openroad -exit /openLANE_flow/scripts/openroad/or_tapcell.tcl |& tee >&@stdout /project/openlane/mgmt_protect/runs/mgmt_protect/logs/floorplan/tapcell.log"

Mon Nov 30 06:10:40 UTC 2020 - Executing "openroad -exit /openLANE_flow/scripts/new_pdn.tcl |& tee >&@stdout /project/openlane/mgmt_protect/runs/mgmt_protect/logs/floorplan/pdn.log"

Mon Nov 30 06:10:41 UTC 2020 - Executing "openroad -exit /openLANE_flow/scripts/openroad/or_replace.tcl |& tee >&@stdout /project/openlane/mgmt_protect/runs/mgmt_protect/logs/placement/replace.log"

Mon Nov 30 06:10:42 UTC 2020 - Executing "/openLANE_flow/scripts/libtrim.pl /home/xrex/usr/devel/pdks/sky130A/libs.ref/sky130_fd_sc_hd/lib/sky130_fd_sc_hd__ss_100C_1v60.lib /home/xrex/usr/devel/pdks/sky130A/libs.tech/openlane/sky130_fd_sc_hd/no_synth.cells > /project/openlane/mgmt_protect/runs/mgmt_protect/tmp/opt.lib"

Mon Nov 30 06:10:42 UTC 2020 - Executing "Psn /openLANE_flow/scripts/openPhySyn.tcl |& tee >&@stdout /project/openlane/mgmt_protect/runs/mgmt_protect/logs/placement/openphysyn.log"

Mon Nov 30 06:10:43 UTC 2020 - Executing "openroad -exit /openLANE_flow/scripts/openroad/or_write_verilog.tcl |& tee >&@stdout /project/openlane/mgmt_protect/runs/mgmt_protect/logs/write_verilog.log"

Mon Nov 30 06:10:43 UTC 2020 - Executing "sed -i -e {s/\(set ::env(CURRENT_NETLIST)\).*/\1 \/project\/openlane\/mgmt_protect\/runs\/mgmt_protect\/results\/synthesis\/mgmt_protect.synthesis_optimized.v/} /project/openlane/mgmt_protect/runs/mgmt_protect/config.tcl"

Mon Nov 30 06:10:43 UTC 2020 - Executing "sed -i -e {s/\(set ::env(PREV_NETLIST)\).*/\1 \/project\/openlane\/mgmt_protect\/runs\/mgmt_protect\/results\/synthesis\/mgmt_protect.synthesis.v/} /project/openlane/mgmt_protect/runs/mgmt_protect/config.tcl"

Mon Nov 30 06:10:43 UTC 2020 - Executing "openroad -exit /openLANE_flow/scripts/openroad/or_opendp.tcl |& tee >&@stdout /project/openlane/mgmt_protect/runs/mgmt_protect/logs/placement/opendp.log"

Mon Nov 30 06:10:44 UTC 2020 - Executing "openroad -exit /openLANE_flow/scripts/openroad/or_diodes.tcl |& tee >&@stdout /project/openlane/mgmt_protect/runs/mgmt_protect/logs/placement/diodes.log"

Mon Nov 30 06:10:44 UTC 2020 - Executing "openroad -exit /openLANE_flow/scripts/openroad/or_write_verilog.tcl |& tee >&@stdout /project/openlane/mgmt_protect/runs/mgmt_protect/logs/write_verilog.log"

Mon Nov 30 06:10:45 UTC 2020 - Executing "sed -i -e {s/\(set ::env(CURRENT_NETLIST)\).*/\1 \/project\/openlane\/mgmt_protect\/runs\/mgmt_protect\/results\/synthesis\/mgmt_protect.synthesis_diodes.v/} /project/openlane/mgmt_protect/runs/mgmt_protect/config.tcl"

Mon Nov 30 06:10:45 UTC 2020 - Executing "sed -i -e {s/\(set ::env(PREV_NETLIST)\).*/\1 \/project\/openlane\/mgmt_protect\/runs\/mgmt_protect\/results\/synthesis\/mgmt_protect.synthesis_optimized.v/} /project/openlane/mgmt_protect/runs/mgmt_protect/config.tcl"

Mon Nov 30 06:10:45 UTC 2020 - Executing "openroad -exit /openLANE_flow/scripts/openroad/or_route.tcl |& tee >&@stdout /project/openlane/mgmt_protect/runs/mgmt_protect/logs/routing/fastroute.log"

Mon Nov 30 06:10:46 UTC 2020 - Executing "openroad -exit /openLANE_flow/scripts/openroad/or_fill.tcl |& tee >&@stdout /project/openlane/mgmt_protect/runs/mgmt_protect/logs/routing/addspacers.log"

Mon Nov 30 06:10:46 UTC 2020 - Executing "openroad -exit /openLANE_flow/scripts/openroad/or_write_verilog.tcl |& tee >&@stdout /project/openlane/mgmt_protect/runs/mgmt_protect/logs/write_verilog.log"

Mon Nov 30 06:10:47 UTC 2020 - Executing "sed -i -e {s/\(set ::env(CURRENT_NETLIST)\).*/\1 \/project\/openlane\/mgmt_protect\/runs\/mgmt_protect\/results\/synthesis\/mgmt_protect.synthesis_preroute.v/} /project/openlane/mgmt_protect/runs/mgmt_protect/config.tcl"

Mon Nov 30 06:10:47 UTC 2020 - Executing "sed -i -e {s/\(set ::env(PREV_NETLIST)\).*/\1 \/project\/openlane\/mgmt_protect\/runs\/mgmt_protect\/results\/synthesis\/mgmt_protect.synthesis_diodes.v/} /project/openlane/mgmt_protect/runs/mgmt_protect/config.tcl"

Mon Nov 30 06:10:47 UTC 2020 - Executing "envsubst < /openLANE_flow/scripts/tritonRoute.param > /project/openlane/mgmt_protect/runs/mgmt_protect/tmp/routing/tritonRoute.param"

Mon Nov 30 06:10:47 UTC 2020 - Executing "TritonRoute /project/openlane/mgmt_protect/runs/mgmt_protect/tmp/routing/tritonRoute.param |& tee >&@stdout /project/openlane/mgmt_protect/runs/mgmt_protect/logs/routing/tritonRoute.log"

Mon Nov 30 06:12:27 UTC 2020 - Executing "python3 /openLANE_flow/scripts/tr2klayout.py -i /project/openlane/mgmt_protect/runs/mgmt_protect/reports/routing/tritonRoute.drc -o /project/openlane/mgmt_protect/runs/mgmt_protect/reports/routing/tritonRoute.klayout.xml --design-name mgmt_protect"

Mon Nov 30 06:12:27 UTC 2020 - Executing "python3 /openLANE_flow/scripts/spef_extractor/main.py -l /project/openlane/mgmt_protect/runs/mgmt_protect/tmp/merged_unpadded.lef -d /project/openlane/mgmt_protect/runs/mgmt_protect/results/routing/mgmt_protect.def -mw PI -ec 1 |& tee >&@stdout /project/openlane/mgmt_protect/runs/mgmt_protect/logs/routing/spef_extraction.log"

Mon Nov 30 06:12:29 UTC 2020 - Executing "python3 /openLANE_flow/scripts/write_powered_def.py -d /project/openlane/mgmt_protect/runs/mgmt_protect/results/routing/mgmt_protect.def -l /project/openlane/mgmt_protect/runs/mgmt_protect/tmp/merged.lef -v VPWR -g VGND -o /project/openlane/mgmt_protect/runs/mgmt_protect/tmp/routing/mgmt_protect.powered.def |& tee >&@stdout /project/openlane/mgmt_protect/runs/mgmt_protect/logs/lvs/write_powered_verilog.log"

Mon Nov 30 06:12:30 UTC 2020 - Executing "openroad -exit /openLANE_flow/scripts/openroad/or_write_verilog.tcl |& tee >&@stdout /project/openlane/mgmt_protect/runs/mgmt_protect/logs/write_verilog.log"

Mon Nov 30 06:12:30 UTC 2020 - Executing "yosys -c /openLANE_flow/scripts/yosys_rewrite_verilog.tcl -l /project/openlane/mgmt_protect/runs/mgmt_protect/logs/synthesis/yosys_rewrite_verilog.log"

Mon Nov 30 06:12:36 UTC 2020 - Executing "sed -i -e {s/\(set ::env(CURRENT_NETLIST)\).*/\1 \/project\/openlane\/mgmt_protect\/runs\/mgmt_protect\/results\/lvs\/mgmt_protect.lvs.powered.v/} /project/openlane/mgmt_protect/runs/mgmt_protect/config.tcl"

Mon Nov 30 06:12:36 UTC 2020 - Executing "sed -i -e {s/\(set ::env(PREV_NETLIST)\).*/\1 \/project\/openlane\/mgmt_protect\/runs\/mgmt_protect\/results\/synthesis\/mgmt_protect.synthesis_preroute.v/} /project/openlane/mgmt_protect/runs/mgmt_protect/config.tcl"

Mon Nov 30 06:12:36 UTC 2020 - Executing "magic -noconsole -dnull -rcfile /home/xrex/usr/devel/pdks/sky130A/libs.tech/magic/sky130A.magicrc /openLANE_flow/scripts/magic.tcl </dev/null |& tee >&@stdout /project/openlane/mgmt_protect/runs/mgmt_protect/logs/magic/magic.log"

Mon Nov 30 06:12:39 UTC 2020 - Executing "magic -noconsole -dnull -rcfile /home/xrex/usr/devel/pdks/sky130A/libs.tech/magic/sky130A.magicrc /openLANE_flow/scripts/magic_mag.tcl </dev/null |& tee >&@stdout /project/openlane/mgmt_protect/runs/mgmt_protect/logs/magic/magic.log"

Mon Nov 30 06:12:40 UTC 2020 - Executing "magic -noconsole -dnull -rcfile /home/xrex/usr/devel/pdks/sky130A/libs.tech/magic/sky130A.magicrc /openLANE_flow/scripts/magic_maglef.tcl </dev/null |& tee >&@stdout /project/openlane/mgmt_protect/runs/mgmt_protect/logs/magic/magic.maglef.log"

Mon Nov 30 06:12:40 UTC 2020 - Executing "magic -noconsole -dnull -rcfile /home/xrex/usr/devel/pdks/sky130A/libs.tech/magic/sky130A.magicrc /project/openlane/mgmt_protect/runs/mgmt_protect/tmp/magic_spice.tcl </dev/null |& tee >&@stdout /project/openlane/mgmt_protect/runs/mgmt_protect/logs/magic/magic_spice.log"

Mon Nov 30 06:12:51 UTC 2020 - Executing "magic -noconsole -dnull -rcfile /home/xrex/usr/devel/pdks/sky130A/libs.tech/magic/sky130A.magicrc /openLANE_flow/scripts/magic_drc.tcl </dev/null |& tee >&@stdout /project/openlane/mgmt_protect/runs/mgmt_protect/logs/magic/magic.drc.log"

Mon Nov 30 06:13:05 UTC 2020 - Executing "netgen -batch lvs {/project/openlane/mgmt_protect/runs/mgmt_protect/results/magic/mgmt_protect.spice mgmt_protect} {/project/openlane/mgmt_protect/runs/mgmt_protect/results/lvs/mgmt_protect.lvs.powered.v mgmt_protect} /home/xrex/usr/devel/pdks/sky130A/libs.tech/netgen/sky130A_setup.tcl /project/openlane/mgmt_protect/runs/mgmt_protect/results/lvs/mgmt_protect.lvs.log -json |& tee >&@stdout /project/openlane/mgmt_protect/runs/mgmt_protect/logs/lvs/lvs.log"

Mon Nov 30 06:13:08 UTC 2020 - Executing "openroad -exit /openLANE_flow/scripts/openroad/or_antenna_check.tcl |& tee >&@stdout /project/openlane/mgmt_protect/runs/mgmt_protect/logs/routing/or_antenna.log"

Mon Nov 30 06:13:08 UTC 2020 - Executing "python3 /openLANE_flow/report_generation_wrapper.py -d /project/openlane/mgmt_protect -dn mgmt_protect -t mgmt_protect -o /project/openlane/mgmt_protect/runs/mgmt_protect/reports/final_summary_report.csv -r /project/openlane/mgmt_protect/runs/mgmt_protect"

