Tue Nov 03 13:58:31 UTC 2020 - Executing "/openLANE_flow/scripts/mergeLef.py -i /home/ag/pdks/sky130A/libs.ref/sky130_fd_sc_hd/techlef/sky130_fd_sc_hd.tlef /home/ag/pdks/sky130A/libs.ref/sky130_fd_sc_hd/lef/sky130_fd_sc_hd.lef -o /openLANE_flow/designs/caravel/openlane/digital_pll/runs/digital_pll/tmp/merged_unpadded.lef |& tee >&@stdout"

Tue Nov 03 13:58:32 UTC 2020 - Executing "/openLANE_flow/scripts/padLefMacro.py -s unithd -r 4 -i /openLANE_flow/designs/caravel/openlane/digital_pll/runs/digital_pll/tmp/merged_unpadded.lef -o /openLANE_flow/designs/caravel/openlane/digital_pll/runs/digital_pll/tmp/merged.lef -e {sky130_fd_sc_hd__tap* sky130_fd_sc_hd__decap* sky130_fd_sc_hd__fill*} |& tee >&@stdout"

Tue Nov 03 13:58:42 UTC 2020 - Executing "/openLANE_flow/scripts/libtrim.pl /home/ag/pdks/sky130A/libs.ref/sky130_fd_sc_hd/lib/sky130_fd_sc_hd__tt_025C_1v80.lib /home/ag/pdks/sky130A/libs.tech/openlane/sky130_fd_sc_hd/no_synth.cells > /openLANE_flow/designs/caravel/openlane/digital_pll/runs/digital_pll/tmp/trimmed.lib"

Tue Nov 03 13:58:43 UTC 2020 - Executing "yosys -c /openLANE_flow/scripts/synth.tcl -l /openLANE_flow/designs/caravel/openlane/digital_pll/runs/digital_pll/logs/synthesis/yosys.log |& tee >&@stdout"

Tue Nov 03 13:58:46 UTC 2020 - Executing "sed -i -e {s/\(set ::env(CURRENT_NETLIST)\).*/\1 \/openLANE_flow\/designs\/caravel\/openlane\/digital_pll\/runs\/digital_pll\/results\/synthesis\/digital_pll.synthesis.v/} /openLANE_flow/designs/caravel/openlane/digital_pll/runs/digital_pll/config.tcl"

Tue Nov 03 13:58:46 UTC 2020 - Executing "sed -i -e {s/\(set ::env(PREV_NETLIST)\).*/\1 0/} /openLANE_flow/designs/caravel/openlane/digital_pll/runs/digital_pll/config.tcl"

Tue Nov 03 13:58:46 UTC 2020 - Executing "sta /openLANE_flow/scripts/sta.tcl |& tee >&@stdout /openLANE_flow/designs/caravel/openlane/digital_pll/runs/digital_pll/logs/synthesis/opensta.log"

Tue Nov 03 13:58:48 UTC 2020 - Executing "openroad -exit /openLANE_flow/scripts/openroad/or_floorplan.tcl |& tee >&@stdout /openLANE_flow/designs/caravel/openlane/digital_pll/runs/digital_pll/logs/floorplan/verilog2def.openroad.log"

Tue Nov 03 13:58:49 UTC 2020 - Executing "openroad -exit /openLANE_flow/scripts/openroad/or_ioplacer.tcl |& tee >&@stdout /openLANE_flow/designs/caravel/openlane/digital_pll/runs/digital_pll/logs/floorplan/ioPlacer.log"

Tue Nov 03 13:58:49 UTC 2020 - Executing "openroad -exit /openLANE_flow/scripts/openroad/or_tapcell.tcl |& tee >&@stdout /openLANE_flow/designs/caravel/openlane/digital_pll/runs/digital_pll/logs/floorplan/tapcell.log"

Tue Nov 03 13:58:50 UTC 2020 - Executing "openroad -exit /openLANE_flow/scripts/openroad/or_replace.tcl |& tee >&@stdout /openLANE_flow/designs/caravel/openlane/digital_pll/runs/digital_pll/logs/placement/replace.log"

Tue Nov 03 13:59:01 UTC 2020 - Executing "/openLANE_flow/scripts/libtrim.pl /home/ag/pdks/sky130A/libs.ref/sky130_fd_sc_hd/lib/sky130_fd_sc_hd__ss_100C_1v60.lib /home/ag/pdks/sky130A/libs.tech/openlane/sky130_fd_sc_hd/no_synth.cells > /openLANE_flow/designs/caravel/openlane/digital_pll/runs/digital_pll/tmp/opt.lib"

Tue Nov 03 13:59:01 UTC 2020 - Executing "Psn /openLANE_flow/scripts/openPhySyn.tcl |& tee >&@stdout /openLANE_flow/designs/caravel/openlane/digital_pll/runs/digital_pll/logs/placement/openphysyn.log"

Tue Nov 03 13:59:10 UTC 2020 - Executing "openroad -exit /openLANE_flow/scripts/openroad/or_write_verilog.tcl |& tee >&@stdout /openLANE_flow/designs/caravel/openlane/digital_pll/runs/digital_pll/logs/write_verilog.log"

Tue Nov 03 13:59:11 UTC 2020 - Executing "sed -i -e {s/\(set ::env(CURRENT_NETLIST)\).*/\1 \/openLANE_flow\/designs\/caravel\/openlane\/digital_pll\/runs\/digital_pll\/results\/synthesis\/digital_pll.synthesis_optimized.v/} /openLANE_flow/designs/caravel/openlane/digital_pll/runs/digital_pll/config.tcl"

Tue Nov 03 13:59:11 UTC 2020 - Executing "sed -i -e {s/\(set ::env(PREV_NETLIST)\).*/\1 \/openLANE_flow\/designs\/caravel\/openlane\/digital_pll\/runs\/digital_pll\/results\/synthesis\/digital_pll.synthesis.v/} /openLANE_flow/designs/caravel/openlane/digital_pll/runs/digital_pll/config.tcl"

Tue Nov 03 13:59:11 UTC 2020 - Executing "sta /openLANE_flow/scripts/sta.tcl |& tee >&@stdout /openLANE_flow/designs/caravel/openlane/digital_pll/runs/digital_pll/logs/synthesis/opensta_post_openphysyn.log"

Tue Nov 03 13:59:13 UTC 2020 - Executing "openroad -exit /openLANE_flow/scripts/openroad/or_opendp.tcl |& tee >&@stdout /openLANE_flow/designs/caravel/openlane/digital_pll/runs/digital_pll/logs/placement/opendp.log"

Tue Nov 03 13:59:14 UTC 2020 - Executing "openroad -exit /openLANE_flow/scripts/new_pdn.tcl |& tee >&@stdout /openLANE_flow/designs/caravel/openlane/digital_pll/runs/digital_pll/logs/floorplan/pdn.log"

Tue Nov 03 13:59:14 UTC 2020 - Executing "openroad -exit /openLANE_flow/scripts/openroad/or_fill.tcl |& tee >&@stdout /openLANE_flow/designs/caravel/openlane/digital_pll/runs/digital_pll/logs/routing/addspacers.log"

Tue Nov 03 13:59:15 UTC 2020 - Executing "openroad -exit /openLANE_flow/scripts/openroad/or_route.tcl |& tee >&@stdout /openLANE_flow/designs/caravel/openlane/digital_pll/runs/digital_pll/logs/routing/fastroute.log"

Tue Nov 03 13:59:24 UTC 2020 - Executing "openroad -exit /openLANE_flow/scripts/openroad/or_route.tcl |& tee >&@stdout /openLANE_flow/designs/caravel/openlane/digital_pll/runs/digital_pll/logs/routing/fastroute_post_antenna.log"

Tue Nov 03 13:59:35 UTC 2020 - Executing "openroad -exit /openLANE_flow/scripts/openroad/or_write_verilog.tcl |& tee >&@stdout /openLANE_flow/designs/caravel/openlane/digital_pll/runs/digital_pll/logs/write_verilog.log"

Tue Nov 03 13:59:36 UTC 2020 - Executing "sed -i -e {s/\(set ::env(CURRENT_NETLIST)\).*/\1 \/openLANE_flow\/designs\/caravel\/openlane\/digital_pll\/runs\/digital_pll\/results\/synthesis\/digital_pll.synthesis_preroute.v/} /openLANE_flow/designs/caravel/openlane/digital_pll/runs/digital_pll/config.tcl"

Tue Nov 03 13:59:36 UTC 2020 - Executing "sed -i -e {s/\(set ::env(PREV_NETLIST)\).*/\1 \/openLANE_flow\/designs\/caravel\/openlane\/digital_pll\/runs\/digital_pll\/results\/synthesis\/digital_pll.synthesis_optimized.v/} /openLANE_flow/designs/caravel/openlane/digital_pll/runs/digital_pll/config.tcl"

Tue Nov 03 13:59:36 UTC 2020 - Executing "envsubst < /openLANE_flow/scripts/tritonRoute.param > /openLANE_flow/designs/caravel/openlane/digital_pll/runs/digital_pll/tmp/routing/tritonRoute.param"

Tue Nov 03 13:59:36 UTC 2020 - Executing "TritonRoute /openLANE_flow/designs/caravel/openlane/digital_pll/runs/digital_pll/tmp/routing/tritonRoute.param |& tee >&@stdout /openLANE_flow/designs/caravel/openlane/digital_pll/runs/digital_pll/logs/routing/tritonRoute.log"

Tue Nov 03 13:59:55 UTC 2020 - Executing "python3 /openLANE_flow/scripts/spef_extractor/main.py -l /openLANE_flow/designs/caravel/openlane/digital_pll/runs/digital_pll/tmp/merged_unpadded.lef -d /openLANE_flow/designs/caravel/openlane/digital_pll/runs/digital_pll/results/routing/digital_pll.def -mw L -ec 1 |& tee >&@stdout /openLANE_flow/designs/caravel/openlane/digital_pll/runs/digital_pll/logs/routing/spef_extraction.log"

Tue Nov 03 13:59:56 UTC 2020 - Executing "sta /openLANE_flow/scripts/sta.tcl |& tee >&@stdout /openLANE_flow/designs/caravel/openlane/digital_pll/runs/digital_pll/logs/synthesis/opensta_spef.log"

Tue Nov 03 13:59:58 UTC 2020 - Executing "python3 /openLANE_flow/scripts/write_powered_def.py -d /openLANE_flow/designs/caravel/openlane/digital_pll/runs/digital_pll/results/routing/digital_pll.def -l /openLANE_flow/designs/caravel/openlane/digital_pll/runs/digital_pll/tmp/merged.lef -v VPWR -g VGND -o /openLANE_flow/designs/caravel/openlane/digital_pll/runs/digital_pll/tmp/routing/digital_pll.powered.def |& tee >&@stdout /openLANE_flow/designs/caravel/openlane/digital_pll/runs/digital_pll/logs/lvs/write_powered_verilog.log"

Tue Nov 03 13:59:59 UTC 2020 - Executing "openroad -exit /openLANE_flow/scripts/openroad/or_write_verilog.tcl |& tee >&@stdout /openLANE_flow/designs/caravel/openlane/digital_pll/runs/digital_pll/logs/write_verilog.log"

Tue Nov 03 14:00:00 UTC 2020 - Executing "yosys -c /openLANE_flow/scripts/yosys_rewrite_verilog.tcl -l /openLANE_flow/designs/caravel/openlane/digital_pll/runs/digital_pll/logs/synthesis/yosys_rewrite_verilog.log"

Tue Nov 03 14:00:01 UTC 2020 - Executing "sed -i -e {s/\(set ::env(CURRENT_NETLIST)\).*/\1 \/openLANE_flow\/designs\/caravel\/openlane\/digital_pll\/runs\/digital_pll\/results\/lvs\/digital_pll.lvs.powered.v/} /openLANE_flow/designs/caravel/openlane/digital_pll/runs/digital_pll/config.tcl"

Tue Nov 03 14:00:01 UTC 2020 - Executing "sed -i -e {s/\(set ::env(PREV_NETLIST)\).*/\1 \/openLANE_flow\/designs\/caravel\/openlane\/digital_pll\/runs\/digital_pll\/results\/synthesis\/digital_pll.synthesis_preroute.v/} /openLANE_flow/designs/caravel/openlane/digital_pll/runs/digital_pll/config.tcl"

Tue Nov 03 14:00:01 UTC 2020 - Executing "magic -noconsole -dnull -rcfile /home/ag/pdks/sky130A/libs.tech/magic/sky130A.magicrc /openLANE_flow/scripts/magic.tcl </dev/null |& tee >&@stdout /openLANE_flow/designs/caravel/openlane/digital_pll/runs/digital_pll/logs/magic/magic.log"

Tue Nov 03 14:00:05 UTC 2020 - Executing "magic -noconsole -dnull -rcfile /home/ag/pdks/sky130A/libs.tech/magic/sky130A.magicrc /openLANE_flow/designs/caravel/openlane/digital_pll/runs/digital_pll/tmp/magic_spice.tcl </dev/null |& tee >&@stdout /openLANE_flow/designs/caravel/openlane/digital_pll/runs/digital_pll/logs/magic/magic_spice.log"

Tue Nov 03 14:00:08 UTC 2020 - Executing "magic -noconsole -dnull -rcfile /home/ag/pdks/sky130A/libs.tech/magic/sky130A.magicrc /openLANE_flow/scripts/magic_drc.tcl </dev/null |& tee >&@stdout /openLANE_flow/designs/caravel/openlane/digital_pll/runs/digital_pll/logs/magic/magic.drc.log"

Tue Nov 03 14:00:12 UTC 2020 - Executing "netgen -batch lvs {/openLANE_flow/designs/caravel/openlane/digital_pll/runs/digital_pll/results/magic/digital_pll.spice digital_pll} {/openLANE_flow/designs/caravel/openlane/digital_pll/runs/digital_pll/results/lvs/digital_pll.lvs.powered.v digital_pll} /home/ag/pdks/sky130A/libs.tech/netgen/sky130A_setup.tcl /openLANE_flow/designs/caravel/openlane/digital_pll/runs/digital_pll/results/lvs/digital_pll.lvs.log -json |& tee >&@stdout /openLANE_flow/designs/caravel/openlane/digital_pll/runs/digital_pll/logs/lvs/lvs.log"

Tue Nov 03 14:00:12 UTC 2020 - Executing "openroad -exit /openLANE_flow/scripts/openroad/or_antenna_check.tcl |& tee >&@stdout /openLANE_flow/designs/caravel/openlane/digital_pll/runs/digital_pll/logs/routing/or_antenna.log"

Tue Nov 03 14:00:13 UTC 2020 - Executing "python3 /openLANE_flow/report_generation_wrapper.py -d /openLANE_flow/designs/caravel/openlane/digital_pll -dn digital_pll -t digital_pll -o /openLANE_flow/designs/caravel/openlane/digital_pll/runs/digital_pll/reports/final_summary_report.csv -r /openLANE_flow/designs/caravel/openlane/digital_pll/runs/digital_pll"

