Fri Nov 27 16:12:42 UTC 2020 - Executing "/openLANE_flow/scripts/mergeLef.py -i /home/xrex/usr/devel/pdks/sky130A/libs.ref/sky130_fd_sc_hd/techlef/sky130_fd_sc_hd.tlef {/home/xrex/usr/devel/pdks/sky130A/libs.ref/sky130_fd_sc_hd/lef/sky130_fd_sc_hd.lef /home/xrex/usr/devel/pdks/sky130A/libs.ref/sky130_fd_sc_hd/lef/sky130_ef_sc_hd__fakediode_2.lef} -o /project/openlane/chip_io/runs/chip_io/tmp/merged_unpadded.lef |& tee >&@stdout"

Fri Nov 27 16:12:42 UTC 2020 - Executing "/openLANE_flow/scripts/mergeLef.py -i /project/openlane/chip_io/runs/chip_io/tmp/merged.lef.old /home/xrex/usr/devel/pdks/sky130A/libs.tech/openlane/custom_cells/lef/sky130_fd_io_core.lef /home/xrex/usr/devel/pdks/sky130A/libs.tech/openlane/custom_cells/lef/sky130_ef_io_core.lef -o /project/openlane/chip_io/runs/chip_io/tmp/merged.lef"

Fri Nov 27 16:12:43 UTC 2020 - Executing "/openLANE_flow/scripts/mergeLef.py -i /project/openlane/chip_io/runs/chip_io/tmp/merged_unpadded.lef.old /home/xrex/usr/devel/pdks/sky130A/libs.tech/openlane/custom_cells/lef/sky130_fd_io_core.lef /home/xrex/usr/devel/pdks/sky130A/libs.tech/openlane/custom_cells/lef/sky130_ef_io_core.lef -o /project/openlane/chip_io/runs/chip_io/tmp/merged_unpadded.lef"

Fri Nov 27 16:12:43 UTC 2020 - Executing "/openLANE_flow/scripts/libtrim.pl /home/xrex/usr/devel/pdks/sky130A/libs.ref/sky130_fd_sc_hd/lib/sky130_fd_sc_hd__tt_025C_1v80.lib /home/xrex/usr/devel/pdks/sky130A/libs.tech/openlane/sky130_fd_sc_hd/no_synth.cells > /project/openlane/chip_io/runs/chip_io/tmp/trimmed.lib"

Fri Nov 27 16:12:43 UTC 2020 - Executing "yosys -c /openLANE_flow/scripts/synth_top.tcl -l /project/openlane/chip_io/runs/chip_io/logs/synthesis/yosys.log |& tee >&@stdout"

Fri Nov 27 16:12:43 UTC 2020 - Executing "sed -i -e {s/\(set ::env(CURRENT_NETLIST)\).*/\1 \/project\/openlane\/chip_io\/runs\/chip_io\/results\/synthesis\/chip_io.synthesis.v/} /project/openlane/chip_io/runs/chip_io/config.tcl"

Fri Nov 27 16:12:43 UTC 2020 - Executing "sed -i -e {s/\(set ::env(PREV_NETLIST)\).*/\1 \/project\/openlane\/chip_io\/runs\/chip_io_lvs\/results\/synthesis\/chip_io.synthesis.v/} /project/openlane/chip_io/runs/chip_io/config.tcl"

Fri Nov 27 16:12:43 UTC 2020 - Executing "openroad -exit /openLANE_flow/scripts/openroad/or_floorplan.tcl |& tee >&@stdout /project/openlane/chip_io/runs/chip_io/logs/floorplan/verilog2def.openroad.log"

Fri Nov 27 16:12:46 UTC 2020 - Executing "/openLANE_flow/scripts/remove_pins.sh /project/openlane/chip_io/runs/chip_io/results/floorplan/padframe.def"

Fri Nov 27 16:12:46 UTC 2020 - Executing "/openLANE_flow/scripts/remove_empty_nets.sh /project/openlane/chip_io/runs/chip_io/results/floorplan/padframe.def"

Fri Nov 27 16:12:46 UTC 2020 - Executing "python3 /openLANE_flow/scripts/addObstruction.py -d /project/openlane/chip_io/runs/chip_io/results/floorplan/padframe.def -l /project/openlane/chip_io/runs/chip_io/tmp/merged_unpadded.lef -obs core_obs -ln met1 met2 met3 met4 met5 -px 230 -py 240 -sw 3132 -sh 4710 -db 1000 -f"

Fri Nov 27 16:12:46 UTC 2020 - Executing "python3 /openLANE_flow/scripts/addObstruction.py -d /project/openlane/chip_io/runs/chip_io/results/floorplan/padframe.def -l /project/openlane/chip_io/runs/chip_io/tmp/merged_unpadded.lef -obs gpio_m3_pins -ln met3 -px 469.965 -py 4972.585 -sw 1149.480 -sh 16.200 -db 1000 -f"

Fri Nov 27 16:12:46 UTC 2020 - Executing "touch /project/openlane/chip_io/runs/chip_io/tmp/li1HackTmpFile.txt"

Fri Nov 27 16:12:46 UTC 2020 - Executing "python3 /openLANE_flow/scripts/li1_hack_start.py -d /project/openlane/chip_io/runs/chip_io/results/floorplan/padframe.def -l /project/openlane/chip_io/runs/chip_io/tmp/merged_unpadded.lef -t /project/openlane/chip_io/runs/chip_io/tmp/li1HackTmpFile.txt"

Fri Nov 27 16:12:46 UTC 2020 - Executing "openroad -exit /openLANE_flow/scripts/openroad/or_route.tcl |& tee >&@stdout /project/openlane/chip_io/runs/chip_io/logs/routing/fastroute.log"

Fri Nov 27 16:12:52 UTC 2020 - Executing "envsubst < /openLANE_flow/scripts/tritonRoute.param > /project/openlane/chip_io/runs/chip_io/tmp/routing/tritonRoute.param"

Fri Nov 27 16:12:52 UTC 2020 - Executing "TritonRoute /project/openlane/chip_io/runs/chip_io/tmp/routing/tritonRoute.param |& tee >&@stdout /project/openlane/chip_io/runs/chip_io/logs/routing/tritonRoute.log"

Fri Nov 27 16:15:50 UTC 2020 - Executing "python3 /openLANE_flow/scripts/tr2klayout.py -i /project/openlane/chip_io/runs/chip_io/reports/routing/tritonRoute.drc -o /project/openlane/chip_io/runs/chip_io/reports/routing/tritonRoute.klayout.xml --design-name chip_io"

Fri Nov 27 16:15:50 UTC 2020 - Executing "python3 /openLANE_flow/scripts/li1_hack_end.py -d /project/openlane/chip_io/runs/chip_io/results/routing/chip_io.def -t /project/openlane/chip_io/runs/chip_io/tmp/li1HackTmpFile.txt"

Fri Nov 27 16:15:51 UTC 2020 - Executing "python3 /openLANE_flow/scripts/label_macro_pins.py --lef /project/openlane/chip_io/runs/chip_io/tmp/lvs.lef --input-def /project/openlane/chip_io/runs/chip_io/results/routing/chip_io.def --netlist-def /project/openlane/chip_io/runs/chip_io/tmp/lvs.def --pad-pin-name PAD -o /project/openlane/chip_io/runs/chip_io/results/routing/chip_io.def -v --map mgmt_vdda_hvclamp_pad VDDA vdda INOUT --map {user1_vdda_hvclamp_pad\[0\]} VDDA vdda1 INOUT --map user2_vdda_hvclamp_pad VDDA vdda2 INOUT --map mgmt_vssa_hvclamp_pad VSSA vssa INOUT --map {user1_vssa_hvclamp_pad\[0\]} VSSA vssa1 INOUT --map user2_vssa_hvclamp_pad VSSA vssa2 INOUT --map mgmt_vccd_lvclamp_pad VCCD vccd INOUT --map user1_vccd_lvclamp_pad VCCD vccd1 INOUT --map user2_vccd_lvclamp_pad VCCD vccd2 INOUT --map mgmt_vssd_lvclmap_pad VSSD vssd INOUT --map user1_vssd_lvclmap_pad VSSD vssd1 INOUT --map user2_vssd_lvclmap_pad VSSD vssd2 INOUT --map {mgmt_vddio_hvclamp_pad\[0\]} VDDIO vddio INOUT --map {mgmt_vssio_hvclamp_pad\[0\]} VSSIO vssio INOUT |& tee /project/openlane/chip_io/runs/chip_io/logs/label_macro_pins.log >&@stdout"

Fri Nov 27 16:15:52 UTC 2020 - Executing "magic -noconsole -dnull -rcfile /home/xrex/usr/devel/pdks/sky130A/libs.tech/magic/sky130A.magicrc /openLANE_flow/scripts/magic.tcl </dev/null |& tee >&@stdout /project/openlane/chip_io/runs/chip_io/logs/magic/magic.log"

Fri Nov 27 16:19:43 UTC 2020 - Executing "magic -noconsole -dnull -rcfile /home/xrex/usr/devel/pdks/sky130A/libs.tech/magic/sky130A.magicrc /openLANE_flow/scripts/magic_mag.tcl </dev/null |& tee >&@stdout /project/openlane/chip_io/runs/chip_io/logs/magic/magic.log"

Fri Nov 27 16:19:52 UTC 2020 - Executing "magic -noconsole -dnull -rcfile /home/xrex/usr/devel/pdks/sky130A/libs.tech/magic/sky130A.magicrc /openLANE_flow/scripts/magic_maglef.tcl </dev/null |& tee >&@stdout /project/openlane/chip_io/runs/chip_io/logs/magic/magic.maglef.log"

Fri Nov 27 16:21:57 UTC 2020 - Executing "magic -noconsole -dnull -rcfile /home/xrex/usr/devel/pdks/sky130A/libs.tech/magic/sky130A.magicrc /project/openlane/chip_io/runs/chip_io/tmp/magic_spice.tcl </dev/null |& tee >&@stdout /project/openlane/chip_io/runs/chip_io/logs/magic/magic_spice.log"

Fri Nov 27 16:22:11 UTC 2020 - Executing "netgen -batch lvs {/project/openlane/chip_io/runs/chip_io/results/magic/chip_io.spice chip_io} {/project/openlane/chip_io/runs/chip_io/tmp/lvs.v chip_io} /home/xrex/usr/devel/pdks/sky130A/libs.tech/netgen/sky130A_setup.tcl /project/openlane/chip_io/runs/chip_io/results/lvs/chip_io.lvs.log -json |& tee >&@stdout /project/openlane/chip_io/runs/chip_io/logs/lvs/lvs.log"

