
 /----------------------------------------------------------------------------\
 |                                                                            |
 |  yosys -- Yosys Open SYnthesis Suite                                       |
 |                                                                            |
 |  Copyright (C) 2012 - 2020  Claire Wolf <claire@symbioticeda.com>          |
 |                                                                            |
 |  Permission to use, copy, modify, and/or distribute this software for any  |
 |  purpose with or without fee is hereby granted, provided that the above    |
 |  copyright notice and this permission notice appear in all copies.         |
 |                                                                            |
 |  THE SOFTWARE IS PROVIDED "AS IS" AND THE AUTHOR DISCLAIMS ALL WARRANTIES  |
 |  WITH REGARD TO THIS SOFTWARE INCLUDING ALL IMPLIED WARRANTIES OF          |
 |  MERCHANTABILITY AND FITNESS. IN NO EVENT SHALL THE AUTHOR BE LIABLE FOR   |
 |  ANY SPECIAL, DIRECT, INDIRECT, OR CONSEQUENTIAL DAMAGES OR ANY DAMAGES    |
 |  WHATSOEVER RESULTING FROM LOSS OF USE, DATA OR PROFITS, WHETHER IN AN     |
 |  ACTION OF CONTRACT, NEGLIGENCE OR OTHER TORTIOUS ACTION, ARISING OUT OF   |
 |  OR IN CONNECTION WITH THE USE OR PERFORMANCE OF THIS SOFTWARE.            |
 |                                                                            |
 \----------------------------------------------------------------------------/

 Yosys 0.9+3621 (git sha1 84e9fa7, gcc 8.3.1 -fPIC -Os)

[TCL: yosys -import] Command name collision: found pre-existing command `cd' -> skip.
[TCL: yosys -import] Command name collision: found pre-existing command `eval' -> skip.
[TCL: yosys -import] Command name collision: found pre-existing command `exec' -> skip.
[TCL: yosys -import] Command name collision: found pre-existing command `read' -> skip.
[TCL: yosys -import] Command name collision: found pre-existing command `trace' -> skip.

1. Executing Verilog-2005 frontend: /project/openlane/user_id_programming/runs/user_id_programming/results/lvs/user_id_programming.lvs.powered.v
Parsing Verilog input from `/project/openlane/user_id_programming/runs/user_id_programming/results/lvs/user_id_programming.lvs.powered.v' to AST representation.
Generating RTLIL representation for module `\user_id_programming'.
/project/openlane/user_id_programming/runs/user_id_programming/results/lvs/user_id_programming.lvs.powered.v:12: Warning: Identifier `\user_proj_id_high[0]' is implicitly declared.
/project/openlane/user_id_programming/runs/user_id_programming/results/lvs/user_id_programming.lvs.powered.v:18: Warning: Identifier `\user_proj_id_high[10]' is implicitly declared.
/project/openlane/user_id_programming/runs/user_id_programming/results/lvs/user_id_programming.lvs.powered.v:24: Warning: Identifier `\user_proj_id_high[11]' is implicitly declared.
/project/openlane/user_id_programming/runs/user_id_programming/results/lvs/user_id_programming.lvs.powered.v:30: Warning: Identifier `\user_proj_id_high[12]' is implicitly declared.
/project/openlane/user_id_programming/runs/user_id_programming/results/lvs/user_id_programming.lvs.powered.v:36: Warning: Identifier `\user_proj_id_high[13]' is implicitly declared.
/project/openlane/user_id_programming/runs/user_id_programming/results/lvs/user_id_programming.lvs.powered.v:42: Warning: Identifier `\user_proj_id_high[14]' is implicitly declared.
/project/openlane/user_id_programming/runs/user_id_programming/results/lvs/user_id_programming.lvs.powered.v:48: Warning: Identifier `\user_proj_id_high[15]' is implicitly declared.
/project/openlane/user_id_programming/runs/user_id_programming/results/lvs/user_id_programming.lvs.powered.v:54: Warning: Identifier `\user_proj_id_high[16]' is implicitly declared.
/project/openlane/user_id_programming/runs/user_id_programming/results/lvs/user_id_programming.lvs.powered.v:60: Warning: Identifier `\user_proj_id_high[17]' is implicitly declared.
/project/openlane/user_id_programming/runs/user_id_programming/results/lvs/user_id_programming.lvs.powered.v:66: Warning: Identifier `\user_proj_id_high[18]' is implicitly declared.
/project/openlane/user_id_programming/runs/user_id_programming/results/lvs/user_id_programming.lvs.powered.v:72: Warning: Identifier `\user_proj_id_high[19]' is implicitly declared.
/project/openlane/user_id_programming/runs/user_id_programming/results/lvs/user_id_programming.lvs.powered.v:78: Warning: Identifier `\user_proj_id_high[1]' is implicitly declared.
/project/openlane/user_id_programming/runs/user_id_programming/results/lvs/user_id_programming.lvs.powered.v:84: Warning: Identifier `\user_proj_id_high[20]' is implicitly declared.
/project/openlane/user_id_programming/runs/user_id_programming/results/lvs/user_id_programming.lvs.powered.v:90: Warning: Identifier `\user_proj_id_high[21]' is implicitly declared.
/project/openlane/user_id_programming/runs/user_id_programming/results/lvs/user_id_programming.lvs.powered.v:96: Warning: Identifier `\user_proj_id_high[22]' is implicitly declared.
/project/openlane/user_id_programming/runs/user_id_programming/results/lvs/user_id_programming.lvs.powered.v:102: Warning: Identifier `\user_proj_id_high[23]' is implicitly declared.
/project/openlane/user_id_programming/runs/user_id_programming/results/lvs/user_id_programming.lvs.powered.v:108: Warning: Identifier `\user_proj_id_high[24]' is implicitly declared.
/project/openlane/user_id_programming/runs/user_id_programming/results/lvs/user_id_programming.lvs.powered.v:114: Warning: Identifier `\user_proj_id_high[25]' is implicitly declared.
/project/openlane/user_id_programming/runs/user_id_programming/results/lvs/user_id_programming.lvs.powered.v:120: Warning: Identifier `\user_proj_id_high[26]' is implicitly declared.
/project/openlane/user_id_programming/runs/user_id_programming/results/lvs/user_id_programming.lvs.powered.v:126: Warning: Identifier `\user_proj_id_high[27]' is implicitly declared.
/project/openlane/user_id_programming/runs/user_id_programming/results/lvs/user_id_programming.lvs.powered.v:132: Warning: Identifier `\user_proj_id_high[28]' is implicitly declared.
/project/openlane/user_id_programming/runs/user_id_programming/results/lvs/user_id_programming.lvs.powered.v:138: Warning: Identifier `\user_proj_id_high[29]' is implicitly declared.
/project/openlane/user_id_programming/runs/user_id_programming/results/lvs/user_id_programming.lvs.powered.v:144: Warning: Identifier `\user_proj_id_high[2]' is implicitly declared.
/project/openlane/user_id_programming/runs/user_id_programming/results/lvs/user_id_programming.lvs.powered.v:150: Warning: Identifier `\user_proj_id_high[30]' is implicitly declared.
/project/openlane/user_id_programming/runs/user_id_programming/results/lvs/user_id_programming.lvs.powered.v:156: Warning: Identifier `\user_proj_id_high[31]' is implicitly declared.
/project/openlane/user_id_programming/runs/user_id_programming/results/lvs/user_id_programming.lvs.powered.v:162: Warning: Identifier `\user_proj_id_high[3]' is implicitly declared.
/project/openlane/user_id_programming/runs/user_id_programming/results/lvs/user_id_programming.lvs.powered.v:168: Warning: Identifier `\user_proj_id_high[4]' is implicitly declared.
/project/openlane/user_id_programming/runs/user_id_programming/results/lvs/user_id_programming.lvs.powered.v:174: Warning: Identifier `\user_proj_id_high[5]' is implicitly declared.
/project/openlane/user_id_programming/runs/user_id_programming/results/lvs/user_id_programming.lvs.powered.v:180: Warning: Identifier `\user_proj_id_high[6]' is implicitly declared.
/project/openlane/user_id_programming/runs/user_id_programming/results/lvs/user_id_programming.lvs.powered.v:186: Warning: Identifier `\user_proj_id_high[7]' is implicitly declared.
/project/openlane/user_id_programming/runs/user_id_programming/results/lvs/user_id_programming.lvs.powered.v:192: Warning: Identifier `\user_proj_id_high[8]' is implicitly declared.
/project/openlane/user_id_programming/runs/user_id_programming/results/lvs/user_id_programming.lvs.powered.v:198: Warning: Identifier `\user_proj_id_high[9]' is implicitly declared.
Successfully finished Verilog frontend.

2. Executing Verilog backend.
Dumping module `\user_id_programming'.

Warnings: 32 unique messages, 32 total
End of script. Logfile hash: c36769c2ba, CPU: user 0.07s system 0.00s, MEM: 8.84 MB peak
Yosys 0.9+3621 (git sha1 84e9fa7, gcc 8.3.1 -fPIC -Os)
Time spent: 75% 2x write_verilog (0 sec), 24% 2x read_verilog (0 sec)
