OpenROAD 0.9.0 e582f2522b
This program is licensed under the BSD-3 license. See the LICENSE file for details. 
Components of this program may be licensed under more restrictive licenses which must be honored.
Notice 0: Reading LEF file:  /project/openlane/storage/runs/storage/tmp/merged_unpadded.lef
Notice 0:     Created 13 technology layers
Notice 0:     Created 25 technology vias
Notice 0:     Created 438 library cells
Notice 0: Finished LEF file:  /project/openlane/storage/runs/storage/tmp/merged_unpadded.lef
Notice 0: 
Reading DEF file: /project/openlane/storage/runs/storage/tmp/floorplan/pdn.def
Notice 0: Design: storage
Notice 0:     Created 160 pins.
Notice 0:     Created 1708 components and 6386 component-terminals.
Notice 0:     Created 2 special nets and 0 connections.
Notice 0:     Created 158 nets and 200 connections.
Notice 0: Finished DEF file: /project/openlane/storage/runs/storage/tmp/floorplan/pdn.def
[INFO]: Inserting sky130_fd_sc_hd__diode_2...
[WARN]: Skipping VPWR
[WARN]: Skipping VGND

[INFO]: 104 of sky130_fd_sc_hd__diode_2 inserted!
[INFO]: Legalizing...
Design Stats
--------------------------------
total instances          1812
multi row instances         0
fixed instances          1708
nets                      160
design area          407032.9 u^2
fixed area             6011.9 u^2
movable area            260.2 u^2
utilization                 0 %
utilization padded          0 %
rows                      341
row height                2.7 u

Placement Analysis
--------------------------------
total displacement    10810.2 u
average displacement      6.0 u
max displacement        202.8 u
original HPWL         94803.2 u
legalized HPWL        98524.4 u
delta HPWL                  4 %

