OpenROAD 0.9.0 e582f2522b
This program is licensed under the BSD-3 license. See the LICENSE file for details. 
Components of this program may be licensed under more restrictive licenses which must be honored.
Notice 0: Reading LEF file:  /project/openlane/storage/runs/storage/tmp/merged_unpadded.lef
Notice 0:     Created 13 technology layers
Notice 0:     Created 25 technology vias
Notice 0:     Created 438 library cells
Notice 0: Finished LEF file:  /project/openlane/storage/runs/storage/tmp/merged_unpadded.lef
Notice 0: 
Reading DEF file: /project/openlane/storage/runs/storage/tmp/placement/replace.def
Notice 0: Design: storage
Notice 0:     Created 158 pins.
Notice 0:     Created 1708 components and 6386 component-terminals.
Notice 0:     Created 158 nets and 200 connections.
Notice 0: Finished DEF file: /project/openlane/storage/runs/storage/tmp/placement/replace.def
Warning: could not find power special net
Design Stats
--------------------------------
total instances          1708
multi row instances         0
fixed instances          1708
nets                      158
design area          407032.9 u^2
fixed area             6011.9 u^2
movable area              0.0 u^2
utilization                 0 %
utilization padded          0 %
rows                      341
row height                2.7 u

Placement Analysis
--------------------------------
total displacement        0.0 u
average displacement      0.0 u
max displacement          0.0 u
original HPWL         94776.4 u
legalized HPWL        94776.4 u
delta HPWL                  0 %

