Startpoint: _63413_ (rising edge-triggered flip-flop clocked by clock)
Endpoint: _64400_ (removal check against rising-edge clock clock)
Path Group: **async_default**
Path Type: min

  Delay    Time   Description
---------------------------------------------------------
   0.00    0.00   clock clock (rise edge)
   0.00    0.00   clock network delay (ideal)
   0.00    0.00 ^ _63413_/CLK (sky130_fd_sc_hd__dfstp_4)
  -0.78   -0.78 v _63413_/Q (sky130_fd_sc_hd__dfstp_4)
   0.30   -0.48 v _58002_/X (sky130_fd_sc_hd__or4_4)
   0.25   -0.23 ^ _58003_/Y (sky130_fd_sc_hd__inv_2)
   0.19   -0.04 ^ _58004_/X (sky130_fd_sc_hd__buf_2)
   0.19    0.15 ^ _58005_/X (sky130_fd_sc_hd__buf_2)
   0.15    0.30 ^ _58006_/X (sky130_fd_sc_hd__buf_2)
   0.21    0.50 ^ _58007_/X (sky130_fd_sc_hd__buf_2)
   0.19    0.69 ^ _58008_/X (sky130_fd_sc_hd__buf_2)
   0.12    0.81 ^ _58009_/X (sky130_fd_sc_hd__buf_2)
   0.23    1.04 ^ psn_inst_psn_buff_0/X (sky130_fd_sc_hd__buf_8)
   0.24    1.27 ^ psn_inst_psn_buff_3/X (sky130_fd_sc_hd__buf_2)
   0.00    1.27 ^ _64400_/RESET_B (sky130_fd_sc_hd__dfrtp_4)
           1.27   data arrival time

   0.00    0.00   clock clock (rise edge)
   0.00    0.00   clock network delay (ideal)
   0.00    0.00   clock reconvergence pessimism
           0.00 ^ _64400_/CLK (sky130_fd_sc_hd__dfrtp_4)
   0.83    0.83   library removal time
           0.83   data required time
---------------------------------------------------------
           0.83   data required time
          -1.27   data arrival time
---------------------------------------------------------
           0.45   slack (MET)


Startpoint: _64610_ (rising edge-triggered flip-flop clocked by clock)
Endpoint: _65081_ (rising edge-triggered flip-flop clocked by clock)
Path Group: clock
Path Type: min

  Delay    Time   Description
---------------------------------------------------------
   0.00    0.00   clock clock (rise edge)
   0.00    0.00   clock network delay (ideal)
   0.00    0.00 ^ _64610_/CLK (sky130_fd_sc_hd__dfxtp_4)
  -1.10   -1.10 v _64610_/Q (sky130_fd_sc_hd__dfxtp_4)
   0.31   -0.79 v _61108_/X (sky130_fd_sc_hd__o22a_4)
   0.13   -0.67 v _61110_/X (sky130_fd_sc_hd__o22a_4)
   0.00   -0.67 v _65081_/D (sky130_fd_sc_hd__dfrtp_4)
          -0.67   data arrival time

   0.00    0.00   clock clock (rise edge)
   0.00    0.00   clock network delay (ideal)
   0.00    0.00   clock reconvergence pessimism
           0.00 ^ _65081_/CLK (sky130_fd_sc_hd__dfrtp_4)
  -2.09   -2.09   library hold time
          -2.09   data required time
---------------------------------------------------------
          -2.09   data required time
           0.67   data arrival time
---------------------------------------------------------
           1.42   slack (MET)


Startpoint: _63413_ (rising edge-triggered flip-flop clocked by clock)
Endpoint: _65081_ (recovery check against rising-edge clock clock)
Path Group: **async_default**
Path Type: max

  Delay    Time   Description
---------------------------------------------------------
   0.00    0.00   clock clock (rise edge)
   0.00    0.00   clock network delay (ideal)
   0.00    0.00 ^ _63413_/CLK (sky130_fd_sc_hd__dfstp_4)
  17.76   17.76 v _63413_/Q (sky130_fd_sc_hd__dfstp_4)
   1.03   18.79 v _58002_/X (sky130_fd_sc_hd__or4_4)
   0.57   19.36 ^ _58003_/Y (sky130_fd_sc_hd__inv_2)
   0.57   19.93 ^ _58004_/X (sky130_fd_sc_hd__buf_2)
   0.49   20.43 ^ _58005_/X (sky130_fd_sc_hd__buf_2)
   0.42   20.85 ^ _58006_/X (sky130_fd_sc_hd__buf_2)
   0.52   21.37 ^ _58007_/X (sky130_fd_sc_hd__buf_2)
   0.54   21.91 ^ _58008_/X (sky130_fd_sc_hd__buf_2)
   0.33   22.23 ^ _58009_/X (sky130_fd_sc_hd__buf_2)
   0.66   22.90 ^ psn_inst_psn_buff_0/X (sky130_fd_sc_hd__buf_8)
   0.69   23.58 ^ psn_inst_psn_buff_33/X (sky130_fd_sc_hd__buf_2)
   0.49   24.07 ^ psn_inst_psn_buff_34/X (sky130_fd_sc_hd__buf_8)
   0.78   24.85 ^ psn_inst_psn_buff_89/X (sky130_fd_sc_hd__buf_2)
   0.01   24.86 ^ _65081_/RESET_B (sky130_fd_sc_hd__dfrtp_4)
          24.86   data arrival time

  50.00   50.00   clock clock (rise edge)
   0.00   50.00   clock network delay (ideal)
   0.00   50.00   clock reconvergence pessimism
          50.00 ^ _65081_/CLK (sky130_fd_sc_hd__dfrtp_4)
   7.51   57.51   library recovery time
          57.51   data required time
---------------------------------------------------------
          57.51   data required time
         -24.86   data arrival time
---------------------------------------------------------
          32.65   slack (MET)


Startpoint: _65068_ (rising edge-triggered flip-flop)
Endpoint: mgmt_out_data[14] (output port clocked by clock)
Path Group: clock
Path Type: max

  Delay    Time   Description
---------------------------------------------------------
   0.00    0.00 ^ _65068_/CLK (sky130_fd_sc_hd__dfstp_4)
   1.38    1.38 ^ _65068_/Q (sky130_fd_sc_hd__dfstp_4)
   0.33    1.71 ^ _55815_/X (sky130_fd_sc_hd__o22a_4)
   0.48    2.19 ^ _55816_/X (sky130_fd_sc_hd__a32o_4)
  29.77   31.96 ^ _55820_/X (sky130_fd_sc_hd__a21bo_4)
  28.08   60.04 v _55821_/Y (sky130_fd_sc_hd__inv_2)
   2.46   62.50 ^ _56948_/X (sky130_fd_sc_hd__a2bb2o_4)
   0.01   62.51 ^ mgmt_out_data[14] (out)
          62.51   data arrival time

  50.00   50.00   clock clock (rise edge)
   0.00   50.00   clock network delay (ideal)
   0.00   50.00   clock reconvergence pessimism
 -10.00   40.00   output external delay
          40.00   data required time
---------------------------------------------------------
          40.00   data required time
         -62.51   data arrival time
---------------------------------------------------------
         -22.51   slack (VIOLATED)


