
Cell sky130_fd_sc_hd__dfxtp_1 disconnected node: D
Cell sky130_fd_sc_hd__dfxtp_1 disconnected node: Q
Cell sky130_fd_sc_hd__dfxtp_1 disconnected node: CLK
Cell sky130_fd_sc_hd__dfxtp_1 disconnected node: VGND
Cell sky130_fd_sc_hd__dfxtp_1 disconnected node: VNB
Cell sky130_fd_sc_hd__dfxtp_1 disconnected node: VPB
Cell sky130_fd_sc_hd__dfxtp_1 disconnected node: VPWR
Warning: Equate pins:  cell sky130_fd_sc_hd__dfxtp_1 has no definition, treated as a black box.

Subcircuit pins:
Circuit 1: sky130_fd_sc_hd__dfxtp_1        |Circuit 2: sky130_fd_sc_hd__dfxtp_1        
-------------------------------------------|-------------------------------------------
D                                          |D                                          
Q                                          |Q                                          
CLK                                        |CLK                                        
VGND                                       |VGND                                       
VNB                                        |VNB                                        
VPB                                        |VPB                                        
VPWR                                       |VPWR                                       
---------------------------------------------------------------------------------------
Cell pin lists are equivalent.
Device classes sky130_fd_sc_hd__dfxtp_1 and sky130_fd_sc_hd__dfxtp_1 are equivalent.

Cell sky130_fd_sc_hd__ebufn_2 disconnected node: A
Cell sky130_fd_sc_hd__ebufn_2 disconnected node: TE_B
Cell sky130_fd_sc_hd__ebufn_2 disconnected node: Z
Cell sky130_fd_sc_hd__ebufn_2 disconnected node: VGND
Cell sky130_fd_sc_hd__ebufn_2 disconnected node: VNB
Cell sky130_fd_sc_hd__ebufn_2 disconnected node: VPB
Cell sky130_fd_sc_hd__ebufn_2 disconnected node: VPWR
Warning: Equate pins:  cell sky130_fd_sc_hd__ebufn_2 has no definition, treated as a black box.

Subcircuit pins:
Circuit 1: sky130_fd_sc_hd__ebufn_2        |Circuit 2: sky130_fd_sc_hd__ebufn_2        
-------------------------------------------|-------------------------------------------
A                                          |A                                          
TE_B                                       |TE_B                                       
Z                                          |Z                                          
VGND                                       |VGND                                       
VNB                                        |VNB                                        
VPB                                        |VPB                                        
VPWR                                       |VPWR                                       
---------------------------------------------------------------------------------------
Cell pin lists are equivalent.
Device classes sky130_fd_sc_hd__ebufn_2 and sky130_fd_sc_hd__ebufn_2 are equivalent.

Cell sky130_fd_sc_hd__inv_1 disconnected node: A
Cell sky130_fd_sc_hd__inv_1 disconnected node: Y
Cell sky130_fd_sc_hd__inv_1 disconnected node: VGND
Cell sky130_fd_sc_hd__inv_1 disconnected node: VNB
Cell sky130_fd_sc_hd__inv_1 disconnected node: VPB
Cell sky130_fd_sc_hd__inv_1 disconnected node: VPWR
Warning: Equate pins:  cell sky130_fd_sc_hd__inv_1 has no definition, treated as a black box.

Subcircuit pins:
Circuit 1: sky130_fd_sc_hd__inv_1          |Circuit 2: sky130_fd_sc_hd__inv_1          
-------------------------------------------|-------------------------------------------
A                                          |A                                          
Y                                          |Y                                          
VGND                                       |VGND                                       
VNB                                        |VNB                                        
VPB                                        |VPB                                        
VPWR                                       |VPWR                                       
---------------------------------------------------------------------------------------
Cell pin lists are equivalent.
Device classes sky130_fd_sc_hd__inv_1 and sky130_fd_sc_hd__inv_1 are equivalent.

Cell sky130_fd_sc_hd__tapvpwrvgnd_1 disconnected node: VGND
Cell sky130_fd_sc_hd__tapvpwrvgnd_1 disconnected node: VPWR
Warning: Equate pins:  cell sky130_fd_sc_hd__tapvpwrvgnd_1 has no definition, treated as a black box.

Subcircuit pins:
Circuit 1: sky130_fd_sc_hd__tapvpwrvgnd_1  |Circuit 2: sky130_fd_sc_hd__tapvpwrvgnd_1  
-------------------------------------------|-------------------------------------------
VGND                                       |VGND                                       
VPWR                                       |VPWR                                       
---------------------------------------------------------------------------------------
Cell pin lists are equivalent.
Device classes sky130_fd_sc_hd__tapvpwrvgnd_1 and sky130_fd_sc_hd__tapvpwrvgnd_1 are equivalent.

Cell sky130_fd_sc_hd__and2_1 disconnected node: A
Cell sky130_fd_sc_hd__and2_1 disconnected node: B
Cell sky130_fd_sc_hd__and2_1 disconnected node: X
Cell sky130_fd_sc_hd__and2_1 disconnected node: VGND
Cell sky130_fd_sc_hd__and2_1 disconnected node: VNB
Cell sky130_fd_sc_hd__and2_1 disconnected node: VPB
Cell sky130_fd_sc_hd__and2_1 disconnected node: VPWR
Warning: Equate pins:  cell sky130_fd_sc_hd__and2_1 has no definition, treated as a black box.

Subcircuit pins:
Circuit 1: sky130_fd_sc_hd__and2_1         |Circuit 2: sky130_fd_sc_hd__and2_1         
-------------------------------------------|-------------------------------------------
A                                          |A                                          
B                                          |B                                          
X                                          |X                                          
VGND                                       |VGND                                       
VNB                                        |VNB                                        
VPB                                        |VPB                                        
VPWR                                       |VPWR                                       
---------------------------------------------------------------------------------------
Cell pin lists are equivalent.
Device classes sky130_fd_sc_hd__and2_1 and sky130_fd_sc_hd__and2_1 are equivalent.

Cell sky130_fd_sc_hd__dlclkp_1 disconnected node: GATE
Cell sky130_fd_sc_hd__dlclkp_1 disconnected node: GCLK
Cell sky130_fd_sc_hd__dlclkp_1 disconnected node: CLK
Cell sky130_fd_sc_hd__dlclkp_1 disconnected node: VGND
Cell sky130_fd_sc_hd__dlclkp_1 disconnected node: VNB
Cell sky130_fd_sc_hd__dlclkp_1 disconnected node: VPB
Cell sky130_fd_sc_hd__dlclkp_1 disconnected node: VPWR
Warning: Equate pins:  cell sky130_fd_sc_hd__dlclkp_1 has no definition, treated as a black box.

Subcircuit pins:
Circuit 1: sky130_fd_sc_hd__dlclkp_1       |Circuit 2: sky130_fd_sc_hd__dlclkp_1       
-------------------------------------------|-------------------------------------------
GATE                                       |GATE                                       
GCLK                                       |GCLK                                       
CLK                                        |CLK                                        
VGND                                       |VGND                                       
VNB                                        |VNB                                        
VPB                                        |VPB                                        
VPWR                                       |VPWR                                       
---------------------------------------------------------------------------------------
Cell pin lists are equivalent.
Device classes sky130_fd_sc_hd__dlclkp_1 and sky130_fd_sc_hd__dlclkp_1 are equivalent.

Cell sky130_fd_sc_hd__nor4b_2 disconnected node: A
Cell sky130_fd_sc_hd__nor4b_2 disconnected node: B
Cell sky130_fd_sc_hd__nor4b_2 disconnected node: C
Cell sky130_fd_sc_hd__nor4b_2 disconnected node: D_N
Cell sky130_fd_sc_hd__nor4b_2 disconnected node: Y
Cell sky130_fd_sc_hd__nor4b_2 disconnected node: VGND
Cell sky130_fd_sc_hd__nor4b_2 disconnected node: VNB
Cell sky130_fd_sc_hd__nor4b_2 disconnected node: VPB
Cell sky130_fd_sc_hd__nor4b_2 disconnected node: VPWR
Warning: Equate pins:  cell sky130_fd_sc_hd__nor4b_2 has no definition, treated as a black box.

Subcircuit pins:
Circuit 1: sky130_fd_sc_hd__nor4b_2        |Circuit 2: sky130_fd_sc_hd__nor4b_2        
-------------------------------------------|-------------------------------------------
A                                          |A                                          
B                                          |B                                          
C                                          |C                                          
D_N                                        |D_N                                        
Y                                          |Y                                          
VGND                                       |VGND                                       
VNB                                        |VNB                                        
VPB                                        |VPB                                        
VPWR                                       |VPWR                                       
---------------------------------------------------------------------------------------
Cell pin lists are equivalent.
Device classes sky130_fd_sc_hd__nor4b_2 and sky130_fd_sc_hd__nor4b_2 are equivalent.

Cell sky130_fd_sc_hd__clkbuf_16 disconnected node: A
Cell sky130_fd_sc_hd__clkbuf_16 disconnected node: X
Cell sky130_fd_sc_hd__clkbuf_16 disconnected node: VGND
Cell sky130_fd_sc_hd__clkbuf_16 disconnected node: VNB
Cell sky130_fd_sc_hd__clkbuf_16 disconnected node: VPB
Cell sky130_fd_sc_hd__clkbuf_16 disconnected node: VPWR
Warning: Equate pins:  cell sky130_fd_sc_hd__clkbuf_16 has no definition, treated as a black box.

Subcircuit pins:
Circuit 1: sky130_fd_sc_hd__clkbuf_16      |Circuit 2: sky130_fd_sc_hd__clkbuf_16      
-------------------------------------------|-------------------------------------------
A                                          |A                                          
X                                          |X                                          
VGND                                       |VGND                                       
VNB                                        |VNB                                        
VPB                                        |VPB                                        
VPWR                                       |VPWR                                       
---------------------------------------------------------------------------------------
Cell pin lists are equivalent.
Device classes sky130_fd_sc_hd__clkbuf_16 and sky130_fd_sc_hd__clkbuf_16 are equivalent.

Cell sky130_fd_sc_hd__and4b_2 disconnected node: A_N
Cell sky130_fd_sc_hd__and4b_2 disconnected node: B
Cell sky130_fd_sc_hd__and4b_2 disconnected node: C
Cell sky130_fd_sc_hd__and4b_2 disconnected node: D
Cell sky130_fd_sc_hd__and4b_2 disconnected node: X
Cell sky130_fd_sc_hd__and4b_2 disconnected node: VGND
Cell sky130_fd_sc_hd__and4b_2 disconnected node: VNB
Cell sky130_fd_sc_hd__and4b_2 disconnected node: VPB
Cell sky130_fd_sc_hd__and4b_2 disconnected node: VPWR
Warning: Equate pins:  cell sky130_fd_sc_hd__and4b_2 has no definition, treated as a black box.

Subcircuit pins:
Circuit 1: sky130_fd_sc_hd__and4b_2        |Circuit 2: sky130_fd_sc_hd__and4b_2        
-------------------------------------------|-------------------------------------------
A_N                                        |A_N                                        
B                                          |B                                          
C                                          |C                                          
D                                          |D                                          
X                                          |X                                          
VGND                                       |VGND                                       
VNB                                        |VNB                                        
VPB                                        |VPB                                        
VPWR                                       |VPWR                                       
---------------------------------------------------------------------------------------
Cell pin lists are equivalent.
Device classes sky130_fd_sc_hd__and4b_2 and sky130_fd_sc_hd__and4b_2 are equivalent.

Cell sky130_fd_sc_hd__ebufn_4 disconnected node: A
Cell sky130_fd_sc_hd__ebufn_4 disconnected node: TE_B
Cell sky130_fd_sc_hd__ebufn_4 disconnected node: Z
Cell sky130_fd_sc_hd__ebufn_4 disconnected node: VGND
Cell sky130_fd_sc_hd__ebufn_4 disconnected node: VNB
Cell sky130_fd_sc_hd__ebufn_4 disconnected node: VPB
Cell sky130_fd_sc_hd__ebufn_4 disconnected node: VPWR
Warning: Equate pins:  cell sky130_fd_sc_hd__ebufn_4 has no definition, treated as a black box.

Subcircuit pins:
Circuit 1: sky130_fd_sc_hd__ebufn_4        |Circuit 2: sky130_fd_sc_hd__ebufn_4        
-------------------------------------------|-------------------------------------------
A                                          |A                                          
TE_B                                       |TE_B                                       
Z                                          |Z                                          
VGND                                       |VGND                                       
VNB                                        |VNB                                        
VPB                                        |VPB                                        
VPWR                                       |VPWR                                       
---------------------------------------------------------------------------------------
Cell pin lists are equivalent.
Device classes sky130_fd_sc_hd__ebufn_4 and sky130_fd_sc_hd__ebufn_4 are equivalent.

Cell sky130_fd_sc_hd__and4bb_2 disconnected node: A_N
Cell sky130_fd_sc_hd__and4bb_2 disconnected node: B_N
Cell sky130_fd_sc_hd__and4bb_2 disconnected node: C
Cell sky130_fd_sc_hd__and4bb_2 disconnected node: D
Cell sky130_fd_sc_hd__and4bb_2 disconnected node: X
Cell sky130_fd_sc_hd__and4bb_2 disconnected node: VGND
Cell sky130_fd_sc_hd__and4bb_2 disconnected node: VNB
Cell sky130_fd_sc_hd__and4bb_2 disconnected node: VPB
Cell sky130_fd_sc_hd__and4bb_2 disconnected node: VPWR
Warning: Equate pins:  cell sky130_fd_sc_hd__and4bb_2 has no definition, treated as a black box.

Subcircuit pins:
Circuit 1: sky130_fd_sc_hd__and4bb_2       |Circuit 2: sky130_fd_sc_hd__and4bb_2       
-------------------------------------------|-------------------------------------------
A_N                                        |A_N                                        
B_N                                        |B_N                                        
C                                          |C                                          
D                                          |D                                          
X                                          |X                                          
VGND                                       |VGND                                       
VNB                                        |VNB                                        
VPB                                        |VPB                                        
VPWR                                       |VPWR                                       
---------------------------------------------------------------------------------------
Cell pin lists are equivalent.
Device classes sky130_fd_sc_hd__and4bb_2 and sky130_fd_sc_hd__and4bb_2 are equivalent.

Cell sky130_fd_sc_hd__and4_2 disconnected node: A
Cell sky130_fd_sc_hd__and4_2 disconnected node: B
Cell sky130_fd_sc_hd__and4_2 disconnected node: C
Cell sky130_fd_sc_hd__and4_2 disconnected node: D
Cell sky130_fd_sc_hd__and4_2 disconnected node: X
Cell sky130_fd_sc_hd__and4_2 disconnected node: VGND
Cell sky130_fd_sc_hd__and4_2 disconnected node: VNB
Cell sky130_fd_sc_hd__and4_2 disconnected node: VPB
Cell sky130_fd_sc_hd__and4_2 disconnected node: VPWR
Warning: Equate pins:  cell sky130_fd_sc_hd__and4_2 has no definition, treated as a black box.

Subcircuit pins:
Circuit 1: sky130_fd_sc_hd__and4_2         |Circuit 2: sky130_fd_sc_hd__and4_2         
-------------------------------------------|-------------------------------------------
A                                          |A                                          
B                                          |B                                          
C                                          |C                                          
D                                          |D                                          
X                                          |X                                          
VGND                                       |VGND                                       
VNB                                        |VNB                                        
VPB                                        |VPB                                        
VPWR                                       |VPWR                                       
---------------------------------------------------------------------------------------
Cell pin lists are equivalent.
Device classes sky130_fd_sc_hd__and4_2 and sky130_fd_sc_hd__and4_2 are equivalent.

Cell sky130_fd_sc_hd__and3b_2 disconnected node: A_N
Cell sky130_fd_sc_hd__and3b_2 disconnected node: B
Cell sky130_fd_sc_hd__and3b_2 disconnected node: C
Cell sky130_fd_sc_hd__and3b_2 disconnected node: X
Cell sky130_fd_sc_hd__and3b_2 disconnected node: VGND
Cell sky130_fd_sc_hd__and3b_2 disconnected node: VNB
Cell sky130_fd_sc_hd__and3b_2 disconnected node: VPB
Cell sky130_fd_sc_hd__and3b_2 disconnected node: VPWR
Warning: Equate pins:  cell sky130_fd_sc_hd__and3b_2 has no definition, treated as a black box.

Subcircuit pins:
Circuit 1: sky130_fd_sc_hd__and3b_2        |Circuit 2: sky130_fd_sc_hd__and3b_2        
-------------------------------------------|-------------------------------------------
A_N                                        |A_N                                        
B                                          |B                                          
C                                          |C                                          
X                                          |X                                          
VGND                                       |VGND                                       
VNB                                        |VNB                                        
VPB                                        |VPB                                        
VPWR                                       |VPWR                                       
---------------------------------------------------------------------------------------
Cell pin lists are equivalent.
Device classes sky130_fd_sc_hd__and3b_2 and sky130_fd_sc_hd__and3b_2 are equivalent.

Cell sky130_fd_sc_hd__mux4_1 disconnected node: A0
Cell sky130_fd_sc_hd__mux4_1 disconnected node: A1
Cell sky130_fd_sc_hd__mux4_1 disconnected node: A2
Cell sky130_fd_sc_hd__mux4_1 disconnected node: A3
Cell sky130_fd_sc_hd__mux4_1 disconnected node: S0
Cell sky130_fd_sc_hd__mux4_1 disconnected node: S1
Cell sky130_fd_sc_hd__mux4_1 disconnected node: X
Cell sky130_fd_sc_hd__mux4_1 disconnected node: VGND
Cell sky130_fd_sc_hd__mux4_1 disconnected node: VNB
Cell sky130_fd_sc_hd__mux4_1 disconnected node: VPB
Cell sky130_fd_sc_hd__mux4_1 disconnected node: VPWR
Warning: Equate pins:  cell sky130_fd_sc_hd__mux4_1 has no definition, treated as a black box.

Subcircuit pins:
Circuit 1: sky130_fd_sc_hd__mux4_1         |Circuit 2: sky130_fd_sc_hd__mux4_1         
-------------------------------------------|-------------------------------------------
A0                                         |A0                                         
A1                                         |A1                                         
A2                                         |A2                                         
A3                                         |A3                                         
S0                                         |S0                                         
S1                                         |S1                                         
X                                          |X                                          
VGND                                       |VGND                                       
VNB                                        |VNB                                        
VPB                                        |VPB                                        
VPWR                                       |VPWR                                       
---------------------------------------------------------------------------------------
Cell pin lists are equivalent.
Device classes sky130_fd_sc_hd__mux4_1 and sky130_fd_sc_hd__mux4_1 are equivalent.

Cell sky130_fd_sc_hd__clkbuf_8 disconnected node: A
Cell sky130_fd_sc_hd__clkbuf_8 disconnected node: X
Cell sky130_fd_sc_hd__clkbuf_8 disconnected node: VGND
Cell sky130_fd_sc_hd__clkbuf_8 disconnected node: VNB
Cell sky130_fd_sc_hd__clkbuf_8 disconnected node: VPB
Cell sky130_fd_sc_hd__clkbuf_8 disconnected node: VPWR
Warning: Equate pins:  cell sky130_fd_sc_hd__clkbuf_8 has no definition, treated as a black box.

Subcircuit pins:
Circuit 1: sky130_fd_sc_hd__clkbuf_8       |Circuit 2: sky130_fd_sc_hd__clkbuf_8       
-------------------------------------------|-------------------------------------------
A                                          |A                                          
X                                          |X                                          
VGND                                       |VGND                                       
VNB                                        |VNB                                        
VPB                                        |VPB                                        
VPWR                                       |VPWR                                       
---------------------------------------------------------------------------------------
Cell pin lists are equivalent.
Device classes sky130_fd_sc_hd__clkbuf_8 and sky130_fd_sc_hd__clkbuf_8 are equivalent.

Cell sky130_fd_sc_hd__clkbuf_4 disconnected node: A
Cell sky130_fd_sc_hd__clkbuf_4 disconnected node: X
Cell sky130_fd_sc_hd__clkbuf_4 disconnected node: VGND
Cell sky130_fd_sc_hd__clkbuf_4 disconnected node: VNB
Cell sky130_fd_sc_hd__clkbuf_4 disconnected node: VPB
Cell sky130_fd_sc_hd__clkbuf_4 disconnected node: VPWR
Warning: Equate pins:  cell sky130_fd_sc_hd__clkbuf_4 has no definition, treated as a black box.

Subcircuit pins:
Circuit 1: sky130_fd_sc_hd__clkbuf_4       |Circuit 2: sky130_fd_sc_hd__clkbuf_4       
-------------------------------------------|-------------------------------------------
A                                          |A                                          
X                                          |X                                          
VGND                                       |VGND                                       
VNB                                        |VNB                                        
VPB                                        |VPB                                        
VPWR                                       |VPWR                                       
---------------------------------------------------------------------------------------
Cell pin lists are equivalent.
Device classes sky130_fd_sc_hd__clkbuf_4 and sky130_fd_sc_hd__clkbuf_4 are equivalent.

Cell sky130_fd_sc_hd__and3_2 disconnected node: A
Cell sky130_fd_sc_hd__and3_2 disconnected node: B
Cell sky130_fd_sc_hd__and3_2 disconnected node: C
Cell sky130_fd_sc_hd__and3_2 disconnected node: X
Cell sky130_fd_sc_hd__and3_2 disconnected node: VGND
Cell sky130_fd_sc_hd__and3_2 disconnected node: VNB
Cell sky130_fd_sc_hd__and3_2 disconnected node: VPB
Cell sky130_fd_sc_hd__and3_2 disconnected node: VPWR
Warning: Equate pins:  cell sky130_fd_sc_hd__and3_2 has no definition, treated as a black box.

Subcircuit pins:
Circuit 1: sky130_fd_sc_hd__and3_2         |Circuit 2: sky130_fd_sc_hd__and3_2         
-------------------------------------------|-------------------------------------------
A                                          |A                                          
B                                          |B                                          
C                                          |C                                          
X                                          |X                                          
VGND                                       |VGND                                       
VNB                                        |VNB                                        
VPB                                        |VPB                                        
VPWR                                       |VPWR                                       
---------------------------------------------------------------------------------------
Cell pin lists are equivalent.
Device classes sky130_fd_sc_hd__and3_2 and sky130_fd_sc_hd__and3_2 are equivalent.

Cell sky130_fd_sc_hd__nor3b_2 disconnected node: A
Cell sky130_fd_sc_hd__nor3b_2 disconnected node: B
Cell sky130_fd_sc_hd__nor3b_2 disconnected node: C_N
Cell sky130_fd_sc_hd__nor3b_2 disconnected node: Y
Cell sky130_fd_sc_hd__nor3b_2 disconnected node: VGND
Cell sky130_fd_sc_hd__nor3b_2 disconnected node: VNB
Cell sky130_fd_sc_hd__nor3b_2 disconnected node: VPB
Cell sky130_fd_sc_hd__nor3b_2 disconnected node: VPWR
Warning: Equate pins:  cell sky130_fd_sc_hd__nor3b_2 has no definition, treated as a black box.

Subcircuit pins:
Circuit 1: sky130_fd_sc_hd__nor3b_2        |Circuit 2: sky130_fd_sc_hd__nor3b_2        
-------------------------------------------|-------------------------------------------
A                                          |A                                          
B                                          |B                                          
C_N                                        |C_N                                        
Y                                          |Y                                          
VGND                                       |VGND                                       
VNB                                        |VNB                                        
VPB                                        |VPB                                        
VPWR                                       |VPWR                                       
---------------------------------------------------------------------------------------
Cell pin lists are equivalent.
Device classes sky130_fd_sc_hd__nor3b_2 and sky130_fd_sc_hd__nor3b_2 are equivalent.

Subcircuit summary:
Circuit 1: DFFRAM                          |Circuit 2: DFFRAM                          
-------------------------------------------|-------------------------------------------
sky130_fd_sc_hd__dfxtp_1 (8320)            |sky130_fd_sc_hd__dfxtp_1 (8320)            
sky130_fd_sc_hd__ebufn_2 (8192)            |sky130_fd_sc_hd__ebufn_2 (8192)            
sky130_fd_sc_hd__inv_1 (1024)              |sky130_fd_sc_hd__inv_1 (1024)              
sky130_fd_sc_hd__tapvpwrvgnd_1 (4860)      |sky130_fd_sc_hd__tapvpwrvgnd_1 (4860)      
sky130_fd_sc_hd__and2_1 (1024)             |sky130_fd_sc_hd__and2_1 (1024)             
sky130_fd_sc_hd__dlclkp_1 (1024)           |sky130_fd_sc_hd__dlclkp_1 (1024)           
sky130_fd_sc_hd__nor4b_2 (36)              |sky130_fd_sc_hd__nor4b_2 (36)              
sky130_fd_sc_hd__clkbuf_16 (148)           |sky130_fd_sc_hd__clkbuf_16 (148)           
sky130_fd_sc_hd__and4b_2 (108)             |sky130_fd_sc_hd__and4b_2 (108)             
sky130_fd_sc_hd__ebufn_4 (128)             |sky130_fd_sc_hd__ebufn_4 (128)             
sky130_fd_sc_hd__and4bb_2 (108)            |sky130_fd_sc_hd__and4bb_2 (108)            
sky130_fd_sc_hd__and4_2 (36)               |sky130_fd_sc_hd__and4_2 (36)               
sky130_fd_sc_hd__and3b_2 (2)               |sky130_fd_sc_hd__and3b_2 (2)               
sky130_fd_sc_hd__mux4_1 (32)               |sky130_fd_sc_hd__mux4_1 (32)               
sky130_fd_sc_hd__clkbuf_8 (37)             |sky130_fd_sc_hd__clkbuf_8 (37)             
sky130_fd_sc_hd__clkbuf_4 (32)             |sky130_fd_sc_hd__clkbuf_4 (32)             
sky130_fd_sc_hd__and3_2 (1)                |sky130_fd_sc_hd__and3_2 (1)                
sky130_fd_sc_hd__nor3b_2 (1)               |sky130_fd_sc_hd__nor3b_2 (1)               
Number of devices: 25113                   |Number of devices: 25113                   
Number of nets: 12109                      |Number of nets: 12109                      
---------------------------------------------------------------------------------------
Resolving automorphisms by property value.
Resolving automorphisms by pin name.
Netlists match with 1 symmetry.
Circuits match correctly.

Subcircuit pins:
Circuit 1: DFFRAM                          |Circuit 2: DFFRAM                          
-------------------------------------------|-------------------------------------------
A[3]                                       |A[3]                                       
A[4]                                       |A[4]                                       
A[5]                                       |A[5]                                       
CLK                                        |CLK                                        
Do[0]                                      |Do[0]                                      
Do[10]                                     |Do[10]                                     
Do[11]                                     |Do[11]                                     
Do[12]                                     |Do[12]                                     
Do[13]                                     |Do[13]                                     
Do[14]                                     |Do[14]                                     
Do[15]                                     |Do[15]                                     
Do[16]                                     |Do[16]                                     
Do[17]                                     |Do[17]                                     
Do[18]                                     |Do[18]                                     
Do[19]                                     |Do[19]                                     
Do[1]                                      |Do[1]                                      
Do[20]                                     |Do[20]                                     
Do[21]                                     |Do[21]                                     
Do[22]                                     |Do[22]                                     
Do[23]                                     |Do[23]                                     
Do[24]                                     |Do[24]                                     
Do[25]                                     |Do[25]                                     
Do[26]                                     |Do[26]                                     
Do[27]                                     |Do[27]                                     
Do[28]                                     |Do[28]                                     
Do[29]                                     |Do[29]                                     
Do[2]                                      |Do[2]                                      
Do[30]                                     |Do[30]                                     
Do[31]                                     |Do[31]                                     
Do[3]                                      |Do[3]                                      
Do[4]                                      |Do[4]                                      
Do[5]                                      |Do[5]                                      
Do[6]                                      |Do[6]                                      
Do[7]                                      |Do[7]                                      
Do[8]                                      |Do[8]                                      
Do[9]                                      |Do[9]                                      
Di[0]                                      |Di[0]                                      
Di[10]                                     |Di[10]                                     
Di[11]                                     |Di[11]                                     
Di[12]                                     |Di[12]                                     
Di[13]                                     |Di[13]                                     
Di[14]                                     |Di[14]                                     
Di[15]                                     |Di[15]                                     
Di[16]                                     |Di[16]                                     
Di[17]                                     |Di[17]                                     
Di[18]                                     |Di[18]                                     
Di[19]                                     |Di[19]                                     
Di[1]                                      |Di[1]                                      
Di[20]                                     |Di[20]                                     
Di[21]                                     |Di[21]                                     
Di[22]                                     |Di[22]                                     
Di[23]                                     |Di[23]                                     
Di[24]                                     |Di[24]                                     
Di[25]                                     |Di[25]                                     
Di[26]                                     |Di[26]                                     
Di[27]                                     |Di[27]                                     
Di[28]                                     |Di[28]                                     
Di[29]                                     |Di[29]                                     
Di[2]                                      |Di[2]                                      
Di[30]                                     |Di[30]                                     
Di[31]                                     |Di[31]                                     
Di[3]                                      |Di[3]                                      
Di[4]                                      |Di[4]                                      
Di[5]                                      |Di[5]                                      
Di[6]                                      |Di[6]                                      
Di[7]                                      |Di[7]                                      
Di[8]                                      |Di[8]                                      
Di[9]                                      |Di[9]                                      
WE[0]                                      |WE[0]                                      
WE[1]                                      |WE[1]                                      
WE[2]                                      |WE[2]                                      
WE[3]                                      |WE[3]                                      
EN                                         |EN                                         
A[6]                                       |A[6]                                       
A[7]                                       |A[7]                                       
A[0]                                       |A[0]                                       
A[1]                                       |A[1]                                       
A[2]                                       |A[2]                                       
VGND                                       |VGND                                       
VPWR                                       |VPWR                                       
---------------------------------------------------------------------------------------
Cell pin lists are equivalent.
Device classes DFFRAM and DFFRAM are equivalent.
Circuits match uniquely.
