
Magic 8.3 revision 87 - Compiled on Mon Nov 23 17:53:03 UTC 2020.
Starting magic under Tcl interpreter
Using the terminal as the console.
Using NULL graphics device.
Processing system .magicrc file
Sourcing design .magicrc for technology sky130A ...
2 Magic internal units = 1 Lambda
Input style sky130: scaleFactor=2, multiplier=2
Scaled tech values by 2 / 1 to match internal grid scaling
Loading sky130A Device Generator Menu ...
Loading "/openLANE_flow/scripts/magic_maglef.tcl" from command line.
Reading LEF data from file /project/openlane/user_project_wrapper_empty/runs/user_project_wrapper/results/magic/user_project_wrapper.lef.
This action cannot be undone.
LEF read, Line 3733 (Error): Don't know how to parse layer "l1m1_pr_c"
LEF read, Line 3733 (Error): Try adding this name to the LEF techfile section
LEF read, Line 3859 (Error): Don't know how to parse layer "l1m1_pr_c"
LEF read, Line 3859 (Error): Try adding this name to the LEF techfile section
LEF read, Line 3908 (Error): Don't know how to parse layer "l1m1_pr_c"
LEF read, Line 3908 (Error): Try adding this name to the LEF techfile section
LEF read, Line 3986 (Error): Don't know how to parse layer "l1m1_pr_c"
LEF read, Line 3986 (Error): Try adding this name to the LEF techfile section
LEF read, Line 4056 (Error): Don't know how to parse layer "l1m1_pr_c"
LEF read, Line 4056 (Error): Try adding this name to the LEF techfile section
LEF read, Line 4137 (Error): Don't know how to parse layer "l1m1_pr_c"
LEF read, Line 4137 (Error): Try adding this name to the LEF techfile section
LEF read, Line 4190 (Error): Don't know how to parse layer "l1m1_pr_c"
LEF read, Line 4190 (Error): Try adding this name to the LEF techfile section
LEF read, Line 4218 (Error): Don't know how to parse layer "l1m1_pr_c"
LEF read, Line 4218 (Error): Try adding this name to the LEF techfile section
LEF read, Line 4303 (Error): Don't know how to parse layer "l1m1_pr_c"
LEF read, Line 4303 (Error): Try adding this name to the LEF techfile section
LEF read, Line 4373 (Error): Don't know how to parse layer "l1m1_pr_c"
LEF read, Line 4373 (Error): Try adding this name to the LEF techfile section
LEF read, Line 4406 (Error): Don't know how to parse layer "l1m1_pr_c"
LEF read, Line 4406 (Error): Try adding this name to the LEF techfile section
LEF read, Line 4622 (Error): Don't know how to parse layer "l1m1_pr_c"
LEF read, Line 4622 (Error): Try adding this name to the LEF techfile section
LEF read, Line 4928 (Error): Don't know how to parse layer "m4m5_pr_c"
LEF read, Line 4928 (Error): Try adding this name to the LEF techfile section
LEF read, Line 5202 (Error): Don't know how to parse layer "m4m5_pr_c"
LEF read, Line 5202 (Error): Try adding this name to the LEF techfile section
LEF read, Line 5474 (Error): Don't know how to parse layer "m4m5_pr_c"
LEF read, Line 5474 (Error): Try adding this name to the LEF techfile section
LEF read, Line 5746 (Error): Don't know how to parse layer "m4m5_pr_c"
LEF read, Line 5746 (Error): Try adding this name to the LEF techfile section
LEF read, Line 6018 (Error): Don't know how to parse layer "m4m5_pr_c"
LEF read, Line 6018 (Error): Try adding this name to the LEF techfile section
LEF read, Line 6290 (Error): Don't know how to parse layer "m4m5_pr_c"
LEF read, Line 6290 (Error): Try adding this name to the LEF techfile section
LEF read, Line 6562 (Error): Don't know how to parse layer "m4m5_pr_c"
LEF read, Line 6562 (Error): Try adding this name to the LEF techfile section
LEF read, Line 6834 (Error): Don't know how to parse layer "m4m5_pr_c"
LEF read, Line 6834 (Error): Try adding this name to the LEF techfile section
LEF read, Line 18151 (Error): Don't know how to parse layer "l1m1_pr_c"
LEF read, Line 18151 (Error): Try adding this name to the LEF techfile section
LEF read: Processed 38541 lines.
LEF Read: encountered 42 errors total.
[INFO]: DONE GENERATING MAGLEF VIEW
