//  v2lvs v2018.4_34.26    Mon Dec 3 14:40:42 PST 2018
//
//  Copyright (c) 1992, 1993 Regents of the University of California
//         All rights reserved.
//
//        Copyright Mentor Graphics Corporation 1996-2018
//                       All Rights Reserved.
//   THIS WORK CONTAINS TRADE SECRET AND PROPRIETARY INFORMATION
//      WHICH IS THE PROPERTY OF MENTOR GRAPHICS CORPORATION
//        OR ITS LICENSORS AND IS SUBJECT TO LICENSE TERMS.
//
//  The registered trademark Linux is used pursuant to a sublicense from LMI, the
//  exclusive licensee of Linus Torvalds, owner of the mark on a world-wide basis.
//
//  Mentor Graphics software executing under x86-64 Linux
//
//  64 bit virtual addressing enabled
//
//  calibrelvs license acquired.
//  WARNING: calibrelvs license(s) (1817@gchips-licenses.corp.google.com SN=175917910, HostID=00259057cd72) will expire tomorrow.
//  v2lvs authorized.
Info: Creating Design Database ...
Info: Converting Design ...
Warning: No module declaration for module sky130_fd_io__top_xres4v2 first encountered in module chip_io
Warning: No module declaration for module sky130_fd_io__top_gpiov2 first encountered in module sky130_ef_io__gpiov2_pad_wrapped
Warning: sky130_ef_io__gpiov2_pad_wrapped/gpiov2_base calls array of unknown dimension DM in undeclared module sky130_fd_io__top_gpiov2
Warning: No module declaration for module sky130_fd_io__top_power_lvc_wpad first encountered in module sky130_ef_io__vccd_lvc_clamped_pad
Warning: No module declaration for module sky130_fd_io__top_power_hvc_wpadv2 first encountered in module sky130_ef_io__vdda_hvc_clamped_pad
Warning: No module declaration for module sky130_fd_io__top_ground_hvc_wpad first encountered in module sky130_ef_io__vssa_hvc_clamped_pad
Warning: No module declaration for module sky130_fd_io__top_ground_lvc_wpad first encountered in module sky130_ef_io__vssd_lvc_clamped2_pad

CPU TIME = 0  REAL TIME = 1  MALLOC = 9/9/9
