Wed Nov 11 03:14:10 UTC 2020 - Executing "/openLANE_flow/scripts/mergeLef.py -i /home/xrex/usr/devel/pdks/sky130A/libs.ref/sky130_fd_sc_hvl/techlef/sky130_fd_sc_hvl.tlef /home/xrex/usr/devel/pdks/sky130A/libs.ref/sky130_fd_sc_hvl/lef/sky130_fd_sc_hvl.lef -o /project/openlane/simple_por/runs/simple_por/tmp/merged_unpadded.lef |& tee >&@stdout"

Wed Nov 11 03:14:10 UTC 2020 - Executing "/openLANE_flow/scripts/libtrim.pl { /home/xrex/usr/devel/pdks/sky130A/libs.ref/sky130_fd_sc_hvl/lib/sky130_fd_sc_hvl__tt_025C_3v30.lib  /home/xrex/usr/devel/pdks/sky130A/libs.ref/sky130_fd_sc_hvl/lib/sky130_fd_sc_hvl__tt_025C_3v30_lv1v80.lib} /home/xrex/usr/devel/pdks/sky130A/libs.tech/openlane/sky130_fd_sc_hvl/no_synth.cells > /project/openlane/simple_por/runs/simple_por/tmp/trimmed.lib"

Wed Nov 11 03:14:10 UTC 2020 - Executing "yosys -c /openLANE_flow/scripts/synth.tcl -l /project/openlane/simple_por/runs/simple_por/logs/synthesis/yosys.log |& tee >&@stdout"

Wed Nov 11 03:14:11 UTC 2020 - Executing "sed -i -e {s/\(set ::env(CURRENT_NETLIST)\).*/\1 \/project\/openlane\/simple_por\/runs\/simple_por\/results\/synthesis\/simple_por.synthesis.v/} /project/openlane/simple_por/runs/simple_por/config.tcl"

Wed Nov 11 03:14:11 UTC 2020 - Executing "sed -i -e {s/\(set ::env(PREV_NETLIST)\).*/\1 0/} /project/openlane/simple_por/runs/simple_por/config.tcl"

Wed Nov 11 03:14:11 UTC 2020 - Executing "sta /openLANE_flow/scripts/sta.tcl |& tee >&@stdout /project/openlane/simple_por/runs/simple_por/logs/synthesis/opensta.log"

Wed Nov 11 03:14:11 UTC 2020 - Executing "openroad -exit /openLANE_flow/scripts/openroad/or_floorplan.tcl |& tee >&@stdout /project/openlane/simple_por/runs/simple_por/logs/floorplan/verilog2def.openroad.log"

Wed Nov 11 03:14:12 UTC 2020 - Executing "openroad -exit /openLANE_flow/scripts/openroad/or_ioplacer.tcl |& tee >&@stdout /project/openlane/simple_por/runs/simple_por/logs/floorplan/ioPlacer.log"

Wed Nov 11 03:14:12 UTC 2020 - Executing "openroad -exit /openLANE_flow/scripts/openroad/or_replace.tcl |& tee >&@stdout /project/openlane/simple_por/runs/simple_por/logs/placement/replace.log"

Wed Nov 11 03:14:13 UTC 2020 - Executing "/openLANE_flow/scripts/libtrim.pl /home/xrex/usr/devel/pdks/sky130A/libs.ref/sky130_fd_sc_hvl/lib/sky130_fd_sc_hvl__ss_150C_1v65.lib /home/xrex/usr/devel/pdks/sky130A/libs.tech/openlane/sky130_fd_sc_hvl/no_synth.cells > /project/openlane/simple_por/runs/simple_por/tmp/opt.lib"

Wed Nov 11 03:14:13 UTC 2020 - Executing "Psn /openLANE_flow/scripts/openPhySyn.tcl |& tee >&@stdout /project/openlane/simple_por/runs/simple_por/logs/placement/openphysyn.log"

Wed Nov 11 03:14:13 UTC 2020 - Executing "openroad -exit /openLANE_flow/scripts/openroad/or_write_verilog.tcl |& tee >&@stdout /project/openlane/simple_por/runs/simple_por/logs/write_verilog.log"

Wed Nov 11 03:14:14 UTC 2020 - Executing "sed -i -e {s/\(set ::env(CURRENT_NETLIST)\).*/\1 \/project\/openlane\/simple_por\/runs\/simple_por\/results\/synthesis\/simple_por.synthesis_optimized.v/} /project/openlane/simple_por/runs/simple_por/config.tcl"

Wed Nov 11 03:14:14 UTC 2020 - Executing "sed -i -e {s/\(set ::env(PREV_NETLIST)\).*/\1 \/project\/openlane\/simple_por\/runs\/simple_por\/results\/synthesis\/simple_por.synthesis.v/} /project/openlane/simple_por/runs/simple_por/config.tcl"

Wed Nov 11 03:14:14 UTC 2020 - Executing "sta /openLANE_flow/scripts/sta.tcl |& tee >&@stdout /project/openlane/simple_por/runs/simple_por/logs/synthesis/opensta_post_openphysyn.log"

Wed Nov 11 03:14:14 UTC 2020 - Executing "openroad -exit /openLANE_flow/scripts/openroad/or_opendp.tcl |& tee >&@stdout /project/openlane/simple_por/runs/simple_por/logs/placement/opendp.log"

Wed Nov 11 03:14:14 UTC 2020 - Executing "openroad -exit /openLANE_flow/scripts/new_pdn.tcl |& tee >&@stdout /project/openlane/simple_por/runs/simple_por/logs/floorplan/pdn.log"

Wed Nov 11 03:14:15 UTC 2020 - Executing "openroad -exit /openLANE_flow/scripts/openroad/or_route.tcl |& tee >&@stdout /project/openlane/simple_por/runs/simple_por/logs/routing/fastroute.log"

Wed Nov 11 03:14:15 UTC 2020 - Executing "openroad -exit /openLANE_flow/scripts/openroad/or_route.tcl |& tee >&@stdout /project/openlane/simple_por/runs/simple_por/logs/routing/fastroute_post_antenna.log"

Wed Nov 11 03:14:16 UTC 2020 - Executing "openroad -exit /openLANE_flow/scripts/openroad/or_fill.tcl |& tee >&@stdout /project/openlane/simple_por/runs/simple_por/logs/routing/addspacers.log"

Wed Nov 11 03:14:16 UTC 2020 - Executing "openroad -exit /openLANE_flow/scripts/openroad/or_write_verilog.tcl |& tee >&@stdout /project/openlane/simple_por/runs/simple_por/logs/write_verilog.log"

Wed Nov 11 03:14:17 UTC 2020 - Executing "sed -i -e {s/\(set ::env(CURRENT_NETLIST)\).*/\1 \/project\/openlane\/simple_por\/runs\/simple_por\/results\/synthesis\/simple_por.synthesis_preroute.v/} /project/openlane/simple_por/runs/simple_por/config.tcl"

Wed Nov 11 03:14:17 UTC 2020 - Executing "sed -i -e {s/\(set ::env(PREV_NETLIST)\).*/\1 \/project\/openlane\/simple_por\/runs\/simple_por\/results\/synthesis\/simple_por.synthesis_optimized.v/} /project/openlane/simple_por/runs/simple_por/config.tcl"

Wed Nov 11 03:14:17 UTC 2020 - Executing "envsubst < /openLANE_flow/scripts/tritonRoute.param > /project/openlane/simple_por/runs/simple_por/tmp/routing/tritonRoute.param"

Wed Nov 11 03:14:17 UTC 2020 - Executing "TritonRoute /project/openlane/simple_por/runs/simple_por/tmp/routing/tritonRoute.param |& tee >&@stdout /project/openlane/simple_por/runs/simple_por/logs/routing/tritonRoute.log"

Wed Nov 11 03:14:18 UTC 2020 - Executing "python3 /openLANE_flow/scripts/spef_extractor/main.py -l /project/openlane/simple_por/runs/simple_por/tmp/merged_unpadded.lef -d /project/openlane/simple_por/runs/simple_por/results/routing/simple_por.def -mw PI -ec 1 |& tee >&@stdout /project/openlane/simple_por/runs/simple_por/logs/routing/spef_extraction.log"

Wed Nov 11 03:14:18 UTC 2020 - Executing "sta /openLANE_flow/scripts/sta.tcl |& tee >&@stdout /project/openlane/simple_por/runs/simple_por/logs/synthesis/opensta_spef.log"

Wed Nov 11 03:14:18 UTC 2020 - Executing "python3 /openLANE_flow/scripts/write_powered_def.py -d /project/openlane/simple_por/runs/simple_por/results/routing/simple_por.def -l /project/openlane/simple_por/runs/simple_por/tmp/merged.lef -v VPWR -g VGND -o /project/openlane/simple_por/runs/simple_por/tmp/routing/simple_por.powered.def |& tee >&@stdout /project/openlane/simple_por/runs/simple_por/logs/lvs/write_powered_verilog.log"

Wed Nov 11 03:14:18 UTC 2020 - Executing "openroad -exit /openLANE_flow/scripts/openroad/or_write_verilog.tcl |& tee >&@stdout /project/openlane/simple_por/runs/simple_por/logs/write_verilog.log"

Wed Nov 11 03:14:19 UTC 2020 - Executing "yosys -c /openLANE_flow/scripts/yosys_rewrite_verilog.tcl -l /project/openlane/simple_por/runs/simple_por/logs/synthesis/yosys_rewrite_verilog.log"

Wed Nov 11 03:14:19 UTC 2020 - Executing "sed -i -e {s/\(set ::env(CURRENT_NETLIST)\).*/\1 \/project\/openlane\/simple_por\/runs\/simple_por\/results\/lvs\/simple_por.lvs.powered.v/} /project/openlane/simple_por/runs/simple_por/config.tcl"

Wed Nov 11 03:14:19 UTC 2020 - Executing "sed -i -e {s/\(set ::env(PREV_NETLIST)\).*/\1 \/project\/openlane\/simple_por\/runs\/simple_por\/results\/synthesis\/simple_por.synthesis_preroute.v/} /project/openlane/simple_por/runs/simple_por/config.tcl"

Wed Nov 11 03:14:19 UTC 2020 - Executing "magic -noconsole -dnull -rcfile /home/xrex/usr/devel/pdks/sky130A/libs.tech/magic/sky130A.magicrc /openLANE_flow/scripts/magic.tcl </dev/null |& tee >&@stdout /project/openlane/simple_por/runs/simple_por/logs/magic/magic.log"

Wed Nov 11 03:14:19 UTC 2020 - Executing "magic -noconsole -dnull -rcfile /home/xrex/usr/devel/pdks/sky130A/libs.tech/magic/sky130A.magicrc /project/openlane/simple_por/runs/simple_por/tmp/magic_spice.tcl </dev/null |& tee >&@stdout /project/openlane/simple_por/runs/simple_por/logs/magic/magic_spice.log"

Wed Nov 11 03:14:19 UTC 2020 - Executing "magic -noconsole -dnull -rcfile /home/xrex/usr/devel/pdks/sky130A/libs.tech/magic/sky130A.magicrc /openLANE_flow/scripts/magic_drc.tcl </dev/null |& tee >&@stdout /project/openlane/simple_por/runs/simple_por/logs/magic/magic.drc.log"

Wed Nov 11 03:14:20 UTC 2020 - Executing "netgen -batch lvs {/project/openlane/simple_por/runs/simple_por/results/magic/simple_por.spice simple_por} {/project/openlane/simple_por/runs/simple_por/results/lvs/simple_por.lvs.powered.v simple_por} /home/xrex/usr/devel/pdks/sky130A/libs.tech/netgen/sky130A_setup.tcl /project/openlane/simple_por/runs/simple_por/results/lvs/simple_por.lvs.log -json |& tee >&@stdout /project/openlane/simple_por/runs/simple_por/logs/lvs/lvs.log"

Wed Nov 11 03:14:20 UTC 2020 - Executing "openroad -exit /openLANE_flow/scripts/openroad/or_antenna_check.tcl |& tee >&@stdout /project/openlane/simple_por/runs/simple_por/logs/routing/or_antenna.log"

Wed Nov 11 03:14:20 UTC 2020 - Executing "python3 /openLANE_flow/report_generation_wrapper.py -d /project/openlane/simple_por -dn simple_por -t simple_por -o /project/openlane/simple_por/runs/simple_por/reports/final_summary_report.csv -r /project/openlane/simple_por/runs/simple_por"

