Mon Nov 09 20:52:25 UTC 2020 - Executing "/openLANE_flow/scripts/mergeLef.py -i /home/xrex/usr/devel/pdks/sky130A/libs.ref/sky130_fd_sc_hd/techlef/sky130_fd_sc_hd.tlef /home/xrex/usr/devel/pdks/sky130A/libs.ref/sky130_fd_sc_hd/lef/sky130_fd_sc_hd.lef -o /project/openlane/mgmt_core/runs/mgmt_core/tmp/merged_unpadded.lef |& tee >&@stdout"

Mon Nov 09 20:52:26 UTC 2020 - Executing "/openLANE_flow/scripts/mergeLef.py -i /project/openlane/mgmt_core/runs/mgmt_core/tmp/merged_unpadded.lef /project/openlane/mgmt_core/../../lef/DFFRAM.lef /project/openlane/mgmt_core/../../lef/digital_pll.lef -o /project/openlane/mgmt_core/runs/mgmt_core/tmp/merged_unpadded.lef |& tee >&@stdout"

Mon Nov 09 20:52:26 UTC 2020 - Executing "/openLANE_flow/scripts/libtrim.pl /home/xrex/usr/devel/pdks/sky130A/libs.ref/sky130_fd_sc_hd/lib/sky130_fd_sc_hd__tt_025C_1v80.lib /home/xrex/usr/devel/pdks/sky130A/libs.tech/openlane/sky130_fd_sc_hd/no_synth.cells > /project/openlane/mgmt_core/runs/mgmt_core/tmp/trimmed.lib"

Mon Nov 09 20:52:26 UTC 2020 - Executing "yosys -c /openLANE_flow/scripts/synth.tcl -l /project/openlane/mgmt_core/runs/mgmt_core/logs/synthesis/yosys.log |& tee >&@stdout"

Mon Nov 09 20:53:44 UTC 2020 - Executing "sed -i -e {s/\(set ::env(CURRENT_NETLIST)\).*/\1 \/project\/openlane\/mgmt_core\/runs\/mgmt_core\/results\/synthesis\/mgmt_core.synthesis.v/} /project/openlane/mgmt_core/runs/mgmt_core/config.tcl"

Mon Nov 09 20:53:44 UTC 2020 - Executing "sed -i -e {s/\(set ::env(PREV_NETLIST)\).*/\1 0/} /project/openlane/mgmt_core/runs/mgmt_core/config.tcl"

Mon Nov 09 20:53:44 UTC 2020 - Executing "sta /openLANE_flow/scripts/sta.tcl |& tee >&@stdout /project/openlane/mgmt_core/runs/mgmt_core/logs/synthesis/opensta.log"

Mon Nov 09 20:53:46 UTC 2020 - Executing "openroad -exit /openLANE_flow/scripts/openroad/or_floorplan.tcl |& tee >&@stdout /project/openlane/mgmt_core/runs/mgmt_core/logs/floorplan/verilog2def.openroad.log"

Mon Nov 09 20:53:48 UTC 2020 - Executing "python3 /openLANE_flow/scripts/io_place.py --input-lef /project/openlane/mgmt_core/runs/mgmt_core/tmp/merged.lef --input-def /project/openlane/mgmt_core/runs/mgmt_core/tmp/floorplan/verilog2def_openroad.def --config /project/openlane/mgmt_core/pin_order.cfg --hor-layer 4 --ver-layer 3 --ver-width-mult 2 --hor-width-mult 2 --length-mult 4 -o /project/openlane/mgmt_core/runs/mgmt_core/tmp/floorplan/ioPlacer.def |& tee /project/openlane/mgmt_core/runs/mgmt_core/logs/floorplan/place_io_ol.log >&@stdout"

Mon Nov 09 20:53:49 UTC 2020 - Executing "openroad -exit /openLANE_flow/scripts/openroad/or_replace.tcl |& tee >&@stdout /project/openlane/mgmt_core/runs/mgmt_core/logs/placement/replace.log"

Mon Nov 09 20:54:14 UTC 2020 - Executing "python3 /openLANE_flow/scripts/manual_macro_place.py -l /project/openlane/mgmt_core/runs/mgmt_core/tmp/merged.lef -id /project/openlane/mgmt_core/runs/mgmt_core/tmp/placement/replace.def -o /project/openlane/mgmt_core/runs/mgmt_core/tmp/placement/replace.def.macro_placement.def -c /project/openlane/mgmt_core/runs/mgmt_core/tmp/macro_placement.cfg -f |& tee >&@stdout /project/openlane/mgmt_core/runs/mgmt_core/logs/macro_placement.log"

Mon Nov 09 20:54:15 UTC 2020 - Executing "openroad -exit /openLANE_flow/scripts/openroad/or_tapcell.tcl |& tee >&@stdout /project/openlane/mgmt_core/runs/mgmt_core/logs/floorplan/tapcell.log"

Mon Nov 09 20:54:18 UTC 2020 - Executing "openroad -exit /openLANE_flow/scripts/openroad/or_replace.tcl |& tee >&@stdout /project/openlane/mgmt_core/runs/mgmt_core/logs/placement/replace.log"

Mon Nov 09 20:54:41 UTC 2020 - Executing "/openLANE_flow/scripts/libtrim.pl /home/xrex/usr/devel/pdks/sky130A/libs.ref/sky130_fd_sc_hd/lib/sky130_fd_sc_hd__ss_100C_1v60.lib /home/xrex/usr/devel/pdks/sky130A/libs.tech/openlane/sky130_fd_sc_hd/no_synth.cells > /project/openlane/mgmt_core/runs/mgmt_core/tmp/opt.lib"

Mon Nov 09 20:54:42 UTC 2020 - Executing "Psn /openLANE_flow/scripts/openPhySyn.tcl |& tee >&@stdout /project/openlane/mgmt_core/runs/mgmt_core/logs/placement/openphysyn.log"

Mon Nov 09 20:55:09 UTC 2020 - Executing "openroad -exit /openLANE_flow/scripts/openroad/or_write_verilog.tcl |& tee >&@stdout /project/openlane/mgmt_core/runs/mgmt_core/logs/write_verilog.log"

Mon Nov 09 20:55:10 UTC 2020 - Executing "sed -i -e {s/\(set ::env(CURRENT_NETLIST)\).*/\1 \/project\/openlane\/mgmt_core\/runs\/mgmt_core\/results\/synthesis\/mgmt_core.synthesis_optimized.v/} /project/openlane/mgmt_core/runs/mgmt_core/config.tcl"

Mon Nov 09 20:55:10 UTC 2020 - Executing "sed -i -e {s/\(set ::env(PREV_NETLIST)\).*/\1 \/project\/openlane\/mgmt_core\/runs\/mgmt_core\/results\/synthesis\/mgmt_core.synthesis.v/} /project/openlane/mgmt_core/runs/mgmt_core/config.tcl"

Mon Nov 09 20:55:10 UTC 2020 - Executing "sta /openLANE_flow/scripts/sta.tcl |& tee >&@stdout /project/openlane/mgmt_core/runs/mgmt_core/logs/synthesis/opensta_post_openphysyn.log"

Mon Nov 09 20:55:14 UTC 2020 - Executing "openroad -exit /openLANE_flow/scripts/openroad/or_opendp.tcl |& tee >&@stdout /project/openlane/mgmt_core/runs/mgmt_core/logs/placement/opendp.log"

Mon Nov 09 20:55:15 UTC 2020 - Executing "openroad -exit /openLANE_flow/scripts/openroad/or_cts.tcl |& tee >&@stdout /project/openlane/mgmt_core/runs/mgmt_core/logs/cts/cts.log"

Mon Nov 09 20:56:30 UTC 2020 - Executing "openroad -exit /openLANE_flow/scripts/openroad/or_write_verilog.tcl |& tee >&@stdout /project/openlane/mgmt_core/runs/mgmt_core/logs/write_verilog.log"

Mon Nov 09 20:56:31 UTC 2020 - Executing "sed -i -e {s/\(set ::env(CURRENT_NETLIST)\).*/\1 \/project\/openlane\/mgmt_core\/runs\/mgmt_core\/results\/synthesis\/mgmt_core.synthesis_cts.v/} /project/openlane/mgmt_core/runs/mgmt_core/config.tcl"

Mon Nov 09 20:56:31 UTC 2020 - Executing "sed -i -e {s/\(set ::env(PREV_NETLIST)\).*/\1 \/project\/openlane\/mgmt_core\/runs\/mgmt_core\/results\/synthesis\/mgmt_core.synthesis_optimized.v/} /project/openlane/mgmt_core/runs/mgmt_core/config.tcl"

Mon Nov 09 20:56:31 UTC 2020 - Executing "openroad -exit /openLANE_flow/scripts/new_pdn.tcl |& tee >&@stdout /project/openlane/mgmt_core/runs/mgmt_core/logs/floorplan/pdn.log"

Mon Nov 09 20:56:36 UTC 2020 - Executing "openroad -exit /openLANE_flow/scripts/openroad/or_diodes.tcl |& tee >&@stdout /project/openlane/mgmt_core/runs/mgmt_core/logs/placement/diodes.log"

Mon Nov 09 20:56:40 UTC 2020 - Executing "openroad -exit /openLANE_flow/scripts/openroad/or_write_verilog.tcl |& tee >&@stdout /project/openlane/mgmt_core/runs/mgmt_core/logs/write_verilog.log"

Mon Nov 09 20:56:42 UTC 2020 - Executing "sed -i -e {s/\(set ::env(CURRENT_NETLIST)\).*/\1 \/project\/openlane\/mgmt_core\/runs\/mgmt_core\/results\/synthesis\/mgmt_core.synthesis_diodes.v/} /project/openlane/mgmt_core/runs/mgmt_core/config.tcl"

Mon Nov 09 20:56:42 UTC 2020 - Executing "sed -i -e {s/\(set ::env(PREV_NETLIST)\).*/\1 \/project\/openlane\/mgmt_core\/runs\/mgmt_core\/results\/synthesis\/mgmt_core.synthesis_cts.v/} /project/openlane/mgmt_core/runs/mgmt_core/config.tcl"

Mon Nov 09 20:56:42 UTC 2020 - Executing "openroad -exit /openLANE_flow/scripts/openroad/or_route.tcl |& tee >&@stdout /project/openlane/mgmt_core/runs/mgmt_core/logs/routing/fastroute.log"

Mon Nov 09 20:57:04 UTC 2020 - Executing "openroad -exit /openLANE_flow/scripts/openroad/or_fill.tcl |& tee >&@stdout /project/openlane/mgmt_core/runs/mgmt_core/logs/routing/addspacers.log"

Mon Nov 09 20:57:06 UTC 2020 - Executing "openroad -exit /openLANE_flow/scripts/openroad/or_write_verilog.tcl |& tee >&@stdout /project/openlane/mgmt_core/runs/mgmt_core/logs/write_verilog.log"

Mon Nov 09 20:57:07 UTC 2020 - Executing "sed -i -e {s/\(set ::env(CURRENT_NETLIST)\).*/\1 \/project\/openlane\/mgmt_core\/runs\/mgmt_core\/results\/synthesis\/mgmt_core.synthesis_preroute.v/} /project/openlane/mgmt_core/runs/mgmt_core/config.tcl"

Mon Nov 09 20:57:07 UTC 2020 - Executing "sed -i -e {s/\(set ::env(PREV_NETLIST)\).*/\1 \/project\/openlane\/mgmt_core\/runs\/mgmt_core\/results\/synthesis\/mgmt_core.synthesis_diodes.v/} /project/openlane/mgmt_core/runs/mgmt_core/config.tcl"

Mon Nov 09 20:57:07 UTC 2020 - Executing "envsubst < /openLANE_flow/scripts/tritonRoute.param > /project/openlane/mgmt_core/runs/mgmt_core/tmp/routing/tritonRoute.param"

Mon Nov 09 20:57:07 UTC 2020 - Executing "TritonRoute /project/openlane/mgmt_core/runs/mgmt_core/tmp/routing/tritonRoute.param |& tee >&@stdout /project/openlane/mgmt_core/runs/mgmt_core/logs/routing/tritonRoute.log"

Mon Nov 09 21:45:40 UTC 2020 - Executing "python3 /openLANE_flow/scripts/spef_extractor/main.py -l /project/openlane/mgmt_core/runs/mgmt_core/tmp/merged_unpadded.lef -d /project/openlane/mgmt_core/runs/mgmt_core/results/routing/mgmt_core.def -mw PI -ec 1 |& tee >&@stdout /project/openlane/mgmt_core/runs/mgmt_core/logs/routing/spef_extraction.log"

Mon Nov 09 21:46:41 UTC 2020 - Executing "sta /openLANE_flow/scripts/sta.tcl |& tee >&@stdout /project/openlane/mgmt_core/runs/mgmt_core/logs/synthesis/opensta_spef.log"

Mon Nov 09 21:46:54 UTC 2020 - Executing "python3 /openLANE_flow/scripts/write_powered_def.py -d /project/openlane/mgmt_core/runs/mgmt_core/results/routing/mgmt_core.def -l /project/openlane/mgmt_core/runs/mgmt_core/tmp/merged.lef -v VPWR -g VGND -o /project/openlane/mgmt_core/runs/mgmt_core/tmp/routing/mgmt_core.powered.def |& tee >&@stdout /project/openlane/mgmt_core/runs/mgmt_core/logs/lvs/write_powered_verilog.log"

Mon Nov 09 21:47:14 UTC 2020 - Executing "openroad -exit /openLANE_flow/scripts/openroad/or_write_verilog.tcl |& tee >&@stdout /project/openlane/mgmt_core/runs/mgmt_core/logs/write_verilog.log"

Mon Nov 09 21:47:20 UTC 2020 - Executing "yosys -c /openLANE_flow/scripts/yosys_rewrite_verilog.tcl -l /project/openlane/mgmt_core/runs/mgmt_core/logs/synthesis/yosys_rewrite_verilog.log"

Mon Nov 09 21:53:52 UTC 2020 - Executing "sed -i -e {s/\(set ::env(CURRENT_NETLIST)\).*/\1 \/project\/openlane\/mgmt_core\/runs\/mgmt_core\/results\/lvs\/mgmt_core.lvs.powered.v/} /project/openlane/mgmt_core/runs/mgmt_core/config.tcl"

Mon Nov 09 21:53:52 UTC 2020 - Executing "sed -i -e {s/\(set ::env(PREV_NETLIST)\).*/\1 \/project\/openlane\/mgmt_core\/runs\/mgmt_core\/results\/synthesis\/mgmt_core.synthesis_preroute.v/} /project/openlane/mgmt_core/runs/mgmt_core/config.tcl"

Mon Nov 09 21:53:52 UTC 2020 - Executing "magic -noconsole -dnull -rcfile /home/xrex/usr/devel/pdks/sky130A/libs.tech/magic/sky130A.magicrc /openLANE_flow/scripts/magic.tcl </dev/null |& tee >&@stdout /project/openlane/mgmt_core/runs/mgmt_core/logs/magic/magic.log"

Mon Nov 09 21:56:41 UTC 2020 - Executing "magic -noconsole -dnull -rcfile /home/xrex/usr/devel/pdks/sky130A/libs.tech/magic/sky130A.magicrc /project/openlane/mgmt_core/runs/mgmt_core/tmp/magic_spice.tcl </dev/null |& tee >&@stdout /project/openlane/mgmt_core/runs/mgmt_core/logs/magic/magic_spice.log"

Mon Nov 09 22:13:31 UTC 2020 - Executing "magic -noconsole -dnull -rcfile /home/xrex/usr/devel/pdks/sky130A/libs.tech/magic/sky130A.magicrc /openLANE_flow/scripts/magic_drc.tcl </dev/null |& tee >&@stdout /project/openlane/mgmt_core/runs/mgmt_core/logs/magic/magic.drc.log"

Mon Nov 09 22:21:44 UTC 2020 - Executing "netgen -batch lvs {/project/openlane/mgmt_core/runs/mgmt_core/results/magic/mgmt_core.spice mgmt_core} {/project/openlane/mgmt_core/runs/mgmt_core/results/lvs/mgmt_core.lvs.powered.v mgmt_core} /home/xrex/usr/devel/pdks/sky130A/libs.tech/netgen/sky130A_setup.tcl /project/openlane/mgmt_core/runs/mgmt_core/results/lvs/mgmt_core.lvs.log -json |& tee >&@stdout /project/openlane/mgmt_core/runs/mgmt_core/logs/lvs/lvs.log"

Mon Nov 09 22:28:26 UTC 2020 - Executing "openroad -exit /openLANE_flow/scripts/openroad/or_antenna_check.tcl |& tee >&@stdout /project/openlane/mgmt_core/runs/mgmt_core/logs/routing/or_antenna.log"

Mon Nov 09 22:28:38 UTC 2020 - Executing "python3 /openLANE_flow/report_generation_wrapper.py -d /project/openlane/mgmt_core -dn mgmt_core -t mgmt_core -o /project/openlane/mgmt_core/runs/mgmt_core/reports/final_summary_report.csv -r /project/openlane/mgmt_core/runs/mgmt_core"

