
Magic 8.3 revision 64 - Compiled on Fri Oct  9 12:13:18 UTC 2020.
Starting magic under Tcl interpreter
Using the terminal as the console.
Using NULL graphics device.
Processing system .magicrc file
Sourcing design .magicrc for technology sky130A ...
2 Magic internal units = 1 Lambda
Input style sky130: scaleFactor=2, multiplier=2
Scaled tech values by 2 / 1 to match internal grid scaling
Loading sky130A Device Generator Menu ...
Loading "/openLANE_flow/scripts/magic_drc.tcl" from command line.
Warning: Calma reading is not undoable!  I hope that's OK.
Library written using GDS-II Release 3.0
Library name: gpio_control_block
Reading "sky130_fd_sc_hd__decap_12".
Error while reading cell "sky130_fd_sc_hd__decap_12" (byte position 150): Unknown layer/datatype in boundary, layer=236 type=0
Reading "sky130_fd_sc_hd__decap_3".
Error while reading cell "sky130_fd_sc_hd__decap_3" (byte position 4284): Unknown layer/datatype in boundary, layer=236 type=0
Reading "sky130_fd_sc_hd__decap_8".
Error while reading cell "sky130_fd_sc_hd__decap_8" (byte position 6946): Unknown layer/datatype in boundary, layer=236 type=0
Reading "sky130_fd_sc_hd__decap_4".
Error while reading cell "sky130_fd_sc_hd__decap_4" (byte position 10472): Unknown layer/datatype in boundary, layer=236 type=0
Reading "sky130_fd_sc_hd__tapvpwrvgnd_1".
Reading "sky130_fd_sc_hd__buf_2".
Error while reading cell "sky130_fd_sc_hd__buf_2" (byte position 14942): Unknown layer/datatype in boundary, layer=236 type=0
Reading "sky130_fd_sc_hd__decap_6".
Error while reading cell "sky130_fd_sc_hd__decap_6" (byte position 19434): Unknown layer/datatype in boundary, layer=236 type=0
Reading "sky130_fd_sc_hd__fill_2".
Reading "sky130_fd_sc_hd__fill_1".
Reading "sky130_fd_sc_hd__and2_4".
Error while reading cell "sky130_fd_sc_hd__and2_4" (byte position 25272): Unknown layer/datatype in boundary, layer=236 type=0
Reading "sky130_fd_sc_hd__dfrtp_4".
Error while reading cell "sky130_fd_sc_hd__dfrtp_4" (byte position 31014): Unknown layer/datatype in boundary, layer=236 type=0
Moving label "" from corelocali to locali in cell sky130_fd_sc_hd__dfrtp_4.
Reading "sky130_fd_sc_hd__or2_4".
Error while reading cell "sky130_fd_sc_hd__or2_4" (byte position 48860): Unknown layer/datatype in boundary, layer=236 type=0
Moving label "" from corelocali to locali in cell sky130_fd_sc_hd__or2_4.
Reading "sky130_fd_sc_hd__inv_2".
Error while reading cell "sky130_fd_sc_hd__inv_2" (byte position 54616): Unknown layer/datatype in boundary, layer=236 type=0
Reading "sky130_fd_sc_hd__clkbuf_1".
Error while reading cell "sky130_fd_sc_hd__clkbuf_1" (byte position 58422): Unknown layer/datatype in boundary, layer=236 type=0
Reading "sky130_fd_sc_hd__dfstp_4".
Error while reading cell "sky130_fd_sc_hd__dfstp_4" (byte position 62228): Unknown layer/datatype in boundary, layer=236 type=0
Reading "sky130_fd_sc_hd__clkbuf_16".
Error while reading cell "sky130_fd_sc_hd__clkbuf_16" (byte position 79960): Unknown layer/datatype in boundary, layer=236 type=0
Reading "sky130_fd_sc_hd__and3_4".
Error while reading cell "sky130_fd_sc_hd__and3_4" (byte position 92688): Unknown layer/datatype in boundary, layer=236 type=0
Moving label "" from corelocali to locali in cell sky130_fd_sc_hd__and3_4.
Moving label "" from corelocali to locali in cell sky130_fd_sc_hd__and3_4.
Moving label "" from corelocali to locali in cell sky130_fd_sc_hd__and3_4.
Moving label "" from corelocali to locali in cell sky130_fd_sc_hd__and3_4.
Moving label "" from corelocali to locali in cell sky130_fd_sc_hd__and3_4.
Reading "sky130_fd_sc_hd__a32o_4".
Error while reading cell "sky130_fd_sc_hd__a32o_4" (byte position 99580): Unknown layer/datatype in boundary, layer=236 type=0
Reading "sky130_fd_sc_hd__nand2_4".
Error while reading cell "sky130_fd_sc_hd__nand2_4" (byte position 111772): Unknown layer/datatype in boundary, layer=236 type=0
Moving label "" from corelocali to locali in cell sky130_fd_sc_hd__nand2_4.
Reading "sky130_fd_sc_hd__einvp_8".
Error while reading cell "sky130_fd_sc_hd__einvp_8" (byte position 119410): Unknown layer/datatype in boundary, layer=236 type=0
Reading "sky130_fd_sc_hd__conb_1".
Error while reading cell "sky130_fd_sc_hd__conb_1" (byte position 132088): Unknown layer/datatype in boundary, layer=236 type=0
Reading "gpio_control_block".
    100 uses
    200 uses
    300 uses
    400 uses
[INFO]: Loading gpio_control_block

DRC style is now "drc(full)"
Loading DRC CIF style.
[INFO]: COUNT: 20
[INFO]: Should be divided by 3 or 4
[INFO]: DRC Checking DONE (/project/openlane/gpio_control_block/runs/gpio_control_block/logs/magic/magic.drc)
[INFO]: Saving mag view with DRC errors(/project/openlane/gpio_control_block/runs/gpio_control_block/results/magic/gpio_control_block.drc.mag)
[INFO]: Saved
