Wed Nov 11 02:33:18 UTC 2020 - Executing "/openLANE_flow/scripts/mergeLef.py -i /home/xrex/usr/devel/pdks/sky130A/libs.ref/sky130_fd_sc_hd/techlef/sky130_fd_sc_hd.tlef /home/xrex/usr/devel/pdks/sky130A/libs.ref/sky130_fd_sc_hd/lef/sky130_fd_sc_hd.lef -o /project/openlane/storage/runs/storage/tmp/merged_unpadded.lef |& tee >&@stdout"

Wed Nov 11 02:33:18 UTC 2020 - Executing "/openLANE_flow/scripts/mergeLef.py -i /project/openlane/storage/runs/storage/tmp/merged_unpadded.lef /project/openlane/storage/../../lef/sram_1rw1r_32_256_8_sky130_lp1.lef -o /project/openlane/storage/runs/storage/tmp/merged_unpadded.lef |& tee >&@stdout"

Wed Nov 11 02:33:18 UTC 2020 - Executing "/openLANE_flow/scripts/libtrim.pl /home/xrex/usr/devel/pdks/sky130A/libs.ref/sky130_fd_sc_hd/lib/sky130_fd_sc_hd__tt_025C_1v80.lib /home/xrex/usr/devel/pdks/sky130A/libs.tech/openlane/sky130_fd_sc_hd/no_synth.cells > /project/openlane/storage/runs/storage/tmp/trimmed.lib"

Wed Nov 11 02:33:18 UTC 2020 - Executing "yosys -c /openLANE_flow/scripts/synth_top.tcl -l /project/openlane/storage/runs/storage/logs/synthesis/yosys.log |& tee >&@stdout"

Wed Nov 11 02:33:18 UTC 2020 - Executing "sed -i -e {s/\(set ::env(CURRENT_NETLIST)\).*/\1 \/project\/openlane\/storage\/runs\/storage\/results\/synthesis\/storage.synthesis.v/} /project/openlane/storage/runs/storage/config.tcl"

Wed Nov 11 02:33:18 UTC 2020 - Executing "sed -i -e {s/\(set ::env(PREV_NETLIST)\).*/\1 0/} /project/openlane/storage/runs/storage/config.tcl"

Wed Nov 11 02:33:18 UTC 2020 - Executing "sta /openLANE_flow/scripts/sta.tcl |& tee >&@stdout /project/openlane/storage/runs/storage/logs/synthesis/opensta.log"

Wed Nov 11 02:33:19 UTC 2020 - Executing "openroad -exit /openLANE_flow/scripts/openroad/or_floorplan.tcl |& tee >&@stdout /project/openlane/storage/runs/storage/logs/floorplan/verilog2def.openroad.log"

Wed Nov 11 02:33:20 UTC 2020 - Executing "python3 /openLANE_flow/scripts/io_place.py --input-lef /project/openlane/storage/runs/storage/tmp/merged.lef --input-def /project/openlane/storage/runs/storage/tmp/floorplan/verilog2def_openroad.def --config /project/openlane/storage/pin_order.cfg --hor-layer 4 --ver-layer 3 --ver-width-mult 2 --hor-width-mult 2 --length-mult 4 -o /project/openlane/storage/runs/storage/tmp/floorplan/ioPlacer.def |& tee /project/openlane/storage/runs/storage/logs/floorplan/place_io_ol.log >&@stdout"

Wed Nov 11 02:33:21 UTC 2020 - Executing "openroad -exit /openLANE_flow/scripts/openroad/or_replace.tcl |& tee >&@stdout /project/openlane/storage/runs/storage/logs/placement/replace.log"

Wed Nov 11 02:33:23 UTC 2020 - Executing "python3 /openLANE_flow/scripts/manual_macro_place.py -l /project/openlane/storage/runs/storage/tmp/merged.lef -id /project/openlane/storage/runs/storage/tmp/placement/replace.def -o /project/openlane/storage/runs/storage/tmp/placement/replace.def.macro_placement.def -c /project/openlane/storage/runs/storage/tmp/macro_placement.cfg -f |& tee >&@stdout /project/openlane/storage/runs/storage/logs/macro_placement.log"

Wed Nov 11 02:33:23 UTC 2020 - Executing "openroad -exit /openLANE_flow/scripts/openroad/or_tapcell.tcl |& tee >&@stdout /project/openlane/storage/runs/storage/logs/floorplan/tapcell.log"

Wed Nov 11 02:33:24 UTC 2020 - Executing "python3 /openLANE_flow/scripts/random_place.py --lef /project/openlane/storage/runs/storage/tmp/merged_unpadded.lef --input-def /project/openlane/storage/runs/storage/results/floorplan/storage.floorplan.def --output-def /project/openlane/storage/runs/storage/tmp/placement/replace.def |& tee >&@stdout /project/openlane/storage/runs/storage/logs/placement/replace.log"

Wed Nov 11 02:33:24 UTC 2020 - Executing "openroad -exit /openLANE_flow/scripts/openroad/or_opendp.tcl |& tee >&@stdout /project/openlane/storage/runs/storage/logs/placement/opendp.log"

Wed Nov 11 02:33:25 UTC 2020 - Executing "openroad -exit /openLANE_flow/scripts/new_pdn.tcl |& tee >&@stdout /project/openlane/storage/runs/storage/logs/floorplan/pdn.log"

Wed Nov 11 02:33:25 UTC 2020 - Executing "openroad -exit /openLANE_flow/scripts/openroad/or_diodes.tcl |& tee >&@stdout /project/openlane/storage/runs/storage/logs/placement/diodes.log"

Wed Nov 11 02:33:26 UTC 2020 - Executing "openroad -exit /openLANE_flow/scripts/openroad/or_write_verilog.tcl |& tee >&@stdout /project/openlane/storage/runs/storage/logs/write_verilog.log"

Wed Nov 11 02:33:27 UTC 2020 - Executing "sed -i -e {s/\(set ::env(CURRENT_NETLIST)\).*/\1 \/project\/openlane\/storage\/runs\/storage\/results\/synthesis\/storage.synthesis_diodes.v/} /project/openlane/storage/runs/storage/config.tcl"

Wed Nov 11 02:33:27 UTC 2020 - Executing "sed -i -e {s/\(set ::env(PREV_NETLIST)\).*/\1 \/project\/openlane\/storage\/runs\/storage\/results\/synthesis\/storage.synthesis.v/} /project/openlane/storage/runs/storage/config.tcl"

Wed Nov 11 02:33:27 UTC 2020 - Executing "openroad -exit /openLANE_flow/scripts/openroad/or_route.tcl |& tee >&@stdout /project/openlane/storage/runs/storage/logs/routing/fastroute.log"

Wed Nov 11 02:33:29 UTC 2020 - Executing "openroad -exit /openLANE_flow/scripts/openroad/or_fill.tcl |& tee >&@stdout /project/openlane/storage/runs/storage/logs/routing/addspacers.log"

Wed Nov 11 02:33:29 UTC 2020 - Executing "openroad -exit /openLANE_flow/scripts/openroad/or_write_verilog.tcl |& tee >&@stdout /project/openlane/storage/runs/storage/logs/write_verilog.log"

Wed Nov 11 02:33:30 UTC 2020 - Executing "sed -i -e {s/\(set ::env(CURRENT_NETLIST)\).*/\1 \/project\/openlane\/storage\/runs\/storage\/results\/synthesis\/storage.synthesis_preroute.v/} /project/openlane/storage/runs/storage/config.tcl"

Wed Nov 11 02:33:30 UTC 2020 - Executing "sed -i -e {s/\(set ::env(PREV_NETLIST)\).*/\1 \/project\/openlane\/storage\/runs\/storage\/results\/synthesis\/storage.synthesis_diodes.v/} /project/openlane/storage/runs/storage/config.tcl"

Wed Nov 11 02:33:30 UTC 2020 - Executing "envsubst < /openLANE_flow/scripts/tritonRoute.param > /project/openlane/storage/runs/storage/tmp/routing/tritonRoute.param"

Wed Nov 11 02:33:30 UTC 2020 - Executing "TritonRoute /project/openlane/storage/runs/storage/tmp/routing/tritonRoute.param |& tee >&@stdout /project/openlane/storage/runs/storage/logs/routing/tritonRoute.log"

Wed Nov 11 02:33:53 UTC 2020 - Executing "python3 /openLANE_flow/scripts/spef_extractor/main.py -l /project/openlane/storage/runs/storage/tmp/merged_unpadded.lef -d /project/openlane/storage/runs/storage/results/routing/storage.def -mw PI -ec 1 |& tee >&@stdout /project/openlane/storage/runs/storage/logs/routing/spef_extraction.log"

Wed Nov 11 02:33:53 UTC 2020 - Executing "sta /openLANE_flow/scripts/sta.tcl |& tee >&@stdout /project/openlane/storage/runs/storage/logs/synthesis/opensta_spef.log"

Wed Nov 11 02:33:55 UTC 2020 - Executing "python3 /openLANE_flow/scripts/write_powered_def.py -d /project/openlane/storage/runs/storage/results/routing/storage.def -l /project/openlane/storage/runs/storage/tmp/merged.lef -v VPWR -g VGND -o /project/openlane/storage/runs/storage/tmp/routing/storage.powered.def |& tee >&@stdout /project/openlane/storage/runs/storage/logs/lvs/write_powered_verilog.log"

Wed Nov 11 02:33:55 UTC 2020 - Executing "openroad -exit /openLANE_flow/scripts/openroad/or_write_verilog.tcl |& tee >&@stdout /project/openlane/storage/runs/storage/logs/write_verilog.log"

Wed Nov 11 02:33:56 UTC 2020 - Executing "yosys -c /openLANE_flow/scripts/yosys_rewrite_verilog.tcl -l /project/openlane/storage/runs/storage/logs/synthesis/yosys_rewrite_verilog.log"

Wed Nov 11 02:33:59 UTC 2020 - Executing "sed -i -e {s/\(set ::env(CURRENT_NETLIST)\).*/\1 \/project\/openlane\/storage\/runs\/storage\/results\/lvs\/storage.lvs.powered.v/} /project/openlane/storage/runs/storage/config.tcl"

Wed Nov 11 02:33:59 UTC 2020 - Executing "sed -i -e {s/\(set ::env(PREV_NETLIST)\).*/\1 \/project\/openlane\/storage\/runs\/storage\/results\/synthesis\/storage.synthesis_preroute.v/} /project/openlane/storage/runs/storage/config.tcl"

Wed Nov 11 02:33:59 UTC 2020 - Executing "magic -noconsole -dnull -rcfile /home/xrex/usr/devel/pdks/sky130A/libs.tech/magic/sky130A.magicrc /openLANE_flow/scripts/magic.tcl </dev/null |& tee >&@stdout /project/openlane/storage/runs/storage/logs/magic/magic.log"

Wed Nov 11 02:35:19 UTC 2020 - Executing "magic -noconsole -dnull -rcfile /home/xrex/usr/devel/pdks/sky130A/libs.tech/magic/sky130A.magicrc /project/openlane/storage/runs/storage/tmp/magic_spice.tcl </dev/null |& tee >&@stdout /project/openlane/storage/runs/storage/logs/magic/magic_spice.log"

Wed Nov 11 02:35:23 UTC 2020 - Executing "magic -noconsole -dnull -rcfile /home/xrex/usr/devel/pdks/sky130A/libs.tech/magic/sky130A.magicrc /openLANE_flow/scripts/magic_drc.tcl </dev/null |& tee >&@stdout /project/openlane/storage/runs/storage/logs/magic/magic.drc.log"

Wed Nov 11 02:35:25 UTC 2020 - Executing "netgen -batch lvs {/project/openlane/storage/runs/storage/results/magic/storage.spice storage} {/project/openlane/storage/runs/storage/results/lvs/storage.lvs.powered.v storage} /home/xrex/usr/devel/pdks/sky130A/libs.tech/netgen/sky130A_setup.tcl /project/openlane/storage/runs/storage/results/lvs/storage.lvs.log -json |& tee >&@stdout /project/openlane/storage/runs/storage/logs/lvs/lvs.log"

Wed Nov 11 02:35:26 UTC 2020 - Executing "openroad -exit /openLANE_flow/scripts/openroad/or_antenna_check.tcl |& tee >&@stdout /project/openlane/storage/runs/storage/logs/routing/or_antenna.log"

Wed Nov 11 02:35:26 UTC 2020 - Executing "python3 /openLANE_flow/report_generation_wrapper.py -d /project/openlane/storage -dn storage -t storage -o /project/openlane/storage/runs/storage/reports/final_summary_report.csv -r /project/openlane/storage/runs/storage"

