
Magic 8.3 revision 87 - Compiled on Mon Nov 23 17:53:03 UTC 2020.
Starting magic under Tcl interpreter
Using the terminal as the console.
Using NULL graphics device.
Processing system .magicrc file
Sourcing design .magicrc for technology sky130A ...
2 Magic internal units = 1 Lambda
Input style sky130: scaleFactor=2, multiplier=2
Scaled tech values by 2 / 1 to match internal grid scaling
Loading sky130A Device Generator Menu ...
Loading "/project/openlane/mgmt_protect_hv/runs/mgmt_protect_hv/tmp/magic_spice.tcl" from command line.
Reading LEF data from file /home/xrex/usr/devel/pdks/sky130A/libs.ref/sky130_fd_sc_hvl/techlef/sky130_fd_sc_hvl.tlef.
This action cannot be undone.
LEF read, Line 64 (Message): Unknown keyword "MINWIDTH" in LEF file; ignoring.
LEF read, Line 77 (Message): Unknown keyword "ANTENNADIFFSIDEAREARATIO" in LEF file; ignoring.
LEF read, Line 98 (Message): Unknown keyword "MINENCLOSEDAREA" in LEF file; ignoring.
LEF read, Line 99 (Message): Unknown keyword "MINWIDTH" in LEF file; ignoring.
LEF read, Line 111 (Message): Unknown keyword "ANTENNADIFFSIDEAREARATIO" in LEF file; ignoring.
LEF read, Line 137 (Message): Unknown keyword "MINENCLOSEDAREA" in LEF file; ignoring.
LEF read, Line 138 (Message): Unknown keyword "MINWIDTH" in LEF file; ignoring.
LEF read, Line 155 (Message): Unknown keyword "ANTENNADIFFSIDEAREARATIO" in LEF file; ignoring.
LEF read, Line 174 (Message): Unknown keyword "MINWIDTH" in LEF file; ignoring.
LEF read, Line 191 (Message): Unknown keyword "ANTENNADIFFSIDEAREARATIO" in LEF file; ignoring.
LEF read, Line 209 (Message): Unknown keyword "MINWIDTH" in LEF file; ignoring.
LEF read, Line 227 (Message): Unknown keyword "ANTENNADIFFSIDEAREARATIO" in LEF file; ignoring.
LEF read, Line 246 (Message): Unknown keyword "MINWIDTH" in LEF file; ignoring.
LEF read, Line 263 (Message): Unknown keyword "ANTENNADIFFSIDEAREARATIO" in LEF file; ignoring.
LEF read: Processed 769 lines.
Reading DEF data from file /project/openlane/mgmt_protect_hv/runs/mgmt_protect_hv/results/routing/mgmt_protect_hv.def.
This action cannot be undone.
  Processed 6 vias total.
  Processed 25 subcell instances total.
  Processed 4 pins total.
  Processed 2 special nets total.
  Processed 4 nets total.
DEF read: Processed 233 lines.
Extracting sky130_fd_sc_hvl__fill_2 into sky130_fd_sc_hvl__fill_2.ext:
Extracting sky130_fd_sc_hvl__lsbufhv2lv_1 into sky130_fd_sc_hvl__lsbufhv2lv_1.ext:
Extracting sky130_fd_sc_hvl__conb_1 into sky130_fd_sc_hvl__conb_1.ext:
Extracting sky130_fd_sc_hvl__decap_4 into sky130_fd_sc_hvl__decap_4.ext:
Extracting sky130_fd_sc_hvl__decap_8 into sky130_fd_sc_hvl__decap_8.ext:
Extracting sky130_fd_sc_hvl__fill_1 into sky130_fd_sc_hvl__fill_1.ext:
Extracting mgmt_protect_hv into mgmt_protect_hv.ext:
mgmt_protect_hv: 159 fatal errors
Total of 159 fatal errors.
exttospice finished.
Using technology "sky130A", version 1.0.73-5-g748e1a9
