
Magic 8.3 revision 87 - Compiled on Mon Nov 23 17:53:03 UTC 2020.
Starting magic under Tcl interpreter
Using the terminal as the console.
Using NULL graphics device.
Processing system .magicrc file
Sourcing design .magicrc for technology sky130A ...
2 Magic internal units = 1 Lambda
Input style sky130: scaleFactor=2, multiplier=2
Scaled tech values by 2 / 1 to match internal grid scaling
Loading sky130A Device Generator Menu ...
Loading "/openLANE_flow/scripts/magic_mag.tcl" from command line.
Box tool must be present
[INFO]: Saving .mag view With BBox Values: 
Warning: Calma reading is not undoable!  I hope that's OK.
Library written using GDS-II Release 3.0
Library name: mgmt_protect_hv
Reading "sky130_fd_sc_hvl__fill_1".
CIF file read warning: CIF style sky130: units rescaled by factor of 5 / 1
Reading "sky130_fd_sc_hvl__decap_8".
Reading "sky130_fd_sc_hvl__decap_4".
Reading "sky130_fd_sc_hvl__lsbufhv2lv_1".
Reading "sky130_fd_sc_hvl__conb_1".
Reading "sky130_fd_sc_hvl__fill_2".
Reading "mgmt_protect_hv".
[INFO]: MAGIC TAPEOUT STEP DONE
