
Magic 8.3 revision 87 - Compiled on Mon Nov 23 17:53:03 UTC 2020.
Starting magic under Tcl interpreter
Using the terminal as the console.
Using NULL graphics device.
Processing system .magicrc file
Sourcing design .magicrc for technology sky130A ...
2 Magic internal units = 1 Lambda
Input style sky130: scaleFactor=2, multiplier=2
Scaled tech values by 2 / 1 to match internal grid scaling
Loading sky130A Device Generator Menu ...
Loading "/openLANE_flow/scripts/magic_drc.tcl" from command line.
Warning: Calma reading is not undoable!  I hope that's OK.
Library written using GDS-II Release 3.0
Library name: mgmt_protect_hv
Reading "sky130_fd_sc_hvl__fill_1".
CIF file read warning: CIF style sky130: units rescaled by factor of 5 / 1
Error while reading cell "sky130_fd_sc_hvl__fill_1" (byte position 1626): Unknown layer/datatype in boundary, layer=236 type=0
Reading "sky130_fd_sc_hvl__decap_8".
Error while reading cell "sky130_fd_sc_hvl__decap_8" (byte position 9346): Unknown layer/datatype in boundary, layer=236 type=0
Reading "sky130_fd_sc_hvl__decap_4".
Error while reading cell "sky130_fd_sc_hvl__decap_4" (byte position 11530): Unknown layer/datatype in boundary, layer=236 type=0
Reading "sky130_fd_sc_hvl__lsbufhv2lv_1".
Error while reading cell "sky130_fd_sc_hvl__lsbufhv2lv_1" (byte position 28684): Unknown layer/datatype in boundary, layer=236 type=0
Reading "sky130_fd_sc_hvl__conb_1".
Error while reading cell "sky130_fd_sc_hvl__conb_1" (byte position 35502): Unknown layer/datatype in boundary, layer=236 type=0
Reading "sky130_fd_sc_hvl__fill_2".
Error while reading cell "sky130_fd_sc_hvl__fill_2" (byte position 41376): Unknown layer/datatype in boundary, layer=236 type=0
Reading "mgmt_protect_hv".
[INFO]: Loading mgmt_protect_hv

DRC style is now "drc(full)"
Loading DRC CIF style.
[INFO]: COUNT: 88
[INFO]: Should be divided by 3 or 4
[INFO]: DRC Checking DONE (/project/openlane/mgmt_protect_hv/runs/mgmt_protect_hv/logs/magic/magic.drc)
[INFO]: Saving mag view with DRC errors(/project/openlane/mgmt_protect_hv/runs/mgmt_protect_hv/results/magic/mgmt_protect_hv.drc.mag)
[INFO]: Saved
