OpenROAD 0.9.0 e582f2522b
This program is licensed under the BSD-3 license. See the LICENSE file for details. 
Components of this program may be licensed under more restrictive licenses which must be honored.
Notice 0: Reading LEF file:  /project/openlane/simple_por/runs/simple_por/tmp/merged_unpadded.lef
Notice 0:     Created 13 technology layers
Notice 0:     Created 25 technology vias
Notice 0:     Created 69 library cells
Notice 0: Finished LEF file:  /project/openlane/simple_por/runs/simple_por/tmp/merged_unpadded.lef
Notice 0: 
Reading DEF file: /project/openlane/simple_por/runs/simple_por/results/placement/simple_por.placement.def
Notice 0: Design: simple_por
Notice 0:     Created 3 pins.
Notice 0:     Created 3 components and 18 component-terminals.
Notice 0:     Created 5 nets and 5 connections.
Notice 0: Finished DEF file: /project/openlane/simple_por/runs/simple_por/results/placement/simple_por.placement.def
[INFO] [PDNG-0016] Power Delivery Network Generator: Generating PDN
[INFO] [PDNG-0016]   config: /home/xrex/usr/devel/pdks/sky130A/libs.tech/openlane/common_pdn.tcl
[INFO] [PDNG-0008] Design Name is simple_por
[INFO] [PDNG-0009] Reading technology data
[INFO] [PDNG-0011] ****** INFO ******
Type: stdcell, grid
    Stdcell Rails
      Layer: met1 -  width: 0.510  pitch: 4.070  offset: 0.000 
    Straps
      Layer: met4 -  width: 1.600  pitch: 4.320  offset: 2.160 
      Layer: met5 -  width: 1.600  pitch: 4.070  offset: 2.035 
    Connect: {met1 met4} {met4 met5}
Type: macro, macro_1
    Macro orientation: R0 R180 MX MY R90 R270 MXR90 MYR90
    Straps
    Connect: {met4_PIN_ver met5}
[INFO] [PDNG-0012] **** END INFO ****
[INFO] [PDNG-0013] Inserting stdcell grid - grid
[INFO] [PDNG-0015] Writing to database
