OpenROAD 0.9.0 d03ebfc244
This program is licensed under the BSD-3 license. See the LICENSE file for details. 
Components of this program may be licensed under more restrictive licenses which must be honored.
Error: cannot open '/.openroad'.
Notice 0: Reading LEF file:  /project/openlane/sky130_fd_sc_hvl__lsbufhv2lv_1_wrapped/runs/sky130_fd_sc_hvl__lsbufhv2lv_1_wrapped/tmp/merged_unpadded.lef
Notice 0:     Created 13 technology layers
Notice 0:     Created 25 technology vias
Notice 0:     Created 69 library cells
Notice 0: Finished LEF file:  /project/openlane/sky130_fd_sc_hvl__lsbufhv2lv_1_wrapped/runs/sky130_fd_sc_hvl__lsbufhv2lv_1_wrapped/tmp/merged_unpadded.lef
Notice 0: 
Reading DEF file: /project/openlane/sky130_fd_sc_hvl__lsbufhv2lv_1_wrapped/runs/sky130_fd_sc_hvl__lsbufhv2lv_1_wrapped/tmp/placement/openphysyn.def
Notice 0: Design: sky130_fd_sc_hvl__lsbufhv2lv_1_wrapped
Notice 0:     Created 2 pins.
Notice 0:     Created 1 components and 7 component-terminals.
Notice 0:     Created 2 nets and 2 connections.
Notice 0: Finished DEF file: /project/openlane/sky130_fd_sc_hvl__lsbufhv2lv_1_wrapped/runs/sky130_fd_sc_hvl__lsbufhv2lv_1_wrapped/tmp/placement/openphysyn.def
Warning: could not find power special net
Design Stats
--------------------------------
total instances             1
multi row instances         0
fixed instances             0
nets                        2
design area             609.5 u^2
fixed area                0.0 u^2
movable area             66.4 u^2
utilization                11 %
utilization padded         11 %
rows                        3
row height                8.1 u

Placement Analysis
--------------------------------
total displacement        6.6 u
average displacement      6.6 u
max displacement          6.6 u
original HPWL            39.0 u
legalized HPWL           39.0 u
delta HPWL                  0 %

