OpenROAD 0.9.0 e582f2522b
This program is licensed under the BSD-3 license. See the LICENSE file for details. 
Components of this program may be licensed under more restrictive licenses which must be honored.
Warning: /home/xrex/usr/devel/pdks/sky130A/libs.ref/sky130_fd_sc_hd/lib/sky130_fd_sc_hd__tt_025C_1v80.lib, line 31 default_operating_condition tt_025C_1v80 not found.
Notice 0: Reading LEF file:  /project/openlane/user_project_wrapper/runs/user_project_wrapper/tmp/merged_unpadded.lef
Notice 0:     Created 13 technology layers
Notice 0:     Created 25 technology vias
Notice 0:     Created 438 library cells
Notice 0: Finished LEF file:  /project/openlane/user_project_wrapper/runs/user_project_wrapper/tmp/merged_unpadded.lef
Notice 0: 
Reading DEF file: /project/openlane/user_project_wrapper/runs/user_project_wrapper/tmp/routing/fastroute.def
Notice 0: Design: user_project_wrapper
Notice 0:     Created 613 pins.
Notice 0:     Created 1 components and 614 component-terminals.
Notice 0:     Created 613 nets and 612 connections.
Notice 0: Finished DEF file: /project/openlane/user_project_wrapper/runs/user_project_wrapper/tmp/routing/fastroute.def
[PARAMS] Min routing layer: 2
[PARAMS] Max routing layer: 6
[PARAMS] Global adjustment: 0
[PARAMS] Unidirectional routing: 1
[PARAMS] Grid origin: (-1, -1)
[INFO] #DB Obstructions: 0
[INFO] #DB Obstacles: 594
[INFO] #DB Macros: 1
[INFO] Found 0 clock nets
[INFO] Minimum degree: 2
[INFO] Maximum degree: 2
[INFO] Processing 1 obstacles in layer 1
[INFO] Processing 1 obstacles in layer 2
[INFO] Processing 737 obstacles in layer 3
[INFO] Processing 465 obstacles in layer 4
[INFO] Processing 1 obstacles in layer 5
[INFO] Processing 3 obstacles in layer 6
[INFO] Reducing resources of layer 1 by 99%
[INFO] Reducing resources of layer 2 by 20%
[INFO] Reducing resources of layer 3 by 20%
[INFO] Reducing resources of layer 4 by 20%
[INFO] Reducing resources of layer 5 by 10%
[INFO] Reducing resources of layer 6 by 10%
[INFO] WIRELEN : 217266, WIRELEN1 : 0
[INFO] NumSeg  : 612
[INFO] NumShift: 0
First L Route
[INFO] WIRELEN : 217266, WIRELEN1 : 217266
[INFO] NumSeg  : 612
[INFO] NumShift: 0
[Overflow Report] Total hCap    : 5199960
[Overflow Report] Total vCap    : 3750440
[Overflow Report] Total Usage   : 217266
[Overflow Report] Max H Overflow: 14
[Overflow Report] Max V Overflow: 32
[Overflow Report] Max Overflow  : 32
[Overflow Report] Num Overflow e: 1912
[Overflow Report] H   Overflow  : 2479
[Overflow Report] V   Overflow  : 16370
[Overflow Report] Final Overflow: 18849

Second L Route
[Overflow Report] Total hCap    : 5199960
[Overflow Report] Total vCap    : 3750440
[Overflow Report] Total Usage   : 217266
[Overflow Report] Max H Overflow: 14
[Overflow Report] Max V Overflow: 32
[Overflow Report] Max Overflow  : 32
[Overflow Report] Num Overflow e: 1914
[Overflow Report] H   Overflow  : 2480
[Overflow Report] V   Overflow  : 16370
[Overflow Report] Final Overflow: 18850

First Z Route
[Overflow Report] Total hCap    : 5199960
[Overflow Report] Total vCap    : 3750440
[Overflow Report] Total Usage   : 217266
[Overflow Report] Max H Overflow: 0
[Overflow Report] Max V Overflow: 0
[Overflow Report] Max Overflow  : 0
[Overflow Report] Num Overflow e: 0
[Overflow Report] H   Overflow  : 0
[Overflow Report] V   Overflow  : 0
[Overflow Report] Final Overflow: 0

[INFO] LV routing round 0, enlarge 10 
[INFO] 10 threshold, 10 expand
[Overflow Report] total Usage   : 217266
[Overflow Report] Max H Overflow: 25
[Overflow Report] Max V Overflow: 36
[Overflow Report] Max Overflow  : 36
[Overflow Report] Num Overflow e: 1348
[Overflow Report] H   Overflow  : 3605
[Overflow Report] V   Overflow  : 10206
[Overflow Report] Final Overflow: 13811

[INFO] LV routing round 1, enlarge 15 
[INFO] 5 threshold, 15 expand
[Overflow Report] total Usage   : 217296
[Overflow Report] Max H Overflow: 0
[Overflow Report] Max V Overflow: 0
[Overflow Report] Max Overflow  : 0
[Overflow Report] Num Overflow e: 0
[Overflow Report] H   Overflow  : 0
[Overflow Report] V   Overflow  : 0
[Overflow Report] Final Overflow: 0

[INFO] LV routing round 2, enlarge 20 
[INFO] 1 threshold, 20 expand
[Overflow Report] total Usage   : 217296
[Overflow Report] Max H Overflow: 0
[Overflow Report] Max V Overflow: 0
[Overflow Report] Max Overflow  : 0
[Overflow Report] Num Overflow e: 0
[Overflow Report] H   Overflow  : 0
[Overflow Report] V   Overflow  : 0
[Overflow Report] Final Overflow: 0

Usage checked
Maze routing finished
[INFO] P3 runtime: 0.050000 sec
[INFO] Final 2D results: 
[Overflow Report] total Usage   : 217296
[Overflow Report] Max H Overflow: 0
[Overflow Report] Max V Overflow: 0
[Overflow Report] Max Overflow  : 0
[Overflow Report] Num Overflow e: 0
[Overflow Report] H   Overflow  : 0
[Overflow Report] V   Overflow  : 0
[Overflow Report] Final Overflow: 0

Layer Assignment Begins
Layer assignment finished
[INFO] 2D + Layer Assignment Runtime: 0.430000 sec
Post Processing Begins 
Post Processsing finished
 Starting via filling
[INFO] Via related to pin nodes 1870
[INFO] Via related stiner nodes 0
Via filling finished

Final usage/overflow report: 
[INFO] Usage per layer: 
    Layer 1 usage: 0
    Layer 2 usage: 80291
    Layer 3 usage: 135491
    Layer 4 usage: 1067
    Layer 5 usage: 447
    Layer 6 usage: 0

[INFO] Capacity per layer: 
    Layer 1 capacity: 0
    Layer 2 capacity: 3328398
    Layer 3 capacity: 2498345
    Layer 4 capacity: 1662984
    Layer 5 capacity: 1252095
    Layer 6 capacity: 208578

[INFO] Use percentage per layer: 
    Layer 1 use percentage: 0.0%
    Layer 2 use percentage: 2.41%
    Layer 3 use percentage: 5.42%
    Layer 4 use percentage: 0.06%
    Layer 5 use percentage: 0.04%
    Layer 6 use percentage: 0.00%

[INFO] Overflow per layer: 
    Layer 1 overflow: 0
    Layer 2 overflow: 0
    Layer 3 overflow: 0
    Layer 4 overflow: 0
    Layer 5 overflow: 0
    Layer 6 overflow: 0

[Overflow Report] Total Usage   : 217296
[Overflow Report] Total Capacity: 8950400
[Overflow Report] Max H Overflow: 0
[Overflow Report] Max V Overflow: 0
[Overflow Report] Max Overflow  : 0
[Overflow Report] H   Overflow  : 0
[Overflow Report] V   Overflow  : 0
[Overflow Report] Final Overflow: 0

[INFO] Final usage          : 217296
[INFO] Final number of vias : 2930
[INFO] Final usage 3D       : 226086
[INFO] Total wirelength: 1535519 um
[INFO] Num routed nets: 612
