Notice 0: Reading LEF file:  /project/openlane/mgmt_core/runs/mgmt_core/tmp/top_level.lef
Notice 0: 1000000 lines parsed!
Notice 0: 2000000 lines parsed!
Notice 0: 3000000 lines parsed!
Notice 0: 4000000 lines parsed!
Notice 0:     Created 13 technology layers
Notice 0:     Created 25 technology vias
Notice 0:     Created 77 library cells
Notice 0: Finished LEF file:  /project/openlane/mgmt_core/runs/mgmt_core/tmp/top_level.lef
Notice 0: Reading LEF file:  /project/openlane/mgmt_core/runs/mgmt_core/tmp/merged_unpadded.lef
Notice 0: warning: duplicate VIARULE (L1M1_PR) ignoring...Notice 0: warning: duplicate VIARULE (L1M1_PR_R) ignoring...Notice 0: warning: duplicate VIARULE (L1M1_PR_M) ignoring...Notice 0: warning: duplicate VIARULE (L1M1_PR_MR) ignoring...Notice 0: warning: duplicate VIARULE (L1M1_PR_C) ignoring...Notice 0: warning: duplicate VIARULE (M1M2_PR) ignoring...Notice 0: warning: duplicate VIARULE (M1M2_PR_R) ignoring...Notice 0: warning: duplicate VIARULE (M1M2_PR_M) ignoring...Notice 0: warning: duplicate VIARULE (M1M2_PR_MR) ignoring...Notice 0: warning: duplicate VIARULE (M1M2_PR_C) ignoring...Notice 0: warning: duplicate VIARULE (M2M3_PR) ignoring...Notice 0: warning: duplicate VIARULE (M2M3_PR_R) ignoring...Notice 0: warning: duplicate VIARULE (M2M3_PR_M) ignoring...Notice 0: warning: duplicate VIARULE (M2M3_PR_MR) ignoring...Notice 0: warning: duplicate VIARULE (M2M3_PR_C) ignoring...Notice 0: warning: duplicate VIARULE (M3M4_PR) ignoring...Notice 0: warning: duplicate VIARULE (M3M4_PR_R) ignoring...Notice 0: warning: duplicate VIARULE (M3M4_PR_M) ignoring...Notice 0: warning: duplicate VIARULE (M3M4_PR_MR) ignoring...Notice 0: warning: duplicate VIARULE (M3M4_PR_C) ignoring...Notice 0: warning: duplicate VIARULE (M4M5_PR) ignoring...Notice 0: warning: duplicate VIARULE (M4M5_PR_R) ignoring...Notice 0: warning: duplicate VIARULE (M4M5_PR_M) ignoring...Notice 0: warning: duplicate VIARULE (M4M5_PR_MR) ignoring...Notice 0: warning: duplicate VIARULE (M4M5_PR_C) ignoring...Notice 0:     Created 440 library cells
Notice 0: Finished LEF file:  /project/openlane/mgmt_core/runs/mgmt_core/tmp/merged_unpadded.lef
Notice 0: 
Reading DEF file: /project/openlane/mgmt_core/runs/mgmt_core/tmp/floorplan/verilog2def_openroad.def
Notice 0: Design: mgmt_core
Notice 0:     Created 794 pins.
Notice 0:     Created 34676 components and 250504 component-terminals.
Notice 0:     Created 35057 nets and 111794 connections.
Notice 0: Finished DEF file: /project/openlane/mgmt_core/runs/mgmt_core/tmp/floorplan/verilog2def_openroad.def
Notice 0: Reading LEF file:  /project/openlane/mgmt_core/runs/mgmt_core/tmp/top_level.lef
Notice 0: 1000000 lines parsed!
Notice 0: 2000000 lines parsed!
Notice 0: 3000000 lines parsed!
Notice 0: 4000000 lines parsed!
Notice 0:     Created 13 technology layers
Notice 0:     Created 25 technology vias
Notice 0:     Created 77 library cells
Notice 0: Finished LEF file:  /project/openlane/mgmt_core/runs/mgmt_core/tmp/top_level.lef
Notice 0: 
Reading DEF file: /project/openlane/mgmt_core/runs/mgmt_core/tmp/top_level.def
Notice 0: Design: caravel
Notice 0:     Created 63 pins.
Notice 0:     Created 47 components and 4006 component-terminals.
Notice 0:     Created 1705 nets and 3668 connections.
Notice 0: Finished DEF file: /project/openlane/mgmt_core/runs/mgmt_core/tmp/top_level.def
Block design name: mgmt_core
Top-level design name: caravel
Block net name:  pwr_ctrl_out[0]
Block net name:  pwr_ctrl_out[1]
Block net name:  pwr_ctrl_out[2]
Block net name:  pwr_ctrl_out[3]
Block net name:  core_clk
Block net name:  user_clk
Block net name:  core_rstn
Block net name:  clock
Block net name:  flash_clk
Block net name:  flash_clk_ieb
Block net name:  flash_clk_oeb
Block net name:  flash_csb
Block net name:  flash_csb_ieb
Block net name:  flash_csb_oeb
Block net name:  flash_io0_di
Block net name:  flash_io0_do
Block net name:  flash_io0_ieb
Block net name:  flash_io0_oeb
Block net name:  flash_io1_di
Block net name:  flash_io1_do
Block net name:  flash_io1_ieb
Block net name:  flash_io1_oeb
Block net name:  gpio_in_pad
Block net name:  gpio_inenb_pad
Block net name:  gpio_mode0_pad
Block net name:  gpio_mode1_pad
Block net name:  gpio_out_pad
Block net name:  gpio_outenb_pad
Block net name:  mprj_io_loader_data
Block net name:  jtag_out
Block net name:  jtag_outenb
Block net name:  la_input[0]
Block net name:  la_input[100]
Block net name:  la_input[101]
Block net name:  la_input[102]
Block net name:  la_input[103]
Block net name:  la_input[104]
Block net name:  la_input[105]
Block net name:  la_input[106]
Block net name:  la_input[107]
Block net name:  la_input[108]
Block net name:  la_input[109]
Block net name:  la_input[10]
Block net name:  la_input[110]
Block net name:  la_input[111]
Block net name:  la_input[112]
Block net name:  la_input[113]
Block net name:  la_input[114]
Block net name:  la_input[115]
Block net name:  la_input[116]
Block net name:  la_input[117]
Block net name:  la_input[118]
Block net name:  la_input[119]
Block net name:  la_input[11]
Block net name:  la_input[120]
Block net name:  la_input[121]
Block net name:  la_input[122]
Block net name:  la_input[123]
Block net name:  la_input[124]
Block net name:  la_input[125]
Block net name:  la_input[126]
Block net name:  la_input[127]
Block net name:  la_input[12]
Block net name:  la_input[13]
Block net name:  la_input[14]
Block net name:  la_input[15]
Block net name:  la_input[16]
Block net name:  la_input[17]
Block net name:  la_input[18]
Block net name:  la_input[19]
Block net name:  la_input[1]
Block net name:  la_input[20]
Block net name:  la_input[21]
Block net name:  la_input[22]
Block net name:  la_input[23]
Block net name:  la_input[24]
Block net name:  la_input[25]
Block net name:  la_input[26]
Block net name:  la_input[27]
Block net name:  la_input[28]
Block net name:  la_input[29]
Block net name:  la_input[2]
Block net name:  la_input[30]
Block net name:  la_input[31]
Block net name:  la_input[32]
Block net name:  la_input[33]
Block net name:  la_input[34]
Block net name:  la_input[35]
Block net name:  la_input[36]
Block net name:  la_input[37]
Block net name:  la_input[38]
Block net name:  la_input[39]
Block net name:  la_input[3]
Block net name:  la_input[40]
Block net name:  la_input[41]
Block net name:  la_input[42]
Block net name:  la_input[43]
Block net name:  la_input[44]
Block net name:  la_input[45]
Block net name:  la_input[46]
Block net name:  la_input[47]
Block net name:  la_input[48]
Block net name:  la_input[49]
Block net name:  la_input[4]
Block net name:  la_input[50]
Block net name:  la_input[51]
Block net name:  la_input[52]
Block net name:  la_input[53]
Block net name:  la_input[54]
Block net name:  la_input[55]
Block net name:  la_input[56]
Block net name:  la_input[57]
Block net name:  la_input[58]
Block net name:  la_input[59]
Block net name:  la_input[5]
Block net name:  la_input[60]
Block net name:  la_input[61]
Block net name:  la_input[62]
Block net name:  la_input[63]
Block net name:  la_input[64]
Block net name:  la_input[65]
Block net name:  la_input[66]
Block net name:  la_input[67]
Block net name:  la_input[68]
Block net name:  la_input[69]
Block net name:  la_input[6]
Block net name:  la_input[70]
Block net name:  la_input[71]
Block net name:  la_input[72]
Block net name:  la_input[73]
Block net name:  la_input[74]
Block net name:  la_input[75]
Block net name:  la_input[76]
Block net name:  la_input[77]
Block net name:  la_input[78]
Block net name:  la_input[79]
Block net name:  la_input[7]
Block net name:  la_input[80]
Block net name:  la_input[81]
Block net name:  la_input[82]
Block net name:  la_input[83]
Block net name:  la_input[84]
Block net name:  la_input[85]
Block net name:  la_input[86]
Block net name:  la_input[87]
Block net name:  la_input[88]
Block net name:  la_input[89]
Block net name:  la_input[8]
Block net name:  la_input[90]
Block net name:  la_input[91]
Block net name:  la_input[92]
Block net name:  la_input[93]
Block net name:  la_input[94]
Block net name:  la_input[95]
Block net name:  la_input[96]
Block net name:  la_input[97]
Block net name:  la_input[98]
Block net name:  la_input[99]
Block net name:  la_input[9]
Block net name:  la_oen[0]
Block net name:  la_oen[100]
Block net name:  la_oen[101]
Block net name:  la_oen[102]
Block net name:  la_oen[103]
Block net name:  la_oen[104]
Block net name:  la_oen[105]
Block net name:  la_oen[106]
Block net name:  la_oen[107]
Block net name:  la_oen[108]
Block net name:  la_oen[109]
Block net name:  la_oen[10]
Block net name:  la_oen[110]
Block net name:  la_oen[111]
Block net name:  la_oen[112]
Block net name:  la_oen[113]
Block net name:  la_oen[114]
Block net name:  la_oen[115]
Block net name:  la_oen[116]
Block net name:  la_oen[117]
Block net name:  la_oen[118]
Block net name:  la_oen[119]
Block net name:  la_oen[11]
Block net name:  la_oen[120]
Block net name:  la_oen[121]
Block net name:  la_oen[122]
Block net name:  la_oen[123]
Block net name:  la_oen[124]
Block net name:  la_oen[125]
Block net name:  la_oen[126]
Block net name:  la_oen[127]
Block net name:  la_oen[12]
Block net name:  la_oen[13]
Block net name:  la_oen[14]
Block net name:  la_oen[15]
Block net name:  la_oen[16]
Block net name:  la_oen[17]
Block net name:  la_oen[18]
Block net name:  la_oen[19]
Block net name:  la_oen[1]
Block net name:  la_oen[20]
Block net name:  la_oen[21]
Block net name:  la_oen[22]
Block net name:  la_oen[23]
Block net name:  la_oen[24]
Block net name:  la_oen[25]
Block net name:  la_oen[26]
Block net name:  la_oen[27]
Block net name:  la_oen[28]
Block net name:  la_oen[29]
Block net name:  la_oen[2]
Block net name:  la_oen[30]
Block net name:  la_oen[31]
Block net name:  la_oen[32]
Block net name:  la_oen[33]
Block net name:  la_oen[34]
Block net name:  la_oen[35]
Block net name:  la_oen[36]
Block net name:  la_oen[37]
Block net name:  la_oen[38]
Block net name:  la_oen[39]
Block net name:  la_oen[3]
Block net name:  la_oen[40]
Block net name:  la_oen[41]
Block net name:  la_oen[42]
Block net name:  la_oen[43]
Block net name:  la_oen[44]
Block net name:  la_oen[45]
Block net name:  la_oen[46]
Block net name:  la_oen[47]
Block net name:  la_oen[48]
Block net name:  la_oen[49]
Block net name:  la_oen[4]
Block net name:  la_oen[50]
Block net name:  la_oen[51]
Block net name:  la_oen[52]
Block net name:  la_oen[53]
Block net name:  la_oen[54]
Block net name:  la_oen[55]
Block net name:  la_oen[56]
Block net name:  la_oen[57]
Block net name:  la_oen[58]
Block net name:  la_oen[59]
Block net name:  la_oen[5]
Block net name:  la_oen[60]
Block net name:  la_oen[61]
Block net name:  la_oen[62]
Block net name:  la_oen[63]
Block net name:  la_oen[64]
Block net name:  la_oen[65]
Block net name:  la_oen[66]
Block net name:  la_oen[67]
Block net name:  la_oen[68]
Block net name:  la_oen[69]
Block net name:  la_oen[6]
Block net name:  la_oen[70]
Block net name:  la_oen[71]
Block net name:  la_oen[72]
Block net name:  la_oen[73]
Block net name:  la_oen[74]
Block net name:  la_oen[75]
Block net name:  la_oen[76]
Block net name:  la_oen[77]
Block net name:  la_oen[78]
Block net name:  la_oen[79]
Block net name:  la_oen[7]
Block net name:  la_oen[80]
Block net name:  la_oen[81]
Block net name:  la_oen[82]
Block net name:  la_oen[83]
Block net name:  la_oen[84]
Block net name:  la_oen[85]
Block net name:  la_oen[86]
Block net name:  la_oen[87]
Block net name:  la_oen[88]
Block net name:  la_oen[89]
Block net name:  la_oen[8]
Block net name:  la_oen[90]
Block net name:  la_oen[91]
Block net name:  la_oen[92]
Block net name:  la_oen[93]
Block net name:  la_oen[94]
Block net name:  la_oen[95]
Block net name:  la_oen[96]
Block net name:  la_oen[97]
Block net name:  la_oen[98]
Block net name:  la_oen[99]
Block net name:  la_oen[9]
Block net name:  la_output[0]
Block net name:  la_output[100]
Block net name:  la_output[101]
Block net name:  la_output[102]
Block net name:  la_output[103]
Block net name:  la_output[104]
Block net name:  la_output[105]
Block net name:  la_output[106]
Block net name:  la_output[107]
Block net name:  la_output[108]
Block net name:  la_output[109]
Block net name:  la_output[10]
Block net name:  la_output[110]
Block net name:  la_output[111]
Block net name:  la_output[112]
Block net name:  la_output[113]
Block net name:  la_output[114]
Block net name:  la_output[115]
Block net name:  la_output[116]
Block net name:  la_output[117]
Block net name:  la_output[118]
Block net name:  la_output[119]
Block net name:  la_output[11]
Block net name:  la_output[120]
Block net name:  la_output[121]
Block net name:  la_output[122]
Block net name:  la_output[123]
Block net name:  la_output[124]
Block net name:  la_output[125]
Block net name:  la_output[126]
Block net name:  la_output[127]
Block net name:  la_output[12]
Block net name:  la_output[13]
Block net name:  la_output[14]
Block net name:  la_output[15]
Block net name:  la_output[16]
Block net name:  la_output[17]
Block net name:  la_output[18]
Block net name:  la_output[19]
Block net name:  la_output[1]
Block net name:  la_output[20]
Block net name:  la_output[21]
Block net name:  la_output[22]
Block net name:  la_output[23]
Block net name:  la_output[24]
Block net name:  la_output[25]
Block net name:  la_output[26]
Block net name:  la_output[27]
Block net name:  la_output[28]
Block net name:  la_output[29]
Block net name:  la_output[2]
Block net name:  la_output[30]
Block net name:  la_output[31]
Block net name:  la_output[32]
Block net name:  la_output[33]
Block net name:  la_output[34]
Block net name:  la_output[35]
Block net name:  la_output[36]
Block net name:  la_output[37]
Block net name:  la_output[38]
Block net name:  la_output[39]
Block net name:  la_output[3]
Block net name:  la_output[40]
Block net name:  la_output[41]
Block net name:  la_output[42]
Block net name:  la_output[43]
Block net name:  la_output[44]
Block net name:  la_output[45]
Block net name:  la_output[46]
Block net name:  la_output[47]
Block net name:  la_output[48]
Block net name:  la_output[49]
Block net name:  la_output[4]
Block net name:  la_output[50]
Block net name:  la_output[51]
Block net name:  la_output[52]
Block net name:  la_output[53]
Block net name:  la_output[54]
Block net name:  la_output[55]
Block net name:  la_output[56]
Block net name:  la_output[57]
Block net name:  la_output[58]
Block net name:  la_output[59]
Block net name:  la_output[5]
Block net name:  la_output[60]
Block net name:  la_output[61]
Block net name:  la_output[62]
Block net name:  la_output[63]
Block net name:  la_output[64]
Block net name:  la_output[65]
Block net name:  la_output[66]
Block net name:  la_output[67]
Block net name:  la_output[68]
Block net name:  la_output[69]
Block net name:  la_output[6]
Block net name:  la_output[70]
Block net name:  la_output[71]
Block net name:  la_output[72]
Block net name:  la_output[73]
Block net name:  la_output[74]
Block net name:  la_output[75]
Block net name:  la_output[76]
Block net name:  la_output[77]
Block net name:  la_output[78]
Block net name:  la_output[79]
Block net name:  la_output[7]
Block net name:  la_output[80]
Block net name:  la_output[81]
Block net name:  la_output[82]
Block net name:  la_output[83]
Block net name:  la_output[84]
Block net name:  la_output[85]
Block net name:  la_output[86]
Block net name:  la_output[87]
Block net name:  la_output[88]
Block net name:  la_output[89]
Block net name:  la_output[8]
Block net name:  la_output[90]
Block net name:  la_output[91]
Block net name:  la_output[92]
Block net name:  la_output[93]
Block net name:  la_output[94]
Block net name:  la_output[95]
Block net name:  la_output[96]
Block net name:  la_output[97]
Block net name:  la_output[98]
Block net name:  la_output[99]
Block net name:  la_output[9]
Block net name:  mask_rev[0]
Block net name:  mask_rev[10]
Block net name:  mask_rev[11]
Block net name:  mask_rev[12]
Block net name:  mask_rev[13]
Block net name:  mask_rev[14]
Block net name:  mask_rev[15]
Block net name:  mask_rev[16]
Block net name:  mask_rev[17]
Block net name:  mask_rev[18]
Block net name:  mask_rev[19]
Block net name:  mask_rev[1]
Block net name:  mask_rev[20]
Block net name:  mask_rev[21]
Block net name:  mask_rev[22]
Block net name:  mask_rev[23]
Block net name:  mask_rev[24]
Block net name:  mask_rev[25]
Block net name:  mask_rev[26]
Block net name:  mask_rev[27]
Block net name:  mask_rev[28]
Block net name:  mask_rev[29]
Block net name:  mask_rev[2]
Block net name:  mask_rev[30]
Block net name:  mask_rev[31]
Block net name:  mask_rev[3]
Block net name:  mask_rev[4]
Block net name:  mask_rev[5]
Block net name:  mask_rev[6]
Block net name:  mask_rev[7]
Block net name:  mask_rev[8]
Block net name:  mask_rev[9]
Block net name:  mgmt_addr[0]
Block net name:  mgmt_addr[1]
Block net name:  mgmt_addr[2]
Block net name:  mgmt_addr[3]
Block net name:  mgmt_addr[4]
Block net name:  mgmt_addr[5]
Block net name:  mgmt_addr[6]
Block net name:  mgmt_addr[7]
Block net name:  mgmt_ena[0]
Block net name:  mgmt_ena[1]
Block net name:  mgmt_in_data[0]
Block net name:  mgmt_out_data[10]
Block net name:  mgmt_out_data[11]
Block net name:  mgmt_out_data[12]
Block net name:  mgmt_out_data[13]
Block net name:  mgmt_out_data[14]
Block net name:  mgmt_out_data[15]
Block net name:  mgmt_out_data[16]
Block net name:  mgmt_out_data[17]
Block net name:  mgmt_out_data[18]
Block net name:  mgmt_out_data[19]
Block net name:  mgmt_in_data[1]
Block net name:  mgmt_out_data[20]
Block net name:  mgmt_out_data[21]
Block net name:  mgmt_out_data[22]
Block net name:  mgmt_out_data[23]
Block net name:  mgmt_out_data[24]
Block net name:  mgmt_out_data[25]
Block net name:  mgmt_out_data[26]
Block net name:  mgmt_out_data[27]
Block net name:  mgmt_out_data[28]
Block net name:  mgmt_out_data[29]
Block net name:  mgmt_out_data[2]
Block net name:  mgmt_out_data[30]
Block net name:  mgmt_out_data[31]
Block net name:  mgmt_out_data[32]
Block net name:  mgmt_out_data[33]
Block net name:  mgmt_out_data[34]
Block net name:  mgmt_out_data[35]
Block net name:  mgmt_out_data[36]
Block net name:  mgmt_out_data[37]
Block net name:  mgmt_out_data[3]
Block net name:  mgmt_out_data[4]
Block net name:  mgmt_out_data[5]
Block net name:  mgmt_out_data[6]
Block net name:  mgmt_out_data[7]
Block net name:  mgmt_out_data[8]
Block net name:  mgmt_out_data[9]
Block net name:  mgmt_out_data[0]
Block net name:  mgmt_out_data[1]
Block net name:  mgmt_rdata[0]
Block net name:  mgmt_rdata[10]
Block net name:  mgmt_rdata[11]
Block net name:  mgmt_rdata[12]
Block net name:  mgmt_rdata[13]
Block net name:  mgmt_rdata[14]
Block net name:  mgmt_rdata[15]
Block net name:  mgmt_rdata[16]
Block net name:  mgmt_rdata[17]
Block net name:  mgmt_rdata[18]
Block net name:  mgmt_rdata[19]
Block net name:  mgmt_rdata[1]
Block net name:  mgmt_rdata[20]
Block net name:  mgmt_rdata[21]
Block net name:  mgmt_rdata[22]
Block net name:  mgmt_rdata[23]
Block net name:  mgmt_rdata[24]
Block net name:  mgmt_rdata[25]
Block net name:  mgmt_rdata[26]
Block net name:  mgmt_rdata[27]
Block net name:  mgmt_rdata[28]
Block net name:  mgmt_rdata[29]
Block net name:  mgmt_rdata[2]
Block net name:  mgmt_rdata[30]
Block net name:  mgmt_rdata[31]
Block net name:  mgmt_rdata[32]
Block net name:  mgmt_rdata[33]
Block net name:  mgmt_rdata[34]
Block net name:  mgmt_rdata[35]
Block net name:  mgmt_rdata[36]
Block net name:  mgmt_rdata[37]
Block net name:  mgmt_rdata[38]
Block net name:  mgmt_rdata[39]
Block net name:  mgmt_rdata[3]
Block net name:  mgmt_rdata[40]
Block net name:  mgmt_rdata[41]
Block net name:  mgmt_rdata[42]
Block net name:  mgmt_rdata[43]
Block net name:  mgmt_rdata[44]
Block net name:  mgmt_rdata[45]
Block net name:  mgmt_rdata[46]
Block net name:  mgmt_rdata[47]
Block net name:  mgmt_rdata[48]
Block net name:  mgmt_rdata[49]
Block net name:  mgmt_rdata[4]
Block net name:  mgmt_rdata[50]
Block net name:  mgmt_rdata[51]
Block net name:  mgmt_rdata[52]
Block net name:  mgmt_rdata[53]
Block net name:  mgmt_rdata[54]
Block net name:  mgmt_rdata[55]
Block net name:  mgmt_rdata[56]
Block net name:  mgmt_rdata[57]
Block net name:  mgmt_rdata[58]
Block net name:  mgmt_rdata[59]
Block net name:  mgmt_rdata[5]
Block net name:  mgmt_rdata[60]
Block net name:  mgmt_rdata[61]
Block net name:  mgmt_rdata[62]
Block net name:  mgmt_rdata[63]
Block net name:  mgmt_rdata[6]
Block net name:  mgmt_rdata[7]
Block net name:  mgmt_rdata[8]
Block net name:  mgmt_rdata[9]
Block net name:  mgmt_wdata[0]
Block net name:  mgmt_wdata[10]
Block net name:  mgmt_wdata[11]
Block net name:  mgmt_wdata[12]
Block net name:  mgmt_wdata[13]
Block net name:  mgmt_wdata[14]
Block net name:  mgmt_wdata[15]
Block net name:  mgmt_wdata[16]
Block net name:  mgmt_wdata[17]
Block net name:  mgmt_wdata[18]
Block net name:  mgmt_wdata[19]
Block net name:  mgmt_wdata[1]
Block net name:  mgmt_wdata[20]
Block net name:  mgmt_wdata[21]
Block net name:  mgmt_wdata[22]
Block net name:  mgmt_wdata[23]
Block net name:  mgmt_wdata[24]
Block net name:  mgmt_wdata[25]
Block net name:  mgmt_wdata[26]
Block net name:  mgmt_wdata[27]
Block net name:  mgmt_wdata[28]
Block net name:  mgmt_wdata[29]
Block net name:  mgmt_wdata[2]
Block net name:  mgmt_wdata[30]
Block net name:  mgmt_wdata[31]
Block net name:  mgmt_wdata[3]
Block net name:  mgmt_wdata[4]
Block net name:  mgmt_wdata[5]
Block net name:  mgmt_wdata[6]
Block net name:  mgmt_wdata[7]
Block net name:  mgmt_wdata[8]
Block net name:  mgmt_wdata[9]
Block net name:  mgmt_wen[0]
Block net name:  mgmt_wen[1]
Block net name:  mgmt_wen_mask[0]
Block net name:  mgmt_wen_mask[1]
Block net name:  mgmt_wen_mask[2]
Block net name:  mgmt_wen_mask[3]
Block net name:  mgmt_wen_mask[4]
Block net name:  mgmt_wen_mask[5]
Block net name:  mgmt_wen_mask[6]
Block net name:  mgmt_wen_mask[7]
Block net name:  mprj2_vcc_pwrgood
Block net name:  mprj2_vdd_pwrgood
Block net name:  mprj_ack_i
Block net name:  mprj_adr_o[0]
Block net name:  mprj_adr_o[10]
Block net name:  mprj_adr_o[11]
Block net name:  mprj_adr_o[12]
Block net name:  mprj_adr_o[13]
Block net name:  mprj_adr_o[14]
Block net name:  mprj_adr_o[15]
Block net name:  mprj_adr_o[16]
Block net name:  mprj_adr_o[17]
Block net name:  mprj_adr_o[18]
Block net name:  mprj_adr_o[19]
Block net name:  mprj_adr_o[1]
Block net name:  mprj_adr_o[20]
Block net name:  mprj_adr_o[21]
Block net name:  mprj_adr_o[22]
Block net name:  mprj_adr_o[23]
Block net name:  mprj_adr_o[24]
Block net name:  mprj_adr_o[25]
Block net name:  mprj_adr_o[26]
Block net name:  mprj_adr_o[27]
Block net name:  mprj_adr_o[28]
Block net name:  mprj_adr_o[29]
Block net name:  mprj_adr_o[2]
Block net name:  mprj_adr_o[30]
Block net name:  mprj_adr_o[31]
Block net name:  mprj_adr_o[3]
Block net name:  mprj_adr_o[4]
Block net name:  mprj_adr_o[5]
Block net name:  mprj_adr_o[6]
Block net name:  mprj_adr_o[7]
Block net name:  mprj_adr_o[8]
Block net name:  mprj_adr_o[9]
Block net name:  mprj_cyc_o
Block net name:  mprj_dat_i[0]
Block net name:  mprj_dat_i[10]
Block net name:  mprj_dat_i[11]
Block net name:  mprj_dat_i[12]
Block net name:  mprj_dat_i[13]
Block net name:  mprj_dat_i[14]
Block net name:  mprj_dat_i[15]
Block net name:  mprj_dat_i[16]
Block net name:  mprj_dat_i[17]
Block net name:  mprj_dat_i[18]
Block net name:  mprj_dat_i[19]
Block net name:  mprj_dat_i[1]
Block net name:  mprj_dat_i[20]
Block net name:  mprj_dat_i[21]
Block net name:  mprj_dat_i[22]
Block net name:  mprj_dat_i[23]
Block net name:  mprj_dat_i[24]
Block net name:  mprj_dat_i[25]
Block net name:  mprj_dat_i[26]
Block net name:  mprj_dat_i[27]
Block net name:  mprj_dat_i[28]
Block net name:  mprj_dat_i[29]
Block net name:  mprj_dat_i[2]
Block net name:  mprj_dat_i[30]
Block net name:  mprj_dat_i[31]
Block net name:  mprj_dat_i[3]
Block net name:  mprj_dat_i[4]
Block net name:  mprj_dat_i[5]
Block net name:  mprj_dat_i[6]
Block net name:  mprj_dat_i[7]
Block net name:  mprj_dat_i[8]
Block net name:  mprj_dat_i[9]
Block net name:  mprj_dat_o[0]
Block net name:  mprj_dat_o[10]
Block net name:  mprj_dat_o[11]
Block net name:  mprj_dat_o[12]
Block net name:  mprj_dat_o[13]
Block net name:  mprj_dat_o[14]
Block net name:  mprj_dat_o[15]
Block net name:  mprj_dat_o[16]
Block net name:  mprj_dat_o[17]
Block net name:  mprj_dat_o[18]
Block net name:  mprj_dat_o[19]
Block net name:  mprj_dat_o[1]
Block net name:  mprj_dat_o[20]
Block net name:  mprj_dat_o[21]
Block net name:  mprj_dat_o[22]
Block net name:  mprj_dat_o[23]
Block net name:  mprj_dat_o[24]
Block net name:  mprj_dat_o[25]
Block net name:  mprj_dat_o[26]
Block net name:  mprj_dat_o[27]
Block net name:  mprj_dat_o[28]
Block net name:  mprj_dat_o[29]
Block net name:  mprj_dat_o[2]
Block net name:  mprj_dat_o[30]
Block net name:  mprj_dat_o[31]
Block net name:  mprj_dat_o[3]
Block net name:  mprj_dat_o[4]
Block net name:  mprj_dat_o[5]
Block net name:  mprj_dat_o[6]
Block net name:  mprj_dat_o[7]
Block net name:  mprj_dat_o[8]
Block net name:  mprj_dat_o[9]
Block net name:  mprj_io_loader_clock
Block net name:  mprj_io_loader_resetn
Block net name:  mprj_sel_o[0]
Block net name:  mprj_sel_o[1]
Block net name:  mprj_sel_o[2]
Block net name:  mprj_sel_o[3]
Block net name:  mprj_stb_o
Block net name:  mprj_vcc_pwrgood
Block net name:  mprj_vdd_pwrgood
Block net name:  mprj_we_o
Block net name:  porb
Block net name:  resetb
Block net name:  sdo_out
Block net name:  sdo_outenb
Creating:  chip_io padframe
Creating:  storage storage
Creating:  mgmt_protect mgmt_buffers
Creating:  gpio_control_block gpio_control_bidir\[0\]
Creating:  user_project_wrapper mprj
Creating:  user_id_programming user_id_value
Creating:  gpio_control_block gpio_control_bidir\[1\]
Creating:  gpio_control_block gpio_control_in\[10\]
Creating:  gpio_control_block gpio_control_in\[11\]
Creating:  gpio_control_block gpio_control_in\[12\]
Creating:  gpio_control_block gpio_control_in\[13\]
Creating:  gpio_control_block gpio_control_in\[14\]
Creating:  gpio_control_block gpio_control_in\[15\]
Creating:  gpio_control_block gpio_control_in\[16\]
Creating:  gpio_control_block gpio_control_in\[17\]
Creating:  gpio_control_block gpio_control_in\[18\]
Creating:  gpio_control_block gpio_control_in\[19\]
Creating:  gpio_control_block gpio_control_in\[20\]
Creating:  gpio_control_block gpio_control_in\[21\]
Creating:  gpio_control_block gpio_control_in\[22\]
Creating:  gpio_control_block gpio_control_in\[23\]
Creating:  gpio_control_block gpio_control_in\[24\]
Creating:  gpio_control_block gpio_control_in\[25\]
Creating:  gpio_control_block gpio_control_in\[26\]
Creating:  gpio_control_block gpio_control_in\[27\]
Creating:  gpio_control_block gpio_control_in\[28\]
Creating:  gpio_control_block gpio_control_in\[29\]
Creating:  gpio_control_block gpio_control_in\[2\]
Creating:  gpio_control_block gpio_control_in\[30\]
Creating:  gpio_control_block gpio_control_in\[31\]
Creating:  gpio_control_block gpio_control_in\[32\]
Creating:  gpio_control_block gpio_control_in\[33\]
Creating:  gpio_control_block gpio_control_in\[34\]
Creating:  gpio_control_block gpio_control_in\[35\]
Creating:  gpio_control_block gpio_control_in\[36\]
Creating:  gpio_control_block gpio_control_in\[37\]
Creating:  gpio_control_block gpio_control_in\[3\]
Creating:  gpio_control_block gpio_control_in\[4\]
Creating:  gpio_control_block gpio_control_in\[5\]
Creating:  gpio_control_block gpio_control_in\[6\]
Creating:  gpio_control_block gpio_control_in\[7\]
Creating:  gpio_control_block gpio_control_in\[8\]
Creating:  gpio_control_block gpio_control_in\[9\]
Creating:  sky130_fd_sc_hvl__lsbufhv2lv_1 porb_level
Creating:  sky130_fd_sc_hvl__lsbufhv2lv_1 rstb_level
