OpenROAD 0.9.0 d03ebfc244
This program is licensed under the BSD-3 license. See the LICENSE file for details. 
Components of this program may be licensed under more restrictive licenses which must be honored.
Error: cannot open '/.openroad'.
Notice 0: Reading LEF file:  /project/openlane/mgmt_core/runs/mgmt_core/tmp/merged_unpadded.lef
Notice 0:     Created 13 technology layers
Notice 0:     Created 25 technology vias
Notice 0:     Created 440 library cells
Notice 0: Finished LEF file:  /project/openlane/mgmt_core/runs/mgmt_core/tmp/merged_unpadded.lef
Notice 0: 
Reading DEF file: /project/openlane/mgmt_core/runs/mgmt_core/results/cts/mgmt_core.cts.def
Notice 0: Design: mgmt_core
Notice 0:     Created 794 pins.
Notice 0:     Created 52881 components and 289462 component-terminals.
Notice 0:     Created 35192 nets and 112064 connections.
Notice 0: Finished DEF file: /project/openlane/mgmt_core/runs/mgmt_core/results/cts/mgmt_core.cts.def
[INFO] [PDNG-0016] Power Delivery Network Generator: Generating PDN
[INFO] [PDNG-0016]   config: /project/openlane/mgmt_core/pdn.tcl
[INFO] [PDNG-0008] Design Name is mgmt_core
[INFO] [PDNG-0009] Reading technology data
[INFO] [PDNG-0011] ****** INFO ******
Type: stdcell, grid
    Stdcell Rails
      Layer: met1 -  width: 0.480  pitch: 2.720  offset: 0.000 
    Straps
      Layer: met4 -  width: 1.600  pitch: 50.000  offset: 16.320 
      Layer: met5 -  width: 1.600  pitch: 153.180  offset: 16.650 
    Connect: {met1 met4} {met4 met5}
Type: macro, macro_1
    Straps
    Connect: {met4_PIN_ver met5}
[INFO] [PDNG-0012] **** END INFO ****
[INFO] [PDNG-0013] Inserting stdcell grid - grid
[INFO] [PDNG-0010] Inserting macro grid for 2 macros
[INFO] [PDNG-0034]   - grid for instance pll
[WARN] [PDNG-0040] No via added at (14.36 256.4 34.36 257.86) because the full height of met5 (1.6) is not covered by the overlap
[WARN] [PDNG-0040] No via added at (109.88 256.4 111.48 257.86) because the full height of met5 (1.6) is not covered by the overlap
[WARN] [PDNG-0040] No via added at (159.88 256.4 161.48 257.86) because the full height of met5 (1.6) is not covered by the overlap
[WARN] [PDNG-0040] No via added at (200.04 256.4 220.04 257.86) because the full height of met5 (1.6) is not covered by the overlap
[INFO] [PDNG-0034]   - grid for instance soc.soc_mem.mem.SRAM
[INFO] [PDNG-0015] Writing to database
