OpenROAD 0.9.0 d03ebfc244
This program is licensed under the BSD-3 license. See the LICENSE file for details. 
Components of this program may be licensed under more restrictive licenses which must be honored.
Error: cannot open '/.openroad'.
Notice 0: Reading LEF file:  /project/openlane/mgmt_protect_hv/runs/mgmt_protect_hv/tmp/merged_unpadded.lef
Notice 0:     Created 13 technology layers
Notice 0:     Created 25 technology vias
Notice 0:     Created 69 library cells
Notice 0: Finished LEF file:  /project/openlane/mgmt_protect_hv/runs/mgmt_protect_hv/tmp/merged_unpadded.lef
Notice 0: 
Reading DEF file: /project/openlane/mgmt_protect_hv/runs/mgmt_protect_hv/tmp/placement/openphysyn.def
Notice 0: Design: mgmt_protect_hv
Notice 0:     Created 4 pins.
Notice 0:     Created 4 components and 26 component-terminals.
Notice 0:     Created 2 special nets and 18 connections.
Notice 0:     Created 4 nets and 6 connections.
Notice 0: Finished DEF file: /project/openlane/mgmt_protect_hv/runs/mgmt_protect_hv/tmp/placement/openphysyn.def
Design Stats
--------------------------------
total instances             4
multi row instances         2
fixed instances             0
nets                        6
design area             390.7 u^2
fixed area                0.0 u^2
movable area            152.4 u^2
utilization                39 %
utilization padded         39 %
rows                        4
row height                4.1 u
max height                  2 rows

Placement Analysis
--------------------------------
total displacement       16.0 u
average displacement      4.0 u
max displacement         10.8 u
original HPWL            62.8 u
legalized HPWL           66.4 u
delta HPWL                  6 %

