Fri Nov 20 11:56:27 UTC 2020 - Executing "/openLANE_flow/scripts/mergeLef.py -i /home/xrex/usr/devel/pdks/sky130A/libs.ref/sky130_fd_sc_hd/techlef/sky130_fd_sc_hd.tlef /home/xrex/usr/devel/pdks/sky130A/libs.ref/sky130_fd_sc_hd/lef/sky130_fd_sc_hd.lef -o /project/openlane/gpio_control_block/runs/gpio_control_block/tmp/merged_unpadded.lef |& tee >&@stdout"

Fri Nov 20 11:56:27 UTC 2020 - Executing "/openLANE_flow/scripts/libtrim.pl /home/xrex/usr/devel/pdks/sky130A/libs.ref/sky130_fd_sc_hd/lib/sky130_fd_sc_hd__tt_025C_1v80.lib /home/xrex/usr/devel/pdks/sky130A/libs.tech/openlane/sky130_fd_sc_hd/no_synth.cells > /project/openlane/gpio_control_block/runs/gpio_control_block/tmp/trimmed.lib"

Fri Nov 20 11:56:27 UTC 2020 - Executing "yosys -c /openLANE_flow/scripts/synth.tcl -l /project/openlane/gpio_control_block/runs/gpio_control_block/logs/synthesis/yosys.log |& tee >&@stdout"

Fri Nov 20 11:56:28 UTC 2020 - Executing "sed -i -e {s/\(set ::env(CURRENT_NETLIST)\).*/\1 \/project\/openlane\/gpio_control_block\/runs\/gpio_control_block\/results\/synthesis\/gpio_control_block.synthesis.v/} /project/openlane/gpio_control_block/runs/gpio_control_block/config.tcl"

Fri Nov 20 11:56:28 UTC 2020 - Executing "sed -i -e {s/\(set ::env(PREV_NETLIST)\).*/\1 0/} /project/openlane/gpio_control_block/runs/gpio_control_block/config.tcl"

Fri Nov 20 11:56:28 UTC 2020 - Executing "sta /openLANE_flow/scripts/sta.tcl |& tee >&@stdout /project/openlane/gpio_control_block/runs/gpio_control_block/logs/synthesis/opensta.log"

Fri Nov 20 11:56:29 UTC 2020 - Executing "openroad -exit /openLANE_flow/scripts/openroad/or_floorplan.tcl |& tee >&@stdout /project/openlane/gpio_control_block/runs/gpio_control_block/logs/floorplan/verilog2def.openroad.log"

Fri Nov 20 11:56:30 UTC 2020 - Executing "python3 /openLANE_flow/scripts/io_place.py --input-lef /project/openlane/gpio_control_block/runs/gpio_control_block/tmp/merged.lef --input-def /project/openlane/gpio_control_block/runs/gpio_control_block/tmp/floorplan/verilog2def_openroad.def --config /project/openlane/gpio_control_block/pin_order.cfg --hor-layer 4 --ver-layer 3 --ver-width-mult 2 --hor-width-mult 2 --length-mult 200 -o /project/openlane/gpio_control_block/runs/gpio_control_block/tmp/floorplan/ioPlacer.def |& tee /project/openlane/gpio_control_block/runs/gpio_control_block/logs/floorplan/place_io_ol.log >&@stdout"

Fri Nov 20 11:56:30 UTC 2020 - Executing "openroad -exit /openLANE_flow/scripts/openroad/or_tapcell.tcl |& tee >&@stdout /project/openlane/gpio_control_block/runs/gpio_control_block/logs/floorplan/tapcell.log"

Fri Nov 20 11:56:31 UTC 2020 - Executing "openroad -exit /openLANE_flow/scripts/openroad/or_replace.tcl |& tee >&@stdout /project/openlane/gpio_control_block/runs/gpio_control_block/logs/placement/replace.log"

Fri Nov 20 11:56:37 UTC 2020 - Executing "/openLANE_flow/scripts/libtrim.pl /home/xrex/usr/devel/pdks/sky130A/libs.ref/sky130_fd_sc_hd/lib/sky130_fd_sc_hd__ss_100C_1v60.lib /home/xrex/usr/devel/pdks/sky130A/libs.tech/openlane/sky130_fd_sc_hd/no_synth.cells > /project/openlane/gpio_control_block/runs/gpio_control_block/tmp/opt.lib"

Fri Nov 20 11:56:37 UTC 2020 - Executing "Psn /openLANE_flow/scripts/openPhySyn.tcl |& tee >&@stdout /project/openlane/gpio_control_block/runs/gpio_control_block/logs/placement/openphysyn.log"

Fri Nov 20 11:56:42 UTC 2020 - Executing "openroad -exit /openLANE_flow/scripts/openroad/or_write_verilog.tcl |& tee >&@stdout /project/openlane/gpio_control_block/runs/gpio_control_block/logs/write_verilog.log"

Fri Nov 20 11:56:42 UTC 2020 - Executing "sed -i -e {s/\(set ::env(CURRENT_NETLIST)\).*/\1 \/project\/openlane\/gpio_control_block\/runs\/gpio_control_block\/results\/synthesis\/gpio_control_block.synthesis_optimized.v/} /project/openlane/gpio_control_block/runs/gpio_control_block/config.tcl"

Fri Nov 20 11:56:42 UTC 2020 - Executing "sed -i -e {s/\(set ::env(PREV_NETLIST)\).*/\1 \/project\/openlane\/gpio_control_block\/runs\/gpio_control_block\/results\/synthesis\/gpio_control_block.synthesis.v/} /project/openlane/gpio_control_block/runs/gpio_control_block/config.tcl"

Fri Nov 20 11:56:42 UTC 2020 - Executing "sta /openLANE_flow/scripts/sta.tcl |& tee >&@stdout /project/openlane/gpio_control_block/runs/gpio_control_block/logs/synthesis/opensta_post_openphysyn.log"

Fri Nov 20 11:56:43 UTC 2020 - Executing "openroad -exit /openLANE_flow/scripts/openroad/or_opendp.tcl |& tee >&@stdout /project/openlane/gpio_control_block/runs/gpio_control_block/logs/placement/opendp.log"

Fri Nov 20 11:56:44 UTC 2020 - Executing "openroad -exit /openLANE_flow/scripts/openroad/or_cts.tcl |& tee >&@stdout /project/openlane/gpio_control_block/runs/gpio_control_block/logs/cts/cts.log"

Fri Nov 20 11:57:52 UTC 2020 - Executing "openroad -exit /openLANE_flow/scripts/openroad/or_write_verilog.tcl |& tee >&@stdout /project/openlane/gpio_control_block/runs/gpio_control_block/logs/write_verilog.log"

Fri Nov 20 11:57:53 UTC 2020 - Executing "sed -i -e {s/\(set ::env(CURRENT_NETLIST)\).*/\1 \/project\/openlane\/gpio_control_block\/runs\/gpio_control_block\/results\/synthesis\/gpio_control_block.synthesis_cts.v/} /project/openlane/gpio_control_block/runs/gpio_control_block/config.tcl"

Fri Nov 20 11:57:53 UTC 2020 - Executing "sed -i -e {s/\(set ::env(PREV_NETLIST)\).*/\1 \/project\/openlane\/gpio_control_block\/runs\/gpio_control_block\/results\/synthesis\/gpio_control_block.synthesis_optimized.v/} /project/openlane/gpio_control_block/runs/gpio_control_block/config.tcl"

Fri Nov 20 11:57:53 UTC 2020 - Executing "openroad -exit /openLANE_flow/scripts/new_pdn.tcl |& tee >&@stdout /project/openlane/gpio_control_block/runs/gpio_control_block/logs/floorplan/pdn.log"

Fri Nov 20 11:57:53 UTC 2020 - Executing "openroad -exit /openLANE_flow/scripts/openroad/or_route.tcl |& tee >&@stdout /project/openlane/gpio_control_block/runs/gpio_control_block/logs/routing/fastroute.log"

Fri Nov 20 11:57:54 UTC 2020 - Executing "openroad -exit /openLANE_flow/scripts/openroad/or_route.tcl |& tee >&@stdout /project/openlane/gpio_control_block/runs/gpio_control_block/logs/routing/fastroute_post_antenna.log"

Fri Nov 20 11:57:55 UTC 2020 - Executing "openroad -exit /openLANE_flow/scripts/openroad/or_fill.tcl |& tee >&@stdout /project/openlane/gpio_control_block/runs/gpio_control_block/logs/routing/addspacers.log"

Fri Nov 20 11:57:55 UTC 2020 - Executing "openroad -exit /openLANE_flow/scripts/openroad/or_write_verilog.tcl |& tee >&@stdout /project/openlane/gpio_control_block/runs/gpio_control_block/logs/write_verilog.log"

Fri Nov 20 11:57:56 UTC 2020 - Executing "sed -i -e {s/\(set ::env(CURRENT_NETLIST)\).*/\1 \/project\/openlane\/gpio_control_block\/runs\/gpio_control_block\/results\/synthesis\/gpio_control_block.synthesis_preroute.v/} /project/openlane/gpio_control_block/runs/gpio_control_block/config.tcl"

Fri Nov 20 11:57:56 UTC 2020 - Executing "sed -i -e {s/\(set ::env(PREV_NETLIST)\).*/\1 \/project\/openlane\/gpio_control_block\/runs\/gpio_control_block\/results\/synthesis\/gpio_control_block.synthesis_cts.v/} /project/openlane/gpio_control_block/runs/gpio_control_block/config.tcl"

Fri Nov 20 11:57:56 UTC 2020 - Executing "envsubst < /openLANE_flow/scripts/tritonRoute.param > /project/openlane/gpio_control_block/runs/gpio_control_block/tmp/routing/tritonRoute.param"

Fri Nov 20 11:57:56 UTC 2020 - Executing "TritonRoute /project/openlane/gpio_control_block/runs/gpio_control_block/tmp/routing/tritonRoute.param |& tee >&@stdout /project/openlane/gpio_control_block/runs/gpio_control_block/logs/routing/tritonRoute.log"

Fri Nov 20 11:58:00 UTC 2020 - Executing "python3 /openLANE_flow/scripts/tr2klayout.py -i /project/openlane/gpio_control_block/runs/gpio_control_block/reports/routing/tritonRoute.drc -o /project/openlane/gpio_control_block/runs/gpio_control_block/reports/routing/tritonRoute.klayout.xml --design-name gpio_control_block"

Fri Nov 20 11:58:00 UTC 2020 - Executing "python3 /openLANE_flow/scripts/spef_extractor/main.py -l /project/openlane/gpio_control_block/runs/gpio_control_block/tmp/merged_unpadded.lef -d /project/openlane/gpio_control_block/runs/gpio_control_block/results/routing/gpio_control_block.def -mw PI -ec 1 |& tee >&@stdout /project/openlane/gpio_control_block/runs/gpio_control_block/logs/routing/spef_extraction.log"

Fri Nov 20 11:58:01 UTC 2020 - Executing "sta /openLANE_flow/scripts/sta.tcl |& tee >&@stdout /project/openlane/gpio_control_block/runs/gpio_control_block/logs/synthesis/opensta_spef.log"

Fri Nov 20 11:58:02 UTC 2020 - Executing "python3 /openLANE_flow/scripts/write_powered_def.py -d /project/openlane/gpio_control_block/runs/gpio_control_block/results/routing/gpio_control_block.def -l /project/openlane/gpio_control_block/runs/gpio_control_block/tmp/merged.lef -v VPWR -g VGND -o /project/openlane/gpio_control_block/runs/gpio_control_block/tmp/routing/gpio_control_block.powered.def |& tee >&@stdout /project/openlane/gpio_control_block/runs/gpio_control_block/logs/lvs/write_powered_verilog.log"

Fri Nov 20 11:58:02 UTC 2020 - Executing "openroad -exit /openLANE_flow/scripts/openroad/or_write_verilog.tcl |& tee >&@stdout /project/openlane/gpio_control_block/runs/gpio_control_block/logs/write_verilog.log"

Fri Nov 20 11:58:03 UTC 2020 - Executing "yosys -c /openLANE_flow/scripts/yosys_rewrite_verilog.tcl -l /project/openlane/gpio_control_block/runs/gpio_control_block/logs/synthesis/yosys_rewrite_verilog.log"

Fri Nov 20 11:58:03 UTC 2020 - Executing "sed -i -e {s/\(set ::env(CURRENT_NETLIST)\).*/\1 \/project\/openlane\/gpio_control_block\/runs\/gpio_control_block\/results\/lvs\/gpio_control_block.lvs.powered.v/} /project/openlane/gpio_control_block/runs/gpio_control_block/config.tcl"

Fri Nov 20 11:58:03 UTC 2020 - Executing "sed -i -e {s/\(set ::env(PREV_NETLIST)\).*/\1 \/project\/openlane\/gpio_control_block\/runs\/gpio_control_block\/results\/synthesis\/gpio_control_block.synthesis_preroute.v/} /project/openlane/gpio_control_block/runs/gpio_control_block/config.tcl"

Fri Nov 20 11:58:03 UTC 2020 - Executing "magic -noconsole -dnull -rcfile /home/xrex/usr/devel/pdks/sky130A/libs.tech/magic/sky130A.magicrc /openLANE_flow/scripts/magic.tcl </dev/null |& tee >&@stdout /project/openlane/gpio_control_block/runs/gpio_control_block/logs/magic/magic.log"

Fri Nov 20 11:58:03 UTC 2020 - Executing "magic -noconsole -dnull -rcfile /home/xrex/usr/devel/pdks/sky130A/libs.tech/magic/sky130A.magicrc /openLANE_flow/scripts/magic_mag.tcl </dev/null |& tee >&@stdout /project/openlane/gpio_control_block/runs/gpio_control_block/logs/magic/magic.mag.log"

Fri Nov 20 11:58:04 UTC 2020 - Executing "magic -noconsole -dnull -rcfile /home/xrex/usr/devel/pdks/sky130A/libs.tech/magic/sky130A.magicrc /openLANE_flow/scripts/magic_maglef.tcl </dev/null |& tee >&@stdout /project/openlane/gpio_control_block/runs/gpio_control_block/logs/magic/magic.maglef.log"

Fri Nov 20 11:58:04 UTC 2020 - Executing "magic -noconsole -dnull -rcfile /home/xrex/usr/devel/pdks/sky130A/libs.tech/magic/sky130A.magicrc /project/openlane/gpio_control_block/runs/gpio_control_block/tmp/magic_spice.tcl </dev/null |& tee >&@stdout /project/openlane/gpio_control_block/runs/gpio_control_block/logs/magic/magic_spice.log"

Fri Nov 20 11:58:05 UTC 2020 - Executing "magic -noconsole -dnull -rcfile /home/xrex/usr/devel/pdks/sky130A/libs.tech/magic/sky130A.magicrc /openLANE_flow/scripts/magic_drc.tcl </dev/null |& tee >&@stdout /project/openlane/gpio_control_block/runs/gpio_control_block/logs/magic/magic.drc.log"

Fri Nov 20 11:58:06 UTC 2020 - Executing "netgen -batch lvs {/project/openlane/gpio_control_block/runs/gpio_control_block/results/magic/gpio_control_block.spice gpio_control_block} {/project/openlane/gpio_control_block/runs/gpio_control_block/results/lvs/gpio_control_block.lvs.powered.v gpio_control_block} /home/xrex/usr/devel/pdks/sky130A/libs.tech/netgen/sky130A_setup.tcl /project/openlane/gpio_control_block/runs/gpio_control_block/results/lvs/gpio_control_block.lvs.log -json |& tee >&@stdout /project/openlane/gpio_control_block/runs/gpio_control_block/logs/lvs/lvs.log"

Fri Nov 20 11:58:06 UTC 2020 - Executing "openroad -exit /openLANE_flow/scripts/openroad/or_antenna_check.tcl |& tee >&@stdout /project/openlane/gpio_control_block/runs/gpio_control_block/logs/routing/or_antenna.log"

Fri Nov 20 11:58:06 UTC 2020 - Executing "python3 /openLANE_flow/report_generation_wrapper.py -d /project/openlane/gpio_control_block -dn gpio_control_block -t gpio_control_block -o /project/openlane/gpio_control_block/runs/gpio_control_block/reports/final_summary_report.csv -r /project/openlane/gpio_control_block/runs/gpio_control_block"

