
Magic 8.3 revision 64 - Compiled on Fri Oct  9 12:13:18 UTC 2020.
Starting magic under Tcl interpreter
Using the terminal as the console.
Using NULL graphics device.
Processing system .magicrc file
Sourcing design .magicrc for technology sky130A ...
2 Magic internal units = 1 Lambda
Input style sky130: scaleFactor=2, multiplier=2
Scaled tech values by 2 / 1 to match internal grid scaling
Loading sky130A Device Generator Menu ...
Loading "/openLANE_flow/scripts/magic_drc.tcl" from command line.
Warning: Calma reading is not undoable!  I hope that's OK.
Library written using GDS-II Release 3.0
Library name: simple_por
Reading "sky130_fd_sc_hvl__decap_4".
CIF file read warning: CIF style sky130: units rescaled by factor of 5 / 1
Error while reading cell "sky130_fd_sc_hvl__decap_4" (byte position 2200): Unknown layer/datatype in boundary, layer=236 type=0
Reading "sky130_fd_sc_hvl__decap_8".
Error while reading cell "sky130_fd_sc_hvl__decap_8" (byte position 11712): Unknown layer/datatype in boundary, layer=236 type=0
Reading "sky130_fd_sc_hvl__fill_1".
Error while reading cell "sky130_fd_sc_hvl__fill_1" (byte position 13316): Unknown layer/datatype in boundary, layer=236 type=0
Reading "sky130_fd_sc_hvl__fill_2".
Error while reading cell "sky130_fd_sc_hvl__fill_2" (byte position 15752): Unknown layer/datatype in boundary, layer=236 type=0
Reading "sky130_fd_sc_hvl__schmittbuf_1".
Error while reading cell "sky130_fd_sc_hvl__schmittbuf_1" (byte position 24362): Unknown layer/datatype in boundary, layer=65 type=14
Error while reading cell "sky130_fd_sc_hvl__schmittbuf_1" (byte position 28428): Unknown layer/datatype in boundary, layer=236 type=0
Reading "sky130_fd_sc_hvl__conb_1".
Error while reading cell "sky130_fd_sc_hvl__conb_1" (byte position 31024): Unknown layer/datatype in boundary, layer=236 type=0
Reading "simple_por".
[INFO]: Loading simple_por

DRC style is now "drc(full)"
Loading DRC CIF style.
[INFO]: COUNT: 90
[INFO]: Should be divided by 3 or 4
[INFO]: DRC Checking DONE (/project/openlane/simple_por/runs/simple_por/logs/magic/magic.drc)
[INFO]: Saving mag view with DRC errors(/project/openlane/simple_por/runs/simple_por/results/magic/simple_por.drc.mag)
[INFO]: Saved
