
Magic 8.3 revision 64 - Compiled on Fri Oct  9 12:13:18 UTC 2020.
Starting magic under Tcl interpreter
Using the terminal as the console.
Using NULL graphics device.
Processing system .magicrc file
Sourcing design .magicrc for technology sky130A ...
2 Magic internal units = 1 Lambda
Input style sky130: scaleFactor=2, multiplier=2
Scaled tech values by 2 / 1 to match internal grid scaling
Loading sky130A Device Generator Menu ...
Loading "/openLANE_flow/scripts/magic.tcl" from command line.
Reading LEF data from file /home/xrex/usr/devel/pdks/sky130A/libs.ref/sky130_fd_sc_hvl/techlef/sky130_fd_sc_hvl.tlef.
This action cannot be undone.
LEF read, Line 64 (Message): Unknown keyword "MINWIDTH" in LEF file; ignoring.
LEF read, Line 77 (Message): Unknown keyword "ANTENNADIFFSIDEAREARATIO" in LEF file; ignoring.
LEF read, Line 98 (Message): Unknown keyword "MINENCLOSEDAREA" in LEF file; ignoring.
LEF read, Line 99 (Message): Unknown keyword "MINWIDTH" in LEF file; ignoring.
LEF read, Line 111 (Message): Unknown keyword "ANTENNADIFFSIDEAREARATIO" in LEF file; ignoring.
LEF read, Line 137 (Message): Unknown keyword "MINENCLOSEDAREA" in LEF file; ignoring.
LEF read, Line 138 (Message): Unknown keyword "MINWIDTH" in LEF file; ignoring.
LEF read, Line 155 (Message): Unknown keyword "ANTENNADIFFSIDEAREARATIO" in LEF file; ignoring.
LEF read, Line 174 (Message): Unknown keyword "MINWIDTH" in LEF file; ignoring.
LEF read, Line 191 (Message): Unknown keyword "ANTENNADIFFSIDEAREARATIO" in LEF file; ignoring.
LEF read, Line 209 (Message): Unknown keyword "MINWIDTH" in LEF file; ignoring.
LEF read, Line 227 (Message): Unknown keyword "ANTENNADIFFSIDEAREARATIO" in LEF file; ignoring.
LEF read, Line 246 (Message): Unknown keyword "MINWIDTH" in LEF file; ignoring.
LEF read, Line 263 (Message): Unknown keyword "ANTENNADIFFSIDEAREARATIO" in LEF file; ignoring.
LEF read: Processed 769 lines.
Reading DEF data from file /project/openlane/simple_por/runs/simple_por/results/routing/simple_por.def.
This action cannot be undone.
  Processed 6 vias total.
  Processed 16 subcell instances total.
  Processed 5 pins total.
  Processed 2 special nets total.
  Processed 5 nets total.
DEF read: Processed 209 lines.
[INFO]: Zeroizing Origin
[INFO]: Current Box Values: 0 0 4360 9164
[INFO]: Saving .mag view With BBox Values: 0 0 4360 9164
[INFO]: GDS Write Complete
[INFO]: Writing abstract LEF
Generating LEF output /project/openlane/simple_por/runs/simple_por/results/magic/simple_por.lef for cell simple_por:
Diagnostic:  Write LEF header for cell simple_por
Diagnostic:  Writing LEF output for cell simple_por
Diagnostic:  Scale value is 0.005000
[INFO]: LEF Write Complete
[INFO]: MAGIC TAPEOUT STEP DONE
