
Cell sky130_fd_sc_hd__buf_2 disconnected node: A
Cell sky130_fd_sc_hd__buf_2 disconnected node: VGND
Cell sky130_fd_sc_hd__buf_2 disconnected node: VNB
Cell sky130_fd_sc_hd__buf_2 disconnected node: VPB
Cell sky130_fd_sc_hd__buf_2 disconnected node: VPWR
Cell sky130_fd_sc_hd__buf_2 disconnected node: X
Warning: Equate pins:  cell sky130_fd_sc_hd__buf_2 has no definition, treated as a black box.

Subcircuit pins:
Circuit 1: sky130_fd_sc_hd__buf_2          |Circuit 2: sky130_fd_sc_hd__buf_2          
-------------------------------------------|-------------------------------------------
A                                          |A                                          
VGND                                       |VGND                                       
VNB                                        |VNB                                        
VPB                                        |VPB                                        
VPWR                                       |VPWR                                       
X                                          |X                                          
---------------------------------------------------------------------------------------
Cell pin lists are equivalent.
Device classes sky130_fd_sc_hd__buf_2 and sky130_fd_sc_hd__buf_2 are equivalent.

Cell sky130_fd_sc_hd__diode_2 disconnected node: DIODE
Cell sky130_fd_sc_hd__diode_2 disconnected node: VGND
Cell sky130_fd_sc_hd__diode_2 disconnected node: VNB
Cell sky130_fd_sc_hd__diode_2 disconnected node: VPB
Cell sky130_fd_sc_hd__diode_2 disconnected node: VPWR
Warning: Equate pins:  cell sky130_fd_sc_hd__diode_2 has no definition, treated as a black box.

Subcircuit pins:
Circuit 1: sky130_fd_sc_hd__diode_2        |Circuit 2: sky130_fd_sc_hd__diode_2        
-------------------------------------------|-------------------------------------------
DIODE                                      |DIODE                                      
VGND                                       |VGND                                       
VNB                                        |VNB                                        
VPB                                        |VPB                                        
VPWR                                       |VPWR                                       
---------------------------------------------------------------------------------------
Cell pin lists are equivalent.
Device classes sky130_fd_sc_hd__diode_2 and sky130_fd_sc_hd__diode_2 are equivalent.

Cell sky130_fd_sc_hd__a211o_4 disconnected node: A1
Cell sky130_fd_sc_hd__a211o_4 disconnected node: A2
Cell sky130_fd_sc_hd__a211o_4 disconnected node: B1
Cell sky130_fd_sc_hd__a211o_4 disconnected node: C1
Cell sky130_fd_sc_hd__a211o_4 disconnected node: VGND
Cell sky130_fd_sc_hd__a211o_4 disconnected node: VNB
Cell sky130_fd_sc_hd__a211o_4 disconnected node: VPB
Cell sky130_fd_sc_hd__a211o_4 disconnected node: VPWR
Cell sky130_fd_sc_hd__a211o_4 disconnected node: X
Warning: Equate pins:  cell sky130_fd_sc_hd__a211o_4 has no definition, treated as a black box.

Subcircuit pins:
Circuit 1: sky130_fd_sc_hd__a211o_4        |Circuit 2: sky130_fd_sc_hd__a211o_4        
-------------------------------------------|-------------------------------------------
A1                                         |A1                                         
A2                                         |A2                                         
B1                                         |B1                                         
C1                                         |C1                                         
VGND                                       |VGND                                       
VNB                                        |VNB                                        
VPB                                        |VPB                                        
VPWR                                       |VPWR                                       
X                                          |X                                          
---------------------------------------------------------------------------------------
Cell pin lists are equivalent.
Device classes sky130_fd_sc_hd__a211o_4 and sky130_fd_sc_hd__a211o_4 are equivalent.

Cell sky130_fd_sc_hd__inv_2 disconnected node: A
Cell sky130_fd_sc_hd__inv_2 disconnected node: VGND
Cell sky130_fd_sc_hd__inv_2 disconnected node: VNB
Cell sky130_fd_sc_hd__inv_2 disconnected node: VPB
Cell sky130_fd_sc_hd__inv_2 disconnected node: VPWR
Cell sky130_fd_sc_hd__inv_2 disconnected node: Y
Warning: Equate pins:  cell sky130_fd_sc_hd__inv_2 has no definition, treated as a black box.

Subcircuit pins:
Circuit 1: sky130_fd_sc_hd__inv_2          |Circuit 2: sky130_fd_sc_hd__inv_2          
-------------------------------------------|-------------------------------------------
A                                          |A                                          
VGND                                       |VGND                                       
VNB                                        |VNB                                        
VPB                                        |VPB                                        
VPWR                                       |VPWR                                       
Y                                          |Y                                          
---------------------------------------------------------------------------------------
Cell pin lists are equivalent.
Device classes sky130_fd_sc_hd__inv_2 and sky130_fd_sc_hd__inv_2 are equivalent.

Cell sky130_fd_sc_hd__nor2_4 disconnected node: A
Cell sky130_fd_sc_hd__nor2_4 disconnected node: B
Cell sky130_fd_sc_hd__nor2_4 disconnected node: VGND
Cell sky130_fd_sc_hd__nor2_4 disconnected node: VNB
Cell sky130_fd_sc_hd__nor2_4 disconnected node: VPB
Cell sky130_fd_sc_hd__nor2_4 disconnected node: VPWR
Cell sky130_fd_sc_hd__nor2_4 disconnected node: Y
Warning: Equate pins:  cell sky130_fd_sc_hd__nor2_4 has no definition, treated as a black box.

Subcircuit pins:
Circuit 1: sky130_fd_sc_hd__nor2_4         |Circuit 2: sky130_fd_sc_hd__nor2_4         
-------------------------------------------|-------------------------------------------
A                                          |A                                          
B                                          |B                                          
VGND                                       |VGND                                       
VNB                                        |VNB                                        
VPB                                        |VPB                                        
VPWR                                       |VPWR                                       
Y                                          |Y                                          
---------------------------------------------------------------------------------------
Cell pin lists are equivalent.
Device classes sky130_fd_sc_hd__nor2_4 and sky130_fd_sc_hd__nor2_4 are equivalent.

Cell sky130_fd_sc_hd__dfxtp_4 disconnected node: CLK
Cell sky130_fd_sc_hd__dfxtp_4 disconnected node: D
Cell sky130_fd_sc_hd__dfxtp_4 disconnected node: VGND
Cell sky130_fd_sc_hd__dfxtp_4 disconnected node: VNB
Cell sky130_fd_sc_hd__dfxtp_4 disconnected node: VPB
Cell sky130_fd_sc_hd__dfxtp_4 disconnected node: VPWR
Cell sky130_fd_sc_hd__dfxtp_4 disconnected node: Q
Warning: Equate pins:  cell sky130_fd_sc_hd__dfxtp_4 has no definition, treated as a black box.

Subcircuit pins:
Circuit 1: sky130_fd_sc_hd__dfxtp_4        |Circuit 2: sky130_fd_sc_hd__dfxtp_4        
-------------------------------------------|-------------------------------------------
CLK                                        |CLK                                        
D                                          |D                                          
VGND                                       |VGND                                       
VNB                                        |VNB                                        
VPB                                        |VPB                                        
VPWR                                       |VPWR                                       
Q                                          |Q                                          
---------------------------------------------------------------------------------------
Cell pin lists are equivalent.
Device classes sky130_fd_sc_hd__dfxtp_4 and sky130_fd_sc_hd__dfxtp_4 are equivalent.

Cell sky130_fd_sc_hd__a2bb2o_4 disconnected node: A1_N
Cell sky130_fd_sc_hd__a2bb2o_4 disconnected node: A2_N
Cell sky130_fd_sc_hd__a2bb2o_4 disconnected node: B1
Cell sky130_fd_sc_hd__a2bb2o_4 disconnected node: B2
Cell sky130_fd_sc_hd__a2bb2o_4 disconnected node: VGND
Cell sky130_fd_sc_hd__a2bb2o_4 disconnected node: VNB
Cell sky130_fd_sc_hd__a2bb2o_4 disconnected node: VPB
Cell sky130_fd_sc_hd__a2bb2o_4 disconnected node: VPWR
Cell sky130_fd_sc_hd__a2bb2o_4 disconnected node: X
Warning: Equate pins:  cell sky130_fd_sc_hd__a2bb2o_4 has no definition, treated as a black box.

Subcircuit pins:
Circuit 1: sky130_fd_sc_hd__a2bb2o_4       |Circuit 2: sky130_fd_sc_hd__a2bb2o_4       
-------------------------------------------|-------------------------------------------
A1_N                                       |A1_N                                       
A2_N                                       |A2_N                                       
B1                                         |B1                                         
B2                                         |B2                                         
VGND                                       |VGND                                       
VNB                                        |VNB                                        
VPB                                        |VPB                                        
VPWR                                       |VPWR                                       
X                                          |X                                          
---------------------------------------------------------------------------------------
Cell pin lists are equivalent.
Device classes sky130_fd_sc_hd__a2bb2o_4 and sky130_fd_sc_hd__a2bb2o_4 are equivalent.

Cell sky130_fd_sc_hd__dfstp_4 disconnected node: CLK
Cell sky130_fd_sc_hd__dfstp_4 disconnected node: D
Cell sky130_fd_sc_hd__dfstp_4 disconnected node: SET_B
Cell sky130_fd_sc_hd__dfstp_4 disconnected node: VGND
Cell sky130_fd_sc_hd__dfstp_4 disconnected node: VNB
Cell sky130_fd_sc_hd__dfstp_4 disconnected node: VPB
Cell sky130_fd_sc_hd__dfstp_4 disconnected node: VPWR
Cell sky130_fd_sc_hd__dfstp_4 disconnected node: Q
Warning: Equate pins:  cell sky130_fd_sc_hd__dfstp_4 has no definition, treated as a black box.

Subcircuit pins:
Circuit 1: sky130_fd_sc_hd__dfstp_4        |Circuit 2: sky130_fd_sc_hd__dfstp_4        
-------------------------------------------|-------------------------------------------
CLK                                        |CLK                                        
D                                          |D                                          
SET_B                                      |SET_B                                      
VGND                                       |VGND                                       
VNB                                        |VNB                                        
VPB                                        |VPB                                        
VPWR                                       |VPWR                                       
Q                                          |Q                                          
---------------------------------------------------------------------------------------
Cell pin lists are equivalent.
Device classes sky130_fd_sc_hd__dfstp_4 and sky130_fd_sc_hd__dfstp_4 are equivalent.

Cell sky130_fd_sc_hd__or2_4 disconnected node: A
Cell sky130_fd_sc_hd__or2_4 disconnected node: B
Cell sky130_fd_sc_hd__or2_4 disconnected node: VGND
Cell sky130_fd_sc_hd__or2_4 disconnected node: VNB
Cell sky130_fd_sc_hd__or2_4 disconnected node: VPB
Cell sky130_fd_sc_hd__or2_4 disconnected node: VPWR
Cell sky130_fd_sc_hd__or2_4 disconnected node: X
Warning: Equate pins:  cell sky130_fd_sc_hd__or2_4 has no definition, treated as a black box.

Subcircuit pins:
Circuit 1: sky130_fd_sc_hd__or2_4          |Circuit 2: sky130_fd_sc_hd__or2_4          
-------------------------------------------|-------------------------------------------
A                                          |A                                          
B                                          |B                                          
VGND                                       |VGND                                       
VNB                                        |VNB                                        
VPB                                        |VPB                                        
VPWR                                       |VPWR                                       
X                                          |X                                          
---------------------------------------------------------------------------------------
Cell pin lists are equivalent.
Device classes sky130_fd_sc_hd__or2_4 and sky130_fd_sc_hd__or2_4 are equivalent.

Cell sky130_fd_sc_hd__o22a_4 disconnected node: A1
Cell sky130_fd_sc_hd__o22a_4 disconnected node: A2
Cell sky130_fd_sc_hd__o22a_4 disconnected node: B1
Cell sky130_fd_sc_hd__o22a_4 disconnected node: B2
Cell sky130_fd_sc_hd__o22a_4 disconnected node: VGND
Cell sky130_fd_sc_hd__o22a_4 disconnected node: VNB
Cell sky130_fd_sc_hd__o22a_4 disconnected node: VPB
Cell sky130_fd_sc_hd__o22a_4 disconnected node: VPWR
Cell sky130_fd_sc_hd__o22a_4 disconnected node: X
Warning: Equate pins:  cell sky130_fd_sc_hd__o22a_4 has no definition, treated as a black box.

Subcircuit pins:
Circuit 1: sky130_fd_sc_hd__o22a_4         |Circuit 2: sky130_fd_sc_hd__o22a_4         
-------------------------------------------|-------------------------------------------
A1                                         |A1                                         
A2                                         |A2                                         
B1                                         |B1                                         
B2                                         |B2                                         
VGND                                       |VGND                                       
VNB                                        |VNB                                        
VPB                                        |VPB                                        
VPWR                                       |VPWR                                       
X                                          |X                                          
---------------------------------------------------------------------------------------
Cell pin lists are equivalent.
Device classes sky130_fd_sc_hd__o22a_4 and sky130_fd_sc_hd__o22a_4 are equivalent.

Cell sky130_fd_sc_hd__dfrtp_4 disconnected node: CLK
Cell sky130_fd_sc_hd__dfrtp_4 disconnected node: D
Cell sky130_fd_sc_hd__dfrtp_4 disconnected node: RESET_B
Cell sky130_fd_sc_hd__dfrtp_4 disconnected node: VGND
Cell sky130_fd_sc_hd__dfrtp_4 disconnected node: VNB
Cell sky130_fd_sc_hd__dfrtp_4 disconnected node: VPB
Cell sky130_fd_sc_hd__dfrtp_4 disconnected node: VPWR
Cell sky130_fd_sc_hd__dfrtp_4 disconnected node: Q
Warning: Equate pins:  cell sky130_fd_sc_hd__dfrtp_4 has no definition, treated as a black box.

Subcircuit pins:
Circuit 1: sky130_fd_sc_hd__dfrtp_4        |Circuit 2: sky130_fd_sc_hd__dfrtp_4        
-------------------------------------------|-------------------------------------------
CLK                                        |CLK                                        
D                                          |D                                          
RESET_B                                    |RESET_B                                    
VGND                                       |VGND                                       
VNB                                        |VNB                                        
VPB                                        |VPB                                        
VPWR                                       |VPWR                                       
Q                                          |Q                                          
---------------------------------------------------------------------------------------
Cell pin lists are equivalent.
Device classes sky130_fd_sc_hd__dfrtp_4 and sky130_fd_sc_hd__dfrtp_4 are equivalent.

Cell sky130_fd_sc_hd__tapvpwrvgnd_1 disconnected node: VGND
Cell sky130_fd_sc_hd__tapvpwrvgnd_1 disconnected node: VPWR
Warning: Equate pins:  cell sky130_fd_sc_hd__tapvpwrvgnd_1 has no definition, treated as a black box.

Subcircuit pins:
Circuit 1: sky130_fd_sc_hd__tapvpwrvgnd_1  |Circuit 2: sky130_fd_sc_hd__tapvpwrvgnd_1  
-------------------------------------------|-------------------------------------------
VGND                                       |VGND                                       
VPWR                                       |VPWR                                       
---------------------------------------------------------------------------------------
Cell pin lists are equivalent.
Device classes sky130_fd_sc_hd__tapvpwrvgnd_1 and sky130_fd_sc_hd__tapvpwrvgnd_1 are equivalent.

Cell sky130_fd_sc_hd__and4_4 disconnected node: A
Cell sky130_fd_sc_hd__and4_4 disconnected node: B
Cell sky130_fd_sc_hd__and4_4 disconnected node: C
Cell sky130_fd_sc_hd__and4_4 disconnected node: D
Cell sky130_fd_sc_hd__and4_4 disconnected node: VGND
Cell sky130_fd_sc_hd__and4_4 disconnected node: VNB
Cell sky130_fd_sc_hd__and4_4 disconnected node: VPB
Cell sky130_fd_sc_hd__and4_4 disconnected node: VPWR
Cell sky130_fd_sc_hd__and4_4 disconnected node: X
Warning: Equate pins:  cell sky130_fd_sc_hd__and4_4 has no definition, treated as a black box.

Subcircuit pins:
Circuit 1: sky130_fd_sc_hd__and4_4         |Circuit 2: sky130_fd_sc_hd__and4_4         
-------------------------------------------|-------------------------------------------
A                                          |A                                          
B                                          |B                                          
C                                          |C                                          
D                                          |D                                          
VGND                                       |VGND                                       
VNB                                        |VNB                                        
VPB                                        |VPB                                        
VPWR                                       |VPWR                                       
X                                          |X                                          
---------------------------------------------------------------------------------------
Cell pin lists are equivalent.
Device classes sky130_fd_sc_hd__and4_4 and sky130_fd_sc_hd__and4_4 are equivalent.

Cell sky130_fd_sc_hd__o21ai_4 disconnected node: A1
Cell sky130_fd_sc_hd__o21ai_4 disconnected node: A2
Cell sky130_fd_sc_hd__o21ai_4 disconnected node: B1
Cell sky130_fd_sc_hd__o21ai_4 disconnected node: VGND
Cell sky130_fd_sc_hd__o21ai_4 disconnected node: VNB
Cell sky130_fd_sc_hd__o21ai_4 disconnected node: VPB
Cell sky130_fd_sc_hd__o21ai_4 disconnected node: VPWR
Cell sky130_fd_sc_hd__o21ai_4 disconnected node: Y
Warning: Equate pins:  cell sky130_fd_sc_hd__o21ai_4 has no definition, treated as a black box.

Subcircuit pins:
Circuit 1: sky130_fd_sc_hd__o21ai_4        |Circuit 2: sky130_fd_sc_hd__o21ai_4        
-------------------------------------------|-------------------------------------------
A1                                         |A1                                         
A2                                         |A2                                         
B1                                         |B1                                         
VGND                                       |VGND                                       
VNB                                        |VNB                                        
VPB                                        |VPB                                        
VPWR                                       |VPWR                                       
Y                                          |Y                                          
---------------------------------------------------------------------------------------
Cell pin lists are equivalent.
Device classes sky130_fd_sc_hd__o21ai_4 and sky130_fd_sc_hd__o21ai_4 are equivalent.

Cell sky130_fd_sc_hd__and3_4 disconnected node: A
Cell sky130_fd_sc_hd__and3_4 disconnected node: B
Cell sky130_fd_sc_hd__and3_4 disconnected node: C
Cell sky130_fd_sc_hd__and3_4 disconnected node: VGND
Cell sky130_fd_sc_hd__and3_4 disconnected node: VNB
Cell sky130_fd_sc_hd__and3_4 disconnected node: VPB
Cell sky130_fd_sc_hd__and3_4 disconnected node: VPWR
Cell sky130_fd_sc_hd__and3_4 disconnected node: X
Warning: Equate pins:  cell sky130_fd_sc_hd__and3_4 has no definition, treated as a black box.

Subcircuit pins:
Circuit 1: sky130_fd_sc_hd__and3_4         |Circuit 2: sky130_fd_sc_hd__and3_4         
-------------------------------------------|-------------------------------------------
A                                          |A                                          
B                                          |B                                          
C                                          |C                                          
VGND                                       |VGND                                       
VNB                                        |VNB                                        
VPB                                        |VPB                                        
VPWR                                       |VPWR                                       
X                                          |X                                          
---------------------------------------------------------------------------------------
Cell pin lists are equivalent.
Device classes sky130_fd_sc_hd__and3_4 and sky130_fd_sc_hd__and3_4 are equivalent.

Cell sky130_fd_sc_hd__a32o_4 disconnected node: A1
Cell sky130_fd_sc_hd__a32o_4 disconnected node: A2
Cell sky130_fd_sc_hd__a32o_4 disconnected node: A3
Cell sky130_fd_sc_hd__a32o_4 disconnected node: B1
Cell sky130_fd_sc_hd__a32o_4 disconnected node: B2
Cell sky130_fd_sc_hd__a32o_4 disconnected node: VGND
Cell sky130_fd_sc_hd__a32o_4 disconnected node: VNB
Cell sky130_fd_sc_hd__a32o_4 disconnected node: VPB
Cell sky130_fd_sc_hd__a32o_4 disconnected node: VPWR
Cell sky130_fd_sc_hd__a32o_4 disconnected node: X
Warning: Equate pins:  cell sky130_fd_sc_hd__a32o_4 has no definition, treated as a black box.

Subcircuit pins:
Circuit 1: sky130_fd_sc_hd__a32o_4         |Circuit 2: sky130_fd_sc_hd__a32o_4         
-------------------------------------------|-------------------------------------------
A1                                         |A1                                         
A2                                         |A2                                         
A3                                         |A3                                         
B1                                         |B1                                         
B2                                         |B2                                         
VGND                                       |VGND                                       
VNB                                        |VNB                                        
VPB                                        |VPB                                        
VPWR                                       |VPWR                                       
X                                          |X                                          
---------------------------------------------------------------------------------------
Cell pin lists are equivalent.
Device classes sky130_fd_sc_hd__a32o_4 and sky130_fd_sc_hd__a32o_4 are equivalent.

Cell sky130_fd_sc_hd__or3_4 disconnected node: A
Cell sky130_fd_sc_hd__or3_4 disconnected node: B
Cell sky130_fd_sc_hd__or3_4 disconnected node: C
Cell sky130_fd_sc_hd__or3_4 disconnected node: VGND
Cell sky130_fd_sc_hd__or3_4 disconnected node: VNB
Cell sky130_fd_sc_hd__or3_4 disconnected node: VPB
Cell sky130_fd_sc_hd__or3_4 disconnected node: VPWR
Cell sky130_fd_sc_hd__or3_4 disconnected node: X
Warning: Equate pins:  cell sky130_fd_sc_hd__or3_4 has no definition, treated as a black box.

Subcircuit pins:
Circuit 1: sky130_fd_sc_hd__or3_4          |Circuit 2: sky130_fd_sc_hd__or3_4          
-------------------------------------------|-------------------------------------------
A                                          |A                                          
B                                          |B                                          
C                                          |C                                          
VGND                                       |VGND                                       
VNB                                        |VNB                                        
VPB                                        |VPB                                        
VPWR                                       |VPWR                                       
X                                          |X                                          
---------------------------------------------------------------------------------------
Cell pin lists are equivalent.
Device classes sky130_fd_sc_hd__or3_4 and sky130_fd_sc_hd__or3_4 are equivalent.

Cell sky130_fd_sc_hd__or4_4 disconnected node: A
Cell sky130_fd_sc_hd__or4_4 disconnected node: B
Cell sky130_fd_sc_hd__or4_4 disconnected node: C
Cell sky130_fd_sc_hd__or4_4 disconnected node: D
Cell sky130_fd_sc_hd__or4_4 disconnected node: VGND
Cell sky130_fd_sc_hd__or4_4 disconnected node: VNB
Cell sky130_fd_sc_hd__or4_4 disconnected node: VPB
Cell sky130_fd_sc_hd__or4_4 disconnected node: VPWR
Cell sky130_fd_sc_hd__or4_4 disconnected node: X
Warning: Equate pins:  cell sky130_fd_sc_hd__or4_4 has no definition, treated as a black box.

Subcircuit pins:
Circuit 1: sky130_fd_sc_hd__or4_4          |Circuit 2: sky130_fd_sc_hd__or4_4          
-------------------------------------------|-------------------------------------------
A                                          |A                                          
B                                          |B                                          
C                                          |C                                          
D                                          |D                                          
VGND                                       |VGND                                       
VNB                                        |VNB                                        
VPB                                        |VPB                                        
VPWR                                       |VPWR                                       
X                                          |X                                          
---------------------------------------------------------------------------------------
Cell pin lists are equivalent.
Device classes sky130_fd_sc_hd__or4_4 and sky130_fd_sc_hd__or4_4 are equivalent.

Cell sky130_fd_sc_hd__o21a_4 disconnected node: A1
Cell sky130_fd_sc_hd__o21a_4 disconnected node: A2
Cell sky130_fd_sc_hd__o21a_4 disconnected node: B1
Cell sky130_fd_sc_hd__o21a_4 disconnected node: VGND
Cell sky130_fd_sc_hd__o21a_4 disconnected node: VNB
Cell sky130_fd_sc_hd__o21a_4 disconnected node: VPB
Cell sky130_fd_sc_hd__o21a_4 disconnected node: VPWR
Cell sky130_fd_sc_hd__o21a_4 disconnected node: X
Warning: Equate pins:  cell sky130_fd_sc_hd__o21a_4 has no definition, treated as a black box.

Subcircuit pins:
Circuit 1: sky130_fd_sc_hd__o21a_4         |Circuit 2: sky130_fd_sc_hd__o21a_4         
-------------------------------------------|-------------------------------------------
A1                                         |A1                                         
A2                                         |A2                                         
B1                                         |B1                                         
VGND                                       |VGND                                       
VNB                                        |VNB                                        
VPB                                        |VPB                                        
VPWR                                       |VPWR                                       
X                                          |X                                          
---------------------------------------------------------------------------------------
Cell pin lists are equivalent.
Device classes sky130_fd_sc_hd__o21a_4 and sky130_fd_sc_hd__o21a_4 are equivalent.

Cell sky130_fd_sc_hd__a21o_4 disconnected node: A1
Cell sky130_fd_sc_hd__a21o_4 disconnected node: A2
Cell sky130_fd_sc_hd__a21o_4 disconnected node: B1
Cell sky130_fd_sc_hd__a21o_4 disconnected node: VGND
Cell sky130_fd_sc_hd__a21o_4 disconnected node: VNB
Cell sky130_fd_sc_hd__a21o_4 disconnected node: VPB
Cell sky130_fd_sc_hd__a21o_4 disconnected node: VPWR
Cell sky130_fd_sc_hd__a21o_4 disconnected node: X
Warning: Equate pins:  cell sky130_fd_sc_hd__a21o_4 has no definition, treated as a black box.

Subcircuit pins:
Circuit 1: sky130_fd_sc_hd__a21o_4         |Circuit 2: sky130_fd_sc_hd__a21o_4         
-------------------------------------------|-------------------------------------------
A1                                         |A1                                         
A2                                         |A2                                         
B1                                         |B1                                         
VGND                                       |VGND                                       
VNB                                        |VNB                                        
VPB                                        |VPB                                        
VPWR                                       |VPWR                                       
X                                          |X                                          
---------------------------------------------------------------------------------------
Cell pin lists are equivalent.
Device classes sky130_fd_sc_hd__a21o_4 and sky130_fd_sc_hd__a21o_4 are equivalent.

Cell sky130_fd_sc_hd__nand2_4 disconnected node: A
Cell sky130_fd_sc_hd__nand2_4 disconnected node: B
Cell sky130_fd_sc_hd__nand2_4 disconnected node: VGND
Cell sky130_fd_sc_hd__nand2_4 disconnected node: VNB
Cell sky130_fd_sc_hd__nand2_4 disconnected node: VPB
Cell sky130_fd_sc_hd__nand2_4 disconnected node: VPWR
Cell sky130_fd_sc_hd__nand2_4 disconnected node: Y
Warning: Equate pins:  cell sky130_fd_sc_hd__nand2_4 has no definition, treated as a black box.

Subcircuit pins:
Circuit 1: sky130_fd_sc_hd__nand2_4        |Circuit 2: sky130_fd_sc_hd__nand2_4        
-------------------------------------------|-------------------------------------------
A                                          |A                                          
B                                          |B                                          
VGND                                       |VGND                                       
VNB                                        |VNB                                        
VPB                                        |VPB                                        
VPWR                                       |VPWR                                       
Y                                          |Y                                          
---------------------------------------------------------------------------------------
Cell pin lists are equivalent.
Device classes sky130_fd_sc_hd__nand2_4 and sky130_fd_sc_hd__nand2_4 are equivalent.

Cell sky130_fd_sc_hd__and2_4 disconnected node: A
Cell sky130_fd_sc_hd__and2_4 disconnected node: B
Cell sky130_fd_sc_hd__and2_4 disconnected node: VGND
Cell sky130_fd_sc_hd__and2_4 disconnected node: VNB
Cell sky130_fd_sc_hd__and2_4 disconnected node: VPB
Cell sky130_fd_sc_hd__and2_4 disconnected node: VPWR
Cell sky130_fd_sc_hd__and2_4 disconnected node: X
Warning: Equate pins:  cell sky130_fd_sc_hd__and2_4 has no definition, treated as a black box.

Subcircuit pins:
Circuit 1: sky130_fd_sc_hd__and2_4         |Circuit 2: sky130_fd_sc_hd__and2_4         
-------------------------------------------|-------------------------------------------
A                                          |A                                          
B                                          |B                                          
VGND                                       |VGND                                       
VNB                                        |VNB                                        
VPB                                        |VPB                                        
VPWR                                       |VPWR                                       
X                                          |X                                          
---------------------------------------------------------------------------------------
Cell pin lists are equivalent.
Device classes sky130_fd_sc_hd__and2_4 and sky130_fd_sc_hd__and2_4 are equivalent.

Cell sky130_fd_sc_hd__a2111o_4 disconnected node: A1
Cell sky130_fd_sc_hd__a2111o_4 disconnected node: A2
Cell sky130_fd_sc_hd__a2111o_4 disconnected node: B1
Cell sky130_fd_sc_hd__a2111o_4 disconnected node: C1
Cell sky130_fd_sc_hd__a2111o_4 disconnected node: D1
Cell sky130_fd_sc_hd__a2111o_4 disconnected node: VGND
Cell sky130_fd_sc_hd__a2111o_4 disconnected node: VNB
Cell sky130_fd_sc_hd__a2111o_4 disconnected node: VPB
Cell sky130_fd_sc_hd__a2111o_4 disconnected node: VPWR
Cell sky130_fd_sc_hd__a2111o_4 disconnected node: X
Warning: Equate pins:  cell sky130_fd_sc_hd__a2111o_4 has no definition, treated as a black box.

Subcircuit pins:
Circuit 1: sky130_fd_sc_hd__a2111o_4       |Circuit 2: sky130_fd_sc_hd__a2111o_4       
-------------------------------------------|-------------------------------------------
A1                                         |A1                                         
A2                                         |A2                                         
B1                                         |B1                                         
C1                                         |C1                                         
D1                                         |D1                                         
VGND                                       |VGND                                       
VNB                                        |VNB                                        
VPB                                        |VPB                                        
VPWR                                       |VPWR                                       
X                                          |X                                          
---------------------------------------------------------------------------------------
Cell pin lists are equivalent.
Device classes sky130_fd_sc_hd__a2111o_4 and sky130_fd_sc_hd__a2111o_4 are equivalent.

Cell sky130_fd_sc_hd__a21bo_4 disconnected node: A1
Cell sky130_fd_sc_hd__a21bo_4 disconnected node: A2
Cell sky130_fd_sc_hd__a21bo_4 disconnected node: B1_N
Cell sky130_fd_sc_hd__a21bo_4 disconnected node: VGND
Cell sky130_fd_sc_hd__a21bo_4 disconnected node: VNB
Cell sky130_fd_sc_hd__a21bo_4 disconnected node: VPB
Cell sky130_fd_sc_hd__a21bo_4 disconnected node: VPWR
Cell sky130_fd_sc_hd__a21bo_4 disconnected node: X
Warning: Equate pins:  cell sky130_fd_sc_hd__a21bo_4 has no definition, treated as a black box.

Subcircuit pins:
Circuit 1: sky130_fd_sc_hd__a21bo_4        |Circuit 2: sky130_fd_sc_hd__a21bo_4        
-------------------------------------------|-------------------------------------------
A1                                         |A1                                         
A2                                         |A2                                         
B1_N                                       |B1_N                                       
VGND                                       |VGND                                       
VNB                                        |VNB                                        
VPB                                        |VPB                                        
VPWR                                       |VPWR                                       
X                                          |X                                          
---------------------------------------------------------------------------------------
Cell pin lists are equivalent.
Device classes sky130_fd_sc_hd__a21bo_4 and sky130_fd_sc_hd__a21bo_4 are equivalent.

Cell sky130_fd_sc_hd__a22oi_4 disconnected node: A1
Cell sky130_fd_sc_hd__a22oi_4 disconnected node: A2
Cell sky130_fd_sc_hd__a22oi_4 disconnected node: B1
Cell sky130_fd_sc_hd__a22oi_4 disconnected node: B2
Cell sky130_fd_sc_hd__a22oi_4 disconnected node: VGND
Cell sky130_fd_sc_hd__a22oi_4 disconnected node: VNB
Cell sky130_fd_sc_hd__a22oi_4 disconnected node: VPB
Cell sky130_fd_sc_hd__a22oi_4 disconnected node: VPWR
Cell sky130_fd_sc_hd__a22oi_4 disconnected node: Y
Warning: Equate pins:  cell sky130_fd_sc_hd__a22oi_4 has no definition, treated as a black box.

Subcircuit pins:
Circuit 1: sky130_fd_sc_hd__a22oi_4        |Circuit 2: sky130_fd_sc_hd__a22oi_4        
-------------------------------------------|-------------------------------------------
A1                                         |A1                                         
A2                                         |A2                                         
B1                                         |B1                                         
B2                                         |B2                                         
VGND                                       |VGND                                       
VNB                                        |VNB                                        
VPB                                        |VPB                                        
VPWR                                       |VPWR                                       
Y                                          |Y                                          
---------------------------------------------------------------------------------------
Cell pin lists are equivalent.
Device classes sky130_fd_sc_hd__a22oi_4 and sky130_fd_sc_hd__a22oi_4 are equivalent.

Cell sky130_fd_sc_hd__o32a_4 disconnected node: A1
Cell sky130_fd_sc_hd__o32a_4 disconnected node: A2
Cell sky130_fd_sc_hd__o32a_4 disconnected node: A3
Cell sky130_fd_sc_hd__o32a_4 disconnected node: B1
Cell sky130_fd_sc_hd__o32a_4 disconnected node: B2
Cell sky130_fd_sc_hd__o32a_4 disconnected node: VGND
Cell sky130_fd_sc_hd__o32a_4 disconnected node: VNB
Cell sky130_fd_sc_hd__o32a_4 disconnected node: VPB
Cell sky130_fd_sc_hd__o32a_4 disconnected node: VPWR
Cell sky130_fd_sc_hd__o32a_4 disconnected node: X
Warning: Equate pins:  cell sky130_fd_sc_hd__o32a_4 has no definition, treated as a black box.

Subcircuit pins:
Circuit 1: sky130_fd_sc_hd__o32a_4         |Circuit 2: sky130_fd_sc_hd__o32a_4         
-------------------------------------------|-------------------------------------------
A1                                         |A1                                         
A2                                         |A2                                         
A3                                         |A3                                         
B1                                         |B1                                         
B2                                         |B2                                         
VGND                                       |VGND                                       
VNB                                        |VNB                                        
VPB                                        |VPB                                        
VPWR                                       |VPWR                                       
X                                          |X                                          
---------------------------------------------------------------------------------------
Cell pin lists are equivalent.
Device classes sky130_fd_sc_hd__o32a_4 and sky130_fd_sc_hd__o32a_4 are equivalent.

Cell sky130_fd_sc_hd__a21oi_4 disconnected node: A1
Cell sky130_fd_sc_hd__a21oi_4 disconnected node: A2
Cell sky130_fd_sc_hd__a21oi_4 disconnected node: B1
Cell sky130_fd_sc_hd__a21oi_4 disconnected node: VGND
Cell sky130_fd_sc_hd__a21oi_4 disconnected node: VNB
Cell sky130_fd_sc_hd__a21oi_4 disconnected node: VPB
Cell sky130_fd_sc_hd__a21oi_4 disconnected node: VPWR
Cell sky130_fd_sc_hd__a21oi_4 disconnected node: Y
Warning: Equate pins:  cell sky130_fd_sc_hd__a21oi_4 has no definition, treated as a black box.

Subcircuit pins:
Circuit 1: sky130_fd_sc_hd__a21oi_4        |Circuit 2: sky130_fd_sc_hd__a21oi_4        
-------------------------------------------|-------------------------------------------
A1                                         |A1                                         
A2                                         |A2                                         
B1                                         |B1                                         
VGND                                       |VGND                                       
VNB                                        |VNB                                        
VPB                                        |VPB                                        
VPWR                                       |VPWR                                       
Y                                          |Y                                          
---------------------------------------------------------------------------------------
Cell pin lists are equivalent.
Device classes sky130_fd_sc_hd__a21oi_4 and sky130_fd_sc_hd__a21oi_4 are equivalent.

Cell digital_pll disconnected node: clockp[0]
Cell digital_pll disconnected node: clockp[1]
Cell digital_pll disconnected node: dco
Cell digital_pll disconnected node: div[0]
Cell digital_pll disconnected node: div[1]
Cell digital_pll disconnected node: div[2]
Cell digital_pll disconnected node: div[3]
Cell digital_pll disconnected node: div[4]
Cell digital_pll disconnected node: enable
Cell digital_pll disconnected node: ext_trim[0]
Cell digital_pll disconnected node: ext_trim[10]
Cell digital_pll disconnected node: ext_trim[11]
Cell digital_pll disconnected node: ext_trim[12]
Cell digital_pll disconnected node: ext_trim[13]
Cell digital_pll disconnected node: ext_trim[14]
Cell digital_pll disconnected node: ext_trim[15]
Cell digital_pll disconnected node: ext_trim[16]
Cell digital_pll disconnected node: ext_trim[17]
Cell digital_pll disconnected node: ext_trim[18]
Cell digital_pll disconnected node: ext_trim[19]
Cell digital_pll disconnected node: ext_trim[1]
Cell digital_pll disconnected node: ext_trim[20]
Cell digital_pll disconnected node: ext_trim[21]
Cell digital_pll disconnected node: ext_trim[22]
Cell digital_pll disconnected node: ext_trim[23]
Cell digital_pll disconnected node: ext_trim[24]
Cell digital_pll disconnected node: ext_trim[25]
Cell digital_pll disconnected node: ext_trim[2]
Cell digital_pll disconnected node: ext_trim[3]
Cell digital_pll disconnected node: ext_trim[4]
Cell digital_pll disconnected node: ext_trim[5]
Cell digital_pll disconnected node: ext_trim[6]
Cell digital_pll disconnected node: ext_trim[7]
Cell digital_pll disconnected node: ext_trim[8]
Cell digital_pll disconnected node: ext_trim[9]
Cell digital_pll disconnected node: osc
Cell digital_pll disconnected node: resetb
Cell digital_pll disconnected node: VPWR
Cell digital_pll disconnected node: VGND
Warning: Equate pins:  cell digital_pll has no definition, treated as a black box.

Subcircuit pins:
Circuit 1: digital_pll                     |Circuit 2: digital_pll                     
-------------------------------------------|-------------------------------------------
clockp[0]                                  |clockp[0]                                  
clockp[1]                                  |clockp[1]                                  
dco                                        |dco                                        
div[0]                                     |div[0]                                     
div[1]                                     |div[1]                                     
div[2]                                     |div[2]                                     
div[3]                                     |div[3]                                     
div[4]                                     |div[4]                                     
enable                                     |enable                                     
ext_trim[0]                                |ext_trim[0]                                
ext_trim[10]                               |ext_trim[10]                               
ext_trim[11]                               |ext_trim[11]                               
ext_trim[12]                               |ext_trim[12]                               
ext_trim[13]                               |ext_trim[13]                               
ext_trim[14]                               |ext_trim[14]                               
ext_trim[15]                               |ext_trim[15]                               
ext_trim[16]                               |ext_trim[16]                               
ext_trim[17]                               |ext_trim[17]                               
ext_trim[18]                               |ext_trim[18]                               
ext_trim[19]                               |ext_trim[19]                               
ext_trim[1]                                |ext_trim[1]                                
ext_trim[20]                               |ext_trim[20]                               
ext_trim[21]                               |ext_trim[21]                               
ext_trim[22]                               |ext_trim[22]                               
ext_trim[23]                               |ext_trim[23]                               
ext_trim[24]                               |ext_trim[24]                               
ext_trim[25]                               |ext_trim[25]                               
ext_trim[2]                                |ext_trim[2]                                
ext_trim[3]                                |ext_trim[3]                                
ext_trim[4]                                |ext_trim[4]                                
ext_trim[5]                                |ext_trim[5]                                
ext_trim[6]                                |ext_trim[6]                                
ext_trim[7]                                |ext_trim[7]                                
ext_trim[8]                                |ext_trim[8]                                
ext_trim[9]                                |ext_trim[9]                                
osc                                        |osc                                        
resetb                                     |resetb                                     
VPWR                                       |VPWR                                       
VGND                                       |VGND                                       
---------------------------------------------------------------------------------------
Cell pin lists are equivalent.
Device classes digital_pll and digital_pll are equivalent.

Cell sky130_fd_sc_hd__a41o_4 disconnected node: A1
Cell sky130_fd_sc_hd__a41o_4 disconnected node: A2
Cell sky130_fd_sc_hd__a41o_4 disconnected node: A3
Cell sky130_fd_sc_hd__a41o_4 disconnected node: A4
Cell sky130_fd_sc_hd__a41o_4 disconnected node: B1
Cell sky130_fd_sc_hd__a41o_4 disconnected node: VGND
Cell sky130_fd_sc_hd__a41o_4 disconnected node: VNB
Cell sky130_fd_sc_hd__a41o_4 disconnected node: VPB
Cell sky130_fd_sc_hd__a41o_4 disconnected node: VPWR
Cell sky130_fd_sc_hd__a41o_4 disconnected node: X
Warning: Equate pins:  cell sky130_fd_sc_hd__a41o_4 has no definition, treated as a black box.

Subcircuit pins:
Circuit 1: sky130_fd_sc_hd__a41o_4         |Circuit 2: sky130_fd_sc_hd__a41o_4         
-------------------------------------------|-------------------------------------------
A1                                         |A1                                         
A2                                         |A2                                         
A3                                         |A3                                         
A4                                         |A4                                         
B1                                         |B1                                         
VGND                                       |VGND                                       
VNB                                        |VNB                                        
VPB                                        |VPB                                        
VPWR                                       |VPWR                                       
X                                          |X                                          
---------------------------------------------------------------------------------------
Cell pin lists are equivalent.
Device classes sky130_fd_sc_hd__a41o_4 and sky130_fd_sc_hd__a41o_4 are equivalent.

Cell sky130_fd_sc_hd__o41a_4 disconnected node: A1
Cell sky130_fd_sc_hd__o41a_4 disconnected node: A2
Cell sky130_fd_sc_hd__o41a_4 disconnected node: A3
Cell sky130_fd_sc_hd__o41a_4 disconnected node: A4
Cell sky130_fd_sc_hd__o41a_4 disconnected node: B1
Cell sky130_fd_sc_hd__o41a_4 disconnected node: VGND
Cell sky130_fd_sc_hd__o41a_4 disconnected node: VNB
Cell sky130_fd_sc_hd__o41a_4 disconnected node: VPB
Cell sky130_fd_sc_hd__o41a_4 disconnected node: VPWR
Cell sky130_fd_sc_hd__o41a_4 disconnected node: X
Warning: Equate pins:  cell sky130_fd_sc_hd__o41a_4 has no definition, treated as a black box.

Subcircuit pins:
Circuit 1: sky130_fd_sc_hd__o41a_4         |Circuit 2: sky130_fd_sc_hd__o41a_4         
-------------------------------------------|-------------------------------------------
A1                                         |A1                                         
A2                                         |A2                                         
A3                                         |A3                                         
A4                                         |A4                                         
B1                                         |B1                                         
VGND                                       |VGND                                       
VNB                                        |VNB                                        
VPB                                        |VPB                                        
VPWR                                       |VPWR                                       
X                                          |X                                          
---------------------------------------------------------------------------------------
Cell pin lists are equivalent.
Device classes sky130_fd_sc_hd__o41a_4 and sky130_fd_sc_hd__o41a_4 are equivalent.

Cell sky130_fd_sc_hd__clkbuf_16 disconnected node: A
Cell sky130_fd_sc_hd__clkbuf_16 disconnected node: VGND
Cell sky130_fd_sc_hd__clkbuf_16 disconnected node: VNB
Cell sky130_fd_sc_hd__clkbuf_16 disconnected node: VPB
Cell sky130_fd_sc_hd__clkbuf_16 disconnected node: VPWR
Cell sky130_fd_sc_hd__clkbuf_16 disconnected node: X
Warning: Equate pins:  cell sky130_fd_sc_hd__clkbuf_16 has no definition, treated as a black box.

Subcircuit pins:
Circuit 1: sky130_fd_sc_hd__clkbuf_16      |Circuit 2: sky130_fd_sc_hd__clkbuf_16      
-------------------------------------------|-------------------------------------------
A                                          |A                                          
VGND                                       |VGND                                       
VNB                                        |VNB                                        
VPB                                        |VPB                                        
VPWR                                       |VPWR                                       
X                                          |X                                          
---------------------------------------------------------------------------------------
Cell pin lists are equivalent.
Device classes sky130_fd_sc_hd__clkbuf_16 and sky130_fd_sc_hd__clkbuf_16 are equivalent.

Cell sky130_fd_sc_hd__clkbuf_1 disconnected node: A
Cell sky130_fd_sc_hd__clkbuf_1 disconnected node: VGND
Cell sky130_fd_sc_hd__clkbuf_1 disconnected node: VNB
Cell sky130_fd_sc_hd__clkbuf_1 disconnected node: VPB
Cell sky130_fd_sc_hd__clkbuf_1 disconnected node: VPWR
Cell sky130_fd_sc_hd__clkbuf_1 disconnected node: X
Warning: Equate pins:  cell sky130_fd_sc_hd__clkbuf_1 has no definition, treated as a black box.

Subcircuit pins:
Circuit 1: sky130_fd_sc_hd__clkbuf_1       |Circuit 2: sky130_fd_sc_hd__clkbuf_1       
-------------------------------------------|-------------------------------------------
A                                          |A                                          
VGND                                       |VGND                                       
VNB                                        |VNB                                        
VPB                                        |VPB                                        
VPWR                                       |VPWR                                       
X                                          |X                                          
---------------------------------------------------------------------------------------
Cell pin lists are equivalent.
Device classes sky130_fd_sc_hd__clkbuf_1 and sky130_fd_sc_hd__clkbuf_1 are equivalent.

Cell sky130_fd_sc_hd__buf_8 disconnected node: A
Cell sky130_fd_sc_hd__buf_8 disconnected node: VGND
Cell sky130_fd_sc_hd__buf_8 disconnected node: VNB
Cell sky130_fd_sc_hd__buf_8 disconnected node: VPB
Cell sky130_fd_sc_hd__buf_8 disconnected node: VPWR
Cell sky130_fd_sc_hd__buf_8 disconnected node: X
Warning: Equate pins:  cell sky130_fd_sc_hd__buf_8 has no definition, treated as a black box.

Subcircuit pins:
Circuit 1: sky130_fd_sc_hd__buf_8          |Circuit 2: sky130_fd_sc_hd__buf_8          
-------------------------------------------|-------------------------------------------
A                                          |A                                          
VGND                                       |VGND                                       
VNB                                        |VNB                                        
VPB                                        |VPB                                        
VPWR                                       |VPWR                                       
X                                          |X                                          
---------------------------------------------------------------------------------------
Cell pin lists are equivalent.
Device classes sky130_fd_sc_hd__buf_8 and sky130_fd_sc_hd__buf_8 are equivalent.

Cell sky130_fd_sc_hd__buf_4 disconnected node: A
Cell sky130_fd_sc_hd__buf_4 disconnected node: VGND
Cell sky130_fd_sc_hd__buf_4 disconnected node: VNB
Cell sky130_fd_sc_hd__buf_4 disconnected node: VPB
Cell sky130_fd_sc_hd__buf_4 disconnected node: VPWR
Cell sky130_fd_sc_hd__buf_4 disconnected node: X
Warning: Equate pins:  cell sky130_fd_sc_hd__buf_4 has no definition, treated as a black box.

Subcircuit pins:
Circuit 1: sky130_fd_sc_hd__buf_4          |Circuit 2: sky130_fd_sc_hd__buf_4          
-------------------------------------------|-------------------------------------------
A                                          |A                                          
VGND                                       |VGND                                       
VNB                                        |VNB                                        
VPB                                        |VPB                                        
VPWR                                       |VPWR                                       
X                                          |X                                          
---------------------------------------------------------------------------------------
Cell pin lists are equivalent.
Device classes sky130_fd_sc_hd__buf_4 and sky130_fd_sc_hd__buf_4 are equivalent.

Cell sky130_fd_sc_hd__dfbbn_2 disconnected node: CLK_N
Cell sky130_fd_sc_hd__dfbbn_2 disconnected node: D
Cell sky130_fd_sc_hd__dfbbn_2 disconnected node: RESET_B
Cell sky130_fd_sc_hd__dfbbn_2 disconnected node: SET_B
Cell sky130_fd_sc_hd__dfbbn_2 disconnected node: VGND
Cell sky130_fd_sc_hd__dfbbn_2 disconnected node: VNB
Cell sky130_fd_sc_hd__dfbbn_2 disconnected node: VPB
Cell sky130_fd_sc_hd__dfbbn_2 disconnected node: VPWR
Cell sky130_fd_sc_hd__dfbbn_2 disconnected node: Q
Cell sky130_fd_sc_hd__dfbbn_2 disconnected node: Q_N
Warning: Equate pins:  cell sky130_fd_sc_hd__dfbbn_2 has no definition, treated as a black box.

Subcircuit pins:
Circuit 1: sky130_fd_sc_hd__dfbbn_2        |Circuit 2: sky130_fd_sc_hd__dfbbn_2        
-------------------------------------------|-------------------------------------------
CLK_N                                      |CLK_N                                      
D                                          |D                                          
RESET_B                                    |RESET_B                                    
SET_B                                      |SET_B                                      
VGND                                       |VGND                                       
VNB                                        |VNB                                        
VPB                                        |VPB                                        
VPWR                                       |VPWR                                       
Q                                          |Q                                          
Q_N                                        |Q_N                                        
---------------------------------------------------------------------------------------
Cell pin lists are equivalent.
Device classes sky130_fd_sc_hd__dfbbn_2 and sky130_fd_sc_hd__dfbbn_2 are equivalent.

Cell DFFRAM disconnected node: A[0]
Cell DFFRAM disconnected node: A[1]
Cell DFFRAM disconnected node: A[2]
Cell DFFRAM disconnected node: A[3]
Cell DFFRAM disconnected node: A[4]
Cell DFFRAM disconnected node: A[5]
Cell DFFRAM disconnected node: A[6]
Cell DFFRAM disconnected node: A[7]
Cell DFFRAM disconnected node: CLK
Cell DFFRAM disconnected node: Di[0]
Cell DFFRAM disconnected node: Di[10]
Cell DFFRAM disconnected node: Di[11]
Cell DFFRAM disconnected node: Di[12]
Cell DFFRAM disconnected node: Di[13]
Cell DFFRAM disconnected node: Di[14]
Cell DFFRAM disconnected node: Di[15]
Cell DFFRAM disconnected node: Di[16]
Cell DFFRAM disconnected node: Di[17]
Cell DFFRAM disconnected node: Di[18]
Cell DFFRAM disconnected node: Di[19]
Cell DFFRAM disconnected node: Di[1]
Cell DFFRAM disconnected node: Di[20]
Cell DFFRAM disconnected node: Di[21]
Cell DFFRAM disconnected node: Di[22]
Cell DFFRAM disconnected node: Di[23]
Cell DFFRAM disconnected node: Di[24]
Cell DFFRAM disconnected node: Di[25]
Cell DFFRAM disconnected node: Di[26]
Cell DFFRAM disconnected node: Di[27]
Cell DFFRAM disconnected node: Di[28]
Cell DFFRAM disconnected node: Di[29]
Cell DFFRAM disconnected node: Di[2]
Cell DFFRAM disconnected node: Di[30]
Cell DFFRAM disconnected node: Di[31]
Cell DFFRAM disconnected node: Di[3]
Cell DFFRAM disconnected node: Di[4]
Cell DFFRAM disconnected node: Di[5]
Cell DFFRAM disconnected node: Di[6]
Cell DFFRAM disconnected node: Di[7]
Cell DFFRAM disconnected node: Di[8]
Cell DFFRAM disconnected node: Di[9]
Cell DFFRAM disconnected node: Do[0]
Cell DFFRAM disconnected node: Do[10]
Cell DFFRAM disconnected node: Do[11]
Cell DFFRAM disconnected node: Do[12]
Cell DFFRAM disconnected node: Do[13]
Cell DFFRAM disconnected node: Do[14]
Cell DFFRAM disconnected node: Do[15]
Cell DFFRAM disconnected node: Do[16]
Cell DFFRAM disconnected node: Do[17]
Cell DFFRAM disconnected node: Do[18]
Cell DFFRAM disconnected node: Do[19]
Cell DFFRAM disconnected node: Do[1]
Cell DFFRAM disconnected node: Do[20]
Cell DFFRAM disconnected node: Do[21]
Cell DFFRAM disconnected node: Do[22]
Cell DFFRAM disconnected node: Do[23]
Cell DFFRAM disconnected node: Do[24]
Cell DFFRAM disconnected node: Do[25]
Cell DFFRAM disconnected node: Do[26]
Cell DFFRAM disconnected node: Do[27]
Cell DFFRAM disconnected node: Do[28]
Cell DFFRAM disconnected node: Do[29]
Cell DFFRAM disconnected node: Do[2]
Cell DFFRAM disconnected node: Do[30]
Cell DFFRAM disconnected node: Do[31]
Cell DFFRAM disconnected node: Do[3]
Cell DFFRAM disconnected node: Do[4]
Cell DFFRAM disconnected node: Do[5]
Cell DFFRAM disconnected node: Do[6]
Cell DFFRAM disconnected node: Do[7]
Cell DFFRAM disconnected node: Do[8]
Cell DFFRAM disconnected node: Do[9]
Cell DFFRAM disconnected node: EN
Cell DFFRAM disconnected node: WE[0]
Cell DFFRAM disconnected node: WE[1]
Cell DFFRAM disconnected node: WE[2]
Cell DFFRAM disconnected node: WE[3]
Cell DFFRAM disconnected node: VPWR
Cell DFFRAM disconnected node: VGND
Warning: Equate pins:  cell DFFRAM has no definition, treated as a black box.

Subcircuit pins:
Circuit 1: DFFRAM                          |Circuit 2: DFFRAM                          
-------------------------------------------|-------------------------------------------
A[0]                                       |A[0]                                       
A[1]                                       |A[1]                                       
A[2]                                       |A[2]                                       
A[3]                                       |A[3]                                       
A[4]                                       |A[4]                                       
A[5]                                       |A[5]                                       
A[6]                                       |A[6]                                       
A[7]                                       |A[7]                                       
CLK                                        |CLK                                        
Di[0]                                      |Di[0]                                      
Di[10]                                     |Di[10]                                     
Di[11]                                     |Di[11]                                     
Di[12]                                     |Di[12]                                     
Di[13]                                     |Di[13]                                     
Di[14]                                     |Di[14]                                     
Di[15]                                     |Di[15]                                     
Di[16]                                     |Di[16]                                     
Di[17]                                     |Di[17]                                     
Di[18]                                     |Di[18]                                     
Di[19]                                     |Di[19]                                     
Di[1]                                      |Di[1]                                      
Di[20]                                     |Di[20]                                     
Di[21]                                     |Di[21]                                     
Di[22]                                     |Di[22]                                     
Di[23]                                     |Di[23]                                     
Di[24]                                     |Di[24]                                     
Di[25]                                     |Di[25]                                     
Di[26]                                     |Di[26]                                     
Di[27]                                     |Di[27]                                     
Di[28]                                     |Di[28]                                     
Di[29]                                     |Di[29]                                     
Di[2]                                      |Di[2]                                      
Di[30]                                     |Di[30]                                     
Di[31]                                     |Di[31]                                     
Di[3]                                      |Di[3]                                      
Di[4]                                      |Di[4]                                      
Di[5]                                      |Di[5]                                      
Di[6]                                      |Di[6]                                      
Di[7]                                      |Di[7]                                      
Di[8]                                      |Di[8]                                      
Di[9]                                      |Di[9]                                      
Do[0]                                      |Do[0]                                      
Do[10]                                     |Do[10]                                     
Do[11]                                     |Do[11]                                     
Do[12]                                     |Do[12]                                     
Do[13]                                     |Do[13]                                     
Do[14]                                     |Do[14]                                     
Do[15]                                     |Do[15]                                     
Do[16]                                     |Do[16]                                     
Do[17]                                     |Do[17]                                     
Do[18]                                     |Do[18]                                     
Do[19]                                     |Do[19]                                     
Do[1]                                      |Do[1]                                      
Do[20]                                     |Do[20]                                     
Do[21]                                     |Do[21]                                     
Do[22]                                     |Do[22]                                     
Do[23]                                     |Do[23]                                     
Do[24]                                     |Do[24]                                     
Do[25]                                     |Do[25]                                     
Do[26]                                     |Do[26]                                     
Do[27]                                     |Do[27]                                     
Do[28]                                     |Do[28]                                     
Do[29]                                     |Do[29]                                     
Do[2]                                      |Do[2]                                      
Do[30]                                     |Do[30]                                     
Do[31]                                     |Do[31]                                     
Do[3]                                      |Do[3]                                      
Do[4]                                      |Do[4]                                      
Do[5]                                      |Do[5]                                      
Do[6]                                      |Do[6]                                      
Do[7]                                      |Do[7]                                      
Do[8]                                      |Do[8]                                      
Do[9]                                      |Do[9]                                      
EN                                         |EN                                         
WE[0]                                      |WE[0]                                      
WE[1]                                      |WE[1]                                      
WE[2]                                      |WE[2]                                      
WE[3]                                      |WE[3]                                      
VPWR                                       |VPWR                                       
VGND                                       |VGND                                       
---------------------------------------------------------------------------------------
Cell pin lists are equivalent.
Device classes DFFRAM and DFFRAM are equivalent.

Cell sky130_fd_sc_hd__conb_1 disconnected node: VGND
Cell sky130_fd_sc_hd__conb_1 disconnected node: VNB
Cell sky130_fd_sc_hd__conb_1 disconnected node: VPB
Cell sky130_fd_sc_hd__conb_1 disconnected node: VPWR
Cell sky130_fd_sc_hd__conb_1 disconnected node: HI
Cell sky130_fd_sc_hd__conb_1 disconnected node: LO
Warning: Equate pins:  cell sky130_fd_sc_hd__conb_1 has no definition, treated as a black box.

Subcircuit pins:
Circuit 1: sky130_fd_sc_hd__conb_1         |Circuit 2: sky130_fd_sc_hd__conb_1         
-------------------------------------------|-------------------------------------------
VGND                                       |VGND                                       
VNB                                        |VNB                                        
VPB                                        |VPB                                        
VPWR                                       |VPWR                                       
HI                                         |HI                                         
---------------------------------------------------------------------------------------
Cell pin lists are equivalent.
Device classes sky130_fd_sc_hd__conb_1 and sky130_fd_sc_hd__conb_1 are equivalent.

Cell sky130_fd_sc_hd__a21boi_4 disconnected node: A1
Cell sky130_fd_sc_hd__a21boi_4 disconnected node: A2
Cell sky130_fd_sc_hd__a21boi_4 disconnected node: B1_N
Cell sky130_fd_sc_hd__a21boi_4 disconnected node: VGND
Cell sky130_fd_sc_hd__a21boi_4 disconnected node: VNB
Cell sky130_fd_sc_hd__a21boi_4 disconnected node: VPB
Cell sky130_fd_sc_hd__a21boi_4 disconnected node: VPWR
Cell sky130_fd_sc_hd__a21boi_4 disconnected node: Y
Warning: Equate pins:  cell sky130_fd_sc_hd__a21boi_4 has no definition, treated as a black box.

Subcircuit pins:
Circuit 1: sky130_fd_sc_hd__a21boi_4       |Circuit 2: sky130_fd_sc_hd__a21boi_4       
-------------------------------------------|-------------------------------------------
A1                                         |A1                                         
A2                                         |A2                                         
B1_N                                       |B1_N                                       
VGND                                       |VGND                                       
VNB                                        |VNB                                        
VPB                                        |VPB                                        
VPWR                                       |VPWR                                       
Y                                          |Y                                          
---------------------------------------------------------------------------------------
Cell pin lists are equivalent.
Device classes sky130_fd_sc_hd__a21boi_4 and sky130_fd_sc_hd__a21boi_4 are equivalent.

Cell mgmt_core disconnected node: mprj_adr_o[1]
Cell mgmt_core disconnected node: mprj_adr_o[0]
Cell mgmt_core disconnected node: pwr_ctrl_out[3]
Cell mgmt_core disconnected node: pwr_ctrl_out[2]
Cell mgmt_core disconnected node: pwr_ctrl_out[1]
Cell mgmt_core disconnected node: pwr_ctrl_out[0]

Subcircuit summary:
Circuit 1: mgmt_core                       |Circuit 2: mgmt_core                       
-------------------------------------------|-------------------------------------------
sky130_fd_sc_hd__buf_2 (8257)              |sky130_fd_sc_hd__buf_2 (8257)              
sky130_fd_sc_hd__diode_2 (77203)           |sky130_fd_sc_hd__diode_2 (77203)           
sky130_fd_sc_hd__a211o_4 (1752)            |sky130_fd_sc_hd__a211o_4 (1752)            
sky130_fd_sc_hd__inv_2 (4077)              |sky130_fd_sc_hd__inv_2 (4077)              
sky130_fd_sc_hd__nor2_4 (997)              |sky130_fd_sc_hd__nor2_4 (997)              
sky130_fd_sc_hd__dfxtp_4 (3510)            |sky130_fd_sc_hd__dfxtp_4 (3510)            
sky130_fd_sc_hd__a2bb2o_4 (2128)           |sky130_fd_sc_hd__a2bb2o_4 (2128)           
sky130_fd_sc_hd__dfstp_4 (70)              |sky130_fd_sc_hd__dfstp_4 (70)              
sky130_fd_sc_hd__or2_4 (4428)              |sky130_fd_sc_hd__or2_4 (4428)              
sky130_fd_sc_hd__o22a_4 (1815)             |sky130_fd_sc_hd__o22a_4 (1815)             
sky130_fd_sc_hd__dfrtp_4 (268)             |sky130_fd_sc_hd__dfrtp_4 (268)             
sky130_fd_sc_hd__tapvpwrvgnd_1 (17066)     |sky130_fd_sc_hd__tapvpwrvgnd_1 (17066)     
sky130_fd_sc_hd__and4_4 (144)              |sky130_fd_sc_hd__and4_4 (144)              
sky130_fd_sc_hd__o21ai_4 (134)             |sky130_fd_sc_hd__o21ai_4 (134)             
sky130_fd_sc_hd__and3_4 (1929)             |sky130_fd_sc_hd__and3_4 (1929)             
sky130_fd_sc_hd__a32o_4 (678)              |sky130_fd_sc_hd__a32o_4 (678)              
sky130_fd_sc_hd__or3_4 (832)               |sky130_fd_sc_hd__or3_4 (832)               
sky130_fd_sc_hd__or4_4 (611)               |sky130_fd_sc_hd__or4_4 (611)               
sky130_fd_sc_hd__o21a_4 (895)              |sky130_fd_sc_hd__o21a_4 (895)              
sky130_fd_sc_hd__a21o_4 (142)              |sky130_fd_sc_hd__a21o_4 (142)              
sky130_fd_sc_hd__nand2_4 (292)             |sky130_fd_sc_hd__nand2_4 (292)             
sky130_fd_sc_hd__and2_4 (1445)             |sky130_fd_sc_hd__and2_4 (1445)             
sky130_fd_sc_hd__a2111o_4 (22)             |sky130_fd_sc_hd__a2111o_4 (22)             
sky130_fd_sc_hd__a21bo_4 (39)              |sky130_fd_sc_hd__a21bo_4 (39)              
sky130_fd_sc_hd__a22oi_4 (103)             |sky130_fd_sc_hd__a22oi_4 (103)             
sky130_fd_sc_hd__o32a_4 (58)               |sky130_fd_sc_hd__o32a_4 (58)               
sky130_fd_sc_hd__a21oi_4 (127)             |sky130_fd_sc_hd__a21oi_4 (127)             
digital_pll (1)                            |digital_pll (1)                            
sky130_fd_sc_hd__a41o_4 (4)                |sky130_fd_sc_hd__a41o_4 (4)                
sky130_fd_sc_hd__o41a_4 (4)                |sky130_fd_sc_hd__o41a_4 (4)                
sky130_fd_sc_hd__clkbuf_16 (1)             |sky130_fd_sc_hd__clkbuf_16 (1)             
sky130_fd_sc_hd__clkbuf_1 (2)              |sky130_fd_sc_hd__clkbuf_1 (2)              
sky130_fd_sc_hd__buf_8 (13)                |sky130_fd_sc_hd__buf_8 (13)                
sky130_fd_sc_hd__buf_4 (3)                 |sky130_fd_sc_hd__buf_4 (3)                 
sky130_fd_sc_hd__dfbbn_2 (18)              |sky130_fd_sc_hd__dfbbn_2 (18)              
DFFRAM (1)                                 |DFFRAM (1)                                 
sky130_fd_sc_hd__conb_1 (10)               |sky130_fd_sc_hd__conb_1 (10)               
sky130_fd_sc_hd__a21boi_4 (1)              |sky130_fd_sc_hd__a21boi_4 (1)              
Number of devices: 129080                  |Number of devices: 129080                  
Number of nets: 35192 **Mismatch**         |Number of nets: 35195 **Mismatch**         
---------------------------------------------------------------------------------------
NET mismatches: Class fragments follow (with fanout counts):
Circuit 1: mgmt_core                       |Circuit 2: mgmt_core                       

---------------------------------------------------------------------------------------
Net: la_output[11]                         |Net: _16660_                               
  sky130_fd_sc_hd__and2_4/A = 1            |  sky130_fd_sc_hd__diode_2/DIODE = 4       
  sky130_fd_sc_hd__o22a_4/A1 = 4           |  sky130_fd_sc_hd__buf_2/X = 1             
  sky130_fd_sc_hd__a211o_4/B1 = 1          |  sky130_fd_sc_hd__buf_2/A = 4             
  sky130_fd_sc_hd__diode_2/DIODE = 9       |                                           
  sky130_fd_sc_hd__dfxtp_4/Q = 2           |                                           
  sky130_fd_sc_hd__o22a_4/B1 = 1           |                                           
  sky130_fd_sc_hd__a211o_4/A1 = 1          |                                           
  sky130_fd_sc_hd__buf_2/X = 1             |                                           
  sky130_fd_sc_hd__nor2_4/A = 1            |                                           
                                           |                                           
Net: _53599_/B                             |Net: _25468_                               
  sky130_fd_sc_hd__diode_2/DIODE = 8       |  sky130_fd_sc_hd__diode_2/DIODE = 4       
  sky130_fd_sc_hd__buf_2/A = 7             |  sky130_fd_sc_hd__buf_2/X = 1             
  sky130_fd_sc_hd__buf_2/X = 2             |  sky130_fd_sc_hd__o22a_4/A1 = 4           
  sky130_fd_sc_hd__or2_4/B = 1             |                                           
                                           |                                           
(no matching net)                          |Net: _12255_                               
                                           |  sky130_fd_sc_hd__diode_2/DIODE = 4       
                                           |  sky130_fd_sc_hd__buf_2/X = 1             
                                           |  sky130_fd_sc_hd__buf_2/A = 3             
                                           |  sky130_fd_sc_hd__or2_4/B = 1             
                                           |                                           
(no matching net)                          |Net: la_output[11]                         
                                           |  sky130_fd_sc_hd__diode_2/DIODE = 2       
                                           |  sky130_fd_sc_hd__a211o_4/B1 = 1          
                                           |  sky130_fd_sc_hd__nor2_4/A = 1            
                                           |  sky130_fd_sc_hd__dfxtp_4/Q = 1           
                                           |                                           
(no matching net)                          |Net: la_oen[71]                            
                                           |  sky130_fd_sc_hd__diode_2/DIODE = 3       
                                           |  sky130_fd_sc_hd__a211o_4/A1 = 1          
                                           |  sky130_fd_sc_hd__o22a_4/B1 = 1           
                                           |  sky130_fd_sc_hd__and2_4/A = 1            
                                           |  sky130_fd_sc_hd__dfxtp_4/Q = 1           
---------------------------------------------------------------------------------------
Netlists do not match.
Netlists do not match.
