Wed Nov 11 03:15:41 UTC 2020 - Executing "/openLANE_flow/scripts/mergeLef.py -i /home/xrex/usr/devel/pdks/sky130A/libs.ref/sky130_fd_sc_hd/techlef/sky130_fd_sc_hd.tlef /home/xrex/usr/devel/pdks/sky130A/libs.ref/sky130_fd_sc_hd/lef/sky130_fd_sc_hd.lef -o /project/openlane/user_id_programming/runs/user_id_programming/tmp/merged_unpadded.lef |& tee >&@stdout"

Wed Nov 11 03:15:41 UTC 2020 - Executing "/openLANE_flow/scripts/libtrim.pl /home/xrex/usr/devel/pdks/sky130A/libs.ref/sky130_fd_sc_hd/lib/sky130_fd_sc_hd__tt_025C_1v80.lib /home/xrex/usr/devel/pdks/sky130A/libs.tech/openlane/sky130_fd_sc_hd/no_synth.cells > /project/openlane/user_id_programming/runs/user_id_programming/tmp/trimmed.lib"

Wed Nov 11 03:15:41 UTC 2020 - Executing "yosys -c /openLANE_flow/scripts/synth.tcl -l /project/openlane/user_id_programming/runs/user_id_programming/logs/synthesis/yosys.log |& tee >&@stdout"

Wed Nov 11 03:15:42 UTC 2020 - Executing "sed -i -e {s/\(set ::env(CURRENT_NETLIST)\).*/\1 \/project\/openlane\/user_id_programming\/runs\/user_id_programming\/results\/synthesis\/user_id_programming.synthesis.v/} /project/openlane/user_id_programming/runs/user_id_programming/config.tcl"

Wed Nov 11 03:15:42 UTC 2020 - Executing "sed -i -e {s/\(set ::env(PREV_NETLIST)\).*/\1 0/} /project/openlane/user_id_programming/runs/user_id_programming/config.tcl"

Wed Nov 11 03:15:42 UTC 2020 - Executing "sta /openLANE_flow/scripts/sta.tcl |& tee >&@stdout /project/openlane/user_id_programming/runs/user_id_programming/logs/synthesis/opensta.log"

Wed Nov 11 03:15:43 UTC 2020 - Executing "openroad -exit /openLANE_flow/scripts/openroad/or_floorplan.tcl |& tee >&@stdout /project/openlane/user_id_programming/runs/user_id_programming/logs/floorplan/verilog2def.openroad.log"

Wed Nov 11 03:15:44 UTC 2020 - Executing "openroad -exit /openLANE_flow/scripts/openroad/or_ioplacer.tcl |& tee >&@stdout /project/openlane/user_id_programming/runs/user_id_programming/logs/floorplan/ioPlacer.log"

Wed Nov 11 03:15:44 UTC 2020 - Executing "openroad -exit /openLANE_flow/scripts/openroad/or_tapcell.tcl |& tee >&@stdout /project/openlane/user_id_programming/runs/user_id_programming/logs/floorplan/tapcell.log"

Wed Nov 11 03:15:45 UTC 2020 - Executing "python3 /openLANE_flow/scripts/random_place.py --lef /project/openlane/user_id_programming/runs/user_id_programming/tmp/merged_unpadded.lef --input-def /project/openlane/user_id_programming/runs/user_id_programming/results/floorplan/user_id_programming.floorplan.def --output-def /project/openlane/user_id_programming/runs/user_id_programming/tmp/placement/replace.def |& tee >&@stdout /project/openlane/user_id_programming/runs/user_id_programming/logs/placement/replace.log"

Wed Nov 11 03:15:45 UTC 2020 - Executing "/openLANE_flow/scripts/libtrim.pl /home/xrex/usr/devel/pdks/sky130A/libs.ref/sky130_fd_sc_hd/lib/sky130_fd_sc_hd__ss_100C_1v60.lib /home/xrex/usr/devel/pdks/sky130A/libs.tech/openlane/sky130_fd_sc_hd/no_synth.cells > /project/openlane/user_id_programming/runs/user_id_programming/tmp/opt.lib"

Wed Nov 11 03:15:45 UTC 2020 - Executing "Psn /openLANE_flow/scripts/openPhySyn.tcl |& tee >&@stdout /project/openlane/user_id_programming/runs/user_id_programming/logs/placement/openphysyn.log"

Wed Nov 11 03:15:46 UTC 2020 - Executing "openroad -exit /openLANE_flow/scripts/openroad/or_write_verilog.tcl |& tee >&@stdout /project/openlane/user_id_programming/runs/user_id_programming/logs/write_verilog.log"

Wed Nov 11 03:15:46 UTC 2020 - Executing "sed -i -e {s/\(set ::env(CURRENT_NETLIST)\).*/\1 \/project\/openlane\/user_id_programming\/runs\/user_id_programming\/results\/synthesis\/user_id_programming.synthesis_optimized.v/} /project/openlane/user_id_programming/runs/user_id_programming/config.tcl"

Wed Nov 11 03:15:46 UTC 2020 - Executing "sed -i -e {s/\(set ::env(PREV_NETLIST)\).*/\1 \/project\/openlane\/user_id_programming\/runs\/user_id_programming\/results\/synthesis\/user_id_programming.synthesis.v/} /project/openlane/user_id_programming/runs/user_id_programming/config.tcl"

Wed Nov 11 03:15:46 UTC 2020 - Executing "sta /openLANE_flow/scripts/sta.tcl |& tee >&@stdout /project/openlane/user_id_programming/runs/user_id_programming/logs/synthesis/opensta_post_openphysyn.log"

Wed Nov 11 03:15:47 UTC 2020 - Executing "openroad -exit /openLANE_flow/scripts/openroad/or_opendp.tcl |& tee >&@stdout /project/openlane/user_id_programming/runs/user_id_programming/logs/placement/opendp.log"

Wed Nov 11 03:15:48 UTC 2020 - Executing "openroad -exit /openLANE_flow/scripts/new_pdn.tcl |& tee >&@stdout /project/openlane/user_id_programming/runs/user_id_programming/logs/floorplan/pdn.log"

Wed Nov 11 03:15:48 UTC 2020 - Executing "openroad -exit /openLANE_flow/scripts/openroad/or_route.tcl |& tee >&@stdout /project/openlane/user_id_programming/runs/user_id_programming/logs/routing/fastroute.log"

Wed Nov 11 03:15:49 UTC 2020 - Executing "openroad -exit /openLANE_flow/scripts/openroad/or_route.tcl |& tee >&@stdout /project/openlane/user_id_programming/runs/user_id_programming/logs/routing/fastroute_post_antenna.log"

Wed Nov 11 03:15:50 UTC 2020 - Executing "openroad -exit /openLANE_flow/scripts/openroad/or_fill.tcl |& tee >&@stdout /project/openlane/user_id_programming/runs/user_id_programming/logs/routing/addspacers.log"

Wed Nov 11 03:15:50 UTC 2020 - Executing "openroad -exit /openLANE_flow/scripts/openroad/or_write_verilog.tcl |& tee >&@stdout /project/openlane/user_id_programming/runs/user_id_programming/logs/write_verilog.log"

Wed Nov 11 03:15:51 UTC 2020 - Executing "sed -i -e {s/\(set ::env(CURRENT_NETLIST)\).*/\1 \/project\/openlane\/user_id_programming\/runs\/user_id_programming\/results\/synthesis\/user_id_programming.synthesis_preroute.v/} /project/openlane/user_id_programming/runs/user_id_programming/config.tcl"

Wed Nov 11 03:15:51 UTC 2020 - Executing "sed -i -e {s/\(set ::env(PREV_NETLIST)\).*/\1 \/project\/openlane\/user_id_programming\/runs\/user_id_programming\/results\/synthesis\/user_id_programming.synthesis_optimized.v/} /project/openlane/user_id_programming/runs/user_id_programming/config.tcl"

Wed Nov 11 03:15:51 UTC 2020 - Executing "envsubst < /openLANE_flow/scripts/tritonRoute.param > /project/openlane/user_id_programming/runs/user_id_programming/tmp/routing/tritonRoute.param"

Wed Nov 11 03:15:51 UTC 2020 - Executing "TritonRoute /project/openlane/user_id_programming/runs/user_id_programming/tmp/routing/tritonRoute.param |& tee >&@stdout /project/openlane/user_id_programming/runs/user_id_programming/logs/routing/tritonRoute.log"

Wed Nov 11 03:15:53 UTC 2020 - Executing "python3 /openLANE_flow/scripts/spef_extractor/main.py -l /project/openlane/user_id_programming/runs/user_id_programming/tmp/merged_unpadded.lef -d /project/openlane/user_id_programming/runs/user_id_programming/results/routing/user_id_programming.def -mw PI -ec 1 |& tee >&@stdout /project/openlane/user_id_programming/runs/user_id_programming/logs/routing/spef_extraction.log"

Wed Nov 11 03:15:53 UTC 2020 - Executing "sta /openLANE_flow/scripts/sta.tcl |& tee >&@stdout /project/openlane/user_id_programming/runs/user_id_programming/logs/synthesis/opensta_spef.log"

Wed Nov 11 03:15:55 UTC 2020 - Executing "python3 /openLANE_flow/scripts/write_powered_def.py -d /project/openlane/user_id_programming/runs/user_id_programming/results/routing/user_id_programming.def -l /project/openlane/user_id_programming/runs/user_id_programming/tmp/merged.lef -v VPWR -g VGND -o /project/openlane/user_id_programming/runs/user_id_programming/tmp/routing/user_id_programming.powered.def |& tee >&@stdout /project/openlane/user_id_programming/runs/user_id_programming/logs/lvs/write_powered_verilog.log"

Wed Nov 11 03:15:55 UTC 2020 - Executing "openroad -exit /openLANE_flow/scripts/openroad/or_write_verilog.tcl |& tee >&@stdout /project/openlane/user_id_programming/runs/user_id_programming/logs/write_verilog.log"

Wed Nov 11 03:15:55 UTC 2020 - Executing "yosys -c /openLANE_flow/scripts/yosys_rewrite_verilog.tcl -l /project/openlane/user_id_programming/runs/user_id_programming/logs/synthesis/yosys_rewrite_verilog.log"

Wed Nov 11 03:15:55 UTC 2020 - Executing "sed -i -e {s/\(set ::env(CURRENT_NETLIST)\).*/\1 \/project\/openlane\/user_id_programming\/runs\/user_id_programming\/results\/lvs\/user_id_programming.lvs.powered.v/} /project/openlane/user_id_programming/runs/user_id_programming/config.tcl"

Wed Nov 11 03:15:55 UTC 2020 - Executing "sed -i -e {s/\(set ::env(PREV_NETLIST)\).*/\1 \/project\/openlane\/user_id_programming\/runs\/user_id_programming\/results\/synthesis\/user_id_programming.synthesis_preroute.v/} /project/openlane/user_id_programming/runs/user_id_programming/config.tcl"

Wed Nov 11 03:15:55 UTC 2020 - Executing "magic -noconsole -dnull -rcfile /home/xrex/usr/devel/pdks/sky130A/libs.tech/magic/sky130A.magicrc /openLANE_flow/scripts/magic.tcl </dev/null |& tee >&@stdout /project/openlane/user_id_programming/runs/user_id_programming/logs/magic/magic.log"

Wed Nov 11 03:15:56 UTC 2020 - Executing "magic -noconsole -dnull -rcfile /home/xrex/usr/devel/pdks/sky130A/libs.tech/magic/sky130A.magicrc /project/openlane/user_id_programming/runs/user_id_programming/tmp/magic_spice.tcl </dev/null |& tee >&@stdout /project/openlane/user_id_programming/runs/user_id_programming/logs/magic/magic_spice.log"

Wed Nov 11 03:15:56 UTC 2020 - Executing "magic -noconsole -dnull -rcfile /home/xrex/usr/devel/pdks/sky130A/libs.tech/magic/sky130A.magicrc /openLANE_flow/scripts/magic_drc.tcl </dev/null |& tee >&@stdout /project/openlane/user_id_programming/runs/user_id_programming/logs/magic/magic.drc.log"

Wed Nov 11 03:15:57 UTC 2020 - Executing "netgen -batch lvs {/project/openlane/user_id_programming/runs/user_id_programming/results/magic/user_id_programming.spice user_id_programming} {/project/openlane/user_id_programming/runs/user_id_programming/results/lvs/user_id_programming.lvs.powered.v user_id_programming} /home/xrex/usr/devel/pdks/sky130A/libs.tech/netgen/sky130A_setup.tcl /project/openlane/user_id_programming/runs/user_id_programming/results/lvs/user_id_programming.lvs.log -json |& tee >&@stdout /project/openlane/user_id_programming/runs/user_id_programming/logs/lvs/lvs.log"

Wed Nov 11 03:15:57 UTC 2020 - Executing "openroad -exit /openLANE_flow/scripts/openroad/or_antenna_check.tcl |& tee >&@stdout /project/openlane/user_id_programming/runs/user_id_programming/logs/routing/or_antenna.log"

Wed Nov 11 03:15:57 UTC 2020 - Executing "python3 /openLANE_flow/report_generation_wrapper.py -d /project/openlane/user_id_programming -dn user_id_programming -t user_id_programming -o /project/openlane/user_id_programming/runs/user_id_programming/reports/final_summary_report.csv -r /project/openlane/user_id_programming/runs/user_id_programming"

