
Magic 8.3 revision 64 - Compiled on Fri Oct  9 12:13:18 UTC 2020.
Starting magic under Tcl interpreter
Using the terminal as the console.
Using NULL graphics device.
Processing system .magicrc file
Sourcing design .magicrc for technology sky130A ...
2 Magic internal units = 1 Lambda
Input style sky130: scaleFactor=2, multiplier=2
Scaled tech values by 2 / 1 to match internal grid scaling
Loading sky130A Device Generator Menu ...
Loading "/openLANE_flow/scripts/magic_drc.tcl" from command line.
Warning: Calma reading is not undoable!  I hope that's OK.
Library written using GDS-II Release 3.0
Library name: user_proj_example
Reading "sky130_fd_sc_hd__decap_8".
Error while reading cell "sky130_fd_sc_hd__decap_8" (byte position 148): Unknown layer/datatype in boundary, layer=236 type=0
Reading "sky130_fd_sc_hd__fill_1".
Reading "sky130_fd_sc_hd__decap_3".
Error while reading cell "sky130_fd_sc_hd__decap_3" (byte position 4958): Unknown layer/datatype in boundary, layer=236 type=0
Reading "sky130_fd_sc_hd__buf_2".
Error while reading cell "sky130_fd_sc_hd__buf_2" (byte position 7618): Unknown layer/datatype in boundary, layer=236 type=0
Reading "sky130_fd_sc_hd__conb_1".
Error while reading cell "sky130_fd_sc_hd__conb_1" (byte position 12110): Unknown layer/datatype in boundary, layer=236 type=0
Reading "sky130_fd_sc_hd__decap_12".
Error while reading cell "sky130_fd_sc_hd__decap_12" (byte position 15472): Unknown layer/datatype in boundary, layer=236 type=0
Reading "sky130_fd_sc_hd__tapvpwrvgnd_1".
Reading "sky130_fd_sc_hd__decap_6".
Error while reading cell "sky130_fd_sc_hd__decap_6" (byte position 21288): Unknown layer/datatype in boundary, layer=236 type=0
Reading "sky130_fd_sc_hd__fill_2".
Reading "sky130_fd_sc_hd__decap_4".
Error while reading cell "sky130_fd_sc_hd__decap_4" (byte position 25842): Unknown layer/datatype in boundary, layer=236 type=0
Reading "sky130_fd_sc_hd__diode_2".
Error while reading cell "sky130_fd_sc_hd__diode_2" (byte position 28632): Unknown layer/datatype in boundary, layer=236 type=0
Reading "sky130_fd_sc_hd__inv_2".
Error while reading cell "sky130_fd_sc_hd__inv_2" (byte position 32116): Unknown layer/datatype in boundary, layer=236 type=0
Reading "sky130_fd_sc_hd__dfxtp_4".
Error while reading cell "sky130_fd_sc_hd__dfxtp_4" (byte position 35920): Unknown layer/datatype in boundary, layer=236 type=0
Reading "sky130_fd_sc_hd__a2bb2o_4".
Error while reading cell "sky130_fd_sc_hd__a2bb2o_4" (byte position 50078): Unknown layer/datatype in boundary, layer=236 type=0
Moving label "" from corelocali to locali in cell sky130_fd_sc_hd__a2bb2o_4.
Moving label "" from corelocali to locali in cell sky130_fd_sc_hd__a2bb2o_4.
Reading "sky130_fd_sc_hd__clkbuf_1".
Error while reading cell "sky130_fd_sc_hd__clkbuf_1" (byte position 61540): Unknown layer/datatype in boundary, layer=236 type=0
Reading "sky130_fd_sc_hd__o22a_4".
Error while reading cell "sky130_fd_sc_hd__o22a_4" (byte position 65346): Unknown layer/datatype in boundary, layer=236 type=0
Reading "sky130_fd_sc_hd__nor2_4".
Error while reading cell "sky130_fd_sc_hd__nor2_4" (byte position 75028): Unknown layer/datatype in boundary, layer=236 type=0
Moving label "" from corelocali to locali in cell sky130_fd_sc_hd__nor2_4.
Reading "sky130_fd_sc_hd__or2_4".
Error while reading cell "sky130_fd_sc_hd__or2_4" (byte position 82128): Unknown layer/datatype in boundary, layer=236 type=0
Moving label "" from corelocali to locali in cell sky130_fd_sc_hd__or2_4.
Reading "sky130_fd_sc_hd__and3_4".
Error while reading cell "sky130_fd_sc_hd__and3_4" (byte position 87886): Unknown layer/datatype in boundary, layer=236 type=0
Moving label "" from corelocali to locali in cell sky130_fd_sc_hd__and3_4.
Moving label "" from corelocali to locali in cell sky130_fd_sc_hd__and3_4.
Moving label "" from corelocali to locali in cell sky130_fd_sc_hd__and3_4.
Moving label "" from corelocali to locali in cell sky130_fd_sc_hd__and3_4.
Moving label "" from corelocali to locali in cell sky130_fd_sc_hd__and3_4.
Reading "sky130_fd_sc_hd__a211o_4".
Error while reading cell "sky130_fd_sc_hd__a211o_4" (byte position 94778): Unknown layer/datatype in boundary, layer=236 type=0
Reading "sky130_fd_sc_hd__o21ai_4".
Error while reading cell "sky130_fd_sc_hd__o21ai_4" (byte position 103894): Unknown layer/datatype in boundary, layer=236 type=0
Reading "sky130_fd_sc_hd__a32o_4".
Error while reading cell "sky130_fd_sc_hd__a32o_4" (byte position 112004): Unknown layer/datatype in boundary, layer=236 type=0
Reading "sky130_fd_sc_hd__and2_4".
Error while reading cell "sky130_fd_sc_hd__and2_4" (byte position 124196): Unknown layer/datatype in boundary, layer=236 type=0
Reading "sky130_fd_sc_hd__or4_4".
Error while reading cell "sky130_fd_sc_hd__or4_4" (byte position 129936): Unknown layer/datatype in boundary, layer=236 type=0
Moving label "" from corelocali to locali in cell sky130_fd_sc_hd__or4_4.
Reading "sky130_fd_sc_hd__or3_4".
Error while reading cell "sky130_fd_sc_hd__or3_4" (byte position 137236): Unknown layer/datatype in boundary, layer=236 type=0
Reading "sky130_fd_sc_hd__clkbuf_16".
Error while reading cell "sky130_fd_sc_hd__clkbuf_16" (byte position 144352): Unknown layer/datatype in boundary, layer=236 type=0
Reading "sky130_fd_sc_hd__a21bo_4".
Error while reading cell "sky130_fd_sc_hd__a21bo_4" (byte position 157080): Unknown layer/datatype in boundary, layer=236 type=0
Reading "sky130_fd_sc_hd__a21o_4".
Error while reading cell "sky130_fd_sc_hd__a21o_4" (byte position 165384): Unknown layer/datatype in boundary, layer=236 type=0
Reading "sky130_fd_sc_hd__nand2_4".
Error while reading cell "sky130_fd_sc_hd__nand2_4" (byte position 173604): Unknown layer/datatype in boundary, layer=236 type=0
Moving label "" from corelocali to locali in cell sky130_fd_sc_hd__nand2_4.
Reading "user_proj_example".
    100 uses
    200 uses
    300 uses
    400 uses
    500 uses
    600 uses
    700 uses
    800 uses
    900 uses
    1000 uses
    1100 uses
    1200 uses
    1300 uses
    1400 uses
    1500 uses
    1600 uses
    1700 uses
    1800 uses
    1900 uses
    2000 uses
    2100 uses
    2200 uses
    2300 uses
    2400 uses
    2500 uses
    2600 uses
    2700 uses
    2800 uses
    2900 uses
    3000 uses
    3100 uses
    3200 uses
    3300 uses
    3400 uses
    3500 uses
    3600 uses
    3700 uses
    3800 uses
    3900 uses
    4000 uses
    4100 uses
    4200 uses
    4300 uses
    4400 uses
    4500 uses
    4600 uses
    4700 uses
    4800 uses
    4900 uses
    5000 uses
    5100 uses
    5200 uses
    5300 uses
[INFO]: Loading user_proj_example

DRC style is now "drc(full)"
Loading DRC CIF style.
[INFO]: COUNT: 1695
[INFO]: Should be divided by 3 or 4
[INFO]: DRC Checking DONE (/project/openlane/user_proj_example/runs/user_proj_example/logs/magic/magic.drc)
[INFO]: Saving mag view with DRC errors(/project/openlane/user_proj_example/runs/user_proj_example/results/magic/user_proj_example.drc.mag)
[INFO]: Saved
