OpenROAD 0.9.0 e582f2522b
This program is licensed under the BSD-3 license. See the LICENSE file for details. 
Components of this program may be licensed under more restrictive licenses which must be honored.
Notice 0: Reading LEF file:  /project/openlane/mgmt_core/runs/mgmt_core/tmp/merged_unpadded.lef
Notice 0:     Created 13 technology layers
Notice 0:     Created 25 technology vias
Notice 0:     Created 439 library cells
Notice 0: Finished LEF file:  /project/openlane/mgmt_core/runs/mgmt_core/tmp/merged_unpadded.lef
Notice 0: 
Reading DEF file: /project/openlane/mgmt_core/runs/mgmt_core/tmp/placement/openphysyn.def
Notice 0: Design: mgmt_core
Notice 0:     Created 959 pins.
Notice 0:     Created 54633 components and 300944 component-terminals.
Notice 0:     Created 37212 nets and 116318 connections.
Notice 0: Finished DEF file: /project/openlane/mgmt_core/runs/mgmt_core/tmp/placement/openphysyn.def
Warning: could not find power special net
Design Stats
--------------------------------
total instances         54633
multi row instances         0
fixed instances         17964
nets                    37212
design area          1768316.0 u^2
fixed area            29568.8 u^2
movable area         412344.2 u^2
utilization                24 %
utilization padded         45 %
rows                      304
row height                2.7 u

Placement Analysis
--------------------------------
total displacement   194295.8 u
average displacement      3.6 u
max displacement        129.1 u
original HPWL        2566942.1 u
legalized HPWL       2726023.7 u
delta HPWL                  6 %

