OpenROAD 0.9.0 e582f2522b
This program is licensed under the BSD-3 license. See the LICENSE file for details. 
Components of this program may be licensed under more restrictive licenses which must be honored.
Notice 0: Reading LEF file:  /project/openlane/mgmt_core/runs/mgmt_core/tmp/merged_unpadded.lef
Notice 0:     Created 13 technology layers
Notice 0:     Created 25 technology vias
Notice 0:     Created 439 library cells
Notice 0: Finished LEF file:  /project/openlane/mgmt_core/runs/mgmt_core/tmp/merged_unpadded.lef
Notice 0: 
Reading DEF file: /project/openlane/mgmt_core/runs/mgmt_core/results/floorplan/mgmt_core.floorplan.def
Notice 0: Design: mgmt_core
Notice 0:     Created 959 pins.
Notice 0:     Created 52926 components and 290702 component-terminals.
Notice 0:     Created 35505 nets and 112904 connections.
Notice 0: Finished DEF file: /project/openlane/mgmt_core/runs/mgmt_core/results/floorplan/mgmt_core.floorplan.def
[INFO] DBU = 1000
[INFO] SiteSize = (460, 2720)
[INFO] CoreAreaLxLy = (5520, 10880)
[INFO] CoreAreaUxUy = (2144060, 837760)
[INFO] NumInstances = 53490
[INFO] NumPlaceInstances = 34962
[INFO] NumFixedInstances = 17964
[INFO] NumDummyInstances = 564
[INFO] NumNets = 35505
[INFO] NumPins = 113863
[INFO] DieAreaLxLy = (0, 0)
[INFO] DieAreaUxUy = (2150000, 850000)
[INFO] CoreAreaLxLy = (5520, 10880)
[INFO] CoreAreaUxUy = (2144060, 837760)
[INFO] CoreArea = 1768315955200
[INFO] NonPlaceInstsArea = 493407643800
[INFO] PlaceInstsArea = 403450691200
[INFO] Util(%) = 31.645468
[INFO] StdInstsArea = 403450691200
[INFO] MacroInstsArea = 0
[InitialPlace]  Iter: 1 CG Error: 0.00585101 HPWL: 2616959107
[InitialPlace]  Iter: 2 CG Error: 0.0061357 HPWL: 1417796925
[InitialPlace]  Iter: 3 CG Error: 0.00244516 HPWL: 1349181575
[InitialPlace]  Iter: 4 CG Error: 0.00135757 HPWL: 1265601845
[InitialPlace]  Iter: 5 CG Error: 0.000744794 HPWL: 1181024181
[InitialPlace]  Iter: 6 CG Error: 0.000375521 HPWL: 1100702967
[InitialPlace]  Iter: 7 CG Error: 0.000201534 HPWL: 1046473145
[InitialPlace]  Iter: 8 CG Error: 0.000172618 HPWL: 1015112251
[InitialPlace]  Iter: 9 CG Error: 3.27528e-05 HPWL: 1002280643
[InitialPlace]  Iter: 10 CG Error: 2.4701e-05 HPWL: 999301677
[InitialPlace]  Iter: 11 CG Error: 2.51557e-05 HPWL: 997455253
[InitialPlace]  Iter: 12 CG Error: 2.36972e-05 HPWL: 996330663
[InitialPlace]  Iter: 13 CG Error: 2.39604e-05 HPWL: 995153381
[InitialPlace]  Iter: 14 CG Error: 9.72109e-05 HPWL: 994210407
[InitialPlace]  Iter: 15 CG Error: 1.69032e-05 HPWL: 992959285
[InitialPlace]  Iter: 16 CG Error: 1.67529e-05 HPWL: 992092003
[InitialPlace]  Iter: 17 CG Error: 1.27126e-05 HPWL: 991030575
[InitialPlace]  Iter: 18 CG Error: 1.11657e-05 HPWL: 990061902
[InitialPlace]  Iter: 19 CG Error: 5.29092e-06 HPWL: 989096481
[INFO] FillerInit: NumGCells = 42177
[INFO] FillerInit: NumGNets = 35505
[INFO] FillerInit: NumGPins = 113863
[INFO] TargetDensity = 0.380000
[INFO] AveragePlaceInstArea = 11539691
[INFO] IdealBinArea = 30367608
[INFO] IdealBinCnt = 58230
[INFO] TotalBinArea = 1768315955200
[INFO] BinCnt = (128, 128)
[INFO] BinSize = (16708, 6460)
[INFO] NumBins = 16384
[NesterovSolve] Iter: 1 overflow: 0.975554 HPWL: 779981954
[NesterovSolve] Iter: 10 overflow: 0.930553 HPWL: 972295246
[NesterovSolve] Iter: 20 overflow: 0.910254 HPWL: 1016618384
[NesterovSolve] Iter: 30 overflow: 0.906621 HPWL: 1023831001
[NesterovSolve] Iter: 40 overflow: 0.901798 HPWL: 1026945484
[NesterovSolve] Iter: 50 overflow: 0.900443 HPWL: 1031695273
[NesterovSolve] Iter: 60 overflow: 0.900011 HPWL: 1034668295
[NesterovSolve] Iter: 70 overflow: 0.900386 HPWL: 1035809614
[NesterovSolve] Iter: 80 overflow: 0.899264 HPWL: 1035173055
[NesterovSolve] Iter: 90 overflow: 0.898894 HPWL: 1033752500
[NesterovSolve] Iter: 100 overflow: 0.899205 HPWL: 1032339308
[NesterovSolve] Iter: 110 overflow: 0.899592 HPWL: 1031339914
[NesterovSolve] Iter: 120 overflow: 0.899175 HPWL: 1030294657
[NesterovSolve] Iter: 130 overflow: 0.898365 HPWL: 1029211057
[NesterovSolve] Iter: 140 overflow: 0.896981 HPWL: 1028451406
[NesterovSolve] Iter: 150 overflow: 0.89582 HPWL: 1029185294
[NesterovSolve] Iter: 160 overflow: 0.894654 HPWL: 1031971868
[NesterovSolve] Iter: 170 overflow: 0.893005 HPWL: 1037778823
[NesterovSolve] Iter: 180 overflow: 0.890734 HPWL: 1048928779
[NesterovSolve] Iter: 190 overflow: 0.888012 HPWL: 1066016709
[NesterovSolve] Iter: 200 overflow: 0.883636 HPWL: 1088902109
[NesterovSolve] Iter: 210 overflow: 0.877396 HPWL: 1117866251
[NesterovSolve] Iter: 220 overflow: 0.868891 HPWL: 1154759182
[NesterovSolve] Iter: 230 overflow: 0.858223 HPWL: 1197921730
[NesterovSolve] Iter: 240 overflow: 0.842149 HPWL: 1242150182
[NesterovSolve] Iter: 250 overflow: 0.826644 HPWL: 1306810663
[NesterovSolve] Iter: 260 overflow: 0.808592 HPWL: 1387436774
[NesterovSolve] Iter: 270 overflow: 0.786095 HPWL: 1463597698
[NesterovSolve] Iter: 280 overflow: 0.763153 HPWL: 1529067979
[NesterovSolve] Iter: 290 overflow: 0.738301 HPWL: 1612093476
[NesterovSolve] Iter: 300 overflow: 0.699671 HPWL: 1705275972
[NesterovSolve] Iter: 310 overflow: 0.657181 HPWL: 1855592753
[NesterovSolve] Iter: 320 overflow: 0.614876 HPWL: 1987191187
[NesterovSolve] Iter: 330 overflow: 0.563347 HPWL: 2075543822
[NesterovSolve] Iter: 340 overflow: 0.517538 HPWL: 2105626473
[NesterovSolve] Iter: 350 overflow: 0.469565 HPWL: 2227519439
[NesterovSolve] Iter: 360 overflow: 0.418118 HPWL: 2326482715
[NesterovSolve] Iter: 370 overflow: 0.375286 HPWL: 2383929495
[NesterovSolve] Iter: 380 overflow: 0.339515 HPWL: 2414107165
[NesterovSolve] Iter: 390 overflow: 0.302285 HPWL: 2444854427
[NesterovSolve] Iter: 400 overflow: 0.273581 HPWL: 2457752018
[NesterovSolve] Iter: 410 overflow: 0.245005 HPWL: 2469425834
[NesterovSolve] Iter: 420 overflow: 0.218109 HPWL: 2434748594
[NesterovSolve] Iter: 430 overflow: 0.194165 HPWL: 2467437711
[NesterovSolve] Iter: 440 overflow: 0.172618 HPWL: 2489421710
[NesterovSolve] Iter: 450 overflow: 0.151352 HPWL: 2504197364
[NesterovSolve] Iter: 460 overflow: 0.128757 HPWL: 2516095567
[NesterovSolve] Iter: 470 overflow: 0.110925 HPWL: 2525377239
[NesterovSolve] Finished with Overflow: 0.099858
Warning: /home/xrex/usr/devel/pdks/sky130A/libs.ref/sky130_fd_sc_hd/lib/sky130_fd_sc_hd__ss_100C_1v60.lib, line 32 default_operating_condition ss_100C_1v60 not found.
Warning: /home/xrex/usr/devel/pdks/sky130A/libs.ref/sky130_fd_sc_hd/lib/sky130_fd_sc_hd__ff_n40C_1v95.lib, line 31 default_operating_condition ff_n40C_1v95 not found.
create_clock [get_ports $::env(CLOCK_PORT)]  -name $::env(CLOCK_PORT)  -period $::env(CLOCK_PERIOD)
set IO_PCT  0.2
set input_delay_value [expr $::env(CLOCK_PERIOD) * $IO_PCT]
set output_delay_value [expr $::env(CLOCK_PERIOD) * $IO_PCT]
puts "\[INFO\]: Setting output delay to: $output_delay_value"
[INFO]: Setting output delay to: 10.0
puts "\[INFO\]: Setting input delay to: $input_delay_value"
[INFO]: Setting input delay to: 10.0
set clk_indx [lsearch [all_inputs] [get_port $::env(CLOCK_PORT)]]
#set rst_indx [lsearch [all_inputs] [get_port resetn]]
set all_inputs_wo_clk [lreplace [all_inputs] $clk_indx $clk_indx]
#set all_inputs_wo_clk_rst [lreplace $all_inputs_wo_clk $rst_indx $rst_indx]
set all_inputs_wo_clk_rst $all_inputs_wo_clk
# correct resetn
set_input_delay $input_delay_value  -clock [get_clocks $::env(CLOCK_PORT)] $all_inputs_wo_clk_rst
#set_input_delay 0.0 -clock [get_clocks $::env(CLOCK_PORT)] {resetn}
set_output_delay $output_delay_value  -clock [get_clocks $::env(CLOCK_PORT)] [all_outputs]
# TODO set this as parameter
set_driving_cell -lib_cell $::env(SYNTH_DRIVING_CELL) -pin $::env(SYNTH_DRIVING_CELL_PIN) [all_inputs]
set cap_load [expr $::env(SYNTH_CAP_LOAD) / 1000.0]
puts "\[INFO\]: Setting load to: $cap_load"
[INFO]: Setting load to: 0.01765
set_load  $cap_load [all_outputs]
