Netgen 1.5.157 compiled on Fri Oct  9 13:50:13 UTC 2020
Warning: netgen command 'format' use fully-qualified name '::netgen::format'
Warning: netgen command 'global' use fully-qualified name '::netgen::global'
Generating JSON file result
Reading netlist file /project/openlane/simple_por/runs/simple_por/results/magic/simple_por.spice
Reading netlist file /project/openlane/simple_por/runs/simple_por/results/lvs/simple_por.lvs.powered.v
Warning:  A case-insensitive file has been read and so the	verilog file must be treated case-insensitive to match.
Creating placeholder cell definition for module sky130_fd_sc_hvl__decap_4.
Creating placeholder cell definition for module sky130_fd_sc_hvl__decap_8.
Creating placeholder cell definition for module sky130_fd_sc_hvl__fill_2.
Creating placeholder cell definition for module sky130_fd_sc_hvl__fill_1.
Creating placeholder cell definition for module sky130_fd_sc_hvl__conb_1.
Creating placeholder cell definition for module sky130_fd_sc_hvl__schmittbuf_1.
Reading setup file /home/xrex/usr/devel/pdks/sky130A/libs.tech/netgen/sky130A_setup.tcl
Comparison output logged to file /project/openlane/simple_por/runs/simple_por/results/lvs/simple_por.lvs.log
Logging to file "/project/openlane/simple_por/runs/simple_por/results/lvs/simple_por.lvs.log" enabled
Contents of circuit 1:  Circuit: 'sky130_fd_sc_hvl__schmittbuf_1'
Circuit sky130_fd_sc_hvl__schmittbuf_1 contains 0 device instances.
Circuit contains 0 nets, and 6 disconnected pins.
Contents of circuit 2:  Circuit: 'sky130_fd_sc_hvl__schmittbuf_1'
Circuit sky130_fd_sc_hvl__schmittbuf_1 contains 0 device instances.
Circuit contains 0 nets.

Circuit sky130_fd_sc_hvl__schmittbuf_1 contains no devices.
Contents of circuit 1:  Circuit: 'sky130_fd_sc_hvl__conb_1'
Circuit sky130_fd_sc_hvl__conb_1 contains 0 device instances.
Circuit contains 0 nets, and 6 disconnected pins.
Contents of circuit 2:  Circuit: 'sky130_fd_sc_hvl__conb_1'
Circuit sky130_fd_sc_hvl__conb_1 contains 0 device instances.
Circuit contains 0 nets.

Circuit sky130_fd_sc_hvl__conb_1 contains no devices.
Contents of circuit 1:  Circuit: 'simple_por'
Circuit simple_por contains 3 device instances.
  Class: sky130_fd_sc_hvl__schmittbuf_1 instances:   2
  Class: sky130_fd_sc_hvl__conb_1 instances:   1
Circuit contains 6 nets, and 2 disconnected pins.
Contents of circuit 2:  Circuit: 'simple_por'
Circuit simple_por contains 3 device instances.
  Class: sky130_fd_sc_hvl__schmittbuf_1 instances:   2
  Class: sky130_fd_sc_hvl__conb_1 instances:   1
Circuit contains 5 nets, and 2 disconnected pins.

Circuit 1 contains 3 devices, Circuit 2 contains 3 devices.
Circuit 1 contains 5 nets,    Circuit 2 contains 5 nets.

Netlists match uniquely.
Result: Circuits match uniquely.
Logging to file "/project/openlane/simple_por/runs/simple_por/results/lvs/simple_por.lvs.log" disabled
LVS Done.
