Netgen 1.5.157 compiled on Fri Oct  9 13:50:13 UTC 2020
Warning: netgen command 'format' use fully-qualified name '::netgen::format'
Warning: netgen command 'global' use fully-qualified name '::netgen::global'
Generating JSON file result
Reading netlist file /project/openlane/chip_io/runs/chip_io/results/magic/chip_io.spice
Reading netlist file /project/openlane/chip_io/runs/chip_io/results/synthesis/chip_io.synthesis.v
Warning:  A case-insensitive file has been read and so the	verilog file must be treated case-insensitive to match.
Creating placeholder cell definition for module sky130_ef_io__gpiov2_pad.
Creating placeholder cell definition for module sky130_ef_io__corner_pad.
Creating placeholder cell definition for module sky130_ef_io__vccd_lvc_pad.
Creating placeholder cell definition for module sky130_ef_io__vdda_hvc_pad.
Creating placeholder cell definition for module sky130_ef_io__vddio_hvc_pad.
Creating placeholder cell definition for module sky130_ef_io__vssa_hvc_pad.
Creating placeholder cell definition for module sky130_ef_io__vssd_lvc_pad.
Creating placeholder cell definition for module sky130_ef_io__vssio_hvc_pad.
Creating placeholder cell definition for module sky130_fd_io__top_xres4v2.
Reading setup file /home/xrex/usr/devel/pdks/test/sky130A/libs.tech/netgen/sky130A_setup.tcl
Comparison output logged to file /project/openlane/chip_io/runs/chip_io/results/lvs/chip_io.lvs.log
Logging to file "/project/openlane/chip_io/runs/chip_io/results/lvs/chip_io.lvs.log" enabled
Contents of circuit 1:  Circuit: 'sky130_ef_io__gpiov2_pad'
Circuit sky130_ef_io__gpiov2_pad contains 0 device instances.
Circuit contains 0 nets, and 39 disconnected pins.
Contents of circuit 2:  Circuit: 'sky130_ef_io__gpiov2_pad'
Circuit sky130_ef_io__gpiov2_pad contains 0 device instances.
Circuit contains 0 nets.

Circuit sky130_ef_io__gpiov2_pad contains no devices.
Contents of circuit 1:  Circuit: 'sky130_ef_io__vccd_lvc_pad'
Circuit sky130_ef_io__vccd_lvc_pad contains 0 device instances.
Circuit contains 0 nets, and 17 disconnected pins.
Contents of circuit 2:  Circuit: 'sky130_ef_io__vccd_lvc_pad'
Circuit sky130_ef_io__vccd_lvc_pad contains 0 device instances.
Circuit contains 0 nets.

Circuit sky130_ef_io__vccd_lvc_pad contains no devices.
Contents of circuit 1:  Circuit: 'sky130_ef_io__corner_pad'
Circuit sky130_ef_io__corner_pad contains 0 device instances.
Circuit contains 0 nets, and 12 disconnected pins.
Contents of circuit 2:  Circuit: 'sky130_ef_io__corner_pad'
Circuit sky130_ef_io__corner_pad contains 0 device instances.
Circuit contains 0 nets.

Circuit sky130_ef_io__corner_pad contains no devices.
Contents of circuit 1:  Circuit: 'sky130_ef_io__vddio_hvc_pad'
Circuit sky130_ef_io__vddio_hvc_pad contains 0 device instances.
Circuit contains 0 nets, and 14 disconnected pins.
Contents of circuit 2:  Circuit: 'sky130_ef_io__vddio_hvc_pad'
Circuit sky130_ef_io__vddio_hvc_pad contains 0 device instances.
Circuit contains 0 nets.

Circuit sky130_ef_io__vddio_hvc_pad contains no devices.
Contents of circuit 1:  Circuit: 'sky130_ef_io__vssio_hvc_pad'
Circuit sky130_ef_io__vssio_hvc_pad contains 0 device instances.
Circuit contains 0 nets, and 14 disconnected pins.
Contents of circuit 2:  Circuit: 'sky130_ef_io__vssio_hvc_pad'
Circuit sky130_ef_io__vssio_hvc_pad contains 0 device instances.
Circuit contains 0 nets.

Circuit sky130_ef_io__vssio_hvc_pad contains no devices.
Contents of circuit 1:  Circuit: 'sky130_ef_io__vdda_hvc_pad'
Circuit sky130_ef_io__vdda_hvc_pad contains 0 device instances.
Circuit contains 0 nets, and 14 disconnected pins.
Contents of circuit 2:  Circuit: 'sky130_ef_io__vdda_hvc_pad'
Circuit sky130_ef_io__vdda_hvc_pad contains 0 device instances.
Circuit contains 0 nets.

Circuit sky130_ef_io__vdda_hvc_pad contains no devices.
Contents of circuit 1:  Circuit: 'sky130_ef_io__vssa_hvc_pad'
Circuit sky130_ef_io__vssa_hvc_pad contains 0 device instances.
Circuit contains 0 nets, and 14 disconnected pins.
Contents of circuit 2:  Circuit: 'sky130_ef_io__vssa_hvc_pad'
Circuit sky130_ef_io__vssa_hvc_pad contains 0 device instances.
Circuit contains 0 nets.

Circuit sky130_ef_io__vssa_hvc_pad contains no devices.
Contents of circuit 1:  Circuit: 'sky130_fd_io__top_xres4v2'
Circuit sky130_fd_io__top_xres4v2 contains 0 device instances.
Circuit contains 0 nets, and 25 disconnected pins.
Contents of circuit 2:  Circuit: 'sky130_fd_io__top_xres4v2'
Circuit sky130_fd_io__top_xres4v2 contains 0 device instances.
Circuit contains 0 nets.

Circuit sky130_fd_io__top_xres4v2 contains no devices.
Contents of circuit 1:  Circuit: 'sky130_ef_io__vssd_lvc_pad'
Circuit sky130_ef_io__vssd_lvc_pad contains 0 device instances.
Circuit contains 0 nets, and 17 disconnected pins.
Contents of circuit 2:  Circuit: 'sky130_ef_io__vssd_lvc_pad'
Circuit sky130_ef_io__vssd_lvc_pad contains 0 device instances.
Circuit contains 0 nets.

Circuit sky130_ef_io__vssd_lvc_pad contains no devices.
Duplicate pin vccd1 in cell chip_io
Duplicate pin vdda1 in cell chip_io
Duplicate pin vssa1 in cell chip_io
Duplicate pin vssd1 in cell chip_io
Contents of circuit 1:  Circuit: 'chip_io'
Circuit chip_io contains 67 device instances.
  Class: sky130_ef_io__vddio_hvc_pad instances:   2
  Class: sky130_ef_io__vssa_hvc_pad instances:   4
  Class: sky130_fd_io__top_xres4v2 instances:   1
  Class: sky130_ef_io__vssd_lvc_pad instances:   3
  Class: sky130_ef_io__corner_pad instances:   4
  Class: sky130_ef_io__vdda_hvc_pad instances:   4
  Class: sky130_ef_io__gpiov2_pad instances:  44
  Class: sky130_ef_io__vssio_hvc_pad instances:   2
  Class: sky130_ef_io__vccd_lvc_pad instances:   3
Circuit contains 1267 nets.
Contents of circuit 2:  Circuit: 'chip_io'
Circuit chip_io contains 67 device instances.
  Class: sky130_ef_io__vddio_hvc_pad instances:   2
  Class: sky130_ef_io__vssa_hvc_pad instances:   4
  Class: sky130_fd_io__top_xres4v2 instances:   1
  Class: sky130_ef_io__vssd_lvc_pad instances:   3
  Class: sky130_ef_io__corner_pad instances:   4
  Class: sky130_ef_io__vdda_hvc_pad instances:   4
  Class: sky130_ef_io__gpiov2_pad instances:  44
  Class: sky130_ef_io__vssio_hvc_pad instances:   2
  Class: sky130_ef_io__vccd_lvc_pad instances:   3
Circuit contains 964 nets.

Circuit 1 contains 67 devices, Circuit 2 contains 67 devices.
Circuit 1 contains 1267 nets,    Circuit 2 contains 964 nets. *** MISMATCH ***

Result: Netlists do not match.
Logging to file "/project/openlane/chip_io/runs/chip_io/results/lvs/chip_io.lvs.log" disabled
LVS Done.
