OpenROAD 0.9.0 e582f2522b
This program is licensed under the BSD-3 license. See the LICENSE file for details. 
Components of this program may be licensed under more restrictive licenses which must be honored.
Notice 0: Reading LEF file:  /project/openlane/user_id_programming/runs/user_id_programming/tmp/merged_unpadded.lef
Notice 0:     Created 13 technology layers
Notice 0:     Created 25 technology vias
Notice 0:     Created 437 library cells
Notice 0: Finished LEF file:  /project/openlane/user_id_programming/runs/user_id_programming/tmp/merged_unpadded.lef
Notice 0: 
Reading DEF file: /project/openlane/user_id_programming/runs/user_id_programming/tmp/placement/openphysyn.def
Notice 0: Design: user_id_programming
Notice 0:     Created 34 pins.
Notice 0:     Created 55 components and 274 component-terminals.
Notice 0:     Created 66 nets and 64 connections.
Notice 0: Finished DEF file: /project/openlane/user_id_programming/runs/user_id_programming/tmp/placement/openphysyn.def
Warning: could not find power special net
Design Stats
--------------------------------
total instances            55
multi row instances         0
fixed instances            23
nets                       66
design area             596.8 u^2
fixed area               73.8 u^2
movable area            120.1 u^2
utilization                23 %
utilization padded         23 %
rows                        9
row height                2.7 u

Placement Analysis
--------------------------------
total displacement       59.1 u
average displacement      1.1 u
max displacement          5.0 u
original HPWL           960.2 u
legalized HPWL          963.9 u
delta HPWL                  0 %

