Notice 0: Reading LEF file:  /project/openlane/mgmt_core/runs/mgmt_core/tmp/merged.lef
Notice 0:     Created 13 technology layers
Notice 0:     Created 25 technology vias
Notice 0:     Created 439 library cells
Notice 0: Finished LEF file:  /project/openlane/mgmt_core/runs/mgmt_core/tmp/merged.lef
Notice 0: 
Reading DEF file: /project/openlane/mgmt_core/runs/mgmt_core/results/routing/mgmt_core.def
Notice 0: Design: mgmt_core
Notice 0: 		Created 100000 Insts
Notice 0: 		Created 200000 Insts
Notice 0:     Created 961 pins.
Notice 0:     Created 264786 components and 1221162 component-terminals.
Notice 0:     Created 2 special nets and 0 connections.
Notice 0:     Created 37215 nets and 195924 connections.
Notice 0: Finished DEF file: /project/openlane/mgmt_core/runs/mgmt_core/results/routing/mgmt_core.def
Top-level design name: mgmt_core
Found port VPWR of type SIGNAL
Found port VGND of type SIGNAL
Power net:  VPWR
Ground net: VGND
Modified power connections of 264786 cells (Remaining: 0 ).
