Warning - class CORE ANTENNACELL is not found. This msg can be ignored if not in the antenna-avoid flow

Net - porb_h
  No sinks on this net

Net - vdd3v3

Net - vss

Net - _0_
  hystbuf1  (sky130_fd_sc_hvl__schmittbuf_1)  A
[1]  met2:
  PAR:    0.41  Ratio:    0.00       (Area)
  PAR:    2.08  Ratio:  400.00       (S.Area)
  CAR:    0.49  Ratio:    0.00       (C.Area)
  CAR:    2.55  Ratio:    0.00       (C.S.Area)

[1]  met1:
  PAR:    0.07  Ratio:    0.00       (Area)
  PAR:    0.45  Ratio:  400.00       (S.Area)
  CAR:    0.09  Ratio:    0.00       (C.Area)
  CAR:    0.47  Ratio:    0.00       (C.S.Area)

[1]  li1:
  PAR:    0.01  Ratio:    0.00       (Area)
  PAR:    0.01  Ratio:   75.00       (S.Area)
  CAR:    0.01  Ratio:    0.00       (C.Area)
  CAR:    0.01  Ratio:    0.00       (C.S.Area)

[1]  M1M2_PR:
  PAR:    0.02  Ratio:    6.00       (Area)
  CAR:    0.04  Ratio:    0.00       (C.Area)

[1]  L1M1_PR_MR:
  PAR:    0.02  Ratio:    3.00       (Area)
  CAR:    0.02  Ratio:    0.00       (C.Area)


Net - mid
  hystbuf2  (sky130_fd_sc_hvl__schmittbuf_1)  A
[1]  met2:
  PAR:    0.41  Ratio:    0.00       (Area)
  PAR:    2.08  Ratio: 2838.50       (S.Area)
  CAR:    0.44  Ratio:    0.00       (C.Area)
  CAR:    2.18  Ratio:    0.00       (C.S.Area)

[1]  met1:
  PAR:    0.02  Ratio:    0.00       (Area)
  PAR:    0.08  Ratio:  400.00       (S.Area)
  CAR:    0.03  Ratio:    0.00       (C.Area)
  CAR:    0.10  Ratio:    0.00       (C.S.Area)

[1]  li1:
  PAR:    0.01  Ratio:    0.00       (Area)
  PAR:    0.01  Ratio:   75.00       (S.Area)
  CAR:    0.01  Ratio:    0.00       (C.Area)
  CAR:    0.01  Ratio:    0.00       (C.S.Area)

[1]  M1M2_PR:
  PAR:    0.02  Ratio:    6.00       (Area)
  CAR:    0.04  Ratio:    0.00       (C.Area)

[1]  L1M1_PR_MR:
  PAR:    0.02  Ratio:    3.00       (Area)
  CAR:    0.02  Ratio:    0.00       (C.Area)

Number of pins violated: 0
Number of nets violated: 0
Total number of unspecial nets: 5
