OpenROAD 0.9.0 d03ebfc244
This program is licensed under the BSD-3 license. See the LICENSE file for details. 
Components of this program may be licensed under more restrictive licenses which must be honored.
Error: cannot open '/.openroad'.
Notice 0: Reading LEF file:  /project/openlane/sky130_fd_sc_hvl__lsbufhv2lv_1_wrapped/runs/sky130_fd_sc_hvl__lsbufhv2lv_1_wrapped/tmp/merged_unpadded.lef
Notice 0:     Created 13 technology layers
Notice 0:     Created 25 technology vias
Notice 0:     Created 69 library cells
Notice 0: Finished LEF file:  /project/openlane/sky130_fd_sc_hvl__lsbufhv2lv_1_wrapped/runs/sky130_fd_sc_hvl__lsbufhv2lv_1_wrapped/tmp/merged_unpadded.lef
Notice 0: 
Reading DEF file: /project/openlane/sky130_fd_sc_hvl__lsbufhv2lv_1_wrapped/runs/sky130_fd_sc_hvl__lsbufhv2lv_1_wrapped/results/placement/sky130_fd_sc_hvl__lsbufhv2lv_1_wrapped.placement.def
Notice 0: Design: sky130_fd_sc_hvl__lsbufhv2lv_1_wrapped
Notice 0:     Created 2 pins.
Notice 0:     Created 1 components and 7 component-terminals.
Notice 0:     Created 2 nets and 2 connections.
Notice 0: Finished DEF file: /project/openlane/sky130_fd_sc_hvl__lsbufhv2lv_1_wrapped/runs/sky130_fd_sc_hvl__lsbufhv2lv_1_wrapped/results/placement/sky130_fd_sc_hvl__lsbufhv2lv_1_wrapped.placement.def
[INFO] [PDNG-0016] Power Delivery Network Generator: Generating PDN
[INFO] [PDNG-0016]   config: /home/xrex/usr/devel/pdks/sky130A/libs.tech/openlane/common_pdn.tcl
[INFO] [PDNG-0008] Design Name is sky130_fd_sc_hvl__lsbufhv2lv_1_wrapped
[INFO] [PDNG-0009] Reading technology data
[INFO] [PDNG-0011] ****** INFO ******
Type: stdcell, grid
    Stdcell Rails
      Layer: met1 -  width: 0.510  pitch: 8.140  offset: 0.000 
    Straps
      Layer: met4 -  width: 1.600  pitch: 8.333  offset: 4.167 
      Layer: met5 -  width: 1.600  pitch: 8.333  offset: 4.167 
    Connect: {met1 met4} {met4 met5}
Type: macro, macro_1
    Macro orientation: R0 R180 MX MY R90 R270 MXR90 MYR90
    Straps
    Connect: {met4_PIN_ver met5}
[INFO] [PDNG-0012] **** END INFO ****
[INFO] [PDNG-0013] Inserting stdcell grid - grid
[INFO] [PDNG-0015] Writing to database
