
Magic 8.3 revision 87 - Compiled on Mon Nov 23 17:53:03 UTC 2020.
Starting magic under Tcl interpreter
Using the terminal as the console.
Using NULL graphics device.
Processing system .magicrc file
Sourcing design .magicrc for technology sky130A ...
2 Magic internal units = 1 Lambda
Input style sky130: scaleFactor=2, multiplier=2
Scaled tech values by 2 / 1 to match internal grid scaling
Loading sky130A Device Generator Menu ...
Loading "/project/openlane/chip_io/runs/chip_io/tmp/magic_spice.tcl" from command line.
Reading LEF data from file /home/xrex/usr/devel/pdks/sky130A/libs.ref/sky130_fd_sc_hd/techlef/sky130_fd_sc_hd.tlef.
This action cannot be undone.
LEF read, Line 77 (Message): Unknown keyword "ANTENNAMODEL" in LEF file; ignoring.
LEF read, Line 78 (Message): Unknown keyword "ANTENNADIFFSIDEAREARATIO" in LEF file; ignoring.
LEF read, Line 111 (Message): Unknown keyword "ANTENNAMODEL" in LEF file; ignoring.
LEF read, Line 112 (Message): Unknown keyword "ANTENNADIFFSIDEAREARATIO" in LEF file; ignoring.
LEF read, Line 118 (Message): Unknown keyword "MAXIMUMDENSITY" in LEF file; ignoring.
LEF read, Line 119 (Message): Unknown keyword "DENSITYCHECKWINDOW" in LEF file; ignoring.
LEF read, Line 120 (Message): Unknown keyword "DENSITYCHECKSTEP" in LEF file; ignoring.
LEF read, Line 159 (Message): Unknown keyword "ANTENNAMODEL" in LEF file; ignoring.
LEF read, Line 160 (Message): Unknown keyword "ANTENNADIFFSIDEAREARATIO" in LEF file; ignoring.
LEF read, Line 162 (Message): Unknown keyword "MAXIMUMDENSITY" in LEF file; ignoring.
LEF read, Line 163 (Message): Unknown keyword "DENSITYCHECKWINDOW" in LEF file; ignoring.
LEF read, Line 164 (Message): Unknown keyword "DENSITYCHECKSTEP" in LEF file; ignoring.
LEF read, Line 200 (Message): Unknown keyword "ANTENNAMODEL" in LEF file; ignoring.
LEF read, Line 201 (Message): Unknown keyword "ANTENNADIFFSIDEAREARATIO" in LEF file; ignoring.
LEF read, Line 203 (Message): Unknown keyword "MAXIMUMDENSITY" in LEF file; ignoring.
LEF read, Line 204 (Message): Unknown keyword "DENSITYCHECKWINDOW" in LEF file; ignoring.
LEF read, Line 205 (Message): Unknown keyword "DENSITYCHECKSTEP" in LEF file; ignoring.
LEF read, Line 241 (Message): Unknown keyword "ANTENNAMODEL" in LEF file; ignoring.
LEF read, Line 242 (Message): Unknown keyword "ANTENNADIFFSIDEAREARATIO" in LEF file; ignoring.
LEF read, Line 244 (Message): Unknown keyword "MAXIMUMDENSITY" in LEF file; ignoring.
LEF read, Line 245 (Message): Unknown keyword "DENSITYCHECKWINDOW" in LEF file; ignoring.
LEF read, Line 246 (Message): Unknown keyword "DENSITYCHECKSTEP" in LEF file; ignoring.
LEF read, Line 282 (Message): Unknown keyword "ANTENNAMODEL" in LEF file; ignoring.
LEF read, Line 283 (Message): Unknown keyword "ANTENNADIFFSIDEAREARATIO" in LEF file; ignoring.
LEF read: Processed 789 lines.
Reading DEF data from file /project/openlane/chip_io/runs/chip_io/results/routing/chip_io.def.
This action cannot be undone.
  Processed 2 vias total.
  Processed 818 subcell instances total.
  Processed 722 pins total.
  Processed 767 nets total.
DEF read: Processed 6933 lines.
Extracting sky130_ef_io__vddio_hvc_pad into sky130_ef_io__vddio_hvc_pad.ext:
Extracting sky130_ef_io__disconnect_vdda_slice_5um into sky130_ef_io__disconnect_vdda_slice_5um.ext:
Extracting sky130_ef_io__disconnect_vccd_slice_5um into sky130_ef_io__disconnect_vccd_slice_5um.ext:
Extracting sky130_ef_io__vccd_lvc_pad into sky130_ef_io__vccd_lvc_pad.ext:
Extracting sky130_ef_io__vdda_hvc_pad into sky130_ef_io__vdda_hvc_pad.ext:
Extracting sky130_ef_io__vssio_hvc_pad into sky130_ef_io__vssio_hvc_pad.ext:
Extracting sky130_ef_io__vssd_lvc_pad into sky130_ef_io__vssd_lvc_pad.ext:
Extracting sky130_ef_io__gpiov2_pad_wrapped into sky130_ef_io__gpiov2_pad_wrapped.ext:
Extracting sky130_fd_io__top_xres4v2 into sky130_fd_io__top_xres4v2.ext:
Extracting sky130_ef_io__vssa_hvc_pad into sky130_ef_io__vssa_hvc_pad.ext:
Extracting sky130_ef_io__com_bus_slice_10um into sky130_ef_io__com_bus_slice_10um.ext:
Extracting sky130_ef_io__com_bus_slice_5um into sky130_ef_io__com_bus_slice_5um.ext:
Extracting sky130_ef_io__com_bus_slice_1um into sky130_ef_io__com_bus_slice_1um.ext:
Extracting sky130_ef_io__connect_vcchib_vccd_and_vswitch_vddio_slice_20um into sky130_ef_io__connect_vcchib_vccd_and_vswitch_vddio_slice_20um.ext:
Extracting sky130_ef_io__com_bus_slice_20um into sky130_ef_io__com_bus_slice_20um.ext:
Extracting sky130_ef_io__corner_pad into sky130_ef_io__corner_pad.ext:
Extracting chip_io into chip_io.ext:
exttospice finished.
Using technology "sky130A", version 1.0.73-5-g748e1a9
