
Magic 8.3 revision 64 - Compiled on Fri Oct  9 12:13:18 UTC 2020.
Starting magic under Tcl interpreter
Using the terminal as the console.
Using NULL graphics device.
Processing system .magicrc file
Sourcing design .magicrc for technology sky130A ...
2 Magic internal units = 1 Lambda
Input style sky130: scaleFactor=2, multiplier=2
Scaled tech values by 2 / 1 to match internal grid scaling
Loading sky130A Device Generator Menu ...
Loading "/openLANE_flow/scripts/magic.tcl" from command line.
Reading LEF data from file /home/xrex/usr/devel/pdks/test/sky130A/libs.ref/sky130_fd_sc_hd/techlef/sky130_fd_sc_hd.tlef.
This action cannot be undone.
LEF read, Line 77 (Message): Unknown keyword "ANTENNAMODEL" in LEF file; ignoring.
LEF read, Line 78 (Message): Unknown keyword "ANTENNADIFFSIDEAREARATIO" in LEF file; ignoring.
LEF read, Line 111 (Message): Unknown keyword "ANTENNAMODEL" in LEF file; ignoring.
LEF read, Line 112 (Message): Unknown keyword "ANTENNADIFFSIDEAREARATIO" in LEF file; ignoring.
LEF read, Line 118 (Message): Unknown keyword "MAXIMUMDENSITY" in LEF file; ignoring.
LEF read, Line 119 (Message): Unknown keyword "DENSITYCHECKWINDOW" in LEF file; ignoring.
LEF read, Line 120 (Message): Unknown keyword "DENSITYCHECKSTEP" in LEF file; ignoring.
LEF read, Line 159 (Message): Unknown keyword "ANTENNAMODEL" in LEF file; ignoring.
LEF read, Line 160 (Message): Unknown keyword "ANTENNADIFFSIDEAREARATIO" in LEF file; ignoring.
LEF read, Line 162 (Message): Unknown keyword "MAXIMUMDENSITY" in LEF file; ignoring.
LEF read, Line 163 (Message): Unknown keyword "DENSITYCHECKWINDOW" in LEF file; ignoring.
LEF read, Line 164 (Message): Unknown keyword "DENSITYCHECKSTEP" in LEF file; ignoring.
LEF read, Line 200 (Message): Unknown keyword "ANTENNAMODEL" in LEF file; ignoring.
LEF read, Line 201 (Message): Unknown keyword "ANTENNADIFFSIDEAREARATIO" in LEF file; ignoring.
LEF read, Line 203 (Message): Unknown keyword "MAXIMUMDENSITY" in LEF file; ignoring.
LEF read, Line 204 (Message): Unknown keyword "DENSITYCHECKWINDOW" in LEF file; ignoring.
LEF read, Line 205 (Message): Unknown keyword "DENSITYCHECKSTEP" in LEF file; ignoring.
LEF read, Line 241 (Message): Unknown keyword "ANTENNAMODEL" in LEF file; ignoring.
LEF read, Line 242 (Message): Unknown keyword "ANTENNADIFFSIDEAREARATIO" in LEF file; ignoring.
LEF read, Line 244 (Message): Unknown keyword "MAXIMUMDENSITY" in LEF file; ignoring.
LEF read, Line 245 (Message): Unknown keyword "DENSITYCHECKWINDOW" in LEF file; ignoring.
LEF read, Line 246 (Message): Unknown keyword "DENSITYCHECKSTEP" in LEF file; ignoring.
LEF read, Line 282 (Message): Unknown keyword "ANTENNAMODEL" in LEF file; ignoring.
LEF read, Line 283 (Message): Unknown keyword "ANTENNADIFFSIDEAREARATIO" in LEF file; ignoring.
LEF read: Processed 789 lines.
Reading DEF data from file /project/openlane/chip_io/runs/chip_io/results/floorplan/padframe.def.
This action cannot be undone.
sky130_fd_io__top_xres4v2: 10000 rects
sky130_fd_io__top_xres4v2: 20000 rects
sky130_fd_io__top_xres4v2: 30000 rects
sky130_fd_io__top_xres4v2: 40000 rects
sky130_fd_io__top_xres4v2: 50000 rects
sky130_fd_io__top_xres4v2: 60000 rects
sky130_fd_io__top_xres4v2: 70000 rects
sky130_fd_io__top_xres4v2: 80000 rects
sky130_fd_io__top_xres4v2: 90000 rects
sky130_fd_io__top_xres4v2: 100000 rects
sky130_fd_io__top_xres4v2: 110000 rects
sky130_fd_io__top_xres4v2: 120000 rects
sky130_fd_io__top_xres4v2: 130000 rects
sky130_fd_io__top_xres4v2: 140000 rects
sky130_fd_io__top_xres4v2: 150000 rects
sky130_fd_io__top_xres4v2: 160000 rects
sky130_fd_io__top_xres4v2: 170000 rects
sky130_fd_io__top_xres4v2: 180000 rects
sky130_fd_io__top_xres4v2: 190000 rects
sky130_fd_io__top_xres4v2: 200000 rects
  Processed 778 subcell instances total.
  Processed 691 pins total.
  Processed 778 nets total.
DEF read: Processed 4337 lines.
[INFO]: Zeroizing Origin
[INFO]: Current Box Values: 0 0 640000 1060000
[INFO]: Saving .mag view With BBox Values: 0 0 640000 1060000
sky130_fd_io__corner_bus_overlay: 10000 rects
sky130_fd_io__top_ground_hvc_wpad: 10000 rects
sky130_fd_io__top_ground_hvc_wpad: 20000 rects
sky130_fd_io__top_ground_hvc_wpad: 30000 rects
sky130_fd_io__top_ground_hvc_wpad: 40000 rects
sky130_fd_io__top_ground_hvc_wpad: 50000 rects
sky130_fd_io__top_ground_hvc_wpad: 60000 rects
sky130_fd_io__top_ground_hvc_wpad: 70000 rects
sky130_fd_io__top_ground_hvc_wpad: 80000 rects
sky130_fd_io__top_ground_hvc_wpad: 90000 rects
sky130_fd_io__top_ground_hvc_wpad: 100000 rects
sky130_fd_io__top_ground_hvc_wpad: 110000 rects
sky130_fd_io__top_ground_hvc_wpad: 120000 rects
Scaled magic input cell sky130_fd_pr__dfl1__example_55959141808663 geometry by factor of 2
Scaled magic input cell sky130_fd_pr__via_l1m1__example_55959141808660 geometry by factor of 2
Scaled magic input cell sky130_fd_pr__via_l1m1__example_55959141808661 geometry by factor of 2
Scaled magic input cell sky130_fd_pr__dfl1__example_55959141808662 geometry by factor of 2
Scaled magic input cell sky130_fd_pr__tpl1__example_55959141808148 geometry by factor of 2
Scaled magic input cell sky130_fd_pr__tpl1__example_55959141808149 geometry by factor of 2
Scaled magic input cell sky130_fd_pr__tpl1__example_55959141808150 geometry by factor of 2
Scaled magic input cell sky130_fd_pr__tpl1__example_55959141808151 geometry by factor of 2
Scaled magic input cell sky130_fd_pr__via_l1m1__example_55959141808153 geometry by factor of 2
Scaled magic input cell sky130_fd_pr__via_l1m1__example_55959141808154 geometry by factor of 2
Scaled magic input cell sky130_fd_pr__via_l1m1__example_55959141808155 geometry by factor of 2
Scaled magic input cell sky130_fd_pr__dfl1__example_55959141808158 geometry by factor of 2
Scaled magic input cell sky130_fd_pr__via_l1m1__example_55959141808400 geometry by factor of 2
Scaled magic input cell sky130_fd_pr__via_l1m1__example_55959141808326 geometry by factor of 2
Scaled magic input cell sky130_fd_pr__via_l1m1__example_55959141808290 geometry by factor of 2
Scaled magic input cell sky130_fd_pr__via_m1m2__example_55959141808551 geometry by factor of 2
Scaled magic input cell sky130_fd_pr__via_m1m2__example_55959141808724 geometry by factor of 2
Scaled magic input cell sky130_fd_pr__via_m1m2__example_55959141808725 geometry by factor of 2
Scaled magic input cell sky130_fd_pr__via_m1m2__example_55959141808554 geometry by factor of 2
Scaled magic input cell sky130_fd_pr__via_m1m2__example_55959141808726 geometry by factor of 2
Scaled magic input cell sky130_fd_pr__via_m1m2__example_55959141808727 geometry by factor of 2
Scaled magic input cell sky130_fd_pr__via_m1m2__example_55959141808728 geometry by factor of 2
sky130_fd_io__pfet_con_diff_wo_abt_270_xres4v2: 10000 rects
sky130_fd_io__pfet_con_diff_wo_abt_270_xres4v2: 20000 rects
sky130_fd_io__pfet_con_diff_wo_abt_270_xres4v2: 30000 rects
sky130_fd_io__xres2v2_rcfilter_lpfv2: 10000 rects
sky130_fd_io__xres2v2_rcfilter_lpfv2: 20000 rects
sky130_fd_io__xres2v2_rcfilter_lpfv2: 30000 rects
Scaled magic input cell sky130_fd_pr__via_m1m2__example_55959141808730 geometry by factor of 2
Scaled magic input cell sky130_fd_pr__via_m1m2__example_55959141808731 geometry by factor of 2
Scaled magic input cell sky130_fd_pr__via_m1m2__example_55959141808732 geometry by factor of 2
Scaled magic input cell sky130_fd_pr__via_m1m2__example_55959141808733 geometry by factor of 2
Scaled magic input cell sky130_fd_pr__via_m1m2__example_55959141808734 geometry by factor of 2
Scaled magic input cell sky130_fd_pr__via_m1m2__example_55959141808736 geometry by factor of 2
Scaled magic input cell sky130_fd_pr__via_m1m2__example_55959141808737 geometry by factor of 2
Scaled magic input cell sky130_fd_pr__via_m1m2__example_55959141808738 geometry by factor of 2
Scaled magic input cell sky130_fd_pr__via_m1m2__example_55959141808740 geometry by factor of 2
Scaled magic input cell sky130_fd_pr__via_pol1__example_55959141808273 geometry by factor of 2
Scaled magic input cell sky130_fd_pr__via_l1m1__example_55959141808741 geometry by factor of 2
Scaled magic input cell sky130_fd_pr__via_l1m1__example_55959141808742 geometry by factor of 2
Scaled magic input cell sky130_fd_pr__via_l1m1__example_55959141808743 geometry by factor of 2
Scaled magic input cell sky130_fd_pr__via_l1m1__example_55959141808744 geometry by factor of 2
Scaled magic input cell sky130_fd_pr__via_l1m1__example_55959141808324 geometry by factor of 2
Scaled magic input cell sky130_fd_pr__via_l1m1__example_55959141808745 geometry by factor of 2
Scaled magic input cell sky130_fd_pr__via_l1m1__example_55959141808746 geometry by factor of 2
Scaled magic input cell sky130_fd_pr__via_l1m1__example_55959141808747 geometry by factor of 2
Scaled magic input cell sky130_fd_pr__via_l1m1__example_55959141808748 geometry by factor of 2
Scaled magic input cell sky130_fd_pr__via_l1m1__example_55959141808749 geometry by factor of 2
Scaled magic input cell sky130_fd_pr__via_l1m1__example_55959141808750 geometry by factor of 2
Scaled magic input cell sky130_fd_pr__via_l1m1__example_55959141808751 geometry by factor of 2
Scaled magic input cell sky130_fd_pr__via_l1m1__example_55959141808752 geometry by factor of 2
sky130_fd_io__nfet_con_diff_wo_abt_270_xres4v2: 10000 rects
sky130_fd_io__nfet_con_diff_wo_abt_270_xres4v2: 20000 rects
sky130_fd_io__nfet_con_diff_wo_abt_270_xres4v2: 30000 rects
sky130_fd_io__nfet_con_diff_wo_abt_270_xres4v2: 40000 rects
sky130_fd_io__xres4v2_in_buf: 10000 rects
sky130_fd_io__xres4v2_in_buf: 20000 rects
sky130_fd_io__xres4v2_in_buf: 30000 rects
sky130_fd_io__top_gpiov2: 10000 rects
sky130_fd_io__top_gpiov2: 20000 rects
sky130_fd_io__top_gpiov2: 30000 rects
sky130_fd_io__top_gpiov2: 40000 rects
sky130_fd_io__top_gpiov2: 50000 rects
sky130_fd_io__top_gpiov2: 60000 rects
sky130_fd_io__top_gpiov2: 70000 rects
sky130_fd_io__top_gpiov2: 80000 rects
sky130_fd_io__top_gpiov2: 90000 rects
sky130_fd_io__gpiov2_amux: 10000 rects
sky130_fd_io__gpiov2_amux: 20000 rects
sky130_fd_io__gpiov2_amux: 30000 rects
Scaled magic input cell sky130_fd_pr__via_l1m1__example_55959141808440 geometry by factor of 2
Scaled magic input cell sky130_fd_pr__via_pol1__example_55959141808394 geometry by factor of 2
Scaled magic input cell sky130_fd_pr__tpl1__example_55959141808374 geometry by factor of 2
Scaled magic input cell sky130_fd_pr__via_pol1__example_55959141808294 geometry by factor of 2
Scaled magic input cell sky130_fd_pr__via_pol1__example_55959141808322 geometry by factor of 2
Scaled magic input cell sky130_fd_pr__via_pol1__example_55959141808396 geometry by factor of 2
Scaled magic input cell sky130_fd_pr__via_pol1__example_55959141808397 geometry by factor of 2
Scaled magic input cell sky130_fd_pr__via_pol1__example_55959141808295 geometry by factor of 2
Scaled magic input cell sky130_fd_pr__via_l1m1__example_55959141808399 geometry by factor of 2
Scaled magic input cell sky130_fd_pr__via_l1m1__example_55959141808325 geometry by factor of 2
Scaled magic input cell sky130_fd_pr__via_l1m1__example_55959141808292 geometry by factor of 2
Scaled magic input cell sky130_fd_pr__via_l1m1__example_55959141808269 geometry by factor of 2
Scaled magic input cell sky130_fd_pr__via_l1m1__example_55959141808401 geometry by factor of 2
Scaled magic input cell sky130_fd_pr__via_l1m1__example_55959141808368 geometry by factor of 2
Scaled magic input cell sky130_fd_pr__tpl1__example_55959141808625 geometry by factor of 2
Scaled magic input cell sky130_fd_pr__via_pol1__example_55959141808320 geometry by factor of 2
Scaled magic input cell sky130_fd_pr__via_pol1__example_55959141808321 geometry by factor of 2
Scaled magic input cell sky130_fd_pr__via_l1m1__example_55959141808323 geometry by factor of 2
Scaled magic input cell sky130_fd_pr__via_pol1__example_55959141808275 geometry by factor of 2
Scaled magic input cell sky130_fd_pr__via_l1m1__example_55959141808293 geometry by factor of 2
Scaled magic input cell sky130_fd_pr__via_pol1__example_55959141808296 geometry by factor of 2
Scaled magic input cell sky130_fd_pr__via_pol1__example_55959141808297 geometry by factor of 2
Scaled magic input cell sky130_fd_pr__tpl1__example_55959141808299 geometry by factor of 2
Scaled magic input cell sky130_fd_pr__tpl1__example_55959141808300 geometry by factor of 2
Scaled magic input cell sky130_fd_pr__via_l1m1__example_55959141808266 geometry by factor of 2
Scaled magic input cell sky130_fd_pr__via_l1m1__example_55959141808267 geometry by factor of 2
sky130_fd_io__gpio_odrvr_subv2: 10000 rects
sky130_fd_io__gpio_odrvr_subv2: 20000 rects
sky130_fd_io__gpio_odrvr_subv2: 30000 rects
sky130_fd_io__nfet_con_diff_wo_abt_270v2: 10000 rects
sky130_fd_io__nfet_con_diff_wo_abt_270v2: 20000 rects
sky130_fd_io__pfet_con_diff_wo_abt_270v2: 10000 rects
sky130_fd_io__pfet_con_diff_wo_abt_270v2: 20000 rects
sky130_fd_io__pfet_con_diff_wo_abt_270v2: 30000 rects
sky130_fd_io__gpio_pddrvr_strong_slowv2: 10000 rects
sky130_fd_io__gpio_pddrvr_strong_slowv2: 20000 rects
Scaled magic input cell sky130_fd_pr__via_l1m1__example_5595914180832 geometry by factor of 2
sky130_fd_io__top_ground_lvc_wpad: 10000 rects
sky130_fd_io__top_ground_lvc_wpad: 20000 rects
sky130_fd_io__top_ground_lvc_wpad: 30000 rects
sky130_fd_io__top_ground_lvc_wpad: 40000 rects
sky130_fd_io__top_ground_lvc_wpad: 50000 rects
sky130_fd_io__top_ground_lvc_wpad: 60000 rects
sky130_fd_io__top_ground_lvc_wpad: 70000 rects
sky130_fd_io__top_ground_lvc_wpad: 80000 rects
sky130_fd_io__top_ground_lvc_wpad: 90000 rects
sky130_fd_io__top_ground_lvc_wpad: 100000 rects
sky130_fd_io__top_ground_lvc_wpad: 110000 rects
sky130_fd_io__top_ground_lvc_wpad: 120000 rects
sky130_fd_io__top_ground_lvc_wpad: 130000 rects
Scaled magic input cell sky130_fd_pr__via_l1m1__example_55959141808683 geometry by factor of 2
Scaled magic input cell sky130_fd_pr__via_l1m1__example_55959141808684 geometry by factor of 2
Scaled magic input cell sky130_fd_pr__tpl1__example_55959141808685 geometry by factor of 2
Scaled magic input cell sky130_fd_pr__tpl1__example_55959141808686 geometry by factor of 2
Scaled magic input cell sky130_fd_pr__dfl1__example_55959141808682 geometry by factor of 2
Scaled magic input cell sky130_fd_pr__dfl1__example_55959141808681 geometry by factor of 2
sky130_fd_io__overlay_vssio_hvc: 10000 rects
sky130_fd_io__hvc_clampv2: 10000 rects
sky130_fd_io__hvc_clampv2: 20000 rects
sky130_fd_io__hvc_clampv2: 30000 rects
sky130_fd_io__hvc_clampv2: 40000 rects
sky130_fd_io__hvc_clampv2: 50000 rects
sky130_fd_io__hvc_clampv2: 60000 rects
sky130_fd_io__hvc_clampv2: 70000 rects
sky130_fd_io__hvc_clampv2: 80000 rects
sky130_fd_io__hvc_clampv2: 90000 rects
sky130_fd_io__hvc_clampv2: 100000 rects
sky130_fd_io__hvc_clampv2: 110000 rects
sky130_fd_io__hvc_clampv2: 120000 rects
sky130_fd_io__hvc_clampv2: 130000 rects
sky130_fd_io__hvc_clampv2: 140000 rects
sky130_fd_io__hvc_clampv2: 150000 rects
sky130_fd_io__hvc_clampv2: 160000 rects
sky130_fd_io__hvc_clampv2: 170000 rects
sky130_fd_io__hvc_clampv2: 180000 rects
sky130_fd_io__top_power_lvc_wpad: 10000 rects
sky130_fd_io__top_power_lvc_wpad: 20000 rects
sky130_fd_io__top_power_lvc_wpad: 30000 rects
sky130_fd_io__top_power_lvc_wpad: 40000 rects
sky130_fd_io__top_power_lvc_wpad: 50000 rects
sky130_fd_io__top_power_lvc_wpad: 60000 rects
sky130_fd_io__top_power_lvc_wpad: 70000 rects
sky130_fd_io__top_power_lvc_wpad: 80000 rects
sky130_fd_io__top_power_lvc_wpad: 90000 rects
sky130_fd_io__top_power_lvc_wpad: 100000 rects
sky130_fd_io__top_power_lvc_wpad: 110000 rects
sky130_fd_io__top_power_lvc_wpad: 120000 rects
sky130_fd_io__top_power_lvc_wpad: 130000 rects
sky130_fd_io__overlay_vddio_hvc: 10000 rects
[INFO]: GDS Write Complete
[INFO]: Writing non-abstract (full) LEF
Generating LEF output /project/openlane/chip_io/runs/chip_io/results/magic/chip_io.lef for cell chip_io:
Diagnostic:  Write LEF header for cell chip_io
Diagnostic:  Writing LEF output for cell chip_io
Diagnostic:  Scale value is 0.005000
[INFO]: LEF Write Complete
[INFO]: MAGIC TAPEOUT STEP DONE
