OpenROAD 0.9.0 e582f2522b
This program is licensed under the BSD-3 license. See the LICENSE file for details. 
Components of this program may be licensed under more restrictive licenses which must be honored.
Notice 0: Reading LEF file:  /project/openlane/gpio_control_block/runs/gpio_control_block/tmp/merged_unpadded.lef
Notice 0:     Created 13 technology layers
Notice 0:     Created 25 technology vias
Notice 0:     Created 437 library cells
Notice 0: Finished LEF file:  /project/openlane/gpio_control_block/runs/gpio_control_block/tmp/merged_unpadded.lef
Notice 0: 
Reading DEF file: /project/openlane/gpio_control_block/runs/gpio_control_block/results/routing/gpio_control_block.def
Notice 0: Design: gpio_control_block
Notice 0:     Created 26 pins.
Notice 0:     Created 345 components and 1518 component-terminals.
Notice 0:     Created 2 special nets and 0 connections.
Notice 0:     Created 82 nets and 217 connections.
Notice 0: Finished DEF file: /project/openlane/gpio_control_block/runs/gpio_control_block/results/routing/gpio_control_block.def
Notice 0: Split top of 13 T shapes.
Number of pins violated: 0
Number of nets violated: 0
Total number of nets: 82
