
reading lef ...

units:       1000
#layers:     13
#macros:     437
#vias:       25
#viarulegen: 25

reading def ...

design:      gpio_control_block
die area:    ( 0 0 ) ( 50000 125000 )
trackPts:    12
defvias:     4
#components: 450
#terminals:  26
#snets:      2
#nets:       82

reading guide ...

#guides:     564
Warning: met2 does not have viaDef align with layer direction, generating new viaDef via2_FR...
Warning: met4 does not have viaDef align with layer direction, generating new viaDef via4_FR...
done initConstraintLayerIdx
List of default vias:
  Layer mcon
    default via: L1M1_PR_MR
  Layer via
    default via: M1M2_PR
  Layer via2
    default via: via2_FR
  Layer via3
    default via: M3M4_PR_M
  Layer via4
    default via: via4_FR
Writing reference output def...

libcell analysis ...

instance analysis ...
#unique instances = 36

init region query ...
  complete FR_MASTERSLICE
  complete FR_VIA
  complete li1
  complete mcon
  complete met1
  complete via
  complete met2
  complete via2
  complete met3
  complete via3
  complete met4
  complete via4
  complete met5

FR_MASTERSLICE shape region query size = 0
FR_VIA shape region query size = 0
li1 shape region query size = 5178
mcon shape region query size = 6447
met1 shape region query size = 1556
via shape region query size = 380
met2 shape region query size = 190
via2 shape region query size = 380
met3 shape region query size = 214
via3 shape region query size = 380
met4 shape region query size = 113
via4 shape region query size = 13
met5 shape region query size = 20


start pin access
Error: no ap for PIN/VGND
Error: no ap for PIN/VPWR
  complete 55 pins
  complete 30 unique inst patterns
  complete 73 groups
Expt1 runtime (pin-level access point gen): 0.303403
Expt2 runtime (design-level access pattern gen): 0.0188361
#scanned instances     = 450
#unique  instances     = 36
#stdCellGenAp          = 538
#stdCellValidPlanarAp  = 28
#stdCellValidViaAp     = 259
#stdCellPinNoAp        = 0
#stdCellPinCnt         = 216
#instTermValidViaApCnt = 0
#macroGenAp            = 0
#macroValidPlanarAp    = 0
#macroValidViaAp       = 0
#macroNoAp             = 0

complete pin access
cpu time = 00:00:00, elapsed time = 00:00:00, memory = 13.61 (MB), peak = 14.01 (MB)

post process guides ...
GCELLGRID X -1 DO 18 STEP 6900 ;
GCELLGRID Y -1 DO 7 STEP 6900 ;
  complete FR_MASTERSLICE
  complete FR_VIA
  complete li1
  complete mcon
  complete met1
  complete via
  complete met2
  complete via2
  complete met3
  complete via3
  complete met4
  complete via4
  complete met5

building cmap ... 

init guide query ...
  complete FR_MASTERSLICE (guide)
  complete FR_VIA (guide)
  complete li1 (guide)
  complete mcon (guide)
  complete met1 (guide)
  complete via (guide)
  complete met2 (guide)
  complete via2 (guide)
  complete met3 (guide)
  complete via3 (guide)
  complete met4 (guide)
  complete via4 (guide)
  complete met5 (guide)

FR_MASTERSLICE guide region query size = 0
FR_VIA guide region query size = 0
li1 guide region query size = 176
mcon guide region query size = 0
met1 guide region query size = 163
via guide region query size = 0
met2 guide region query size = 112
via2 guide region query size = 0
met3 guide region query size = 24
via3 guide region query size = 0
met4 guide region query size = 0
via4 guide region query size = 0
met5 guide region query size = 0

init gr pin query ...


start track assignment
Done with 288 vertical wires in 1 frboxes and 187 horizontal wires in 1 frboxes.
Done with 33 vertical wires in 1 frboxes and 48 horizontal wires in 1 frboxes.

complete track assignment
cpu time = 00:00:00, elapsed time = 00:00:00, memory = 14.52 (MB), peak = 15.99 (MB)

post processing ...

start routing data preparation
initVia2ViaMinLen_minSpc li1 (d2d, d2u, u2d, u2u) = (0, 0, 0, 370)
initVia2ViaMinLen_minSpc met1 (d2d, d2u, u2d, u2u) = (430, 445, 445, 460)
initVia2ViaMinLen_minSpc met2 (d2d, d2u, u2d, u2u) = (460, 485, 485, 630)
initVia2ViaMinLen_minSpc met3 (d2d, d2u, u2d, u2u) = (630, 655, 655, 680)
initVia2ViaMinLen_minSpc met4 (d2d, d2u, u2d, u2u) = (630, 1055, 1055, 3020)
initVia2ViaMinLen_minSpc met5 (d2d, d2u, u2d, u2u) = (1480, 0, 0, 0)
initVia2ViaMinLen_minimumcut li1 (d2d, d2u, u2d, u2u) = (0, 0, 0, 370)
initVia2ViaMinLen_minimumcut li1 zerolen (b, b, b, b) = (1, 1, 1, 1)
initVia2ViaMinLen_minimumcut met1 (d2d, d2u, u2d, u2u) = (430, 445, 445, 460)
initVia2ViaMinLen_minimumcut met1 zerolen (b, b, b, b) = (1, 1, 1, 1)
initVia2ViaMinLen_minimumcut met2 (d2d, d2u, u2d, u2u) = (460, 485, 485, 630)
initVia2ViaMinLen_minimumcut met2 zerolen (b, b, b, b) = (1, 1, 1, 1)
initVia2ViaMinLen_minimumcut met3 (d2d, d2u, u2d, u2u) = (630, 655, 655, 680)
initVia2ViaMinLen_minimumcut met3 zerolen (b, b, b, b) = (1, 1, 1, 1)
initVia2ViaMinLen_minimumcut met4 (d2d, d2u, u2d, u2u) = (630, 1055, 1055, 3020)
initVia2ViaMinLen_minimumcut met4 zerolen (b, b, b, b) = (1, 1, 1, 1)
initVia2ViaMinLen_minimumcut met5 (d2d, d2u, u2d, u2u) = (1480, 0, 0, 0)
initVia2ViaMinLen_minimumcut met5 zerolen (b, b, b, b) = (1, 1, 1, 1)
initVia2ViaMinLenNew_minSpc li1 (d2d-x, d2d-y, d2u-x, d2u-y, u2d-x, u2d-y, u2u-x, u2u-y) = (0, 0, 0, 0, 0, 0, 430, 370)
initVia2ViaMinLenNew_minSpc met1 (d2d-x, d2d-y, d2u-x, d2u-y, u2d-x, u2d-y, u2u-x, u2u-y) = (430, 370, 445, 385, 445, 385, 460, 460)
initVia2ViaMinLenNew_minSpc met2 (d2d-x, d2d-y, d2u-x, d2u-y, u2d-x, u2d-y, u2u-x, u2u-y) = (460, 460, 410, 485, 410, 485, 630, 630)
initVia2ViaMinLenNew_minSpc met3 (d2d-x, d2d-y, d2u-x, d2u-y, u2d-x, u2d-y, u2u-x, u2u-y) = (630, 630, 655, 625, 655, 625, 680, 630)
initVia2ViaMinLenNew_minSpc met4 (d2d-x, d2d-y, d2u-x, d2u-y, u2d-x, u2d-y, u2u-x, u2u-y) = (680, 630, 1055, 1055, 1055, 1055, 3020, 3020)
initVia2ViaMinLenNew_minSpc met5 (d2d-x, d2d-y, d2u-x, d2u-y, u2d-x, u2d-y, u2u-x, u2u-y) = (1480, 1480, 0, 0, 0, 0, 0, 0)
initVia2ViaMinLenNew_minimumcut li1 (d2d-x, d2d-y, d2u-x, d2u-y, u2d-x, u2d-y, u2u-x, u2u-y) = (0, 0, 0, 0, 0, 0, 430, 370)
initVia2ViaMinLenNew_minimumcut met1 (d2d-x, d2d-y, d2u-x, d2u-y, u2d-x, u2d-y, u2u-x, u2u-y) = (430, 370, 445, 385, 445, 385, 460, 460)
initVia2ViaMinLenNew_minimumcut met2 (d2d-x, d2d-y, d2u-x, d2u-y, u2d-x, u2d-y, u2u-x, u2u-y) = (460, 460, 410, 485, 410, 485, 630, 630)
initVia2ViaMinLenNew_minimumcut met3 (d2d-x, d2d-y, d2u-x, d2u-y, u2d-x, u2d-y, u2u-x, u2u-y) = (630, 630, 655, 625, 655, 625, 680, 630)
initVia2ViaMinLenNew_minimumcut met4 (d2d-x, d2d-y, d2u-x, d2u-y, u2d-x, u2d-y, u2u-x, u2u-y) = (680, 630, 1055, 1055, 1055, 1055, 3020, 3020)
initVia2ViaMinLenNew_minimumcut met5 (d2d-x, d2d-y, d2u-x, d2u-y, u2d-x, u2d-y, u2u-x, u2u-y) = (1480, 1480, 0, 0, 0, 0, 0, 0)
initVia2ViaMinLenNew_cutSpc li1 (d2d-x, d2d-y, d2u-x, d2u-y, u2d-x, u2d-y, u2u-x, u2u-y) = (0, 0, 0, 0, 0, 0, 430, 370)
initVia2ViaMinLenNew_cutSpc met1 (d2d-x, d2d-y, d2u-x, d2u-y, u2d-x, u2d-y, u2u-x, u2u-y) = (430, 370, 445, 385, 445, 385, 460, 460)
initVia2ViaMinLenNew_cutSpc met2 (d2d-x, d2d-y, d2u-x, d2u-y, u2d-x, u2d-y, u2u-x, u2u-y) = (460, 460, 410, 485, 410, 485, 630, 630)
initVia2ViaMinLenNew_cutSpc met3 (d2d-x, d2d-y, d2u-x, d2u-y, u2d-x, u2d-y, u2u-x, u2u-y) = (630, 630, 655, 625, 655, 625, 680, 630)
initVia2ViaMinLenNew_cutSpc met4 (d2d-x, d2d-y, d2u-x, d2u-y, u2d-x, u2d-y, u2u-x, u2u-y) = (680, 630, 1055, 1055, 1055, 1055, 3020, 3020)
initVia2ViaMinLenNew_cutSpc met5 (d2d-x, d2d-y, d2u-x, d2u-y, u2d-x, u2d-y, u2u-x, u2u-y) = (1600, 1600, 0, 0, 0, 0, 0, 0)
cpu time = 00:00:00, elapsed time = 00:00:00, memory = 14.65 (MB), peak = 15.99 (MB)

start detail routing ...
start 0th optimization iteration ...
    completing 10% with 0 violations
    elapsed time = 00:00:00, memory = 24.87 (MB)
    completing 20% with 0 violations
    elapsed time = 00:00:00, memory = 25.60 (MB)
    completing 30% with 28 violations
    elapsed time = 00:00:00, memory = 30.96 (MB)
  number of violations = 0
cpu time = 00:00:00, elapsed time = 00:00:00, memory = 21.04 (MB), peak = 379.15 (MB)
total wire length = 2452 um
total wire length on LAYER li1 = 0 um
total wire length on LAYER met1 = 765 um
total wire length on LAYER met2 = 1332 um
total wire length on LAYER met3 = 353 um
total wire length on LAYER met4 = 0 um
total wire length on LAYER met5 = 0 um
total number of vias = 462
up-via summary (total 462):

----------------------
 FR_MASTERSLICE      0
            li1    191
           met1    247
           met2     24
           met3      0
           met4      0
----------------------
                   462


start 1st optimization iteration ...
    completing 10% with 0 violations
    elapsed time = 00:00:00, memory = 27.99 (MB)
    completing 20% with 0 violations
    elapsed time = 00:00:00, memory = 28.40 (MB)
    completing 30% with 0 violations
    elapsed time = 00:00:00, memory = 35.00 (MB)
    completing 40% with 1 violations
    elapsed time = 00:00:00, memory = 23.03 (MB)
    completing 50% with 1 violations
    elapsed time = 00:00:00, memory = 23.11 (MB)
    completing 60% with 1 violations
    elapsed time = 00:00:00, memory = 23.11 (MB)
  number of violations = 1
cpu time = 00:00:00, elapsed time = 00:00:00, memory = 26.02 (MB), peak = 380.95 (MB)
total wire length = 2462 um
total wire length on LAYER li1 = 0 um
total wire length on LAYER met1 = 772 um
total wire length on LAYER met2 = 1326 um
total wire length on LAYER met3 = 363 um
total wire length on LAYER met4 = 0 um
total wire length on LAYER met5 = 0 um
total number of vias = 457
up-via summary (total 457):

----------------------
 FR_MASTERSLICE      0
            li1    190
           met1    243
           met2     24
           met3      0
           met4      0
----------------------
                   457


start 2nd optimization iteration ...
    completing 10% with 1 violations
    elapsed time = 00:00:00, memory = 25.91 (MB)
    completing 20% with 1 violations
    elapsed time = 00:00:00, memory = 27.98 (MB)
    completing 30% with 1 violations
    elapsed time = 00:00:00, memory = 27.98 (MB)
    completing 40% with 1 violations
    elapsed time = 00:00:00, memory = 27.98 (MB)
    completing 50% with 1 violations
    elapsed time = 00:00:00, memory = 27.00 (MB)
    completing 60% with 1 violations
    elapsed time = 00:00:00, memory = 36.84 (MB)
    completing 70% with 0 violations
    elapsed time = 00:00:00, memory = 25.05 (MB)
    completing 80% with 0 violations
    elapsed time = 00:00:00, memory = 30.91 (MB)
  number of violations = 0
cpu time = 00:00:00, elapsed time = 00:00:00, memory = 30.91 (MB), peak = 385.66 (MB)
total wire length = 2457 um
total wire length on LAYER li1 = 0 um
total wire length on LAYER met1 = 758 um
total wire length on LAYER met2 = 1331 um
total wire length on LAYER met3 = 367 um
total wire length on LAYER met4 = 0 um
total wire length on LAYER met5 = 0 um
total number of vias = 455
up-via summary (total 455):

----------------------
 FR_MASTERSLICE      0
            li1    190
           met1    241
           met2     24
           met3      0
           met4      0
----------------------
                   455


start 17th optimization iteration ...
    completing 10% with 0 violations
    elapsed time = 00:00:00, memory = 25.77 (MB)
    completing 20% with 0 violations
    elapsed time = 00:00:00, memory = 28.06 (MB)
    completing 30% with 0 violations
    elapsed time = 00:00:00, memory = 29.71 (MB)
    completing 40% with 0 violations
    elapsed time = 00:00:00, memory = 25.64 (MB)
    completing 50% with 0 violations
    elapsed time = 00:00:00, memory = 25.64 (MB)
    completing 60% with 0 violations
    elapsed time = 00:00:00, memory = 28.17 (MB)
  number of violations = 0
cpu time = 00:00:00, elapsed time = 00:00:00, memory = 28.17 (MB), peak = 385.66 (MB)
total wire length = 2457 um
total wire length on LAYER li1 = 0 um
total wire length on LAYER met1 = 758 um
total wire length on LAYER met2 = 1331 um
total wire length on LAYER met3 = 367 um
total wire length on LAYER met4 = 0 um
total wire length on LAYER met5 = 0 um
total number of vias = 455
up-via summary (total 455):

----------------------
 FR_MASTERSLICE      0
            li1    190
           met1    241
           met2     24
           met3      0
           met4      0
----------------------
                   455


start 25th optimization iteration ...
    completing 10% with 0 violations
    elapsed time = 00:00:00, memory = 28.46 (MB)
    completing 20% with 0 violations
    elapsed time = 00:00:00, memory = 28.46 (MB)
    completing 30% with 0 violations
    elapsed time = 00:00:00, memory = 25.92 (MB)
    completing 40% with 0 violations
    elapsed time = 00:00:00, memory = 27.60 (MB)
    completing 50% with 0 violations
    elapsed time = 00:00:00, memory = 25.71 (MB)
    completing 60% with 0 violations
    elapsed time = 00:00:00, memory = 28.97 (MB)
    completing 70% with 0 violations
    elapsed time = 00:00:00, memory = 27.23 (MB)
    completing 80% with 0 violations
    elapsed time = 00:00:00, memory = 27.23 (MB)
  number of violations = 0
cpu time = 00:00:00, elapsed time = 00:00:00, memory = 27.23 (MB), peak = 385.66 (MB)
total wire length = 2457 um
total wire length on LAYER li1 = 0 um
total wire length on LAYER met1 = 758 um
total wire length on LAYER met2 = 1331 um
total wire length on LAYER met3 = 367 um
total wire length on LAYER met4 = 0 um
total wire length on LAYER met5 = 0 um
total number of vias = 455
up-via summary (total 455):

----------------------
 FR_MASTERSLICE      0
            li1    190
           met1    241
           met2     24
           met3      0
           met4      0
----------------------
                   455


start 33rd optimization iteration ...
    completing 10% with 0 violations
    elapsed time = 00:00:00, memory = 24.49 (MB)
    completing 20% with 0 violations
    elapsed time = 00:00:00, memory = 26.30 (MB)
    completing 30% with 0 violations
    elapsed time = 00:00:00, memory = 26.30 (MB)
    completing 40% with 0 violations
    elapsed time = 00:00:00, memory = 24.86 (MB)
    completing 50% with 0 violations
    elapsed time = 00:00:00, memory = 25.54 (MB)
    completing 60% with 0 violations
    elapsed time = 00:00:00, memory = 25.70 (MB)
    completing 70% with 0 violations
    elapsed time = 00:00:00, memory = 24.77 (MB)
    completing 80% with 0 violations
    elapsed time = 00:00:00, memory = 27.36 (MB)
    completing 90% with 0 violations
    elapsed time = 00:00:00, memory = 27.40 (MB)
    completing 100% with 0 violations
    elapsed time = 00:00:00, memory = 28.02 (MB)
  number of violations = 0
cpu time = 00:00:00, elapsed time = 00:00:00, memory = 28.02 (MB), peak = 385.66 (MB)
total wire length = 2457 um
total wire length on LAYER li1 = 0 um
total wire length on LAYER met1 = 758 um
total wire length on LAYER met2 = 1331 um
total wire length on LAYER met3 = 367 um
total wire length on LAYER met4 = 0 um
total wire length on LAYER met5 = 0 um
total number of vias = 455
up-via summary (total 455):

----------------------
 FR_MASTERSLICE      0
            li1    190
           met1    241
           met2     24
           met3      0
           met4      0
----------------------
                   455


start 41st optimization iteration ...
    completing 10% with 0 violations
    elapsed time = 00:00:00, memory = 24.15 (MB)
    completing 20% with 0 violations
    elapsed time = 00:00:00, memory = 24.15 (MB)
    completing 30% with 0 violations
    elapsed time = 00:00:00, memory = 25.09 (MB)
    completing 40% with 0 violations
    elapsed time = 00:00:00, memory = 26.05 (MB)
    completing 50% with 0 violations
    elapsed time = 00:00:00, memory = 26.05 (MB)
    completing 60% with 0 violations
    elapsed time = 00:00:00, memory = 27.62 (MB)
    completing 70% with 0 violations
    elapsed time = 00:00:00, memory = 27.44 (MB)
    completing 80% with 0 violations
    elapsed time = 00:00:00, memory = 26.91 (MB)
    completing 90% with 0 violations
    elapsed time = 00:00:00, memory = 26.52 (MB)
    completing 100% with 0 violations
    elapsed time = 00:00:00, memory = 27.89 (MB)
  number of violations = 0
cpu time = 00:00:00, elapsed time = 00:00:00, memory = 27.89 (MB), peak = 385.66 (MB)
total wire length = 2457 um
total wire length on LAYER li1 = 0 um
total wire length on LAYER met1 = 758 um
total wire length on LAYER met2 = 1331 um
total wire length on LAYER met3 = 367 um
total wire length on LAYER met4 = 0 um
total wire length on LAYER met5 = 0 um
total number of vias = 455
up-via summary (total 455):

----------------------
 FR_MASTERSLICE      0
            li1    190
           met1    241
           met2     24
           met3      0
           met4      0
----------------------
                   455


start 49th optimization iteration ...
    completing 10% with 0 violations
    elapsed time = 00:00:00, memory = 26.59 (MB)
    completing 20% with 0 violations
    elapsed time = 00:00:00, memory = 26.10 (MB)
    completing 30% with 0 violations
    elapsed time = 00:00:00, memory = 26.10 (MB)
    completing 40% with 0 violations
    elapsed time = 00:00:00, memory = 25.84 (MB)
    completing 50% with 0 violations
    elapsed time = 00:00:00, memory = 25.94 (MB)
    completing 60% with 0 violations
    elapsed time = 00:00:00, memory = 25.89 (MB)
    completing 70% with 0 violations
    elapsed time = 00:00:00, memory = 26.84 (MB)
    completing 80% with 0 violations
    elapsed time = 00:00:00, memory = 27.42 (MB)
    completing 90% with 0 violations
    elapsed time = 00:00:00, memory = 25.04 (MB)
    completing 100% with 0 violations
    elapsed time = 00:00:00, memory = 25.04 (MB)
  number of violations = 0
cpu time = 00:00:00, elapsed time = 00:00:00, memory = 25.04 (MB), peak = 385.66 (MB)
total wire length = 2457 um
total wire length on LAYER li1 = 0 um
total wire length on LAYER met1 = 758 um
total wire length on LAYER met2 = 1331 um
total wire length on LAYER met3 = 367 um
total wire length on LAYER met4 = 0 um
total wire length on LAYER met5 = 0 um
total number of vias = 455
up-via summary (total 455):

----------------------
 FR_MASTERSLICE      0
            li1    190
           met1    241
           met2     24
           met3      0
           met4      0
----------------------
                   455


start 57th optimization iteration ...
    completing 10% with 0 violations
    elapsed time = 00:00:00, memory = 24.24 (MB)
    completing 20% with 0 violations
    elapsed time = 00:00:00, memory = 25.79 (MB)
    completing 30% with 0 violations
    elapsed time = 00:00:00, memory = 26.30 (MB)
    completing 40% with 0 violations
    elapsed time = 00:00:00, memory = 25.84 (MB)
    completing 50% with 0 violations
    elapsed time = 00:00:00, memory = 25.84 (MB)
    completing 60% with 0 violations
    elapsed time = 00:00:00, memory = 25.74 (MB)
    completing 70% with 0 violations
    elapsed time = 00:00:00, memory = 24.77 (MB)
    completing 80% with 0 violations
    elapsed time = 00:00:00, memory = 27.03 (MB)
    completing 90% with 0 violations
    elapsed time = 00:00:00, memory = 27.59 (MB)
    completing 100% with 0 violations
    elapsed time = 00:00:00, memory = 29.05 (MB)
  number of violations = 0
cpu time = 00:00:00, elapsed time = 00:00:00, memory = 29.05 (MB), peak = 385.66 (MB)
total wire length = 2457 um
total wire length on LAYER li1 = 0 um
total wire length on LAYER met1 = 758 um
total wire length on LAYER met2 = 1331 um
total wire length on LAYER met3 = 367 um
total wire length on LAYER met4 = 0 um
total wire length on LAYER met5 = 0 um
total number of vias = 455
up-via summary (total 455):

----------------------
 FR_MASTERSLICE      0
            li1    190
           met1    241
           met2     24
           met3      0
           met4      0
----------------------
                   455


complete detail routing
total wire length = 2457 um
total wire length on LAYER li1 = 0 um
total wire length on LAYER met1 = 758 um
total wire length on LAYER met2 = 1331 um
total wire length on LAYER met3 = 367 um
total wire length on LAYER met4 = 0 um
total wire length on LAYER met5 = 0 um
total number of vias = 455
up-via summary (total 455):

----------------------
 FR_MASTERSLICE      0
            li1    190
           met1    241
           met2     24
           met3      0
           met4      0
----------------------
                   455

cpu time = 00:00:03, elapsed time = 00:00:02, memory = 29.05 (MB), peak = 385.66 (MB)

post processing ...

Runtime taken (hrt): 4.2334
