OpenROAD 0.9.0 e582f2522b
This program is licensed under the BSD-3 license. See the LICENSE file for details. 
Components of this program may be licensed under more restrictive licenses which must be honored.
Notice 0: Reading LEF file:  /openLANE_flow/designs/caravel/openlane/digital_pll/runs/digital_pll/tmp/merged_unpadded.lef
Notice 0:     Created 11 technology layers
Notice 0:     Created 25 technology vias
Notice 0:     Created 437 library cells
Notice 0: Finished LEF file:  /openLANE_flow/designs/caravel/openlane/digital_pll/runs/digital_pll/tmp/merged_unpadded.lef
Notice 0: 
Reading DEF file: /openLANE_flow/designs/caravel/openlane/digital_pll/runs/digital_pll/tmp/placement/openphysyn.def
Notice 0: Design: digital_pll
Notice 0:     Created 37 pins.
Notice 0:     Created 657 components and 2635 component-terminals.
Notice 0:     Created 399 nets and 1320 connections.
Notice 0: Finished DEF file: /openLANE_flow/designs/caravel/openlane/digital_pll/runs/digital_pll/tmp/placement/openphysyn.def
Warning: could not find power special net
Design Stats
--------------------------------
total instances           657
multi row instances         0
fixed instances           266
nets                      399
design area           13665.6 u^2
fixed area              548.0 u^2
movable area           4907.2 u^2
utilization                37 %
utilization padded         52 %
rows                       43
row height                2.7 u

Placement Analysis
--------------------------------
total displacement     1725.4 u
average displacement      2.6 u
max displacement         23.8 u
original HPWL          7646.1 u
legalized HPWL         9594.5 u
delta HPWL                 25 %

