Netgen 1.5.157 compiled on Fri Oct  9 13:50:13 UTC 2020
Warning: netgen command 'format' use fully-qualified name '::netgen::format'
Warning: netgen command 'global' use fully-qualified name '::netgen::global'
Generating JSON file result
Reading netlist file /project/openlane/storage/runs/storage/results/magic/storage.spice
Reading netlist file /project/openlane/storage/runs/storage/results/lvs/storage.lvs.powered.v
Warning:  A case-insensitive file has been read and so the	verilog file must be treated case-insensitive to match.
Creating placeholder cell definition for module sky130_fd_sc_hd__diode_2.
Creating placeholder cell definition for module sky130_fd_sc_hd__fill_2.
Creating placeholder cell definition for module sky130_fd_sc_hd__decap_12.
Creating placeholder cell definition for module sky130_fd_sc_hd__decap_4.
Creating placeholder cell definition for module sky130_fd_sc_hd__fill_1.
Creating placeholder cell definition for module sky130_fd_sc_hd__decap_8.
Creating placeholder cell definition for module sky130_fd_sc_hd__decap_6.
Creating placeholder cell definition for module sky130_fd_sc_hd__decap_3.
Creating placeholder cell definition for module sky130_fd_sc_hd__tapvpwrvgnd_1.
Creating placeholder cell definition for module sram_1rw1r_32_256_8_sky130.
Note:  Implicit pin clk1
Note:  Implicit pin csb1
Reading setup file /home/xrex/usr/devel/pdks/sky130A/libs.tech/netgen/sky130A_setup.tcl
Comparison output logged to file /project/openlane/storage/runs/storage/results/lvs/storage.lvs.log
Logging to file "/project/openlane/storage/runs/storage/results/lvs/storage.lvs.log" enabled
Contents of circuit 1:  Circuit: 'sky130_fd_sc_hd__diode_2'
Circuit sky130_fd_sc_hd__diode_2 contains 0 device instances.
Circuit contains 0 nets, and 5 disconnected pins.
Contents of circuit 2:  Circuit: 'sky130_fd_sc_hd__diode_2'
Circuit sky130_fd_sc_hd__diode_2 contains 0 device instances.
Circuit contains 0 nets.

Circuit sky130_fd_sc_hd__diode_2 contains no devices.
Contents of circuit 1:  Circuit: 'sky130_fd_sc_hd__tapvpwrvgnd_1'
Circuit sky130_fd_sc_hd__tapvpwrvgnd_1 contains 0 device instances.
Circuit contains 0 nets, and 2 disconnected pins.
Contents of circuit 2:  Circuit: 'sky130_fd_sc_hd__tapvpwrvgnd_1'
Circuit sky130_fd_sc_hd__tapvpwrvgnd_1 contains 0 device instances.
Circuit contains 0 nets.

Circuit sky130_fd_sc_hd__tapvpwrvgnd_1 contains no devices.
Contents of circuit 1:  Circuit: 'sram_1rw1r_32_256_8_sky130'
Circuit sram_1rw1r_32_256_8_sky130 contains 0 device instances.
Circuit contains 0 nets, and 123 disconnected pins.
Contents of circuit 2:  Circuit: 'sram_1rw1r_32_256_8_sky130'
Circuit sram_1rw1r_32_256_8_sky130 contains 0 device instances.
Circuit contains 0 nets.

Circuit sram_1rw1r_32_256_8_sky130 contains no devices.
Contents of circuit 1:  Circuit: 'storage'
Circuit storage contains 448 device instances.
  Class: sram_1rw1r_32_256_8_sky130 instances:   2
  Class: sky130_fd_sc_hd__diode_2 instances: 104
  Class: sky130_fd_sc_hd__tapvpwrvgnd_1 instances: 342
Circuit contains 202 nets.
Contents of circuit 2:  Circuit: 'storage'
Circuit storage contains 448 device instances.
  Class: sram_1rw1r_32_256_8_sky130 instances:   2
  Class: sky130_fd_sc_hd__diode_2 instances: 104
  Class: sky130_fd_sc_hd__tapvpwrvgnd_1 instances: 342
Circuit contains 202 nets.

Circuit 1 contains 448 devices, Circuit 2 contains 448 devices.
Circuit 1 contains 202 nets,    Circuit 2 contains 202 nets.

Circuits match with 42 symmetries.
Resolving automorphisms by property value.
Resolving automorphisms by pin name.
Netlists match with 42 symmetries.
Circuits match correctly.
Result: Circuits match uniquely.
Logging to file "/project/openlane/storage/runs/storage/results/lvs/storage.lvs.log" disabled
LVS Done.
