[OpenPhySyn] [2020-11-11 04:07:06.176] [info] Loaded 6 transforms.
[OpenPhySyn] [2020-11-11 04:07:06.541] [info] OpenPhySyn: 1.8.1
Warning: /project/openlane/user_proj_example/runs/user_proj_example/tmp/opt.lib, line 32 default_operating_condition ss_100C_1v60 not found.
Notice 0: Reading LEF file:  /project/openlane/user_proj_example/runs/user_proj_example/tmp/merged_unpadded.lef
Notice 0:     Created 13 technology layers
Notice 0:     Created 25 technology vias
Notice 0:     Created 437 library cells
Notice 0: Finished LEF file:  /project/openlane/user_proj_example/runs/user_proj_example/tmp/merged_unpadded.lef
Notice 0: 
Reading DEF file: /project/openlane/user_proj_example/runs/user_proj_example/tmp/placement/replace.def
Notice 0: Design: user_proj_example
Notice 0:     Created 612 pins.
Notice 0:     Created 1518 components and 6703 component-terminals.
Notice 0:     Created 1015 nets and 1888 connections.
Notice 0: Finished DEF file: /project/openlane/user_proj_example/runs/user_proj_example/tmp/placement/replace.def
Error: base.sdc, 1 can't read "::env(CLOCK_PORT)": no such variable
=============== Initial Reports =============
No paths found.
Capacitance violations: 0
Transition violations: 0
wns 0.00
tns 0.00
Initial area: 88061 um2
OpenPhySyn timing repair:
[OpenPhySyn] [2020-11-11 04:07:11.063] [info] Invoking repair_timing transform
[OpenPhySyn] [2020-11-11 04:07:11.071] [info] Buffer library: sky130_fd_sc_hd__buf_4, sky130_fd_sc_hd__buf_8, sky130_fd_sc_hd__buf_2
[OpenPhySyn] [2020-11-11 04:07:11.071] [info] Inverter library: None
[OpenPhySyn] [2020-11-11 04:07:11.071] [info] Buffering: enabled
[OpenPhySyn] [2020-11-11 04:07:11.071] [info] Driver sizing: enabled
[OpenPhySyn] [2020-11-11 04:07:11.071] [info] Pin-swapping: enabled
[OpenPhySyn] [2020-11-11 04:07:11.071] [info] Mode: Timing-Driven
[OpenPhySyn] [2020-11-11 04:07:11.071] [info] Iteration 1
[OpenPhySyn] [2020-11-11 04:07:11.223] [info] No more violations or cannot find more optimal buffer
[OpenPhySyn] [2020-11-11 04:07:11.223] [info] Runtime: 0s
[OpenPhySyn] [2020-11-11 04:07:11.223] [info] Buffers: 0
[OpenPhySyn] [2020-11-11 04:07:11.223] [info] Resize up: 0
[OpenPhySyn] [2020-11-11 04:07:11.223] [info] Resize down: 0
[OpenPhySyn] [2020-11-11 04:07:11.223] [info] Pin Swap: 0
[OpenPhySyn] [2020-11-11 04:07:11.223] [info] Buffered nets: 0
[OpenPhySyn] [2020-11-11 04:07:11.223] [info] Fanout violations: 0
[OpenPhySyn] [2020-11-11 04:07:11.223] [info] Transition violations: 0
[OpenPhySyn] [2020-11-11 04:07:11.223] [info] Capacitance violations: 0
[OpenPhySyn] [2020-11-11 04:07:11.223] [info] Slack gain: 0.0
[OpenPhySyn] [2020-11-11 04:07:11.223] [info] Initial area: 8806
[OpenPhySyn] [2020-11-11 04:07:11.223] [info] New area: 8806
[OpenPhySyn] [2020-11-11 04:07:11.223] [info] Finished repair_timing transform (0)
Added/updated 0 cells
=============== Final Reports =============
No paths found.
Capacitance violations: 0
Transition violations: 0
wns 0.00
tns 0.00
Final area: 88061 um2
Export optimized design
