sky130_fd_pr__pfet_g5v0d10v5_YUHPBG 2
----------------------------------------
Metal1 spacing < 0.14um (met1.2)
----------------------------------------
-0.965um 1.895um -0.960um 1.925um
-0.965um 1.925um -0.960um 2.095um
-0.965um 1.985um -0.960um 2.095um
-1.105um 1.755um -1.100um 1.895um
-1.105um 1.755um -1.100um 1.925um
-1.105um 1.925um -1.100um 1.985um
----------------------------------------

sky130_fd_pr__pfet_g5v0d10v5_YUHPXE 2
----------------------------------------
Metal1 spacing < 0.14um (met1.2)
----------------------------------------
-0.965um 1.895um -0.960um 1.925um
-0.965um 1.925um -0.960um 2.095um
-0.965um 1.985um -0.960um 2.095um
-1.105um 1.755um -1.100um 1.895um
-1.105um 1.755um -1.100um 1.925um
-1.105um 1.925um -1.100um 1.985um
----------------------------------------

