max slew

Pin                                    Limit    Slew   Slack
------------------------------------------------------------
psn_inst_psn_buff_90/A                  1.50    1.63   -0.13 (VIOLATED)
psn_inst_psn_buff_91/A                  1.50    1.63   -0.13 (VIOLATED)
_63709_/SET_B                           1.50    1.63   -0.13 (VIOLATED)
_63710_/SET_B                           1.50    1.63   -0.13 (VIOLATED)
_63711_/SET_B                           1.50    1.63   -0.13 (VIOLATED)
_64737_/SET_B                           1.50    1.63   -0.13 (VIOLATED)
_64738_/SET_B                           1.50    1.63   -0.13 (VIOLATED)
_64736_/SET_B                           1.50    1.63   -0.13 (VIOLATED)
_63718_/RESET_B                         1.50    1.63   -0.13 (VIOLATED)
_63717_/RESET_B                         1.50    1.63   -0.13 (VIOLATED)
_63719_/RESET_B                         1.50    1.63   -0.13 (VIOLATED)
_63708_/SET_B                           1.50    1.63   -0.13 (VIOLATED)
_64735_/SET_B                           1.50    1.63   -0.13 (VIOLATED)
_64732_/SET_B                           1.50    1.63   -0.13 (VIOLATED)
_64733_/SET_B                           1.50    1.63   -0.13 (VIOLATED)
_64734_/SET_B                           1.50    1.63   -0.13 (VIOLATED)
psn_inst_psn_buff_89/A                  1.50    1.63   -0.13 (VIOLATED)
psn_inst_psn_buff_88/A                  1.50    1.63   -0.13 (VIOLATED)
psn_inst_psn_buff_86/A                  1.50    1.63   -0.13 (VIOLATED)
psn_inst_psn_buff_87/A                  1.50    1.63   -0.13 (VIOLATED)
_63707_/SET_B                           1.50    1.63   -0.13 (VIOLATED)
_64731_/SET_B                           1.50    1.63   -0.13 (VIOLATED)
_63713_/SET_B                           1.50    1.63   -0.13 (VIOLATED)
_63712_/SET_B                           1.50    1.63   -0.13 (VIOLATED)
_63706_/SET_B                           1.50    1.63   -0.13 (VIOLATED)
_63454_/RESET_B                         1.50    1.63   -0.13 (VIOLATED)
psn_inst_psn_buff_85/A                  1.50    1.63   -0.13 (VIOLATED)
_63453_/RESET_B                         1.50    1.63   -0.13 (VIOLATED)
_63705_/RESET_B                         1.50    1.63   -0.13 (VIOLATED)
psn_inst_psn_buff_84/A                  1.50    1.63   -0.13 (VIOLATED)
psn_inst_psn_buff_83/A                  1.50    1.63   -0.13 (VIOLATED)
_63452_/SET_B                           1.50    1.63   -0.13 (VIOLATED)
_63455_/RESET_B                         1.50    1.63   -0.13 (VIOLATED)
psn_inst_psn_buff_78/A                  1.50    1.62   -0.12 (VIOLATED)
psn_inst_psn_buff_77/A                  1.50    1.62   -0.12 (VIOLATED)
psn_inst_psn_buff_76/A                  1.50    1.62   -0.12 (VIOLATED)
psn_inst_psn_buff_92/A                  1.50    1.62   -0.12 (VIOLATED)
_63716_/SET_B                           1.50    1.62   -0.12 (VIOLATED)
_63473_/RESET_B                         1.50    1.62   -0.12 (VIOLATED)
_63715_/SET_B                           1.50    1.62   -0.12 (VIOLATED)
psn_inst_psn_buff_75/A                  1.50    1.62   -0.12 (VIOLATED)
psn_inst_psn_buff_93/A                  1.50    1.62   -0.12 (VIOLATED)
psn_inst_psn_buff_74/A                  1.50    1.62   -0.12 (VIOLATED)
psn_inst_psn_buff_73/A                  1.50    1.61   -0.11 (VIOLATED)
psn_inst_psn_buff_94/A                  1.50    1.61   -0.11 (VIOLATED)
psn_inst_psn_buff_72/A                  1.50    1.61   -0.11 (VIOLATED)
psn_inst_psn_buff_71/A                  1.50    1.61   -0.11 (VIOLATED)
psn_inst_psn_buff_70/A                  1.50    1.61   -0.11 (VIOLATED)
psn_inst_psn_buff_69/A                  1.50    1.61   -0.11 (VIOLATED)
psn_inst_psn_buff_68/A                  1.50    1.61   -0.11 (VIOLATED)
_64718_/RESET_B                         1.50    1.61   -0.11 (VIOLATED)
psn_inst_psn_buff_66/A                  1.50    1.60   -0.10 (VIOLATED)
psn_inst_psn_buff_65/A                  1.50    1.60   -0.10 (VIOLATED)
psn_inst_psn_buff_64/A                  1.50    1.58   -0.08 (VIOLATED)
psn_inst_psn_buff_63/A                  1.50    1.58   -0.08 (VIOLATED)
psn_inst_psn_buff_62/A                  1.50    1.58   -0.08 (VIOLATED)
psn_inst_psn_buff_61/A                  1.50    1.58   -0.08 (VIOLATED)
psn_inst_psn_buff_60/A                  1.50    1.57   -0.07 (VIOLATED)
psn_inst_psn_buff_59/A                  1.50    1.57   -0.07 (VIOLATED)
psn_inst_psn_buff_58/A                  1.50    1.57   -0.07 (VIOLATED)
psn_inst_psn_buff_57/A                  1.50    1.57   -0.07 (VIOLATED)
psn_inst_psn_buff_56/A                  1.50    1.57   -0.07 (VIOLATED)
psn_inst_psn_buff_95/A                  1.50    1.56   -0.06 (VIOLATED)
psn_inst_psn_buff_55/A                  1.50    1.56   -0.06 (VIOLATED)
psn_inst_psn_buff_54/A                  1.50    1.56   -0.06 (VIOLATED)
psn_inst_psn_buff_53/A                  1.50    1.56   -0.06 (VIOLATED)
psn_inst_psn_buff_52/A                  1.50    1.56   -0.06 (VIOLATED)
psn_inst_psn_buff_51/A                  1.50    1.56   -0.06 (VIOLATED)
psn_inst_psn_buff_50/A                  1.50    1.56   -0.06 (VIOLATED)
psn_inst_psn_buff_96/A                  1.50    1.55   -0.05 (VIOLATED)
psn_inst_psn_buff_49/A                  1.50    1.55   -0.05 (VIOLATED)
psn_inst_psn_buff_48/A                  1.50    1.55   -0.05 (VIOLATED)
psn_inst_psn_buff_47/A                  1.50    1.55   -0.05 (VIOLATED)
psn_inst_psn_buff_46/A                  1.50    1.54   -0.04 (VIOLATED)
psn_inst_psn_buff_45/A                  1.50    1.53   -0.03 (VIOLATED)
psn_inst_psn_buff_44/A                  1.50    1.53   -0.03 (VIOLATED)
psn_inst_psn_buff_43/A                  1.50    1.53   -0.03 (VIOLATED)
psn_inst_psn_buff_42/A                  1.50    1.53   -0.03 (VIOLATED)
psn_inst_psn_buff_41/A                  1.50    1.52   -0.02 (VIOLATED)
psn_inst_psn_buff_40/A                  1.50    1.52   -0.02 (VIOLATED)
psn_inst_psn_buff_39/A                  1.50    1.52   -0.02 (VIOLATED)
psn_inst_psn_buff_38/A                  1.50    1.52   -0.02 (VIOLATED)
psn_inst_psn_buff_37/A                  1.50    1.51   -0.01 (VIOLATED)
psn_inst_psn_buff_36/A                  1.50    1.50   -0.00 (VIOLATED)
psn_inst_psn_buff_35/A                  1.50    1.50   -0.00 (VIOLATED)

