Startpoint: clock (clock source 'clock')
Endpoint: mgmt_out_data[14] (output port clocked by clock)
Path Group: clock
Path Type: max

  Delay    Time   Description
---------------------------------------------------------
  25.00   25.00   clock clock (fall edge)
  15.08   40.08   clock network delay
          40.08 v mgmt_out_data[14] (out)
          40.08   data arrival time

  50.00   50.00   clock clock (rise edge)
   0.00   50.00   clock network delay (ideal)
   0.00   50.00   clock reconvergence pessimism
 -10.00   40.00   output external delay
          40.00   data required time
---------------------------------------------------------
          40.00   data required time
         -40.08   data arrival time
---------------------------------------------------------
          -0.08   slack (VIOLATED)


