Startpoint: _63984_ (rising edge-triggered flip-flop clocked by clock)
Endpoint: _64033_ (removal check against rising-edge clock clock)
Path Group: **async_default**
Path Type: min

  Delay    Time   Description
---------------------------------------------------------
   0.00    0.00   clock clock (rise edge)
   0.00    0.00   clock network delay (ideal)
   0.00    0.00 ^ _63984_/CLK (sky130_fd_sc_hd__dfstp_4)
   0.27    0.27 v _63984_/Q (sky130_fd_sc_hd__dfstp_4)
   0.34    0.61 v _61021_/X (sky130_fd_sc_hd__or4_4)
   0.11    0.72 ^ _61022_/Y (sky130_fd_sc_hd__inv_2)
   0.23    0.95 ^ _61023_/X (sky130_fd_sc_hd__buf_2)
   0.13    1.09 ^ _61024_/X (sky130_fd_sc_hd__buf_2)
   0.35    1.44 ^ _61025_/X (sky130_fd_sc_hd__buf_2)
   0.20    1.64 ^ _61026_/X (sky130_fd_sc_hd__buf_2)
   0.30    1.93 ^ _61027_/X (sky130_fd_sc_hd__buf_2)
   2.19    4.12 ^ _61028_/X (sky130_fd_sc_hd__buf_2)
   0.00    4.12 ^ _64033_/RESET_B (sky130_fd_sc_hd__dfrtp_4)
           4.12   data arrival time

   0.00    0.00   clock clock (rise edge)
   0.00    0.00   clock network delay (ideal)
   0.00    0.00   clock reconvergence pessimism
           0.00 ^ _64033_/CLK (sky130_fd_sc_hd__dfrtp_4)
   0.88    0.88   library removal time
           0.88   data required time
---------------------------------------------------------
           0.88   data required time
          -4.12   data arrival time
---------------------------------------------------------
           3.24   slack (MET)


Startpoint: _62219_ (rising edge-triggered flip-flop clocked by clock)
Endpoint: _62220_ (rising edge-triggered flip-flop clocked by clock)
Path Group: clock
Path Type: min

  Delay    Time   Description
---------------------------------------------------------
   0.00    0.00   clock clock (rise edge)
   0.00    0.00   clock network delay (ideal)
   0.00    0.00 ^ _62219_/CLK (sky130_fd_sc_hd__dfxtp_4)
   0.20    0.20 ^ _62219_/Q (sky130_fd_sc_hd__dfxtp_4)
   0.00    0.20 ^ _62220_/D (sky130_fd_sc_hd__dfxtp_4)
           0.20   data arrival time

   0.00    0.00   clock clock (rise edge)
   0.00    0.00   clock network delay (ideal)
   0.00    0.00   clock reconvergence pessimism
           0.00 ^ _62220_/CLK (sky130_fd_sc_hd__dfxtp_4)
  -0.02   -0.02   library hold time
          -0.02   data required time
---------------------------------------------------------
          -0.02   data required time
          -0.20   data arrival time
---------------------------------------------------------
           0.22   slack (MET)


Startpoint: _63984_ (rising edge-triggered flip-flop clocked by clock)
Endpoint: _64033_ (recovery check against rising-edge clock clock)
Path Group: **async_default**
Path Type: max

  Delay    Time   Description
---------------------------------------------------------
   0.00    0.00   clock clock (rise edge)
   0.00    0.00   clock network delay (ideal)
   0.00    0.00 ^ _63984_/CLK (sky130_fd_sc_hd__dfstp_4)
   0.88    0.88 v _63984_/Q (sky130_fd_sc_hd__dfstp_4)
   1.15    2.03 v _61021_/X (sky130_fd_sc_hd__or4_4)
   0.25    2.28 ^ _61022_/Y (sky130_fd_sc_hd__inv_2)
   0.56    2.85 ^ _61023_/X (sky130_fd_sc_hd__buf_2)
   0.47    3.31 ^ _61024_/X (sky130_fd_sc_hd__buf_2)
   0.83    4.14 ^ _61025_/X (sky130_fd_sc_hd__buf_2)
   0.71    4.85 ^ _61026_/X (sky130_fd_sc_hd__buf_2)
   0.77    5.62 ^ _61027_/X (sky130_fd_sc_hd__buf_2)
   4.49   10.11 ^ _61028_/X (sky130_fd_sc_hd__buf_2)
   0.00   10.11 ^ _64033_/RESET_B (sky130_fd_sc_hd__dfrtp_4)
          10.11   data arrival time

  50.00   50.00   clock clock (rise edge)
   0.00   50.00   clock network delay (ideal)
   0.00   50.00   clock reconvergence pessimism
          50.00 ^ _64033_/CLK (sky130_fd_sc_hd__dfrtp_4)
  -2.40   47.60   library recovery time
          47.60   data required time
---------------------------------------------------------
          47.60   data required time
         -10.11   data arrival time
---------------------------------------------------------
          37.49   slack (MET)


Startpoint: clock (clock source 'clock')
Endpoint: mgmt_out_data[14] (output port clocked by clock)
Path Group: clock
Path Type: max

  Delay    Time   Description
---------------------------------------------------------
  25.00   25.00   clock clock (fall edge)
  13.40   38.40   clock network delay
          38.40 v mgmt_out_data[14] (out)
          38.40   data arrival time

  50.00   50.00   clock clock (rise edge)
   0.00   50.00   clock network delay (ideal)
   0.00   50.00   clock reconvergence pessimism
 -10.00   40.00   output external delay
          40.00   data required time
---------------------------------------------------------
          40.00   data required time
         -38.40   data arrival time
---------------------------------------------------------
           1.60   slack (MET)


