OpenROAD 0.9.0 e582f2522b
This program is licensed under the BSD-3 license. See the LICENSE file for details. 
Components of this program may be licensed under more restrictive licenses which must be honored.
Notice 0: Reading LEF file:  /project/openlane/user_project_wrapper/runs/user_project_wrapper/tmp/merged.lef
Notice 0:     Created 13 technology layers
Notice 0:     Created 25 technology vias
Notice 0:     Created 438 library cells
Notice 0: Finished LEF file:  /project/openlane/user_project_wrapper/runs/user_project_wrapper/tmp/merged.lef
Notice 0: 
Reading DEF file: /project/openlane/user_project_wrapper/runs/user_project_wrapper/tmp/floorplan/verilog2def_openroad.def
Notice 0: Design: user_project_wrapper
Notice 0:     Created 613 pins.
Notice 0:     Created 1 components and 614 component-terminals.
Notice 0:     Created 613 nets and 612 connections.
Notice 0: Finished DEF file: /project/openlane/user_project_wrapper/runs/user_project_wrapper/tmp/floorplan/verilog2def_openroad.def
[ERROR] Macro mprj is not placed
#Macro blocks found: 0
Warning: using the default boundaries offset (5 microns)
Warning: using the default min distance between IO pins (2 tracks)
WARNING: force pin spread option has no effect when using random pin placement
 > Running IO placement
 * Num of slots          11288
 * Num of I/O            613
 * Num of I/O w/sink     612
 * Num of I/O w/o sink   1
 * Slots Per Section     200
 * Slots Increase Factor 0.01
 * Usage Per Section     0.8
 * Usage Increase Factor 0.01
 * Force Pin Spread      1

WARNING: running random pin placement
RandomMode Even
 > IO placement done.
