OpenROAD 0.9.0 e582f2522b
This program is licensed under the BSD-3 license. See the LICENSE file for details. 
Components of this program may be licensed under more restrictive licenses which must be honored.
Notice 0: Reading LEF file:  /project/openlane/gpio_control_block/runs/gpio_control_block/tmp/merged_unpadded.lef
Notice 0:     Created 13 technology layers
Notice 0:     Created 25 technology vias
Notice 0:     Created 437 library cells
Notice 0: Finished LEF file:  /project/openlane/gpio_control_block/runs/gpio_control_block/tmp/merged_unpadded.lef
Notice 0: 
Reading DEF file: /project/openlane/gpio_control_block/runs/gpio_control_block/tmp/placement/openphysyn.def
Notice 0: Design: gpio_control_block
Notice 0:     Created 24 pins.
Notice 0:     Created 184 components and 869 component-terminals.
Notice 0:     Created 79 nets and 210 connections.
Notice 0: Finished DEF file: /project/openlane/gpio_control_block/runs/gpio_control_block/tmp/placement/openphysyn.def
Warning: could not find power special net
Design Stats
--------------------------------
total instances           184
multi row instances         0
fixed instances           113
nets                       79
design area            3888.7 u^2
fixed area              326.6 u^2
movable area           1056.0 u^2
utilization                30 %
utilization padded         50 %
rows                       37
row height                2.7 u

Placement Analysis
--------------------------------
total displacement      381.4 u
average displacement      2.1 u
max displacement         15.4 u
original HPWL          1848.8 u
legalized HPWL         2215.5 u
delta HPWL                 20 %

