Netgen 1.5.157 compiled on Fri Oct  9 13:50:13 UTC 2020
Warning: netgen command 'format' use fully-qualified name '::netgen::format'
Warning: netgen command 'global' use fully-qualified name '::netgen::global'
Generating JSON file result
Reading netlist file /project/openlane/mgmt_protect/runs/mgmt_protect/results/magic/mgmt_protect.spice
Reading netlist file /project/openlane/mgmt_protect/runs/mgmt_protect/results/lvs/mgmt_protect.lvs.powered.v
Warning:  A case-insensitive file has been read and so the	verilog file must be treated case-insensitive to match.
Creating placeholder cell definition for module sky130_fd_sc_hd__diode_2.
Creating placeholder cell definition for module sky130_fd_sc_hd__decap_4.
Creating placeholder cell definition for module sky130_fd_sc_hd__fill_2.
Creating placeholder cell definition for module sky130_fd_sc_hd__decap_8.
Creating placeholder cell definition for module sky130_fd_sc_hd__decap_12.
Creating placeholder cell definition for module sky130_fd_sc_hd__decap_6.
Creating placeholder cell definition for module sky130_fd_sc_hd__decap_3.
Creating placeholder cell definition for module sky130_fd_sc_hd__fill_1.
Creating placeholder cell definition for module sky130_fd_sc_hd__tapvpwrvgnd_1.
Creating placeholder cell definition for module sky130_fd_sc_hd__inv_2.
Creating placeholder cell definition for module sky130_fd_sc_hd__einvp_8.
Creating placeholder cell definition for module sky130_fd_sc_hd__buf_8.
Creating placeholder cell definition for module sky130_fd_sc_hd__conb_1.
Creating placeholder cell definition for module mgmt_protect_hv.
Creating placeholder cell definition for module sky130_fd_sc_hd__inv_8.
Creating placeholder cell definition for module sky130_fd_sc_hd__nand2_4.
Reading setup file /home/xrex/usr/devel/pdks/sky130A/libs.tech/netgen/sky130A_setup.tcl
Comparison output logged to file /project/openlane/mgmt_protect/runs/mgmt_protect/results/lvs/mgmt_protect.lvs.log
Logging to file "/project/openlane/mgmt_protect/runs/mgmt_protect/results/lvs/mgmt_protect.lvs.log" enabled
Contents of circuit 1:  Circuit: 'sky130_fd_sc_hd__diode_2'
Circuit sky130_fd_sc_hd__diode_2 contains 0 device instances.
Circuit contains 0 nets, and 5 disconnected pins.
Contents of circuit 2:  Circuit: 'sky130_fd_sc_hd__diode_2'
Circuit sky130_fd_sc_hd__diode_2 contains 0 device instances.
Circuit contains 0 nets.

Circuit sky130_fd_sc_hd__diode_2 contains no devices.
Contents of circuit 1:  Circuit: 'sky130_fd_sc_hd__conb_1'
Circuit sky130_fd_sc_hd__conb_1 contains 0 device instances.
Circuit contains 0 nets, and 6 disconnected pins.
Contents of circuit 2:  Circuit: 'sky130_fd_sc_hd__conb_1'
Circuit sky130_fd_sc_hd__conb_1 contains 0 device instances.
Circuit contains 0 nets.

Circuit sky130_fd_sc_hd__conb_1 contains no devices.
Contents of circuit 1:  Circuit: 'sky130_fd_sc_hd__inv_2'
Circuit sky130_fd_sc_hd__inv_2 contains 0 device instances.
Circuit contains 0 nets, and 6 disconnected pins.
Contents of circuit 2:  Circuit: 'sky130_fd_sc_hd__inv_2'
Circuit sky130_fd_sc_hd__inv_2 contains 0 device instances.
Circuit contains 0 nets.

Circuit sky130_fd_sc_hd__inv_2 contains no devices.
Contents of circuit 1:  Circuit: 'sky130_fd_sc_hd__einvp_8'
Circuit sky130_fd_sc_hd__einvp_8 contains 0 device instances.
Circuit contains 0 nets, and 7 disconnected pins.
Contents of circuit 2:  Circuit: 'sky130_fd_sc_hd__einvp_8'
Circuit sky130_fd_sc_hd__einvp_8 contains 0 device instances.
Circuit contains 0 nets.

Circuit sky130_fd_sc_hd__einvp_8 contains no devices.
Contents of circuit 1:  Circuit: 'sky130_fd_sc_hd__nand2_4'
Circuit sky130_fd_sc_hd__nand2_4 contains 0 device instances.
Circuit contains 0 nets, and 7 disconnected pins.
Contents of circuit 2:  Circuit: 'sky130_fd_sc_hd__nand2_4'
Circuit sky130_fd_sc_hd__nand2_4 contains 0 device instances.
Circuit contains 0 nets.

Circuit sky130_fd_sc_hd__nand2_4 contains no devices.
Contents of circuit 1:  Circuit: 'sky130_fd_sc_hd__tapvpwrvgnd_1'
Circuit sky130_fd_sc_hd__tapvpwrvgnd_1 contains 0 device instances.
Circuit contains 0 nets, and 2 disconnected pins.
Contents of circuit 2:  Circuit: 'sky130_fd_sc_hd__tapvpwrvgnd_1'
Circuit sky130_fd_sc_hd__tapvpwrvgnd_1 contains 0 device instances.
Circuit contains 0 nets.

Circuit sky130_fd_sc_hd__tapvpwrvgnd_1 contains no devices.
Contents of circuit 1:  Circuit: 'sky130_fd_sc_hd__inv_8'
Circuit sky130_fd_sc_hd__inv_8 contains 0 device instances.
Circuit contains 0 nets, and 6 disconnected pins.
Contents of circuit 2:  Circuit: 'sky130_fd_sc_hd__inv_8'
Circuit sky130_fd_sc_hd__inv_8 contains 0 device instances.
Circuit contains 0 nets.

Circuit sky130_fd_sc_hd__inv_8 contains no devices.
Contents of circuit 1:  Circuit: 'sky130_fd_sc_hd__buf_8'
Circuit sky130_fd_sc_hd__buf_8 contains 0 device instances.
Circuit contains 0 nets, and 6 disconnected pins.
Contents of circuit 2:  Circuit: 'sky130_fd_sc_hd__buf_8'
Circuit sky130_fd_sc_hd__buf_8 contains 0 device instances.
Circuit contains 0 nets.

Circuit sky130_fd_sc_hd__buf_8 contains no devices.
Contents of circuit 1:  Circuit: 'mgmt_protect_hv'
Circuit mgmt_protect_hv contains 0 device instances.
Circuit contains 0 nets, and 4 disconnected pins.
Contents of circuit 2:  Circuit: 'mgmt_protect_hv'
Circuit mgmt_protect_hv contains 0 device instances.
Circuit contains 0 nets.

Circuit mgmt_protect_hv contains no devices.
Contents of circuit 1:  Circuit: 'mgmt_protect'
Circuit mgmt_protect contains 3412 device instances.
  Class: sky130_fd_sc_hd__buf_8 instances:   4
  Class: sky130_fd_sc_hd__inv_2 instances: 331
  Class: sky130_fd_sc_hd__inv_8 instances: 128
  Class: sky130_fd_sc_hd__conb_1 instances: 459
  Class: sky130_fd_sc_hd__einvp_8 instances: 330
  Class: sky130_fd_sc_hd__nand2_4 instances: 128
  Class: mgmt_protect_hv       instances:   1
  Class: sky130_fd_sc_hd__diode_2 instances: 1379
  Class: sky130_fd_sc_hd__tapvpwrvgnd_1 instances: 652
Circuit contains 2300 nets.
Contents of circuit 2:  Circuit: 'mgmt_protect'
Circuit mgmt_protect contains 3412 device instances.
  Class: sky130_fd_sc_hd__buf_8 instances:   4
  Class: sky130_fd_sc_hd__inv_2 instances: 331
  Class: sky130_fd_sc_hd__inv_8 instances: 128
  Class: sky130_fd_sc_hd__conb_1 instances: 459
  Class: sky130_fd_sc_hd__einvp_8 instances: 330
  Class: sky130_fd_sc_hd__nand2_4 instances: 128
  Class: mgmt_protect_hv       instances:   1
  Class: sky130_fd_sc_hd__diode_2 instances: 1379
  Class: sky130_fd_sc_hd__tapvpwrvgnd_1 instances: 652
Circuit contains 1842 nets.

Circuit 1 contains 3412 devices, Circuit 2 contains 3412 devices.
Circuit 1 contains 1841 nets,    Circuit 2 contains 1842 nets. *** MISMATCH ***

Result: Netlists do not match.
Logging to file "/project/openlane/mgmt_protect/runs/mgmt_protect/results/lvs/mgmt_protect.lvs.log" disabled
LVS Done.
