
Cell sky130_fd_sc_hd__dfxtp_4 disconnected node: D
Cell sky130_fd_sc_hd__dfxtp_4 disconnected node: Q
Cell sky130_fd_sc_hd__dfxtp_4 disconnected node: CLK
Cell sky130_fd_sc_hd__dfxtp_4 disconnected node: VGND
Cell sky130_fd_sc_hd__dfxtp_4 disconnected node: VNB
Cell sky130_fd_sc_hd__dfxtp_4 disconnected node: VPB
Cell sky130_fd_sc_hd__dfxtp_4 disconnected node: VPWR
Warning: Equate pins:  cell sky130_fd_sc_hd__dfxtp_4 has no definition, treated as a black box.

Subcircuit pins:
Circuit 1: sky130_fd_sc_hd__dfxtp_4        |Circuit 2: sky130_fd_sc_hd__dfxtp_4        
-------------------------------------------|-------------------------------------------
D                                          |D                                          
Q                                          |Q                                          
CLK                                        |CLK                                        
VGND                                       |VGND                                       
VNB                                        |VNB                                        
VPB                                        |VPB                                        
VPWR                                       |VPWR                                       
---------------------------------------------------------------------------------------
Cell pin lists are equivalent.
Device classes sky130_fd_sc_hd__dfxtp_4 and sky130_fd_sc_hd__dfxtp_4 are equivalent.

Cell sky130_fd_sc_hd__inv_2 disconnected node: A
Cell sky130_fd_sc_hd__inv_2 disconnected node: Y
Cell sky130_fd_sc_hd__inv_2 disconnected node: VGND
Cell sky130_fd_sc_hd__inv_2 disconnected node: VNB
Cell sky130_fd_sc_hd__inv_2 disconnected node: VPB
Cell sky130_fd_sc_hd__inv_2 disconnected node: VPWR
Warning: Equate pins:  cell sky130_fd_sc_hd__inv_2 has no definition, treated as a black box.

Subcircuit pins:
Circuit 1: sky130_fd_sc_hd__inv_2          |Circuit 2: sky130_fd_sc_hd__inv_2          
-------------------------------------------|-------------------------------------------
A                                          |A                                          
Y                                          |Y                                          
VGND                                       |VGND                                       
VNB                                        |VNB                                        
VPB                                        |VPB                                        
VPWR                                       |VPWR                                       
---------------------------------------------------------------------------------------
Cell pin lists are equivalent.
Device classes sky130_fd_sc_hd__inv_2 and sky130_fd_sc_hd__inv_2 are equivalent.

Cell sky130_fd_sc_hd__buf_2 disconnected node: A
Cell sky130_fd_sc_hd__buf_2 disconnected node: X
Cell sky130_fd_sc_hd__buf_2 disconnected node: VGND
Cell sky130_fd_sc_hd__buf_2 disconnected node: VNB
Cell sky130_fd_sc_hd__buf_2 disconnected node: VPB
Cell sky130_fd_sc_hd__buf_2 disconnected node: VPWR
Warning: Equate pins:  cell sky130_fd_sc_hd__buf_2 has no definition, treated as a black box.

Subcircuit pins:
Circuit 1: sky130_fd_sc_hd__buf_2          |Circuit 2: sky130_fd_sc_hd__buf_2          
-------------------------------------------|-------------------------------------------
A                                          |A                                          
X                                          |X                                          
VGND                                       |VGND                                       
VNB                                        |VNB                                        
VPB                                        |VPB                                        
VPWR                                       |VPWR                                       
---------------------------------------------------------------------------------------
Cell pin lists are equivalent.
Device classes sky130_fd_sc_hd__buf_2 and sky130_fd_sc_hd__buf_2 are equivalent.

Cell sky130_fd_sc_hd__conb_1 disconnected node: HI
Cell sky130_fd_sc_hd__conb_1 disconnected node: LO
Cell sky130_fd_sc_hd__conb_1 disconnected node: VGND
Cell sky130_fd_sc_hd__conb_1 disconnected node: VNB
Cell sky130_fd_sc_hd__conb_1 disconnected node: VPB
Cell sky130_fd_sc_hd__conb_1 disconnected node: VPWR
Warning: Equate pins:  cell sky130_fd_sc_hd__conb_1 has no definition, treated as a black box.

Subcircuit pins:
Circuit 1: sky130_fd_sc_hd__conb_1         |Circuit 2: sky130_fd_sc_hd__conb_1         
-------------------------------------------|-------------------------------------------
LO                                         |LO                                         
VGND                                       |VGND                                       
VNB                                        |VNB                                        
VPB                                        |VPB                                        
VPWR                                       |VPWR                                       
---------------------------------------------------------------------------------------
Cell pin lists are equivalent.
Device classes sky130_fd_sc_hd__conb_1 and sky130_fd_sc_hd__conb_1 are equivalent.

Cell sky130_fd_sc_hd__tapvpwrvgnd_1 disconnected node: VGND
Cell sky130_fd_sc_hd__tapvpwrvgnd_1 disconnected node: VPWR
Warning: Equate pins:  cell sky130_fd_sc_hd__tapvpwrvgnd_1 has no definition, treated as a black box.

Subcircuit pins:
Circuit 1: sky130_fd_sc_hd__tapvpwrvgnd_1  |Circuit 2: sky130_fd_sc_hd__tapvpwrvgnd_1  
-------------------------------------------|-------------------------------------------
VGND                                       |VGND                                       
VPWR                                       |VPWR                                       
---------------------------------------------------------------------------------------
Cell pin lists are equivalent.
Device classes sky130_fd_sc_hd__tapvpwrvgnd_1 and sky130_fd_sc_hd__tapvpwrvgnd_1 are equivalent.

Cell sky130_fd_sc_hd__a211o_4 disconnected node: A1
Cell sky130_fd_sc_hd__a211o_4 disconnected node: A2
Cell sky130_fd_sc_hd__a211o_4 disconnected node: B1
Cell sky130_fd_sc_hd__a211o_4 disconnected node: C1
Cell sky130_fd_sc_hd__a211o_4 disconnected node: X
Cell sky130_fd_sc_hd__a211o_4 disconnected node: VGND
Cell sky130_fd_sc_hd__a211o_4 disconnected node: VNB
Cell sky130_fd_sc_hd__a211o_4 disconnected node: VPB
Cell sky130_fd_sc_hd__a211o_4 disconnected node: VPWR
Warning: Equate pins:  cell sky130_fd_sc_hd__a211o_4 has no definition, treated as a black box.

Subcircuit pins:
Circuit 1: sky130_fd_sc_hd__a211o_4        |Circuit 2: sky130_fd_sc_hd__a211o_4        
-------------------------------------------|-------------------------------------------
A1                                         |A1                                         
A2                                         |A2                                         
B1                                         |B1                                         
C1                                         |C1                                         
X                                          |X                                          
VGND                                       |VGND                                       
VNB                                        |VNB                                        
VPB                                        |VPB                                        
VPWR                                       |VPWR                                       
---------------------------------------------------------------------------------------
Cell pin lists are equivalent.
Device classes sky130_fd_sc_hd__a211o_4 and sky130_fd_sc_hd__a211o_4 are equivalent.

Cell sky130_fd_sc_hd__and3_4 disconnected node: A
Cell sky130_fd_sc_hd__and3_4 disconnected node: B
Cell sky130_fd_sc_hd__and3_4 disconnected node: C
Cell sky130_fd_sc_hd__and3_4 disconnected node: X
Cell sky130_fd_sc_hd__and3_4 disconnected node: VGND
Cell sky130_fd_sc_hd__and3_4 disconnected node: VNB
Cell sky130_fd_sc_hd__and3_4 disconnected node: VPB
Cell sky130_fd_sc_hd__and3_4 disconnected node: VPWR
Warning: Equate pins:  cell sky130_fd_sc_hd__and3_4 has no definition, treated as a black box.

Subcircuit pins:
Circuit 1: sky130_fd_sc_hd__and3_4         |Circuit 2: sky130_fd_sc_hd__and3_4         
-------------------------------------------|-------------------------------------------
A                                          |A                                          
B                                          |B                                          
C                                          |C                                          
X                                          |X                                          
VGND                                       |VGND                                       
VNB                                        |VNB                                        
VPB                                        |VPB                                        
VPWR                                       |VPWR                                       
---------------------------------------------------------------------------------------
Cell pin lists are equivalent.
Device classes sky130_fd_sc_hd__and3_4 and sky130_fd_sc_hd__and3_4 are equivalent.

Cell sky130_fd_sc_hd__or2_4 disconnected node: A
Cell sky130_fd_sc_hd__or2_4 disconnected node: B
Cell sky130_fd_sc_hd__or2_4 disconnected node: X
Cell sky130_fd_sc_hd__or2_4 disconnected node: VGND
Cell sky130_fd_sc_hd__or2_4 disconnected node: VNB
Cell sky130_fd_sc_hd__or2_4 disconnected node: VPB
Cell sky130_fd_sc_hd__or2_4 disconnected node: VPWR
Warning: Equate pins:  cell sky130_fd_sc_hd__or2_4 has no definition, treated as a black box.

Subcircuit pins:
Circuit 1: sky130_fd_sc_hd__or2_4          |Circuit 2: sky130_fd_sc_hd__or2_4          
-------------------------------------------|-------------------------------------------
A                                          |A                                          
B                                          |B                                          
X                                          |X                                          
VGND                                       |VGND                                       
VNB                                        |VNB                                        
VPB                                        |VPB                                        
VPWR                                       |VPWR                                       
---------------------------------------------------------------------------------------
Cell pin lists are equivalent.
Device classes sky130_fd_sc_hd__or2_4 and sky130_fd_sc_hd__or2_4 are equivalent.

Cell sky130_fd_sc_hd__diode_2 disconnected node: DIODE
Cell sky130_fd_sc_hd__diode_2 disconnected node: VGND
Cell sky130_fd_sc_hd__diode_2 disconnected node: VNB
Cell sky130_fd_sc_hd__diode_2 disconnected node: VPB
Cell sky130_fd_sc_hd__diode_2 disconnected node: VPWR
Warning: Equate pins:  cell sky130_fd_sc_hd__diode_2 has no definition, treated as a black box.

Subcircuit pins:
Circuit 1: sky130_fd_sc_hd__diode_2        |Circuit 2: sky130_fd_sc_hd__diode_2        
-------------------------------------------|-------------------------------------------
DIODE                                      |DIODE                                      
VGND                                       |VGND                                       
VNB                                        |VNB                                        
VPB                                        |VPB                                        
VPWR                                       |VPWR                                       
---------------------------------------------------------------------------------------
Cell pin lists are equivalent.
Device classes sky130_fd_sc_hd__diode_2 and sky130_fd_sc_hd__diode_2 are equivalent.

Cell sky130_fd_sc_hd__a2bb2o_4 disconnected node: A1_N
Cell sky130_fd_sc_hd__a2bb2o_4 disconnected node: A2_N
Cell sky130_fd_sc_hd__a2bb2o_4 disconnected node: B1
Cell sky130_fd_sc_hd__a2bb2o_4 disconnected node: B2
Cell sky130_fd_sc_hd__a2bb2o_4 disconnected node: X
Cell sky130_fd_sc_hd__a2bb2o_4 disconnected node: VGND
Cell sky130_fd_sc_hd__a2bb2o_4 disconnected node: VNB
Cell sky130_fd_sc_hd__a2bb2o_4 disconnected node: VPB
Cell sky130_fd_sc_hd__a2bb2o_4 disconnected node: VPWR
Warning: Equate pins:  cell sky130_fd_sc_hd__a2bb2o_4 has no definition, treated as a black box.

Subcircuit pins:
Circuit 1: sky130_fd_sc_hd__a2bb2o_4       |Circuit 2: sky130_fd_sc_hd__a2bb2o_4       
-------------------------------------------|-------------------------------------------
A1_N                                       |A1_N                                       
A2_N                                       |A2_N                                       
B1                                         |B1                                         
B2                                         |B2                                         
X                                          |X                                          
VGND                                       |VGND                                       
VNB                                        |VNB                                        
VPB                                        |VPB                                        
VPWR                                       |VPWR                                       
---------------------------------------------------------------------------------------
Cell pin lists are equivalent.
Device classes sky130_fd_sc_hd__a2bb2o_4 and sky130_fd_sc_hd__a2bb2o_4 are equivalent.

Cell sky130_fd_sc_hd__or4_4 disconnected node: A
Cell sky130_fd_sc_hd__or4_4 disconnected node: B
Cell sky130_fd_sc_hd__or4_4 disconnected node: C
Cell sky130_fd_sc_hd__or4_4 disconnected node: D
Cell sky130_fd_sc_hd__or4_4 disconnected node: X
Cell sky130_fd_sc_hd__or4_4 disconnected node: VGND
Cell sky130_fd_sc_hd__or4_4 disconnected node: VNB
Cell sky130_fd_sc_hd__or4_4 disconnected node: VPB
Cell sky130_fd_sc_hd__or4_4 disconnected node: VPWR
Warning: Equate pins:  cell sky130_fd_sc_hd__or4_4 has no definition, treated as a black box.

Subcircuit pins:
Circuit 1: sky130_fd_sc_hd__or4_4          |Circuit 2: sky130_fd_sc_hd__or4_4          
-------------------------------------------|-------------------------------------------
A                                          |A                                          
B                                          |B                                          
C                                          |C                                          
D                                          |D                                          
X                                          |X                                          
VGND                                       |VGND                                       
VNB                                        |VNB                                        
VPB                                        |VPB                                        
VPWR                                       |VPWR                                       
---------------------------------------------------------------------------------------
Cell pin lists are equivalent.
Device classes sky130_fd_sc_hd__or4_4 and sky130_fd_sc_hd__or4_4 are equivalent.

Cell sky130_fd_sc_hd__nor2_4 disconnected node: A
Cell sky130_fd_sc_hd__nor2_4 disconnected node: B
Cell sky130_fd_sc_hd__nor2_4 disconnected node: Y
Cell sky130_fd_sc_hd__nor2_4 disconnected node: VGND
Cell sky130_fd_sc_hd__nor2_4 disconnected node: VNB
Cell sky130_fd_sc_hd__nor2_4 disconnected node: VPB
Cell sky130_fd_sc_hd__nor2_4 disconnected node: VPWR
Warning: Equate pins:  cell sky130_fd_sc_hd__nor2_4 has no definition, treated as a black box.

Subcircuit pins:
Circuit 1: sky130_fd_sc_hd__nor2_4         |Circuit 2: sky130_fd_sc_hd__nor2_4         
-------------------------------------------|-------------------------------------------
A                                          |A                                          
B                                          |B                                          
Y                                          |Y                                          
VGND                                       |VGND                                       
VNB                                        |VNB                                        
VPB                                        |VPB                                        
VPWR                                       |VPWR                                       
---------------------------------------------------------------------------------------
Cell pin lists are equivalent.
Device classes sky130_fd_sc_hd__nor2_4 and sky130_fd_sc_hd__nor2_4 are equivalent.

Cell sky130_fd_sc_hd__a21bo_4 disconnected node: A1
Cell sky130_fd_sc_hd__a21bo_4 disconnected node: A2
Cell sky130_fd_sc_hd__a21bo_4 disconnected node: B1_N
Cell sky130_fd_sc_hd__a21bo_4 disconnected node: X
Cell sky130_fd_sc_hd__a21bo_4 disconnected node: VGND
Cell sky130_fd_sc_hd__a21bo_4 disconnected node: VNB
Cell sky130_fd_sc_hd__a21bo_4 disconnected node: VPB
Cell sky130_fd_sc_hd__a21bo_4 disconnected node: VPWR
Warning: Equate pins:  cell sky130_fd_sc_hd__a21bo_4 has no definition, treated as a black box.

Subcircuit pins:
Circuit 1: sky130_fd_sc_hd__a21bo_4        |Circuit 2: sky130_fd_sc_hd__a21bo_4        
-------------------------------------------|-------------------------------------------
A1                                         |A1                                         
A2                                         |A2                                         
B1_N                                       |B1_N                                       
X                                          |X                                          
VGND                                       |VGND                                       
VNB                                        |VNB                                        
VPB                                        |VPB                                        
VPWR                                       |VPWR                                       
---------------------------------------------------------------------------------------
Cell pin lists are equivalent.
Device classes sky130_fd_sc_hd__a21bo_4 and sky130_fd_sc_hd__a21bo_4 are equivalent.

Cell sky130_fd_sc_hd__a21o_4 disconnected node: A1
Cell sky130_fd_sc_hd__a21o_4 disconnected node: A2
Cell sky130_fd_sc_hd__a21o_4 disconnected node: B1
Cell sky130_fd_sc_hd__a21o_4 disconnected node: X
Cell sky130_fd_sc_hd__a21o_4 disconnected node: VGND
Cell sky130_fd_sc_hd__a21o_4 disconnected node: VNB
Cell sky130_fd_sc_hd__a21o_4 disconnected node: VPB
Cell sky130_fd_sc_hd__a21o_4 disconnected node: VPWR
Warning: Equate pins:  cell sky130_fd_sc_hd__a21o_4 has no definition, treated as a black box.

Subcircuit pins:
Circuit 1: sky130_fd_sc_hd__a21o_4         |Circuit 2: sky130_fd_sc_hd__a21o_4         
-------------------------------------------|-------------------------------------------
A1                                         |A1                                         
A2                                         |A2                                         
B1                                         |B1                                         
X                                          |X                                          
VGND                                       |VGND                                       
VNB                                        |VNB                                        
VPB                                        |VPB                                        
VPWR                                       |VPWR                                       
---------------------------------------------------------------------------------------
Cell pin lists are equivalent.
Device classes sky130_fd_sc_hd__a21o_4 and sky130_fd_sc_hd__a21o_4 are equivalent.

Cell sky130_fd_sc_hd__clkbuf_1 disconnected node: A
Cell sky130_fd_sc_hd__clkbuf_1 disconnected node: X
Cell sky130_fd_sc_hd__clkbuf_1 disconnected node: VGND
Cell sky130_fd_sc_hd__clkbuf_1 disconnected node: VNB
Cell sky130_fd_sc_hd__clkbuf_1 disconnected node: VPB
Cell sky130_fd_sc_hd__clkbuf_1 disconnected node: VPWR
Warning: Equate pins:  cell sky130_fd_sc_hd__clkbuf_1 has no definition, treated as a black box.

Subcircuit pins:
Circuit 1: sky130_fd_sc_hd__clkbuf_1       |Circuit 2: sky130_fd_sc_hd__clkbuf_1       
-------------------------------------------|-------------------------------------------
A                                          |A                                          
X                                          |X                                          
VGND                                       |VGND                                       
VNB                                        |VNB                                        
VPB                                        |VPB                                        
VPWR                                       |VPWR                                       
---------------------------------------------------------------------------------------
Cell pin lists are equivalent.
Device classes sky130_fd_sc_hd__clkbuf_1 and sky130_fd_sc_hd__clkbuf_1 are equivalent.

Cell sky130_fd_sc_hd__nand2_4 disconnected node: A
Cell sky130_fd_sc_hd__nand2_4 disconnected node: B
Cell sky130_fd_sc_hd__nand2_4 disconnected node: Y
Cell sky130_fd_sc_hd__nand2_4 disconnected node: VGND
Cell sky130_fd_sc_hd__nand2_4 disconnected node: VNB
Cell sky130_fd_sc_hd__nand2_4 disconnected node: VPB
Cell sky130_fd_sc_hd__nand2_4 disconnected node: VPWR
Warning: Equate pins:  cell sky130_fd_sc_hd__nand2_4 has no definition, treated as a black box.

Subcircuit pins:
Circuit 1: sky130_fd_sc_hd__nand2_4        |Circuit 2: sky130_fd_sc_hd__nand2_4        
-------------------------------------------|-------------------------------------------
A                                          |A                                          
B                                          |B                                          
Y                                          |Y                                          
VGND                                       |VGND                                       
VNB                                        |VNB                                        
VPB                                        |VPB                                        
VPWR                                       |VPWR                                       
---------------------------------------------------------------------------------------
Cell pin lists are equivalent.
Device classes sky130_fd_sc_hd__nand2_4 and sky130_fd_sc_hd__nand2_4 are equivalent.

Cell sky130_fd_sc_hd__a32o_4 disconnected node: A1
Cell sky130_fd_sc_hd__a32o_4 disconnected node: A2
Cell sky130_fd_sc_hd__a32o_4 disconnected node: A3
Cell sky130_fd_sc_hd__a32o_4 disconnected node: B1
Cell sky130_fd_sc_hd__a32o_4 disconnected node: B2
Cell sky130_fd_sc_hd__a32o_4 disconnected node: X
Cell sky130_fd_sc_hd__a32o_4 disconnected node: VGND
Cell sky130_fd_sc_hd__a32o_4 disconnected node: VNB
Cell sky130_fd_sc_hd__a32o_4 disconnected node: VPB
Cell sky130_fd_sc_hd__a32o_4 disconnected node: VPWR
Warning: Equate pins:  cell sky130_fd_sc_hd__a32o_4 has no definition, treated as a black box.

Subcircuit pins:
Circuit 1: sky130_fd_sc_hd__a32o_4         |Circuit 2: sky130_fd_sc_hd__a32o_4         
-------------------------------------------|-------------------------------------------
A1                                         |A1                                         
A2                                         |A2                                         
A3                                         |A3                                         
B1                                         |B1                                         
B2                                         |B2                                         
X                                          |X                                          
VGND                                       |VGND                                       
VNB                                        |VNB                                        
VPB                                        |VPB                                        
VPWR                                       |VPWR                                       
---------------------------------------------------------------------------------------
Cell pin lists are equivalent.
Device classes sky130_fd_sc_hd__a32o_4 and sky130_fd_sc_hd__a32o_4 are equivalent.

Cell sky130_fd_sc_hd__o21ai_4 disconnected node: A1
Cell sky130_fd_sc_hd__o21ai_4 disconnected node: A2
Cell sky130_fd_sc_hd__o21ai_4 disconnected node: B1
Cell sky130_fd_sc_hd__o21ai_4 disconnected node: Y
Cell sky130_fd_sc_hd__o21ai_4 disconnected node: VGND
Cell sky130_fd_sc_hd__o21ai_4 disconnected node: VNB
Cell sky130_fd_sc_hd__o21ai_4 disconnected node: VPB
Cell sky130_fd_sc_hd__o21ai_4 disconnected node: VPWR
Warning: Equate pins:  cell sky130_fd_sc_hd__o21ai_4 has no definition, treated as a black box.

Subcircuit pins:
Circuit 1: sky130_fd_sc_hd__o21ai_4        |Circuit 2: sky130_fd_sc_hd__o21ai_4        
-------------------------------------------|-------------------------------------------
A1                                         |A1                                         
A2                                         |A2                                         
B1                                         |B1                                         
Y                                          |Y                                          
VGND                                       |VGND                                       
VNB                                        |VNB                                        
VPB                                        |VPB                                        
VPWR                                       |VPWR                                       
---------------------------------------------------------------------------------------
Cell pin lists are equivalent.
Device classes sky130_fd_sc_hd__o21ai_4 and sky130_fd_sc_hd__o21ai_4 are equivalent.

Cell sky130_fd_sc_hd__o22a_4 disconnected node: A1
Cell sky130_fd_sc_hd__o22a_4 disconnected node: A2
Cell sky130_fd_sc_hd__o22a_4 disconnected node: B1
Cell sky130_fd_sc_hd__o22a_4 disconnected node: B2
Cell sky130_fd_sc_hd__o22a_4 disconnected node: X
Cell sky130_fd_sc_hd__o22a_4 disconnected node: VGND
Cell sky130_fd_sc_hd__o22a_4 disconnected node: VNB
Cell sky130_fd_sc_hd__o22a_4 disconnected node: VPB
Cell sky130_fd_sc_hd__o22a_4 disconnected node: VPWR
Warning: Equate pins:  cell sky130_fd_sc_hd__o22a_4 has no definition, treated as a black box.

Subcircuit pins:
Circuit 1: sky130_fd_sc_hd__o22a_4         |Circuit 2: sky130_fd_sc_hd__o22a_4         
-------------------------------------------|-------------------------------------------
A1                                         |A1                                         
A2                                         |A2                                         
B1                                         |B1                                         
B2                                         |B2                                         
X                                          |X                                          
VGND                                       |VGND                                       
VNB                                        |VNB                                        
VPB                                        |VPB                                        
VPWR                                       |VPWR                                       
---------------------------------------------------------------------------------------
Cell pin lists are equivalent.
Device classes sky130_fd_sc_hd__o22a_4 and sky130_fd_sc_hd__o22a_4 are equivalent.

Cell sky130_fd_sc_hd__and2_4 disconnected node: A
Cell sky130_fd_sc_hd__and2_4 disconnected node: B
Cell sky130_fd_sc_hd__and2_4 disconnected node: X
Cell sky130_fd_sc_hd__and2_4 disconnected node: VGND
Cell sky130_fd_sc_hd__and2_4 disconnected node: VNB
Cell sky130_fd_sc_hd__and2_4 disconnected node: VPB
Cell sky130_fd_sc_hd__and2_4 disconnected node: VPWR
Warning: Equate pins:  cell sky130_fd_sc_hd__and2_4 has no definition, treated as a black box.

Subcircuit pins:
Circuit 1: sky130_fd_sc_hd__and2_4         |Circuit 2: sky130_fd_sc_hd__and2_4         
-------------------------------------------|-------------------------------------------
A                                          |A                                          
B                                          |B                                          
X                                          |X                                          
VGND                                       |VGND                                       
VNB                                        |VNB                                        
VPB                                        |VPB                                        
VPWR                                       |VPWR                                       
---------------------------------------------------------------------------------------
Cell pin lists are equivalent.
Device classes sky130_fd_sc_hd__and2_4 and sky130_fd_sc_hd__and2_4 are equivalent.

Cell sky130_fd_sc_hd__or3_4 disconnected node: A
Cell sky130_fd_sc_hd__or3_4 disconnected node: B
Cell sky130_fd_sc_hd__or3_4 disconnected node: C
Cell sky130_fd_sc_hd__or3_4 disconnected node: X
Cell sky130_fd_sc_hd__or3_4 disconnected node: VGND
Cell sky130_fd_sc_hd__or3_4 disconnected node: VNB
Cell sky130_fd_sc_hd__or3_4 disconnected node: VPB
Cell sky130_fd_sc_hd__or3_4 disconnected node: VPWR
Warning: Equate pins:  cell sky130_fd_sc_hd__or3_4 has no definition, treated as a black box.

Subcircuit pins:
Circuit 1: sky130_fd_sc_hd__or3_4          |Circuit 2: sky130_fd_sc_hd__or3_4          
-------------------------------------------|-------------------------------------------
A                                          |A                                          
B                                          |B                                          
C                                          |C                                          
X                                          |X                                          
VGND                                       |VGND                                       
VNB                                        |VNB                                        
VPB                                        |VPB                                        
VPWR                                       |VPWR                                       
---------------------------------------------------------------------------------------
Cell pin lists are equivalent.
Device classes sky130_fd_sc_hd__or3_4 and sky130_fd_sc_hd__or3_4 are equivalent.

Cell sky130_fd_sc_hd__clkbuf_16 disconnected node: A
Cell sky130_fd_sc_hd__clkbuf_16 disconnected node: X
Cell sky130_fd_sc_hd__clkbuf_16 disconnected node: VGND
Cell sky130_fd_sc_hd__clkbuf_16 disconnected node: VNB
Cell sky130_fd_sc_hd__clkbuf_16 disconnected node: VPB
Cell sky130_fd_sc_hd__clkbuf_16 disconnected node: VPWR
Warning: Equate pins:  cell sky130_fd_sc_hd__clkbuf_16 has no definition, treated as a black box.

Subcircuit pins:
Circuit 1: sky130_fd_sc_hd__clkbuf_16      |Circuit 2: sky130_fd_sc_hd__clkbuf_16      
-------------------------------------------|-------------------------------------------
A                                          |A                                          
X                                          |X                                          
VGND                                       |VGND                                       
VNB                                        |VNB                                        
VPB                                        |VPB                                        
VPWR                                       |VPWR                                       
---------------------------------------------------------------------------------------
Cell pin lists are equivalent.
Device classes sky130_fd_sc_hd__clkbuf_16 and sky130_fd_sc_hd__clkbuf_16 are equivalent.

Cell user_proj_example disconnected node: io_in[0]
Cell user_proj_example disconnected node: io_in[10]
Cell user_proj_example disconnected node: io_in[11]
Cell user_proj_example disconnected node: io_in[12]
Cell user_proj_example disconnected node: io_in[13]
Cell user_proj_example disconnected node: io_in[14]
Cell user_proj_example disconnected node: io_in[15]
Cell user_proj_example disconnected node: io_in[16]
Cell user_proj_example disconnected node: io_in[17]
Cell user_proj_example disconnected node: io_in[18]
Cell user_proj_example disconnected node: io_in[19]
Cell user_proj_example disconnected node: io_in[1]
Cell user_proj_example disconnected node: io_in[20]
Cell user_proj_example disconnected node: io_in[21]
Cell user_proj_example disconnected node: io_in[22]
Cell user_proj_example disconnected node: io_in[23]
Cell user_proj_example disconnected node: io_in[24]
Cell user_proj_example disconnected node: io_in[25]
Cell user_proj_example disconnected node: io_in[26]
Cell user_proj_example disconnected node: io_in[27]
Cell user_proj_example disconnected node: io_in[28]
Cell user_proj_example disconnected node: io_in[29]
Cell user_proj_example disconnected node: io_in[2]
Cell user_proj_example disconnected node: io_in[30]
Cell user_proj_example disconnected node: io_in[31]
Cell user_proj_example disconnected node: io_in[32]
Cell user_proj_example disconnected node: io_in[33]
Cell user_proj_example disconnected node: io_in[34]
Cell user_proj_example disconnected node: io_in[35]
Cell user_proj_example disconnected node: io_in[36]
Cell user_proj_example disconnected node: io_in[37]
Cell user_proj_example disconnected node: io_in[3]
Cell user_proj_example disconnected node: io_in[4]
Cell user_proj_example disconnected node: io_in[5]
Cell user_proj_example disconnected node: io_in[6]
Cell user_proj_example disconnected node: io_in[7]
Cell user_proj_example disconnected node: io_in[8]
Cell user_proj_example disconnected node: io_in[9]
Cell user_proj_example disconnected node: la_data_in[0]
Cell user_proj_example disconnected node: la_data_in[100]
Cell user_proj_example disconnected node: la_data_in[101]
Cell user_proj_example disconnected node: la_data_in[102]
Cell user_proj_example disconnected node: la_data_in[103]
Cell user_proj_example disconnected node: la_data_in[104]
Cell user_proj_example disconnected node: la_data_in[105]
Cell user_proj_example disconnected node: la_data_in[106]
Cell user_proj_example disconnected node: la_data_in[107]
Cell user_proj_example disconnected node: la_data_in[108]
Cell user_proj_example disconnected node: la_data_in[109]
Cell user_proj_example disconnected node: la_data_in[10]
Cell user_proj_example disconnected node: la_data_in[110]
Cell user_proj_example disconnected node: la_data_in[111]
Cell user_proj_example disconnected node: la_data_in[112]
Cell user_proj_example disconnected node: la_data_in[113]
Cell user_proj_example disconnected node: la_data_in[114]
Cell user_proj_example disconnected node: la_data_in[115]
Cell user_proj_example disconnected node: la_data_in[116]
Cell user_proj_example disconnected node: la_data_in[117]
Cell user_proj_example disconnected node: la_data_in[118]
Cell user_proj_example disconnected node: la_data_in[119]
Cell user_proj_example disconnected node: la_data_in[11]
Cell user_proj_example disconnected node: la_data_in[120]
Cell user_proj_example disconnected node: la_data_in[121]
Cell user_proj_example disconnected node: la_data_in[122]
Cell user_proj_example disconnected node: la_data_in[123]
Cell user_proj_example disconnected node: la_data_in[124]
Cell user_proj_example disconnected node: la_data_in[125]
Cell user_proj_example disconnected node: la_data_in[126]
Cell user_proj_example disconnected node: la_data_in[127]
Cell user_proj_example disconnected node: la_data_in[12]
Cell user_proj_example disconnected node: la_data_in[13]
Cell user_proj_example disconnected node: la_data_in[14]
Cell user_proj_example disconnected node: la_data_in[15]
Cell user_proj_example disconnected node: la_data_in[16]
Cell user_proj_example disconnected node: la_data_in[17]
Cell user_proj_example disconnected node: la_data_in[18]
Cell user_proj_example disconnected node: la_data_in[19]
Cell user_proj_example disconnected node: la_data_in[1]
Cell user_proj_example disconnected node: la_data_in[20]
Cell user_proj_example disconnected node: la_data_in[21]
Cell user_proj_example disconnected node: la_data_in[22]
Cell user_proj_example disconnected node: la_data_in[23]
Cell user_proj_example disconnected node: la_data_in[24]
Cell user_proj_example disconnected node: la_data_in[25]
Cell user_proj_example disconnected node: la_data_in[26]
Cell user_proj_example disconnected node: la_data_in[27]
Cell user_proj_example disconnected node: la_data_in[28]
Cell user_proj_example disconnected node: la_data_in[29]
Cell user_proj_example disconnected node: la_data_in[2]
Cell user_proj_example disconnected node: la_data_in[30]
Cell user_proj_example disconnected node: la_data_in[31]
Cell user_proj_example disconnected node: la_data_in[3]
Cell user_proj_example disconnected node: la_data_in[4]
Cell user_proj_example disconnected node: la_data_in[5]
Cell user_proj_example disconnected node: la_data_in[66]
Cell user_proj_example disconnected node: la_data_in[67]
Cell user_proj_example disconnected node: la_data_in[68]
Cell user_proj_example disconnected node: la_data_in[69]
Cell user_proj_example disconnected node: la_data_in[6]
Cell user_proj_example disconnected node: la_data_in[70]
Cell user_proj_example disconnected node: la_data_in[71]
Cell user_proj_example disconnected node: la_data_in[72]
Cell user_proj_example disconnected node: la_data_in[73]
Cell user_proj_example disconnected node: la_data_in[74]
Cell user_proj_example disconnected node: la_data_in[75]
Cell user_proj_example disconnected node: la_data_in[76]
Cell user_proj_example disconnected node: la_data_in[77]
Cell user_proj_example disconnected node: la_data_in[78]
Cell user_proj_example disconnected node: la_data_in[79]
Cell user_proj_example disconnected node: la_data_in[7]
Cell user_proj_example disconnected node: la_data_in[80]
Cell user_proj_example disconnected node: la_data_in[81]
Cell user_proj_example disconnected node: la_data_in[82]
Cell user_proj_example disconnected node: la_data_in[83]
Cell user_proj_example disconnected node: la_data_in[84]
Cell user_proj_example disconnected node: la_data_in[85]
Cell user_proj_example disconnected node: la_data_in[86]
Cell user_proj_example disconnected node: la_data_in[87]
Cell user_proj_example disconnected node: la_data_in[88]
Cell user_proj_example disconnected node: la_data_in[89]
Cell user_proj_example disconnected node: la_data_in[8]
Cell user_proj_example disconnected node: la_data_in[90]
Cell user_proj_example disconnected node: la_data_in[91]
Cell user_proj_example disconnected node: la_data_in[92]
Cell user_proj_example disconnected node: la_data_in[93]
Cell user_proj_example disconnected node: la_data_in[94]
Cell user_proj_example disconnected node: la_data_in[95]
Cell user_proj_example disconnected node: la_data_in[96]
Cell user_proj_example disconnected node: la_data_in[97]
Cell user_proj_example disconnected node: la_data_in[98]
Cell user_proj_example disconnected node: la_data_in[99]
Cell user_proj_example disconnected node: la_data_in[9]
Cell user_proj_example disconnected node: la_oen[0]
Cell user_proj_example disconnected node: la_oen[100]
Cell user_proj_example disconnected node: la_oen[101]
Cell user_proj_example disconnected node: la_oen[102]
Cell user_proj_example disconnected node: la_oen[103]
Cell user_proj_example disconnected node: la_oen[104]
Cell user_proj_example disconnected node: la_oen[105]
Cell user_proj_example disconnected node: la_oen[106]
Cell user_proj_example disconnected node: la_oen[107]
Cell user_proj_example disconnected node: la_oen[108]
Cell user_proj_example disconnected node: la_oen[109]
Cell user_proj_example disconnected node: la_oen[10]
Cell user_proj_example disconnected node: la_oen[110]
Cell user_proj_example disconnected node: la_oen[111]
Cell user_proj_example disconnected node: la_oen[112]
Cell user_proj_example disconnected node: la_oen[113]
Cell user_proj_example disconnected node: la_oen[114]
Cell user_proj_example disconnected node: la_oen[115]
Cell user_proj_example disconnected node: la_oen[116]
Cell user_proj_example disconnected node: la_oen[117]
Cell user_proj_example disconnected node: la_oen[118]
Cell user_proj_example disconnected node: la_oen[119]
Cell user_proj_example disconnected node: la_oen[11]
Cell user_proj_example disconnected node: la_oen[120]
Cell user_proj_example disconnected node: la_oen[121]
Cell user_proj_example disconnected node: la_oen[122]
Cell user_proj_example disconnected node: la_oen[123]
Cell user_proj_example disconnected node: la_oen[124]
Cell user_proj_example disconnected node: la_oen[125]
Cell user_proj_example disconnected node: la_oen[126]
Cell user_proj_example disconnected node: la_oen[127]
Cell user_proj_example disconnected node: la_oen[12]
Cell user_proj_example disconnected node: la_oen[13]
Cell user_proj_example disconnected node: la_oen[14]
Cell user_proj_example disconnected node: la_oen[15]
Cell user_proj_example disconnected node: la_oen[16]
Cell user_proj_example disconnected node: la_oen[17]
Cell user_proj_example disconnected node: la_oen[18]
Cell user_proj_example disconnected node: la_oen[19]
Cell user_proj_example disconnected node: la_oen[1]
Cell user_proj_example disconnected node: la_oen[20]
Cell user_proj_example disconnected node: la_oen[21]
Cell user_proj_example disconnected node: la_oen[22]
Cell user_proj_example disconnected node: la_oen[23]
Cell user_proj_example disconnected node: la_oen[24]
Cell user_proj_example disconnected node: la_oen[25]
Cell user_proj_example disconnected node: la_oen[26]
Cell user_proj_example disconnected node: la_oen[27]
Cell user_proj_example disconnected node: la_oen[28]
Cell user_proj_example disconnected node: la_oen[29]
Cell user_proj_example disconnected node: la_oen[2]
Cell user_proj_example disconnected node: la_oen[30]
Cell user_proj_example disconnected node: la_oen[31]
Cell user_proj_example disconnected node: la_oen[3]
Cell user_proj_example disconnected node: la_oen[4]
Cell user_proj_example disconnected node: la_oen[5]
Cell user_proj_example disconnected node: la_oen[66]
Cell user_proj_example disconnected node: la_oen[67]
Cell user_proj_example disconnected node: la_oen[68]
Cell user_proj_example disconnected node: la_oen[69]
Cell user_proj_example disconnected node: la_oen[6]
Cell user_proj_example disconnected node: la_oen[70]
Cell user_proj_example disconnected node: la_oen[71]
Cell user_proj_example disconnected node: la_oen[72]
Cell user_proj_example disconnected node: la_oen[73]
Cell user_proj_example disconnected node: la_oen[74]
Cell user_proj_example disconnected node: la_oen[75]
Cell user_proj_example disconnected node: la_oen[76]
Cell user_proj_example disconnected node: la_oen[77]
Cell user_proj_example disconnected node: la_oen[78]
Cell user_proj_example disconnected node: la_oen[79]
Cell user_proj_example disconnected node: la_oen[7]
Cell user_proj_example disconnected node: la_oen[80]
Cell user_proj_example disconnected node: la_oen[81]
Cell user_proj_example disconnected node: la_oen[82]
Cell user_proj_example disconnected node: la_oen[83]
Cell user_proj_example disconnected node: la_oen[84]
Cell user_proj_example disconnected node: la_oen[85]
Cell user_proj_example disconnected node: la_oen[86]
Cell user_proj_example disconnected node: la_oen[87]
Cell user_proj_example disconnected node: la_oen[88]
Cell user_proj_example disconnected node: la_oen[89]
Cell user_proj_example disconnected node: la_oen[8]
Cell user_proj_example disconnected node: la_oen[90]
Cell user_proj_example disconnected node: la_oen[91]
Cell user_proj_example disconnected node: la_oen[92]
Cell user_proj_example disconnected node: la_oen[93]
Cell user_proj_example disconnected node: la_oen[94]
Cell user_proj_example disconnected node: la_oen[95]
Cell user_proj_example disconnected node: la_oen[96]
Cell user_proj_example disconnected node: la_oen[97]
Cell user_proj_example disconnected node: la_oen[98]
Cell user_proj_example disconnected node: la_oen[99]
Cell user_proj_example disconnected node: la_oen[9]
Cell user_proj_example disconnected node: vccd1
Cell user_proj_example disconnected node: vccd2
Cell user_proj_example disconnected node: vdda1
Cell user_proj_example disconnected node: vdda2
Cell user_proj_example disconnected node: vssa1
Cell user_proj_example disconnected node: vssa2
Cell user_proj_example disconnected node: vssd1
Cell user_proj_example disconnected node: vssd2
Cell user_proj_example disconnected node: wbs_adr_i[0]
Cell user_proj_example disconnected node: wbs_adr_i[10]
Cell user_proj_example disconnected node: wbs_adr_i[11]
Cell user_proj_example disconnected node: wbs_adr_i[12]
Cell user_proj_example disconnected node: wbs_adr_i[13]
Cell user_proj_example disconnected node: wbs_adr_i[14]
Cell user_proj_example disconnected node: wbs_adr_i[15]
Cell user_proj_example disconnected node: wbs_adr_i[16]
Cell user_proj_example disconnected node: wbs_adr_i[17]
Cell user_proj_example disconnected node: wbs_adr_i[18]
Cell user_proj_example disconnected node: wbs_adr_i[19]
Cell user_proj_example disconnected node: wbs_adr_i[1]
Cell user_proj_example disconnected node: wbs_adr_i[20]
Cell user_proj_example disconnected node: wbs_adr_i[21]
Cell user_proj_example disconnected node: wbs_adr_i[22]
Cell user_proj_example disconnected node: wbs_adr_i[23]
Cell user_proj_example disconnected node: wbs_adr_i[24]
Cell user_proj_example disconnected node: wbs_adr_i[25]
Cell user_proj_example disconnected node: wbs_adr_i[26]
Cell user_proj_example disconnected node: wbs_adr_i[27]
Cell user_proj_example disconnected node: wbs_adr_i[28]
Cell user_proj_example disconnected node: wbs_adr_i[29]
Cell user_proj_example disconnected node: wbs_adr_i[2]
Cell user_proj_example disconnected node: wbs_adr_i[30]
Cell user_proj_example disconnected node: wbs_adr_i[31]
Cell user_proj_example disconnected node: wbs_adr_i[3]
Cell user_proj_example disconnected node: wbs_adr_i[4]
Cell user_proj_example disconnected node: wbs_adr_i[5]
Cell user_proj_example disconnected node: wbs_adr_i[6]
Cell user_proj_example disconnected node: wbs_adr_i[7]
Cell user_proj_example disconnected node: wbs_adr_i[8]
Cell user_proj_example disconnected node: wbs_adr_i[9]

Cell user_proj_example disconnected node: io_in[37]
Cell user_proj_example disconnected node: io_in[36]
Cell user_proj_example disconnected node: io_in[35]
Cell user_proj_example disconnected node: io_in[34]
Cell user_proj_example disconnected node: io_in[33]
Cell user_proj_example disconnected node: io_in[32]
Cell user_proj_example disconnected node: io_in[31]
Cell user_proj_example disconnected node: io_in[30]
Cell user_proj_example disconnected node: io_in[29]
Cell user_proj_example disconnected node: io_in[28]
Cell user_proj_example disconnected node: io_in[27]
Cell user_proj_example disconnected node: io_in[26]
Cell user_proj_example disconnected node: io_in[25]
Cell user_proj_example disconnected node: io_in[24]
Cell user_proj_example disconnected node: io_in[23]
Cell user_proj_example disconnected node: io_in[22]
Cell user_proj_example disconnected node: io_in[21]
Cell user_proj_example disconnected node: io_in[20]
Cell user_proj_example disconnected node: io_in[19]
Cell user_proj_example disconnected node: io_in[18]
Cell user_proj_example disconnected node: io_in[17]
Cell user_proj_example disconnected node: io_in[16]
Cell user_proj_example disconnected node: io_in[15]
Cell user_proj_example disconnected node: io_in[14]
Cell user_proj_example disconnected node: io_in[13]
Cell user_proj_example disconnected node: io_in[12]
Cell user_proj_example disconnected node: io_in[11]
Cell user_proj_example disconnected node: io_in[10]
Cell user_proj_example disconnected node: io_in[9]
Cell user_proj_example disconnected node: io_in[8]
Cell user_proj_example disconnected node: io_in[7]
Cell user_proj_example disconnected node: io_in[6]
Cell user_proj_example disconnected node: io_in[5]
Cell user_proj_example disconnected node: io_in[4]
Cell user_proj_example disconnected node: io_in[3]
Cell user_proj_example disconnected node: io_in[2]
Cell user_proj_example disconnected node: io_in[1]
Cell user_proj_example disconnected node: io_in[0]
Cell user_proj_example disconnected node: la_data_in[127]
Cell user_proj_example disconnected node: la_data_in[126]
Cell user_proj_example disconnected node: la_data_in[125]
Cell user_proj_example disconnected node: la_data_in[124]
Cell user_proj_example disconnected node: la_data_in[123]
Cell user_proj_example disconnected node: la_data_in[122]
Cell user_proj_example disconnected node: la_data_in[121]
Cell user_proj_example disconnected node: la_data_in[120]
Cell user_proj_example disconnected node: la_data_in[119]
Cell user_proj_example disconnected node: la_data_in[118]
Cell user_proj_example disconnected node: la_data_in[117]
Cell user_proj_example disconnected node: la_data_in[116]
Cell user_proj_example disconnected node: la_data_in[115]
Cell user_proj_example disconnected node: la_data_in[114]
Cell user_proj_example disconnected node: la_data_in[113]
Cell user_proj_example disconnected node: la_data_in[112]
Cell user_proj_example disconnected node: la_data_in[111]
Cell user_proj_example disconnected node: la_data_in[110]
Cell user_proj_example disconnected node: la_data_in[109]
Cell user_proj_example disconnected node: la_data_in[108]
Cell user_proj_example disconnected node: la_data_in[107]
Cell user_proj_example disconnected node: la_data_in[106]
Cell user_proj_example disconnected node: la_data_in[105]
Cell user_proj_example disconnected node: la_data_in[104]
Cell user_proj_example disconnected node: la_data_in[103]
Cell user_proj_example disconnected node: la_data_in[102]
Cell user_proj_example disconnected node: la_data_in[101]
Cell user_proj_example disconnected node: la_data_in[100]
Cell user_proj_example disconnected node: la_data_in[99]
Cell user_proj_example disconnected node: la_data_in[98]
Cell user_proj_example disconnected node: la_data_in[97]
Cell user_proj_example disconnected node: la_data_in[96]
Cell user_proj_example disconnected node: la_data_in[95]
Cell user_proj_example disconnected node: la_data_in[94]
Cell user_proj_example disconnected node: la_data_in[93]
Cell user_proj_example disconnected node: la_data_in[92]
Cell user_proj_example disconnected node: la_data_in[91]
Cell user_proj_example disconnected node: la_data_in[90]
Cell user_proj_example disconnected node: la_data_in[89]
Cell user_proj_example disconnected node: la_data_in[88]
Cell user_proj_example disconnected node: la_data_in[87]
Cell user_proj_example disconnected node: la_data_in[86]
Cell user_proj_example disconnected node: la_data_in[85]
Cell user_proj_example disconnected node: la_data_in[84]
Cell user_proj_example disconnected node: la_data_in[83]
Cell user_proj_example disconnected node: la_data_in[82]
Cell user_proj_example disconnected node: la_data_in[81]
Cell user_proj_example disconnected node: la_data_in[80]
Cell user_proj_example disconnected node: la_data_in[79]
Cell user_proj_example disconnected node: la_data_in[78]
Cell user_proj_example disconnected node: la_data_in[77]
Cell user_proj_example disconnected node: la_data_in[76]
Cell user_proj_example disconnected node: la_data_in[75]
Cell user_proj_example disconnected node: la_data_in[74]
Cell user_proj_example disconnected node: la_data_in[73]
Cell user_proj_example disconnected node: la_data_in[72]
Cell user_proj_example disconnected node: la_data_in[71]
Cell user_proj_example disconnected node: la_data_in[70]
Cell user_proj_example disconnected node: la_data_in[69]
Cell user_proj_example disconnected node: la_data_in[68]
Cell user_proj_example disconnected node: la_data_in[67]
Cell user_proj_example disconnected node: la_data_in[66]
Cell user_proj_example disconnected node: la_data_in[31]
Cell user_proj_example disconnected node: la_data_in[30]
Cell user_proj_example disconnected node: la_data_in[29]
Cell user_proj_example disconnected node: la_data_in[28]
Cell user_proj_example disconnected node: la_data_in[27]
Cell user_proj_example disconnected node: la_data_in[26]
Cell user_proj_example disconnected node: la_data_in[25]
Cell user_proj_example disconnected node: la_data_in[24]
Cell user_proj_example disconnected node: la_data_in[23]
Cell user_proj_example disconnected node: la_data_in[22]
Cell user_proj_example disconnected node: la_data_in[21]
Cell user_proj_example disconnected node: la_data_in[20]
Cell user_proj_example disconnected node: la_data_in[19]
Cell user_proj_example disconnected node: la_data_in[18]
Cell user_proj_example disconnected node: la_data_in[17]
Cell user_proj_example disconnected node: la_data_in[16]
Cell user_proj_example disconnected node: la_data_in[15]
Cell user_proj_example disconnected node: la_data_in[14]
Cell user_proj_example disconnected node: la_data_in[13]
Cell user_proj_example disconnected node: la_data_in[12]
Cell user_proj_example disconnected node: la_data_in[11]
Cell user_proj_example disconnected node: la_data_in[10]
Cell user_proj_example disconnected node: la_data_in[9]
Cell user_proj_example disconnected node: la_data_in[8]
Cell user_proj_example disconnected node: la_data_in[7]
Cell user_proj_example disconnected node: la_data_in[6]
Cell user_proj_example disconnected node: la_data_in[5]
Cell user_proj_example disconnected node: la_data_in[4]
Cell user_proj_example disconnected node: la_data_in[3]
Cell user_proj_example disconnected node: la_data_in[2]
Cell user_proj_example disconnected node: la_data_in[1]
Cell user_proj_example disconnected node: la_data_in[0]
Cell user_proj_example disconnected node: la_oen[127]
Cell user_proj_example disconnected node: la_oen[126]
Cell user_proj_example disconnected node: la_oen[125]
Cell user_proj_example disconnected node: la_oen[124]
Cell user_proj_example disconnected node: la_oen[123]
Cell user_proj_example disconnected node: la_oen[122]
Cell user_proj_example disconnected node: la_oen[121]
Cell user_proj_example disconnected node: la_oen[120]
Cell user_proj_example disconnected node: la_oen[119]
Cell user_proj_example disconnected node: la_oen[118]
Cell user_proj_example disconnected node: la_oen[117]
Cell user_proj_example disconnected node: la_oen[116]
Cell user_proj_example disconnected node: la_oen[115]
Cell user_proj_example disconnected node: la_oen[114]
Cell user_proj_example disconnected node: la_oen[113]
Cell user_proj_example disconnected node: la_oen[112]
Cell user_proj_example disconnected node: la_oen[111]
Cell user_proj_example disconnected node: la_oen[110]
Cell user_proj_example disconnected node: la_oen[109]
Cell user_proj_example disconnected node: la_oen[108]
Cell user_proj_example disconnected node: la_oen[107]
Cell user_proj_example disconnected node: la_oen[106]
Cell user_proj_example disconnected node: la_oen[105]
Cell user_proj_example disconnected node: la_oen[104]
Cell user_proj_example disconnected node: la_oen[103]
Cell user_proj_example disconnected node: la_oen[102]
Cell user_proj_example disconnected node: la_oen[101]
Cell user_proj_example disconnected node: la_oen[100]
Cell user_proj_example disconnected node: la_oen[99]
Cell user_proj_example disconnected node: la_oen[98]
Cell user_proj_example disconnected node: la_oen[97]
Cell user_proj_example disconnected node: la_oen[96]
Cell user_proj_example disconnected node: la_oen[95]
Cell user_proj_example disconnected node: la_oen[94]
Cell user_proj_example disconnected node: la_oen[93]
Cell user_proj_example disconnected node: la_oen[92]
Cell user_proj_example disconnected node: la_oen[91]
Cell user_proj_example disconnected node: la_oen[90]
Cell user_proj_example disconnected node: la_oen[89]
Cell user_proj_example disconnected node: la_oen[88]
Cell user_proj_example disconnected node: la_oen[87]
Cell user_proj_example disconnected node: la_oen[86]
Cell user_proj_example disconnected node: la_oen[85]
Cell user_proj_example disconnected node: la_oen[84]
Cell user_proj_example disconnected node: la_oen[83]
Cell user_proj_example disconnected node: la_oen[82]
Cell user_proj_example disconnected node: la_oen[81]
Cell user_proj_example disconnected node: la_oen[80]
Cell user_proj_example disconnected node: la_oen[79]
Cell user_proj_example disconnected node: la_oen[78]
Cell user_proj_example disconnected node: la_oen[77]
Cell user_proj_example disconnected node: la_oen[76]
Cell user_proj_example disconnected node: la_oen[75]
Cell user_proj_example disconnected node: la_oen[74]
Cell user_proj_example disconnected node: la_oen[73]
Cell user_proj_example disconnected node: la_oen[72]
Cell user_proj_example disconnected node: la_oen[71]
Cell user_proj_example disconnected node: la_oen[70]
Cell user_proj_example disconnected node: la_oen[69]
Cell user_proj_example disconnected node: la_oen[68]
Cell user_proj_example disconnected node: la_oen[67]
Cell user_proj_example disconnected node: la_oen[66]
Cell user_proj_example disconnected node: la_oen[31]
Cell user_proj_example disconnected node: la_oen[30]
Cell user_proj_example disconnected node: la_oen[29]
Cell user_proj_example disconnected node: la_oen[28]
Cell user_proj_example disconnected node: la_oen[27]
Cell user_proj_example disconnected node: la_oen[26]
Cell user_proj_example disconnected node: la_oen[25]
Cell user_proj_example disconnected node: la_oen[24]
Cell user_proj_example disconnected node: la_oen[23]
Cell user_proj_example disconnected node: la_oen[22]
Cell user_proj_example disconnected node: la_oen[21]
Cell user_proj_example disconnected node: la_oen[20]
Cell user_proj_example disconnected node: la_oen[19]
Cell user_proj_example disconnected node: la_oen[18]
Cell user_proj_example disconnected node: la_oen[17]
Cell user_proj_example disconnected node: la_oen[16]
Cell user_proj_example disconnected node: la_oen[15]
Cell user_proj_example disconnected node: la_oen[14]
Cell user_proj_example disconnected node: la_oen[13]
Cell user_proj_example disconnected node: la_oen[12]
Cell user_proj_example disconnected node: la_oen[11]
Cell user_proj_example disconnected node: la_oen[10]
Cell user_proj_example disconnected node: la_oen[9]
Cell user_proj_example disconnected node: la_oen[8]
Cell user_proj_example disconnected node: la_oen[7]
Cell user_proj_example disconnected node: la_oen[6]
Cell user_proj_example disconnected node: la_oen[5]
Cell user_proj_example disconnected node: la_oen[4]
Cell user_proj_example disconnected node: la_oen[3]
Cell user_proj_example disconnected node: la_oen[2]
Cell user_proj_example disconnected node: la_oen[1]
Cell user_proj_example disconnected node: la_oen[0]
Cell user_proj_example disconnected node: vccd1
Cell user_proj_example disconnected node: vccd2
Cell user_proj_example disconnected node: vdda1
Cell user_proj_example disconnected node: vdda2
Cell user_proj_example disconnected node: vssa1
Cell user_proj_example disconnected node: vssa2
Cell user_proj_example disconnected node: vssd1
Cell user_proj_example disconnected node: vssd2
Cell user_proj_example disconnected node: wbs_adr_i[31]
Cell user_proj_example disconnected node: wbs_adr_i[30]
Cell user_proj_example disconnected node: wbs_adr_i[29]
Cell user_proj_example disconnected node: wbs_adr_i[28]
Cell user_proj_example disconnected node: wbs_adr_i[27]
Cell user_proj_example disconnected node: wbs_adr_i[26]
Cell user_proj_example disconnected node: wbs_adr_i[25]
Cell user_proj_example disconnected node: wbs_adr_i[24]
Cell user_proj_example disconnected node: wbs_adr_i[23]
Cell user_proj_example disconnected node: wbs_adr_i[22]
Cell user_proj_example disconnected node: wbs_adr_i[21]
Cell user_proj_example disconnected node: wbs_adr_i[20]
Cell user_proj_example disconnected node: wbs_adr_i[19]
Cell user_proj_example disconnected node: wbs_adr_i[18]
Cell user_proj_example disconnected node: wbs_adr_i[17]
Cell user_proj_example disconnected node: wbs_adr_i[16]
Cell user_proj_example disconnected node: wbs_adr_i[15]
Cell user_proj_example disconnected node: wbs_adr_i[14]
Cell user_proj_example disconnected node: wbs_adr_i[13]
Cell user_proj_example disconnected node: wbs_adr_i[12]
Cell user_proj_example disconnected node: wbs_adr_i[11]
Cell user_proj_example disconnected node: wbs_adr_i[10]
Cell user_proj_example disconnected node: wbs_adr_i[9]
Cell user_proj_example disconnected node: wbs_adr_i[8]
Cell user_proj_example disconnected node: wbs_adr_i[7]
Cell user_proj_example disconnected node: wbs_adr_i[6]
Cell user_proj_example disconnected node: wbs_adr_i[5]
Cell user_proj_example disconnected node: wbs_adr_i[4]
Cell user_proj_example disconnected node: wbs_adr_i[3]
Cell user_proj_example disconnected node: wbs_adr_i[2]
Cell user_proj_example disconnected node: wbs_adr_i[1]
Cell user_proj_example disconnected node: wbs_adr_i[0]

Subcircuit summary:
Circuit 1: user_proj_example               |Circuit 2: user_proj_example               
-------------------------------------------|-------------------------------------------
sky130_fd_sc_hd__dfxtp_4 (97)              |sky130_fd_sc_hd__dfxtp_4 (97)              
sky130_fd_sc_hd__inv_2 (95)                |sky130_fd_sc_hd__inv_2 (95)                
sky130_fd_sc_hd__buf_2 (110)               |sky130_fd_sc_hd__buf_2 (110)               
sky130_fd_sc_hd__conb_1 (103)              |sky130_fd_sc_hd__conb_1 (103)              
sky130_fd_sc_hd__tapvpwrvgnd_1 (680)       |sky130_fd_sc_hd__tapvpwrvgnd_1 (680)       
sky130_fd_sc_hd__a211o_4 (14)              |sky130_fd_sc_hd__a211o_4 (14)              
sky130_fd_sc_hd__and3_4 (16)               |sky130_fd_sc_hd__and3_4 (16)               
sky130_fd_sc_hd__or2_4 (43)                |sky130_fd_sc_hd__or2_4 (43)                
sky130_fd_sc_hd__diode_2 (8)               |sky130_fd_sc_hd__diode_2 (8)               
sky130_fd_sc_hd__a2bb2o_4 (70)             |sky130_fd_sc_hd__a2bb2o_4 (70)             
sky130_fd_sc_hd__or4_4 (25)                |sky130_fd_sc_hd__or4_4 (25)                
sky130_fd_sc_hd__nor2_4 (51)               |sky130_fd_sc_hd__nor2_4 (51)               
sky130_fd_sc_hd__a21bo_4 (1)               |sky130_fd_sc_hd__a21bo_4 (1)               
sky130_fd_sc_hd__a21o_4 (7)                |sky130_fd_sc_hd__a21o_4 (7)                
sky130_fd_sc_hd__clkbuf_1 (14)             |sky130_fd_sc_hd__clkbuf_1 (14)             
sky130_fd_sc_hd__nand2_4 (5)               |sky130_fd_sc_hd__nand2_4 (5)               
sky130_fd_sc_hd__a32o_4 (8)                |sky130_fd_sc_hd__a32o_4 (8)                
sky130_fd_sc_hd__o21ai_4 (7)               |sky130_fd_sc_hd__o21ai_4 (7)               
sky130_fd_sc_hd__o22a_4 (3)                |sky130_fd_sc_hd__o22a_4 (3)                
sky130_fd_sc_hd__and2_4 (13)               |sky130_fd_sc_hd__and2_4 (13)               
sky130_fd_sc_hd__or3_4 (4)                 |sky130_fd_sc_hd__or3_4 (4)                 
sky130_fd_sc_hd__clkbuf_16 (1)             |sky130_fd_sc_hd__clkbuf_16 (1)             
Number of devices: 1375                    |Number of devices: 1375                    
Number of nets: 766                        |Number of nets: 766                        
---------------------------------------------------------------------------------------
Resolving automorphisms by property value.
Resolving automorphisms by pin name.
Netlists match with 1 symmetry.
Circuits match correctly.

Subcircuit pins:
Circuit 1: user_proj_example               |Circuit 2: user_proj_example               
-------------------------------------------|-------------------------------------------
io_oeb[36]                                 |io_oeb[36]                                 
io_out[10]                                 |io_out[10]                                 
io_out[17]                                 |io_out[17]                                 
io_out[18]                                 |io_out[18]                                 
io_out[31]                                 |io_out[31]                                 
io_out[30]                                 |io_out[30]                                 
io_out[28]                                 |io_out[28]                                 
io_out[24]                                 |io_out[24]                                 
io_out[16]                                 |io_out[16]                                 
io_out[20]                                 |io_out[20]                                 
io_out[22]                                 |io_out[22]                                 
io_out[5]                                  |io_out[5]                                  
io_out[4]                                  |io_out[4]                                  
io_out[0]                                  |io_out[0]                                  
io_out[1]                                  |io_out[1]                                  
io_out[12]                                 |io_out[12]                                 
io_out[6]                                  |io_out[6]                                  
io_out[14]                                 |io_out[14]                                 
io_out[8]                                  |io_out[8]                                  
la_data_in[65]                             |la_data_in[65]                             
wb_rst_i                                   |wb_rst_i                                   
wbs_stb_i                                  |wbs_stb_i                                  
wbs_we_i                                   |wbs_we_i                                   
la_oen[57]                                 |la_oen[57]                                 
la_oen[34]                                 |la_oen[34]                                 
la_oen[46]                                 |la_oen[46]                                 
la_oen[33]                                 |la_oen[33]                                 
la_oen[37]                                 |la_oen[37]                                 
la_oen[45]                                 |la_oen[45]                                 
la_oen[32]                                 |la_oen[32]                                 
la_oen[36]                                 |la_oen[36]                                 
la_oen[38]                                 |la_oen[38]                                 
la_oen[54]                                 |la_oen[54]                                 
la_oen[40]                                 |la_oen[40]                                 
la_oen[44]                                 |la_oen[44]                                 
la_oen[48]                                 |la_oen[48]                                 
la_oen[52]                                 |la_oen[52]                                 
la_oen[56]                                 |la_oen[56]                                 
la_oen[35]                                 |la_oen[35]                                 
la_oen[39]                                 |la_oen[39]                                 
la_oen[47]                                 |la_oen[47]                                 
la_oen[55]                                 |la_oen[55]                                 
la_oen[43]                                 |la_oen[43]                                 
la_oen[51]                                 |la_oen[51]                                 
la_oen[59]                                 |la_oen[59]                                 
la_oen[41]                                 |la_oen[41]                                 
la_oen[49]                                 |la_oen[49]                                 
la_oen[53]                                 |la_oen[53]                                 
la_oen[60]                                 |la_oen[60]                                 
la_oen[42]                                 |la_oen[42]                                 
la_oen[50]                                 |la_oen[50]                                 
la_oen[58]                                 |la_oen[58]                                 
la_oen[62]                                 |la_oen[62]                                 
la_oen[63]                                 |la_oen[63]                                 
la_oen[61]                                 |la_oen[61]                                 
wbs_dat_i[10]                              |wbs_dat_i[10]                              
wbs_dat_i[13]                              |wbs_dat_i[13]                              
wbs_dat_i[18]                              |wbs_dat_i[18]                              
wbs_dat_i[26]                              |wbs_dat_i[26]                              
wbs_sel_i[0]                               |wbs_sel_i[0]                               
wbs_sel_i[2]                               |wbs_sel_i[2]                               
wbs_sel_i[3]                               |wbs_sel_i[3]                               
wbs_sel_i[1]                               |wbs_sel_i[1]                               
wbs_dat_i[3]                               |wbs_dat_i[3]                               
wbs_dat_i[21]                              |wbs_dat_i[21]                              
wbs_dat_i[27]                              |wbs_dat_i[27]                              
wbs_dat_i[29]                              |wbs_dat_i[29]                              
wbs_dat_i[25]                              |wbs_dat_i[25]                              
wbs_dat_i[19]                              |wbs_dat_i[19]                              
wbs_dat_i[17]                              |wbs_dat_i[17]                              
wbs_dat_i[14]                              |wbs_dat_i[14]                              
wbs_dat_i[11]                              |wbs_dat_i[11]                              
wbs_dat_i[9]                               |wbs_dat_i[9]                               
wbs_dat_i[2]                               |wbs_dat_i[2]                               
wbs_dat_i[0]                               |wbs_dat_i[0]                               
la_data_in[63]                             |la_data_in[63]                             
la_data_in[53]                             |la_data_in[53]                             
la_data_in[51]                             |la_data_in[51]                             
la_data_in[50]                             |la_data_in[50]                             
la_data_in[49]                             |la_data_in[49]                             
la_data_in[62]                             |la_data_in[62]                             
la_data_in[59]                             |la_data_in[59]                             
la_data_in[58]                             |la_data_in[58]                             
la_data_in[57]                             |la_data_in[57]                             
la_data_in[43]                             |la_data_in[43]                             
la_data_in[42]                             |la_data_in[42]                             
la_data_in[41]                             |la_data_in[41]                             
la_data_in[52]                             |la_data_in[52]                             
la_data_in[48]                             |la_data_in[48]                             
la_data_in[44]                             |la_data_in[44]                             
la_data_in[56]                             |la_data_in[56]                             
la_data_in[40]                             |la_data_in[40]                             
la_data_in[47]                             |la_data_in[47]                             
la_data_in[61]                             |la_data_in[61]                             
la_data_in[55]                             |la_data_in[55]                             
la_data_in[39]                             |la_data_in[39]                             
la_data_in[35]                             |la_data_in[35]                             
la_data_in[33]                             |la_data_in[33]                             
la_data_in[32]                             |la_data_in[32]                             
la_data_in[45]                             |la_data_in[45]                             
la_data_in[60]                             |la_data_in[60]                             
la_data_in[54]                             |la_data_in[54]                             
la_data_in[38]                             |la_data_in[38]                             
la_data_in[37]                             |la_data_in[37]                             
la_data_in[36]                             |la_data_in[36]                             
la_data_in[34]                             |la_data_in[34]                             
la_data_in[64]                             |la_data_in[64]                             
wb_clk_i                                   |wb_clk_i                                   
wbs_dat_i[28]                              |wbs_dat_i[28]                              
wbs_dat_i[8]                               |wbs_dat_i[8]                               
wbs_dat_i[7]                               |wbs_dat_i[7]                               
wbs_dat_i[6]                               |wbs_dat_i[6]                               
wbs_dat_i[5]                               |wbs_dat_i[5]                               
wbs_dat_i[1]                               |wbs_dat_i[1]                               
wbs_dat_i[24]                              |wbs_dat_i[24]                              
wbs_dat_i[20]                              |wbs_dat_i[20]                              
wbs_dat_i[16]                              |wbs_dat_i[16]                              
wbs_dat_i[31]                              |wbs_dat_i[31]                              
wbs_dat_i[23]                              |wbs_dat_i[23]                              
wbs_dat_i[22]                              |wbs_dat_i[22]                              
wbs_dat_i[15]                              |wbs_dat_i[15]                              
wbs_dat_i[12]                              |wbs_dat_i[12]                              
io_oeb[37]                                 |io_oeb[37]                                 
io_out[32]                                 |io_out[32]                                 
io_out[33]                                 |io_out[33]                                 
io_out[34]                                 |io_out[34]                                 
io_out[35]                                 |io_out[35]                                 
io_out[36]                                 |io_out[36]                                 
io_out[37]                                 |io_out[37]                                 
la_data_out[32]                            |la_data_out[32]                            
la_data_out[33]                            |la_data_out[33]                            
la_data_out[34]                            |la_data_out[34]                            
la_data_out[35]                            |la_data_out[35]                            
la_data_out[36]                            |la_data_out[36]                            
la_data_out[37]                            |la_data_out[37]                            
la_data_out[38]                            |la_data_out[38]                            
la_data_out[39]                            |la_data_out[39]                            
la_data_out[40]                            |la_data_out[40]                            
la_data_out[41]                            |la_data_out[41]                            
la_data_out[42]                            |la_data_out[42]                            
la_data_out[43]                            |la_data_out[43]                            
la_data_out[44]                            |la_data_out[44]                            
la_data_out[45]                            |la_data_out[45]                            
la_data_out[46]                            |la_data_out[46]                            
la_data_out[47]                            |la_data_out[47]                            
la_data_out[48]                            |la_data_out[48]                            
la_data_out[49]                            |la_data_out[49]                            
la_data_out[50]                            |la_data_out[50]                            
la_data_out[51]                            |la_data_out[51]                            
la_data_out[52]                            |la_data_out[52]                            
la_data_out[53]                            |la_data_out[53]                            
la_data_out[54]                            |la_data_out[54]                            
la_data_out[55]                            |la_data_out[55]                            
la_data_out[56]                            |la_data_out[56]                            
la_data_out[57]                            |la_data_out[57]                            
la_data_out[58]                            |la_data_out[58]                            
la_data_out[59]                            |la_data_out[59]                            
la_data_out[60]                            |la_data_out[60]                            
la_data_out[61]                            |la_data_out[61]                            
la_data_out[62]                            |la_data_out[62]                            
la_data_out[63]                            |la_data_out[63]                            
la_data_out[64]                            |la_data_out[64]                            
la_data_out[65]                            |la_data_out[65]                            
la_data_out[66]                            |la_data_out[66]                            
la_data_out[67]                            |la_data_out[67]                            
la_data_out[68]                            |la_data_out[68]                            
la_data_out[69]                            |la_data_out[69]                            
la_data_out[70]                            |la_data_out[70]                            
la_data_out[71]                            |la_data_out[71]                            
la_data_out[72]                            |la_data_out[72]                            
la_data_out[73]                            |la_data_out[73]                            
la_data_out[74]                            |la_data_out[74]                            
la_data_out[75]                            |la_data_out[75]                            
la_data_out[76]                            |la_data_out[76]                            
la_data_out[77]                            |la_data_out[77]                            
la_data_out[78]                            |la_data_out[78]                            
la_data_out[79]                            |la_data_out[79]                            
la_data_out[80]                            |la_data_out[80]                            
la_data_out[81]                            |la_data_out[81]                            
la_data_out[82]                            |la_data_out[82]                            
la_data_out[83]                            |la_data_out[83]                            
la_data_out[84]                            |la_data_out[84]                            
la_data_out[85]                            |la_data_out[85]                            
la_data_out[86]                            |la_data_out[86]                            
la_data_out[87]                            |la_data_out[87]                            
la_data_out[88]                            |la_data_out[88]                            
la_data_out[89]                            |la_data_out[89]                            
la_data_out[90]                            |la_data_out[90]                            
la_data_out[91]                            |la_data_out[91]                            
la_data_out[92]                            |la_data_out[92]                            
la_data_out[93]                            |la_data_out[93]                            
la_data_out[94]                            |la_data_out[94]                            
la_data_out[95]                            |la_data_out[95]                            
la_data_out[96]                            |la_data_out[96]                            
la_data_out[97]                            |la_data_out[97]                            
la_data_out[98]                            |la_data_out[98]                            
la_data_out[99]                            |la_data_out[99]                            
la_data_out[100]                           |la_data_out[100]                           
la_data_out[101]                           |la_data_out[101]                           
la_data_out[102]                           |la_data_out[102]                           
la_data_out[103]                           |la_data_out[103]                           
la_data_out[104]                           |la_data_out[104]                           
la_data_out[105]                           |la_data_out[105]                           
la_data_out[106]                           |la_data_out[106]                           
la_data_out[107]                           |la_data_out[107]                           
la_data_out[108]                           |la_data_out[108]                           
la_data_out[109]                           |la_data_out[109]                           
la_data_out[110]                           |la_data_out[110]                           
la_data_out[111]                           |la_data_out[111]                           
la_data_out[112]                           |la_data_out[112]                           
la_data_out[113]                           |la_data_out[113]                           
la_data_out[114]                           |la_data_out[114]                           
la_data_out[115]                           |la_data_out[115]                           
la_data_out[116]                           |la_data_out[116]                           
la_data_out[117]                           |la_data_out[117]                           
la_data_out[118]                           |la_data_out[118]                           
la_data_out[119]                           |la_data_out[119]                           
la_data_out[120]                           |la_data_out[120]                           
la_data_out[121]                           |la_data_out[121]                           
la_data_out[122]                           |la_data_out[122]                           
la_data_out[123]                           |la_data_out[123]                           
la_data_out[124]                           |la_data_out[124]                           
la_data_out[125]                           |la_data_out[125]                           
la_data_out[126]                           |la_data_out[126]                           
la_data_out[127]                           |la_data_out[127]                           
io_oeb[0]                                  |io_oeb[0]                                  
io_oeb[1]                                  |io_oeb[1]                                  
io_oeb[2]                                  |io_oeb[2]                                  
io_oeb[3]                                  |io_oeb[3]                                  
io_oeb[4]                                  |io_oeb[4]                                  
io_oeb[5]                                  |io_oeb[5]                                  
io_oeb[6]                                  |io_oeb[6]                                  
io_oeb[7]                                  |io_oeb[7]                                  
io_oeb[8]                                  |io_oeb[8]                                  
io_oeb[9]                                  |io_oeb[9]                                  
io_oeb[10]                                 |io_oeb[10]                                 
io_oeb[11]                                 |io_oeb[11]                                 
io_oeb[12]                                 |io_oeb[12]                                 
io_oeb[13]                                 |io_oeb[13]                                 
io_oeb[14]                                 |io_oeb[14]                                 
io_oeb[15]                                 |io_oeb[15]                                 
io_oeb[16]                                 |io_oeb[16]                                 
io_oeb[17]                                 |io_oeb[17]                                 
io_oeb[18]                                 |io_oeb[18]                                 
io_oeb[19]                                 |io_oeb[19]                                 
io_oeb[20]                                 |io_oeb[20]                                 
io_oeb[21]                                 |io_oeb[21]                                 
io_oeb[22]                                 |io_oeb[22]                                 
io_oeb[23]                                 |io_oeb[23]                                 
io_oeb[24]                                 |io_oeb[24]                                 
io_oeb[25]                                 |io_oeb[25]                                 
io_oeb[26]                                 |io_oeb[26]                                 
io_oeb[27]                                 |io_oeb[27]                                 
io_oeb[28]                                 |io_oeb[28]                                 
io_oeb[29]                                 |io_oeb[29]                                 
io_oeb[30]                                 |io_oeb[30]                                 
io_oeb[31]                                 |io_oeb[31]                                 
io_oeb[32]                                 |io_oeb[32]                                 
io_oeb[33]                                 |io_oeb[33]                                 
io_oeb[34]                                 |io_oeb[34]                                 
io_oeb[35]                                 |io_oeb[35]                                 
la_data_out[27]                            |la_data_out[27]                            
la_data_out[11]                            |la_data_out[11]                            
la_data_out[13]                            |la_data_out[13]                            
la_data_out[15]                            |la_data_out[15]                            
la_data_out[2]                             |la_data_out[2]                             
la_data_out[19]                            |la_data_out[19]                            
la_data_out[3]                             |la_data_out[3]                             
la_data_out[7]                             |la_data_out[7]                             
la_data_out[25]                            |la_data_out[25]                            
la_data_out[9]                             |la_data_out[9]                             
la_data_out[26]                            |la_data_out[26]                            
la_data_out[29]                            |la_data_out[29]                            
la_data_out[21]                            |la_data_out[21]                            
la_data_out[23]                            |la_data_out[23]                            
la_data_out[24]                            |la_data_out[24]                            
la_data_out[5]                             |la_data_out[5]                             
la_data_out[8]                             |la_data_out[8]                             
la_data_out[28]                            |la_data_out[28]                            
la_data_out[12]                            |la_data_out[12]                            
la_data_out[30]                            |la_data_out[30]                            
la_data_out[6]                             |la_data_out[6]                             
la_data_out[14]                            |la_data_out[14]                            
la_data_out[0]                             |la_data_out[0]                             
la_data_out[1]                             |la_data_out[1]                             
la_data_out[16]                            |la_data_out[16]                            
la_data_out[20]                            |la_data_out[20]                            
la_data_out[4]                             |la_data_out[4]                             
la_data_out[22]                            |la_data_out[22]                            
la_data_out[10]                            |la_data_out[10]                            
la_data_out[31]                            |la_data_out[31]                            
la_data_out[17]                            |la_data_out[17]                            
la_data_out[18]                            |la_data_out[18]                            
wbs_ack_o                                  |wbs_ack_o                                  
io_out[27]                                 |io_out[27]                                 
io_out[19]                                 |io_out[19]                                 
io_out[3]                                  |io_out[3]                                  
io_out[2]                                  |io_out[2]                                  
io_out[13]                                 |io_out[13]                                 
io_out[15]                                 |io_out[15]                                 
io_out[11]                                 |io_out[11]                                 
io_out[29]                                 |io_out[29]                                 
io_out[25]                                 |io_out[25]                                 
io_out[26]                                 |io_out[26]                                 
io_out[21]                                 |io_out[21]                                 
io_out[23]                                 |io_out[23]                                 
io_out[7]                                  |io_out[7]                                  
io_out[9]                                  |io_out[9]                                  
la_data_in[46]                             |la_data_in[46]                             
wbs_cyc_i                                  |wbs_cyc_i                                  
wbs_dat_i[4]                               |wbs_dat_i[4]                               
wbs_dat_i[30]                              |wbs_dat_i[30]                              
la_oen[65]                                 |la_oen[65]                                 
wbs_dat_o[28]                              |wbs_dat_o[28]                              
wbs_dat_o[10]                              |wbs_dat_o[10]                              
wbs_dat_o[31]                              |wbs_dat_o[31]                              
wbs_dat_o[15]                              |wbs_dat_o[15]                              
wbs_dat_o[22]                              |wbs_dat_o[22]                              
wbs_dat_o[23]                              |wbs_dat_o[23]                              
wbs_dat_o[24]                              |wbs_dat_o[24]                              
wbs_dat_o[17]                              |wbs_dat_o[17]                              
wbs_dat_o[14]                              |wbs_dat_o[14]                              
wbs_dat_o[5]                               |wbs_dat_o[5]                               
wbs_dat_o[4]                               |wbs_dat_o[4]                               
wbs_dat_o[18]                              |wbs_dat_o[18]                              
wbs_dat_o[29]                              |wbs_dat_o[29]                              
wbs_dat_o[25]                              |wbs_dat_o[25]                              
wbs_dat_o[9]                               |wbs_dat_o[9]                               
wbs_dat_o[6]                               |wbs_dat_o[6]                               
wbs_dat_o[27]                              |wbs_dat_o[27]                              
wbs_dat_o[19]                              |wbs_dat_o[19]                              
wbs_dat_o[13]                              |wbs_dat_o[13]                              
wbs_dat_o[3]                               |wbs_dat_o[3]                               
wbs_dat_o[11]                              |wbs_dat_o[11]                              
wbs_dat_o[2]                               |wbs_dat_o[2]                               
wbs_dat_o[30]                              |wbs_dat_o[30]                              
wbs_dat_o[12]                              |wbs_dat_o[12]                              
wbs_dat_o[0]                               |wbs_dat_o[0]                               
wbs_dat_o[26]                              |wbs_dat_o[26]                              
wbs_dat_o[21]                              |wbs_dat_o[21]                              
wbs_dat_o[7]                               |wbs_dat_o[7]                               
wbs_dat_o[20]                              |wbs_dat_o[20]                              
wbs_dat_o[16]                              |wbs_dat_o[16]                              
wbs_dat_o[8]                               |wbs_dat_o[8]                               
wbs_dat_o[1]                               |wbs_dat_o[1]                               
la_oen[64]                                 |la_oen[64]                                 
VGND                                       |VGND                                       
VPWR                                       |VPWR                                       
---------------------------------------------------------------------------------------
Cell pin lists are equivalent.
Device classes user_proj_example and user_proj_example are equivalent.
Circuits match uniquely.
