
Magic 8.3 revision 87 - Compiled on Mon Nov 23 17:53:03 UTC 2020.
Starting magic under Tcl interpreter
Using the terminal as the console.
Using NULL graphics device.
Processing system .magicrc file
Sourcing design .magicrc for technology sky130A ...
2 Magic internal units = 1 Lambda
Input style sky130: scaleFactor=2, multiplier=2
Scaled tech values by 2 / 1 to match internal grid scaling
Loading sky130A Device Generator Menu ...
Loading "/openLANE_flow/scripts/magic_drc.tcl" from command line.
Warning: Calma reading is not undoable!  I hope that's OK.
Library written using GDS-II Release 3.0
Library name: mgmt_core
Reading "sky130_fd_sc_hd__diode_2".
Error while reading cell "sky130_fd_sc_hd__diode_2" (byte position 140): Unknown layer/datatype in boundary, layer=236 type=0
Reading "sky130_fd_sc_hd__decap_12".
Error while reading cell "sky130_fd_sc_hd__decap_12" (byte position 3628): Unknown layer/datatype in boundary, layer=236 type=0
Reading "sky130_fd_sc_hd__decap_3".
Error while reading cell "sky130_fd_sc_hd__decap_3" (byte position 7762): Unknown layer/datatype in boundary, layer=236 type=0
Reading "sky130_fd_sc_hd__fill_2".
Reading "sky130_fd_sc_hd__decap_8".
Error while reading cell "sky130_fd_sc_hd__decap_8" (byte position 11836): Unknown layer/datatype in boundary, layer=236 type=0
Reading "sky130_fd_sc_hd__buf_2".
Error while reading cell "sky130_fd_sc_hd__buf_2" (byte position 15360): Unknown layer/datatype in boundary, layer=236 type=0
Reading "sky130_fd_sc_hd__conb_1".
Error while reading cell "sky130_fd_sc_hd__conb_1" (byte position 19852): Unknown layer/datatype in boundary, layer=236 type=0
Reading "sky130_fd_sc_hd__nand2_4".
Error while reading cell "sky130_fd_sc_hd__nand2_4" (byte position 23212): Unknown layer/datatype in boundary, layer=236 type=0
Reading "sky130_fd_sc_hd__tapvpwrvgnd_1".
Reading "sky130_fd_sc_hd__fill_1".
Reading "sky130_fd_sc_hd__inv_2".
Error while reading cell "sky130_fd_sc_hd__inv_2" (byte position 33814): Unknown layer/datatype in boundary, layer=236 type=0
Reading "sky130_fd_sc_hd__decap_4".
Error while reading cell "sky130_fd_sc_hd__decap_4" (byte position 37618): Unknown layer/datatype in boundary, layer=236 type=0
Reading "sky130_fd_sc_hd__decap_6".
Error while reading cell "sky130_fd_sc_hd__decap_6" (byte position 40408): Unknown layer/datatype in boundary, layer=236 type=0
Reading "sky130_fd_sc_hd__a211o_4".
Error while reading cell "sky130_fd_sc_hd__a211o_4" (byte position 43550): Unknown layer/datatype in boundary, layer=236 type=0
Reading "sky130_fd_sc_hd__and2_4".
Error while reading cell "sky130_fd_sc_hd__and2_4" (byte position 52666): Unknown layer/datatype in boundary, layer=236 type=0
Reading "sky130_fd_sc_hd__a32o_4".
Error while reading cell "sky130_fd_sc_hd__a32o_4" (byte position 58408): Unknown layer/datatype in boundary, layer=236 type=0
Reading "sky130_fd_sc_hd__dfxtp_4".
Error while reading cell "sky130_fd_sc_hd__dfxtp_4" (byte position 70600): Unknown layer/datatype in boundary, layer=236 type=0
Reading "sky130_fd_sc_hd__or2_4".
Error while reading cell "sky130_fd_sc_hd__or2_4" (byte position 84754): Unknown layer/datatype in boundary, layer=236 type=0
Reading "sky130_fd_sc_hd__o22a_4".
Error while reading cell "sky130_fd_sc_hd__o22a_4" (byte position 90512): Unknown layer/datatype in boundary, layer=236 type=0
Reading "sky130_fd_sc_hd__nor2_4".
Error while reading cell "sky130_fd_sc_hd__nor2_4" (byte position 100194): Unknown layer/datatype in boundary, layer=236 type=0
Reading "sky130_fd_sc_hd__or4_4".
Error while reading cell "sky130_fd_sc_hd__or4_4" (byte position 107294): Unknown layer/datatype in boundary, layer=236 type=0
Reading "sky130_fd_sc_hd__or3_4".
Error while reading cell "sky130_fd_sc_hd__or3_4" (byte position 114594): Unknown layer/datatype in boundary, layer=236 type=0
Reading "sky130_fd_sc_hd__and3_4".
Error while reading cell "sky130_fd_sc_hd__and3_4" (byte position 121708): Unknown layer/datatype in boundary, layer=236 type=0
Reading "sky130_fd_sc_hd__a2bb2o_4".
Error while reading cell "sky130_fd_sc_hd__a2bb2o_4" (byte position 128602): Unknown layer/datatype in boundary, layer=236 type=0
Reading "sky130_fd_sc_hd__and4_4".
Error while reading cell "sky130_fd_sc_hd__and4_4" (byte position 140062): Unknown layer/datatype in boundary, layer=236 type=0
Reading "sky130_fd_sc_hd__a21o_4".
Error while reading cell "sky130_fd_sc_hd__a21o_4" (byte position 147508): Unknown layer/datatype in boundary, layer=236 type=0
Reading "sky130_fd_sc_hd__o21ai_4".
Error while reading cell "sky130_fd_sc_hd__o21ai_4" (byte position 155728): Unknown layer/datatype in boundary, layer=236 type=0
Reading "sky130_fd_sc_hd__o41a_4".
Error while reading cell "sky130_fd_sc_hd__o41a_4" (byte position 163838): Unknown layer/datatype in boundary, layer=236 type=0
Reading "sky130_fd_sc_hd__o21a_4".
Error while reading cell "sky130_fd_sc_hd__o21a_4" (byte position 176998): Unknown layer/datatype in boundary, layer=236 type=0
Reading "sky130_fd_sc_hd__a21oi_4".
Error while reading cell "sky130_fd_sc_hd__a21oi_4" (byte position 184978): Unknown layer/datatype in boundary, layer=236 type=0
Reading "sky130_fd_sc_hd__dfrtp_4".
Error while reading cell "sky130_fd_sc_hd__dfrtp_4" (byte position 193568): Unknown layer/datatype in boundary, layer=236 type=0
Reading "sky130_fd_sc_hd__a21bo_4".
Error while reading cell "sky130_fd_sc_hd__a21bo_4" (byte position 211416): Unknown layer/datatype in boundary, layer=236 type=0
Reading "sky130_fd_sc_hd__buf_8".
Error while reading cell "sky130_fd_sc_hd__buf_8" (byte position 219718): Unknown layer/datatype in boundary, layer=236 type=0
Reading "sky130_fd_sc_hd__buf_4".
Error while reading cell "sky130_fd_sc_hd__buf_4" (byte position 228604): Unknown layer/datatype in boundary, layer=236 type=0
Reading "sky130_fd_sc_hd__a22oi_4".
Error while reading cell "sky130_fd_sc_hd__a22oi_4" (byte position 234008): Unknown layer/datatype in boundary, layer=236 type=0
Reading "sky130_fd_sc_hd__a2111o_4".
Error while reading cell "sky130_fd_sc_hd__a2111o_4" (byte position 246058): Unknown layer/datatype in boundary, layer=236 type=0
Reading "sky130_fd_sc_hd__a41o_4".
Error while reading cell "sky130_fd_sc_hd__a41o_4" (byte position 258468): Unknown layer/datatype in boundary, layer=236 type=0
Reading "sky130_fd_sc_hd__a21boi_4".
Error while reading cell "sky130_fd_sc_hd__a21boi_4" (byte position 270992): Unknown layer/datatype in boundary, layer=236 type=0
Reading "sky130_fd_sc_hd__o32a_4".
Error while reading cell "sky130_fd_sc_hd__o32a_4" (byte position 280480): Unknown layer/datatype in boundary, layer=236 type=0
Reading "sky130_fd_sc_hd__clkbuf_1".
Error while reading cell "sky130_fd_sc_hd__clkbuf_1" (byte position 292786): Unknown layer/datatype in boundary, layer=236 type=0
Reading "sky130_fd_sc_hd__clkinv_1".
Error while reading cell "sky130_fd_sc_hd__clkinv_1" (byte position 296594): Unknown layer/datatype in boundary, layer=236 type=0
Reading "sky130_fd_sc_hd__einvn_4".
Error while reading cell "sky130_fd_sc_hd__einvn_4" (byte position 300424): Unknown layer/datatype in boundary, layer=236 type=0
Reading "sky130_fd_sc_hd__einvp_2".
Error while reading cell "sky130_fd_sc_hd__einvp_2" (byte position 308258): Unknown layer/datatype in boundary, layer=236 type=0
Reading "sky130_fd_sc_hd__clkbuf_2".
Error while reading cell "sky130_fd_sc_hd__clkbuf_2" (byte position 314504): Unknown layer/datatype in boundary, layer=236 type=0
Reading "sky130_fd_sc_hd__einvn_8".
Error while reading cell "sky130_fd_sc_hd__einvn_8" (byte position 319106): Unknown layer/datatype in boundary, layer=236 type=0
Reading "sky130_fd_sc_hd__clkinv_8".
Error while reading cell "sky130_fd_sc_hd__clkinv_8" (byte position 331428): Unknown layer/datatype in boundary, layer=236 type=0
Reading "sky130_fd_sc_hd__clkinv_2".
Error while reading cell "sky130_fd_sc_hd__clkinv_2" (byte position 340676): Unknown layer/datatype in boundary, layer=236 type=0
Reading "sky130_fd_sc_hd__einvp_1".
Error while reading cell "sky130_fd_sc_hd__einvp_1" (byte position 344974): Unknown layer/datatype in boundary, layer=236 type=0
Reading "sky130_fd_sc_hd__or2_2".
Error while reading cell "sky130_fd_sc_hd__or2_2" (byte position 349540): Unknown layer/datatype in boundary, layer=236 type=0
Reading "digital_pll".
    100 uses
    200 uses
    300 uses
    400 uses
    500 uses
    600 uses
    700 uses
    800 uses
    900 uses
    1000 uses
    1100 uses
    1200 uses
Reading "sky130_fd_sc_hd__clkbuf_16".
Error while reading cell "sky130_fd_sc_hd__clkbuf_16" (byte position 2743106): Unknown layer/datatype in boundary, layer=236 type=0
Reading "sky130_fd_sc_hd__dfstp_4".
Error while reading cell "sky130_fd_sc_hd__dfstp_4" (byte position 2755834): Unknown layer/datatype in boundary, layer=236 type=0
Reading "sky130_fd_sc_hd__dfbbn_2".
Error while reading cell "sky130_fd_sc_hd__dfbbn_2" (byte position 2773564): Unknown layer/datatype in boundary, layer=236 type=0
Reading "sky130_fd_sc_hd__ebufn_2".
Error while reading cell "sky130_fd_sc_hd__ebufn_2" (byte position 2793618): Unknown layer/datatype in boundary, layer=236 type=0
Reading "sky130_fd_sc_hd__clkbuf_8".
Error while reading cell "sky130_fd_sc_hd__clkbuf_8" (byte position 2800872): Unknown layer/datatype in boundary, layer=236 type=0
Reading "sky130_fd_sc_hd__dfxtp_1".
Error while reading cell "sky130_fd_sc_hd__dfxtp_1" (byte position 2808670): Unknown layer/datatype in boundary, layer=236 type=0
Reading "sky130_fd_sc_hd__and2_1".
Error while reading cell "sky130_fd_sc_hd__and2_1" (byte position 2820800): Unknown layer/datatype in boundary, layer=236 type=0
Reading "sky130_fd_sc_hd__inv_1".
Error while reading cell "sky130_fd_sc_hd__inv_1" (byte position 2825696): Unknown layer/datatype in boundary, layer=236 type=0
Reading "sky130_fd_sc_hd__dlclkp_1".
Error while reading cell "sky130_fd_sc_hd__dlclkp_1" (byte position 2829248): Unknown layer/datatype in boundary, layer=236 type=0
Reading "sky130_fd_sc_hd__ebufn_4".
Error while reading cell "sky130_fd_sc_hd__ebufn_4" (byte position 2839270): Unknown layer/datatype in boundary, layer=236 type=0
Reading "sky130_fd_sc_hd__and4_2".
Error while reading cell "sky130_fd_sc_hd__and4_2" (byte position 2848772): Unknown layer/datatype in boundary, layer=236 type=0
Reading "sky130_fd_sc_hd__and4bb_2".
Error while reading cell "sky130_fd_sc_hd__and4bb_2" (byte position 2856048): Unknown layer/datatype in boundary, layer=236 type=0
Reading "sky130_fd_sc_hd__and4b_2".
Error while reading cell "sky130_fd_sc_hd__and4b_2" (byte position 2864040): Unknown layer/datatype in boundary, layer=236 type=0
Reading "sky130_fd_sc_hd__nor4b_2".
Error while reading cell "sky130_fd_sc_hd__nor4b_2" (byte position 2872308): Unknown layer/datatype in boundary, layer=236 type=0
Reading "sky130_fd_sc_hd__clkbuf_4".
Error while reading cell "sky130_fd_sc_hd__clkbuf_4" (byte position 2881636): Unknown layer/datatype in boundary, layer=236 type=0
Reading "sky130_fd_sc_hd__nor3b_4".
Error while reading cell "sky130_fd_sc_hd__nor3b_4" (byte position 2886848): Unknown layer/datatype in boundary, layer=236 type=0
Reading "sky130_fd_sc_hd__mux4_1".
Error while reading cell "sky130_fd_sc_hd__mux4_1" (byte position 2897004): Unknown layer/datatype in boundary, layer=236 type=0
Reading "sky130_fd_sc_hd__and3b_4".
Error while reading cell "sky130_fd_sc_hd__and3b_4" (byte position 2912536): Unknown layer/datatype in boundary, layer=236 type=0
Reading "DFFRAM".
    100 uses
    200 uses
    300 uses
    400 uses
    500 uses
    600 uses
    700 uses
    800 uses
    900 uses
    1000 uses
    1100 uses
    1200 uses
    1300 uses
    1400 uses
    1500 uses
    1600 uses
    1700 uses
    1800 uses
    1900 uses
    2000 uses
    2100 uses
    2200 uses
    2300 uses
    2400 uses
    2500 uses
    2600 uses
    2700 uses
    2800 uses
    2900 uses
    3000 uses
    3100 uses
    3200 uses
    3300 uses
    3400 uses
    3500 uses
    3600 uses
    3700 uses
    3800 uses
    3900 uses
    4000 uses
    4100 uses
    4200 uses
    4300 uses
    4400 uses
    4500 uses
    4600 uses
    4700 uses
    4800 uses
    4900 uses
    5000 uses
    5100 uses
    5200 uses
    5300 uses
    5400 uses
    5500 uses
    5600 uses
    5700 uses
    5800 uses
    5900 uses
    6000 uses
    6100 uses
    6200 uses
    6300 uses
    6400 uses
    6500 uses
    6600 uses
    6700 uses
    6800 uses
    6900 uses
    7000 uses
    7100 uses
    7200 uses
    7300 uses
    7400 uses
    7500 uses
    7600 uses
    7700 uses
    7800 uses
    7900 uses
    8000 uses
    8100 uses
    8200 uses
    8300 uses
    8400 uses
    8500 uses
    8600 uses
    8700 uses
    8800 uses
    8900 uses
    9000 uses
    9100 uses
    9200 uses
    9300 uses
    9400 uses
    9500 uses
    9600 uses
    9700 uses
    9800 uses
    9900 uses
    10000 uses
    10100 uses
    10200 uses
    10300 uses
    10400 uses
    10500 uses
    10600 uses
    10700 uses
    10800 uses
    10900 uses
    11000 uses
    11100 uses
    11200 uses
    11300 uses
    11400 uses
    11500 uses
    11600 uses
    11700 uses
    11800 uses
    11900 uses
    12000 uses
    12100 uses
    12200 uses
    12300 uses
    12400 uses
    12500 uses
    12600 uses
    12700 uses
    12800 uses
    12900 uses
    13000 uses
    13100 uses
    13200 uses
    13300 uses
    13400 uses
    13500 uses
    13600 uses
    13700 uses
    13800 uses
    13900 uses
    14000 uses
    14100 uses
    14200 uses
    14300 uses
    14400 uses
    14500 uses
    14600 uses
    14700 uses
    14800 uses
    14900 uses
    15000 uses
    15100 uses
    15200 uses
    15300 uses
    15400 uses
    15500 uses
    15600 uses
    15700 uses
    15800 uses
    15900 uses
    16000 uses
    16100 uses
    16200 uses
    16300 uses
    16400 uses
    16500 uses
    16600 uses
    16700 uses
    16800 uses
    16900 uses
    17000 uses
    17100 uses
    17200 uses
    17300 uses
    17400 uses
    17500 uses
    17600 uses
    17700 uses
    17800 uses
    17900 uses
    18000 uses
    18100 uses
    18200 uses
    18300 uses
    18400 uses
    18500 uses
    18600 uses
    18700 uses
    18800 uses
    18900 uses
    19000 uses
    19100 uses
    19200 uses
    19300 uses
    19400 uses
    19500 uses
    19600 uses
    19700 uses
    19800 uses
    19900 uses
    20000 uses
    20100 uses
    20200 uses
    20300 uses
    20400 uses
    20500 uses
    20600 uses
    20700 uses
    20800 uses
    20900 uses
    21000 uses
    21100 uses
    21200 uses
    21300 uses
    21400 uses
    21500 uses
    21600 uses
    21700 uses
    21800 uses
    21900 uses
    22000 uses
    22100 uses
    22200 uses
    22300 uses
    22400 uses
    22500 uses
    22600 uses
    22700 uses
    22800 uses
    22900 uses
    23000 uses
    23100 uses
    23200 uses
    23300 uses
    23400 uses
    23500 uses
    23600 uses
    23700 uses
    23800 uses
    23900 uses
    24000 uses
    24100 uses
    24200 uses
    24300 uses
    24400 uses
    24500 uses
    24600 uses
    24700 uses
    24800 uses
    24900 uses
    25000 uses
    25100 uses
    25200 uses
    25300 uses
    25400 uses
    25500 uses
    25600 uses
    25700 uses
    25800 uses
    25900 uses
    26000 uses
    26100 uses
    26200 uses
    26300 uses
    26400 uses
    26500 uses
    26600 uses
    26700 uses
    26800 uses
    26900 uses
    27000 uses
    27100 uses
    27200 uses
    27300 uses
    27400 uses
    27500 uses
    27600 uses
    27700 uses
    27800 uses
    27900 uses
    28000 uses
    28100 uses
    28200 uses
    28300 uses
    28400 uses
    28500 uses
    28600 uses
    28700 uses
    28800 uses
    28900 uses
    29000 uses
    29100 uses
    29200 uses
    29300 uses
    29400 uses
    29500 uses
    29600 uses
    29700 uses
    29800 uses
    29900 uses
    30000 uses
    30100 uses
    30200 uses
    30300 uses
    30400 uses
    30500 uses
    30600 uses
    30700 uses
    30800 uses
    30900 uses
    31000 uses
    31100 uses
    31200 uses
    31300 uses
    31400 uses
    31500 uses
    31600 uses
    31700 uses
    31800 uses
    31900 uses
    32000 uses
    32100 uses
    32200 uses
    32300 uses
    32400 uses
    32500 uses
    32600 uses
    32700 uses
    32800 uses
    32900 uses
    33000 uses
    33100 uses
    33200 uses
    33300 uses
    33400 uses
    33500 uses
    33600 uses
    33700 uses
    33800 uses
    33900 uses
    34000 uses
    34100 uses
    34200 uses
    34300 uses
    34400 uses
    34500 uses
    34600 uses
    34700 uses
    34800 uses
    34900 uses
    35000 uses
    35100 uses
    35200 uses
    35300 uses
    35400 uses
    35500 uses
    35600 uses
    35700 uses
    35800 uses
    35900 uses
    36000 uses
    36100 uses
    36200 uses
    36300 uses
    36400 uses
    36500 uses
    36600 uses
    36700 uses
    36800 uses
    36900 uses
    37000 uses
    37100 uses
    37200 uses
    37300 uses
    37400 uses
    37500 uses
    37600 uses
    37700 uses
    37800 uses
    37900 uses
    38000 uses
    38100 uses
    38200 uses
    38300 uses
    38400 uses
    38500 uses
    38600 uses
    38700 uses
    38800 uses
    38900 uses
    39000 uses
    39100 uses
    39200 uses
    39300 uses
    39400 uses
    39500 uses
    39600 uses
    39700 uses
    39800 uses
    39900 uses
    40000 uses
    40100 uses
    40200 uses
Reading "mgmt_core".
    100 uses
    200 uses
    300 uses
    400 uses
    500 uses
    600 uses
    700 uses
    800 uses
    900 uses
    1000 uses
    1100 uses
    1200 uses
    1300 uses
    1400 uses
    1500 uses
    1600 uses
    1700 uses
    1800 uses
    1900 uses
    2000 uses
    2100 uses
    2200 uses
    2300 uses
    2400 uses
    2500 uses
    2600 uses
    2700 uses
    2800 uses
    2900 uses
    3000 uses
    3100 uses
    3200 uses
    3300 uses
    3400 uses
    3500 uses
    3600 uses
    3700 uses
    3800 uses
    3900 uses
    4000 uses
    4100 uses
    4200 uses
    4300 uses
    4400 uses
    4500 uses
    4600 uses
    4700 uses
    4800 uses
    4900 uses
    5000 uses
    5100 uses
    5200 uses
    5300 uses
    5400 uses
    5500 uses
    5600 uses
    5700 uses
    5800 uses
    5900 uses
    6000 uses
    6100 uses
    6200 uses
    6300 uses
    6400 uses
    6500 uses
    6600 uses
    6700 uses
    6800 uses
    6900 uses
    7000 uses
    7100 uses
    7200 uses
    7300 uses
    7400 uses
    7500 uses
    7600 uses
    7700 uses
    7800 uses
    7900 uses
    8000 uses
    8100 uses
    8200 uses
    8300 uses
    8400 uses
    8500 uses
    8600 uses
    8700 uses
    8800 uses
    8900 uses
    9000 uses
    9100 uses
    9200 uses
    9300 uses
    9400 uses
    9500 uses
    9600 uses
    9700 uses
    9800 uses
    9900 uses
    10000 uses
    10100 uses
    10200 uses
    10300 uses
    10400 uses
    10500 uses
    10600 uses
    10700 uses
    10800 uses
    10900 uses
    11000 uses
    11100 uses
    11200 uses
    11300 uses
    11400 uses
    11500 uses
    11600 uses
    11700 uses
    11800 uses
    11900 uses
    12000 uses
    12100 uses
    12200 uses
    12300 uses
    12400 uses
    12500 uses
    12600 uses
    12700 uses
    12800 uses
    12900 uses
    13000 uses
    13100 uses
    13200 uses
    13300 uses
    13400 uses
    13500 uses
    13600 uses
    13700 uses
    13800 uses
    13900 uses
    14000 uses
    14100 uses
    14200 uses
    14300 uses
    14400 uses
    14500 uses
    14600 uses
    14700 uses
    14800 uses
    14900 uses
    15000 uses
    15100 uses
    15200 uses
    15300 uses
    15400 uses
    15500 uses
    15600 uses
    15700 uses
    15800 uses
    15900 uses
    16000 uses
    16100 uses
    16200 uses
    16300 uses
    16400 uses
    16500 uses
    16600 uses
    16700 uses
    16800 uses
    16900 uses
    17000 uses
    17100 uses
    17200 uses
    17300 uses
    17400 uses
    17500 uses
    17600 uses
    17700 uses
    17800 uses
    17900 uses
    18000 uses
    18100 uses
    18200 uses
    18300 uses
    18400 uses
    18500 uses
    18600 uses
    18700 uses
    18800 uses
    18900 uses
    19000 uses
    19100 uses
    19200 uses
    19300 uses
    19400 uses
    19500 uses
    19600 uses
    19700 uses
    19800 uses
    19900 uses
    20000 uses
    20100 uses
    20200 uses
    20300 uses
    20400 uses
    20500 uses
    20600 uses
    20700 uses
    20800 uses
    20900 uses
    21000 uses
    21100 uses
    21200 uses
    21300 uses
    21400 uses
    21500 uses
    21600 uses
    21700 uses
    21800 uses
    21900 uses
    22000 uses
    22100 uses
    22200 uses
    22300 uses
    22400 uses
    22500 uses
    22600 uses
    22700 uses
    22800 uses
    22900 uses
    23000 uses
    23100 uses
    23200 uses
    23300 uses
    23400 uses
    23500 uses
    23600 uses
    23700 uses
    23800 uses
    23900 uses
    24000 uses
    24100 uses
    24200 uses
    24300 uses
    24400 uses
    24500 uses
    24600 uses
    24700 uses
    24800 uses
    24900 uses
    25000 uses
    25100 uses
    25200 uses
    25300 uses
    25400 uses
    25500 uses
    25600 uses
    25700 uses
    25800 uses
    25900 uses
    26000 uses
    26100 uses
    26200 uses
    26300 uses
    26400 uses
    26500 uses
    26600 uses
    26700 uses
    26800 uses
    26900 uses
    27000 uses
    27100 uses
    27200 uses
    27300 uses
    27400 uses
    27500 uses
    27600 uses
    27700 uses
    27800 uses
    27900 uses
    28000 uses
    28100 uses
    28200 uses
    28300 uses
    28400 uses
    28500 uses
    28600 uses
    28700 uses
    28800 uses
    28900 uses
    29000 uses
    29100 uses
    29200 uses
    29300 uses
    29400 uses
    29500 uses
    29600 uses
    29700 uses
    29800 uses
    29900 uses
    30000 uses
    30100 uses
    30200 uses
    30300 uses
    30400 uses
    30500 uses
    30600 uses
    30700 uses
    30800 uses
    30900 uses
    31000 uses
    31100 uses
    31200 uses
    31300 uses
    31400 uses
    31500 uses
    31600 uses
    31700 uses
    31800 uses
    31900 uses
    32000 uses
    32100 uses
    32200 uses
    32300 uses
    32400 uses
    32500 uses
    32600 uses
    32700 uses
    32800 uses
    32900 uses
    33000 uses
    33100 uses
    33200 uses
    33300 uses
    33400 uses
    33500 uses
    33600 uses
    33700 uses
    33800 uses
    33900 uses
    34000 uses
    34100 uses
    34200 uses
    34300 uses
    34400 uses
    34500 uses
    34600 uses
    34700 uses
    34800 uses
    34900 uses
    35000 uses
    35100 uses
    35200 uses
    35300 uses
    35400 uses
    35500 uses
    35600 uses
    35700 uses
    35800 uses
    35900 uses
    36000 uses
    36100 uses
    36200 uses
    36300 uses
    36400 uses
    36500 uses
    36600 uses
    36700 uses
    36800 uses
    36900 uses
    37000 uses
    37100 uses
    37200 uses
    37300 uses
    37400 uses
    37500 uses
    37600 uses
    37700 uses
    37800 uses
    37900 uses
    38000 uses
    38100 uses
    38200 uses
    38300 uses
    38400 uses
    38500 uses
    38600 uses
    38700 uses
    38800 uses
    38900 uses
    39000 uses
    39100 uses
    39200 uses
    39300 uses
    39400 uses
    39500 uses
    39600 uses
    39700 uses
    39800 uses
    39900 uses
    40000 uses
    40100 uses
    40200 uses
    40300 uses
    40400 uses
    40500 uses
    40600 uses
    40700 uses
    40800 uses
    40900 uses
    41000 uses
    41100 uses
    41200 uses
    41300 uses
    41400 uses
    41500 uses
    41600 uses
    41700 uses
    41800 uses
    41900 uses
    42000 uses
    42100 uses
    42200 uses
    42300 uses
    42400 uses
    42500 uses
    42600 uses
    42700 uses
    42800 uses
    42900 uses
    43000 uses
    43100 uses
    43200 uses
    43300 uses
    43400 uses
    43500 uses
    43600 uses
    43700 uses
    43800 uses
    43900 uses
    44000 uses
    44100 uses
    44200 uses
    44300 uses
    44400 uses
    44500 uses
    44600 uses
    44700 uses
    44800 uses
    44900 uses
    45000 uses
    45100 uses
    45200 uses
    45300 uses
    45400 uses
    45500 uses
    45600 uses
    45700 uses
    45800 uses
    45900 uses
    46000 uses
    46100 uses
    46200 uses
    46300 uses
    46400 uses
    46500 uses
    46600 uses
    46700 uses
    46800 uses
    46900 uses
    47000 uses
    47100 uses
    47200 uses
    47300 uses
    47400 uses
    47500 uses
    47600 uses
    47700 uses
    47800 uses
    47900 uses
    48000 uses
    48100 uses
    48200 uses
    48300 uses
    48400 uses
    48500 uses
    48600 uses
    48700 uses
    48800 uses
    48900 uses
    49000 uses
    49100 uses
    49200 uses
    49300 uses
    49400 uses
    49500 uses
    49600 uses
    49700 uses
    49800 uses
    49900 uses
    50000 uses
    50100 uses
    50200 uses
    50300 uses
    50400 uses
    50500 uses
    50600 uses
    50700 uses
    50800 uses
    50900 uses
    51000 uses
    51100 uses
    51200 uses
    51300 uses
    51400 uses
    51500 uses
    51600 uses
    51700 uses
    51800 uses
    51900 uses
    52000 uses
    52100 uses
    52200 uses
    52300 uses
    52400 uses
    52500 uses
    52600 uses
    52700 uses
    52800 uses
    52900 uses
    53000 uses
    53100 uses
    53200 uses
    53300 uses
    53400 uses
    53500 uses
    53600 uses
    53700 uses
    53800 uses
    53900 uses
    54000 uses
    54100 uses
    54200 uses
    54300 uses
    54400 uses
    54500 uses
    54600 uses
    54700 uses
    54800 uses
    54900 uses
    55000 uses
    55100 uses
    55200 uses
    55300 uses
    55400 uses
    55500 uses
    55600 uses
    55700 uses
    55800 uses
    55900 uses
    56000 uses
    56100 uses
    56200 uses
    56300 uses
    56400 uses
    56500 uses
    56600 uses
    56700 uses
    56800 uses
    56900 uses
    57000 uses
    57100 uses
    57200 uses
    57300 uses
    57400 uses
    57500 uses
    57600 uses
    57700 uses
    57800 uses
    57900 uses
    58000 uses
    58100 uses
    58200 uses
    58300 uses
    58400 uses
    58500 uses
    58600 uses
    58700 uses
    58800 uses
    58900 uses
    59000 uses
    59100 uses
    59200 uses
    59300 uses
    59400 uses
    59500 uses
    59600 uses
    59700 uses
    59800 uses
    59900 uses
    60000 uses
    60100 uses
    60200 uses
    60300 uses
    60400 uses
    60500 uses
    60600 uses
    60700 uses
    60800 uses
    60900 uses
    61000 uses
    61100 uses
    61200 uses
    61300 uses
    61400 uses
    61500 uses
    61600 uses
    61700 uses
    61800 uses
    61900 uses
    62000 uses
    62100 uses
    62200 uses
    62300 uses
    62400 uses
    62500 uses
    62600 uses
    62700 uses
    62800 uses
    62900 uses
    63000 uses
    63100 uses
    63200 uses
    63300 uses
    63400 uses
    63500 uses
    63600 uses
    63700 uses
    63800 uses
    63900 uses
    64000 uses
    64100 uses
    64200 uses
    64300 uses
    64400 uses
    64500 uses
    64600 uses
    64700 uses
    64800 uses
    64900 uses
    65000 uses
    65100 uses
    65200 uses
    65300 uses
    65400 uses
    65500 uses
    65600 uses
    65700 uses
    65800 uses
    65900 uses
    66000 uses
    66100 uses
    66200 uses
    66300 uses
    66400 uses
    66500 uses
    66600 uses
    66700 uses
    66800 uses
    66900 uses
    67000 uses
    67100 uses
    67200 uses
    67300 uses
    67400 uses
    67500 uses
    67600 uses
    67700 uses
    67800 uses
    67900 uses
    68000 uses
    68100 uses
    68200 uses
    68300 uses
    68400 uses
    68500 uses
    68600 uses
    68700 uses
    68800 uses
    68900 uses
    69000 uses
    69100 uses
    69200 uses
    69300 uses
    69400 uses
    69500 uses
    69600 uses
    69700 uses
    69800 uses
    69900 uses
    70000 uses
    70100 uses
    70200 uses
    70300 uses
    70400 uses
    70500 uses
    70600 uses
    70700 uses
    70800 uses
    70900 uses
    71000 uses
    71100 uses
    71200 uses
    71300 uses
    71400 uses
    71500 uses
    71600 uses
    71700 uses
    71800 uses
    71900 uses
    72000 uses
    72100 uses
    72200 uses
    72300 uses
    72400 uses
    72500 uses
    72600 uses
    72700 uses
    72800 uses
    72900 uses
    73000 uses
    73100 uses
    73200 uses
    73300 uses
    73400 uses
    73500 uses
    73600 uses
    73700 uses
    73800 uses
    73900 uses
    74000 uses
    74100 uses
    74200 uses
    74300 uses
    74400 uses
    74500 uses
    74600 uses
    74700 uses
    74800 uses
    74900 uses
    75000 uses
    75100 uses
    75200 uses
    75300 uses
    75400 uses
    75500 uses
    75600 uses
    75700 uses
    75800 uses
    75900 uses
    76000 uses
    76100 uses
    76200 uses
    76300 uses
    76400 uses
    76500 uses
    76600 uses
    76700 uses
    76800 uses
    76900 uses
    77000 uses
    77100 uses
    77200 uses
    77300 uses
    77400 uses
    77500 uses
    77600 uses
    77700 uses
    77800 uses
    77900 uses
    78000 uses
    78100 uses
    78200 uses
    78300 uses
    78400 uses
    78500 uses
    78600 uses
    78700 uses
    78800 uses
    78900 uses
    79000 uses
    79100 uses
    79200 uses
    79300 uses
    79400 uses
    79500 uses
    79600 uses
    79700 uses
    79800 uses
    79900 uses
    80000 uses
    80100 uses
    80200 uses
    80300 uses
    80400 uses
    80500 uses
    80600 uses
    80700 uses
    80800 uses
    80900 uses
    81000 uses
    81100 uses
    81200 uses
    81300 uses
    81400 uses
    81500 uses
    81600 uses
    81700 uses
    81800 uses
    81900 uses
    82000 uses
    82100 uses
    82200 uses
    82300 uses
    82400 uses
    82500 uses
    82600 uses
    82700 uses
    82800 uses
    82900 uses
    83000 uses
    83100 uses
    83200 uses
    83300 uses
    83400 uses
    83500 uses
    83600 uses
    83700 uses
    83800 uses
    83900 uses
    84000 uses
    84100 uses
    84200 uses
    84300 uses
    84400 uses
    84500 uses
    84600 uses
    84700 uses
    84800 uses
    84900 uses
    85000 uses
    85100 uses
    85200 uses
    85300 uses
    85400 uses
    85500 uses
    85600 uses
    85700 uses
    85800 uses
    85900 uses
    86000 uses
    86100 uses
    86200 uses
    86300 uses
    86400 uses
    86500 uses
    86600 uses
    86700 uses
    86800 uses
    86900 uses
    87000 uses
    87100 uses
    87200 uses
    87300 uses
    87400 uses
    87500 uses
    87600 uses
    87700 uses
    87800 uses
    87900 uses
    88000 uses
    88100 uses
    88200 uses
    88300 uses
    88400 uses
    88500 uses
    88600 uses
    88700 uses
    88800 uses
    88900 uses
    89000 uses
    89100 uses
    89200 uses
    89300 uses
    89400 uses
    89500 uses
    89600 uses
    89700 uses
    89800 uses
    89900 uses
    90000 uses
    90100 uses
    90200 uses
    90300 uses
    90400 uses
    90500 uses
    90600 uses
    90700 uses
    90800 uses
    90900 uses
    91000 uses
    91100 uses
    91200 uses
    91300 uses
    91400 uses
    91500 uses
    91600 uses
    91700 uses
    91800 uses
    91900 uses
    92000 uses
    92100 uses
    92200 uses
    92300 uses
    92400 uses
    92500 uses
    92600 uses
    92700 uses
    92800 uses
    92900 uses
    93000 uses
    93100 uses
    93200 uses
    93300 uses
    93400 uses
    93500 uses
    93600 uses
    93700 uses
    93800 uses
    93900 uses
    94000 uses
    94100 uses
    94200 uses
    94300 uses
    94400 uses
    94500 uses
    94600 uses
    94700 uses
    94800 uses
    94900 uses
    95000 uses
    95100 uses
    95200 uses
    95300 uses
    95400 uses
    95500 uses
    95600 uses
    95700 uses
    95800 uses
    95900 uses
    96000 uses
    96100 uses
    96200 uses
    96300 uses
    96400 uses
    96500 uses
    96600 uses
    96700 uses
    96800 uses
    96900 uses
    97000 uses
    97100 uses
    97200 uses
    97300 uses
    97400 uses
    97500 uses
    97600 uses
    97700 uses
    97800 uses
    97900 uses
    98000 uses
    98100 uses
    98200 uses
    98300 uses
    98400 uses
    98500 uses
    98600 uses
    98700 uses
    98800 uses
    98900 uses
    99000 uses
    99100 uses
    99200 uses
    99300 uses
    99400 uses
    99500 uses
    99600 uses
    99700 uses
    99800 uses
    99900 uses
    100000 uses
    100100 uses
    100200 uses
    100300 uses
    100400 uses
    100500 uses
    100600 uses
    100700 uses
    100800 uses
    100900 uses
    101000 uses
    101100 uses
    101200 uses
    101300 uses
    101400 uses
    101500 uses
    101600 uses
    101700 uses
    101800 uses
    101900 uses
    102000 uses
    102100 uses
    102200 uses
    102300 uses
    102400 uses
    102500 uses
    102600 uses
    102700 uses
    102800 uses
    102900 uses
    103000 uses
    103100 uses
    103200 uses
    103300 uses
    103400 uses
    103500 uses
    103600 uses
    103700 uses
    103800 uses
    103900 uses
    104000 uses
    104100 uses
    104200 uses
    104300 uses
    104400 uses
    104500 uses
    104600 uses
    104700 uses
    104800 uses
    104900 uses
    105000 uses
    105100 uses
    105200 uses
    105300 uses
    105400 uses
    105500 uses
    105600 uses
    105700 uses
    105800 uses
    105900 uses
    106000 uses
    106100 uses
    106200 uses
    106300 uses
    106400 uses
    106500 uses
    106600 uses
    106700 uses
    106800 uses
    106900 uses
    107000 uses
    107100 uses
    107200 uses
    107300 uses
    107400 uses
    107500 uses
    107600 uses
    107700 uses
    107800 uses
    107900 uses
    108000 uses
    108100 uses
    108200 uses
    108300 uses
    108400 uses
    108500 uses
    108600 uses
    108700 uses
    108800 uses
    108900 uses
    109000 uses
    109100 uses
    109200 uses
    109300 uses
    109400 uses
    109500 uses
    109600 uses
    109700 uses
    109800 uses
    109900 uses
    110000 uses
    110100 uses
    110200 uses
    110300 uses
    110400 uses
    110500 uses
    110600 uses
    110700 uses
    110800 uses
    110900 uses
    111000 uses
    111100 uses
    111200 uses
    111300 uses
    111400 uses
    111500 uses
    111600 uses
    111700 uses
    111800 uses
    111900 uses
    112000 uses
    112100 uses
    112200 uses
    112300 uses
    112400 uses
    112500 uses
    112600 uses
    112700 uses
    112800 uses
    112900 uses
    113000 uses
    113100 uses
    113200 uses
    113300 uses
    113400 uses
    113500 uses
    113600 uses
    113700 uses
    113800 uses
    113900 uses
    114000 uses
    114100 uses
    114200 uses
    114300 uses
    114400 uses
    114500 uses
    114600 uses
    114700 uses
    114800 uses
    114900 uses
    115000 uses
    115100 uses
    115200 uses
    115300 uses
    115400 uses
    115500 uses
    115600 uses
    115700 uses
    115800 uses
    115900 uses
    116000 uses
    116100 uses
    116200 uses
    116300 uses
    116400 uses
    116500 uses
    116600 uses
    116700 uses
    116800 uses
    116900 uses
    117000 uses
    117100 uses
    117200 uses
    117300 uses
    117400 uses
    117500 uses
    117600 uses
    117700 uses
    117800 uses
    117900 uses
    118000 uses
    118100 uses
    118200 uses
    118300 uses
    118400 uses
    118500 uses
    118600 uses
    118700 uses
    118800 uses
    118900 uses
    119000 uses
    119100 uses
    119200 uses
    119300 uses
    119400 uses
    119500 uses
    119600 uses
    119700 uses
    119800 uses
    119900 uses
    120000 uses
    120100 uses
    120200 uses
    120300 uses
    120400 uses
    120500 uses
    120600 uses
    120700 uses
    120800 uses
    120900 uses
    121000 uses
    121100 uses
    121200 uses
    121300 uses
    121400 uses
    121500 uses
    121600 uses
    121700 uses
    121800 uses
    121900 uses
    122000 uses
    122100 uses
    122200 uses
    122300 uses
    122400 uses
    122500 uses
    122600 uses
    122700 uses
    122800 uses
    122900 uses
    123000 uses
    123100 uses
    123200 uses
    123300 uses
    123400 uses
    123500 uses
    123600 uses
    123700 uses
    123800 uses
    123900 uses
    124000 uses
    124100 uses
    124200 uses
    124300 uses
    124400 uses
    124500 uses
    124600 uses
    124700 uses
    124800 uses
    124900 uses
    125000 uses
    125100 uses
    125200 uses
    125300 uses
    125400 uses
    125500 uses
    125600 uses
    125700 uses
    125800 uses
    125900 uses
    126000 uses
    126100 uses
    126200 uses
    126300 uses
    126400 uses
    126500 uses
    126600 uses
    126700 uses
    126800 uses
    126900 uses
    127000 uses
    127100 uses
    127200 uses
    127300 uses
    127400 uses
    127500 uses
    127600 uses
    127700 uses
    127800 uses
    127900 uses
    128000 uses
    128100 uses
    128200 uses
    128300 uses
    128400 uses
    128500 uses
    128600 uses
    128700 uses
    128800 uses
    128900 uses
    129000 uses
    129100 uses
    129200 uses
    129300 uses
    129400 uses
    129500 uses
    129600 uses
    129700 uses
    129800 uses
    129900 uses
    130000 uses
    130100 uses
    130200 uses
    130300 uses
    130400 uses
    130500 uses
    130600 uses
    130700 uses
    130800 uses
    130900 uses
    131000 uses
    131100 uses
    131200 uses
    131300 uses
    131400 uses
    131500 uses
    131600 uses
    131700 uses
    131800 uses
    131900 uses
    132000 uses
    132100 uses
    132200 uses
    132300 uses
    132400 uses
    132500 uses
    132600 uses
    132700 uses
    132800 uses
    132900 uses
    133000 uses
    133100 uses
    133200 uses
    133300 uses
    133400 uses
    133500 uses
    133600 uses
    133700 uses
    133800 uses
    133900 uses
    134000 uses
    134100 uses
    134200 uses
    134300 uses
    134400 uses
    134500 uses
    134600 uses
    134700 uses
    134800 uses
    134900 uses
    135000 uses
    135100 uses
    135200 uses
    135300 uses
    135400 uses
    135500 uses
    135600 uses
    135700 uses
    135800 uses
    135900 uses
    136000 uses
    136100 uses
    136200 uses
    136300 uses
    136400 uses
    136500 uses
    136600 uses
    136700 uses
    136800 uses
    136900 uses
    137000 uses
    137100 uses
    137200 uses
    137300 uses
    137400 uses
    137500 uses
    137600 uses
    137700 uses
    137800 uses
    137900 uses
    138000 uses
    138100 uses
    138200 uses
    138300 uses
    138400 uses
    138500 uses
    138600 uses
    138700 uses
    138800 uses
    138900 uses
    139000 uses
    139100 uses
    139200 uses
    139300 uses
    139400 uses
    139500 uses
    139600 uses
    139700 uses
    139800 uses
    139900 uses
    140000 uses
    140100 uses
    140200 uses
    140300 uses
    140400 uses
    140500 uses
    140600 uses
    140700 uses
    140800 uses
    140900 uses
    141000 uses
    141100 uses
    141200 uses
    141300 uses
    141400 uses
    141500 uses
    141600 uses
    141700 uses
    141800 uses
    141900 uses
    142000 uses
    142100 uses
    142200 uses
    142300 uses
    142400 uses
    142500 uses
    142600 uses
    142700 uses
    142800 uses
    142900 uses
    143000 uses
    143100 uses
    143200 uses
    143300 uses
    143400 uses
    143500 uses
    143600 uses
    143700 uses
    143800 uses
    143900 uses
    144000 uses
    144100 uses
    144200 uses
    144300 uses
    144400 uses
    144500 uses
    144600 uses
    144700 uses
    144800 uses
    144900 uses
    145000 uses
    145100 uses
    145200 uses
    145300 uses
    145400 uses
    145500 uses
    145600 uses
    145700 uses
    145800 uses
    145900 uses
    146000 uses
    146100 uses
    146200 uses
    146300 uses
    146400 uses
    146500 uses
    146600 uses
    146700 uses
    146800 uses
    146900 uses
    147000 uses
    147100 uses
    147200 uses
    147300 uses
    147400 uses
    147500 uses
    147600 uses
    147700 uses
    147800 uses
    147900 uses
    148000 uses
    148100 uses
    148200 uses
    148300 uses
    148400 uses
    148500 uses
    148600 uses
    148700 uses
    148800 uses
    148900 uses
    149000 uses
    149100 uses
    149200 uses
    149300 uses
    149400 uses
    149500 uses
    149600 uses
    149700 uses
    149800 uses
    149900 uses
    150000 uses
    150100 uses
    150200 uses
    150300 uses
    150400 uses
    150500 uses
    150600 uses
    150700 uses
    150800 uses
    150900 uses
    151000 uses
    151100 uses
    151200 uses
    151300 uses
    151400 uses
    151500 uses
    151600 uses
    151700 uses
    151800 uses
    151900 uses
    152000 uses
    152100 uses
    152200 uses
    152300 uses
    152400 uses
    152500 uses
    152600 uses
    152700 uses
    152800 uses
    152900 uses
    153000 uses
    153100 uses
    153200 uses
    153300 uses
    153400 uses
    153500 uses
    153600 uses
    153700 uses
    153800 uses
    153900 uses
    154000 uses
    154100 uses
    154200 uses
    154300 uses
    154400 uses
    154500 uses
    154600 uses
    154700 uses
    154800 uses
    154900 uses
    155000 uses
    155100 uses
    155200 uses
    155300 uses
    155400 uses
    155500 uses
    155600 uses
    155700 uses
    155800 uses
    155900 uses
    156000 uses
    156100 uses
    156200 uses
    156300 uses
    156400 uses
    156500 uses
    156600 uses
    156700 uses
    156800 uses
    156900 uses
    157000 uses
    157100 uses
    157200 uses
    157300 uses
    157400 uses
    157500 uses
    157600 uses
    157700 uses
    157800 uses
    157900 uses
    158000 uses
    158100 uses
    158200 uses
    158300 uses
    158400 uses
    158500 uses
    158600 uses
    158700 uses
    158800 uses
    158900 uses
    159000 uses
    159100 uses
    159200 uses
    159300 uses
    159400 uses
    159500 uses
    159600 uses
    159700 uses
    159800 uses
    159900 uses
    160000 uses
    160100 uses
    160200 uses
    160300 uses
    160400 uses
    160500 uses
    160600 uses
    160700 uses
    160800 uses
    160900 uses
    161000 uses
    161100 uses
    161200 uses
    161300 uses
    161400 uses
    161500 uses
    161600 uses
    161700 uses
    161800 uses
    161900 uses
    162000 uses
    162100 uses
    162200 uses
    162300 uses
    162400 uses
    162500 uses
    162600 uses
    162700 uses
    162800 uses
    162900 uses
    163000 uses
    163100 uses
    163200 uses
    163300 uses
    163400 uses
    163500 uses
    163600 uses
    163700 uses
    163800 uses
    163900 uses
    164000 uses
    164100 uses
    164200 uses
    164300 uses
    164400 uses
    164500 uses
    164600 uses
    164700 uses
    164800 uses
    164900 uses
    165000 uses
    165100 uses
    165200 uses
    165300 uses
    165400 uses
    165500 uses
    165600 uses
    165700 uses
    165800 uses
    165900 uses
    166000 uses
    166100 uses
    166200 uses
    166300 uses
    166400 uses
    166500 uses
    166600 uses
    166700 uses
    166800 uses
    166900 uses
    167000 uses
    167100 uses
    167200 uses
    167300 uses
    167400 uses
    167500 uses
    167600 uses
    167700 uses
    167800 uses
    167900 uses
    168000 uses
    168100 uses
    168200 uses
    168300 uses
    168400 uses
    168500 uses
    168600 uses
    168700 uses
    168800 uses
    168900 uses
    169000 uses
    169100 uses
    169200 uses
    169300 uses
    169400 uses
    169500 uses
    169600 uses
    169700 uses
    169800 uses
    169900 uses
    170000 uses
    170100 uses
    170200 uses
    170300 uses
    170400 uses
    170500 uses
    170600 uses
    170700 uses
    170800 uses
    170900 uses
    171000 uses
    171100 uses
    171200 uses
    171300 uses
    171400 uses
    171500 uses
    171600 uses
    171700 uses
    171800 uses
    171900 uses
    172000 uses
    172100 uses
    172200 uses
    172300 uses
    172400 uses
    172500 uses
    172600 uses
    172700 uses
    172800 uses
    172900 uses
    173000 uses
    173100 uses
    173200 uses
    173300 uses
    173400 uses
    173500 uses
    173600 uses
    173700 uses
    173800 uses
    173900 uses
    174000 uses
    174100 uses
    174200 uses
    174300 uses
    174400 uses
    174500 uses
    174600 uses
    174700 uses
    174800 uses
    174900 uses
    175000 uses
    175100 uses
    175200 uses
    175300 uses
    175400 uses
    175500 uses
    175600 uses
    175700 uses
    175800 uses
    175900 uses
    176000 uses
    176100 uses
    176200 uses
    176300 uses
    176400 uses
    176500 uses
    176600 uses
    176700 uses
    176800 uses
    176900 uses
    177000 uses
    177100 uses
    177200 uses
    177300 uses
    177400 uses
    177500 uses
    177600 uses
    177700 uses
    177800 uses
    177900 uses
    178000 uses
    178100 uses
    178200 uses
    178300 uses
    178400 uses
    178500 uses
    178600 uses
    178700 uses
    178800 uses
    178900 uses
    179000 uses
    179100 uses
    179200 uses
    179300 uses
    179400 uses
    179500 uses
    179600 uses
    179700 uses
    179800 uses
    179900 uses
    180000 uses
    180100 uses
    180200 uses
    180300 uses
    180400 uses
    180500 uses
    180600 uses
    180700 uses
    180800 uses
    180900 uses
    181000 uses
    181100 uses
    181200 uses
    181300 uses
    181400 uses
    181500 uses
    181600 uses
    181700 uses
    181800 uses
    181900 uses
    182000 uses
    182100 uses
    182200 uses
    182300 uses
    182400 uses
    182500 uses
    182600 uses
    182700 uses
    182800 uses
    182900 uses
    183000 uses
    183100 uses
    183200 uses
    183300 uses
    183400 uses
    183500 uses
    183600 uses
    183700 uses
    183800 uses
    183900 uses
    184000 uses
    184100 uses
    184200 uses
    184300 uses
    184400 uses
    184500 uses
    184600 uses
    184700 uses
    184800 uses
    184900 uses
    185000 uses
    185100 uses
    185200 uses
    185300 uses
    185400 uses
    185500 uses
    185600 uses
    185700 uses
    185800 uses
    185900 uses
    186000 uses
    186100 uses
    186200 uses
    186300 uses
    186400 uses
    186500 uses
    186600 uses
    186700 uses
    186800 uses
    186900 uses
    187000 uses
    187100 uses
    187200 uses
    187300 uses
    187400 uses
    187500 uses
    187600 uses
    187700 uses
    187800 uses
    187900 uses
    188000 uses
    188100 uses
    188200 uses
    188300 uses
    188400 uses
    188500 uses
    188600 uses
    188700 uses
    188800 uses
    188900 uses
    189000 uses
    189100 uses
    189200 uses
    189300 uses
    189400 uses
    189500 uses
    189600 uses
    189700 uses
    189800 uses
    189900 uses
    190000 uses
    190100 uses
    190200 uses
    190300 uses
    190400 uses
    190500 uses
    190600 uses
    190700 uses
    190800 uses
    190900 uses
    191000 uses
    191100 uses
    191200 uses
    191300 uses
    191400 uses
    191500 uses
    191600 uses
    191700 uses
    191800 uses
    191900 uses
    192000 uses
    192100 uses
    192200 uses
    192300 uses
    192400 uses
    192500 uses
    192600 uses
    192700 uses
    192800 uses
    192900 uses
    193000 uses
    193100 uses
    193200 uses
    193300 uses
    193400 uses
    193500 uses
    193600 uses
    193700 uses
    193800 uses
    193900 uses
    194000 uses
    194100 uses
    194200 uses
    194300 uses
    194400 uses
    194500 uses
    194600 uses
    194700 uses
    194800 uses
    194900 uses
    195000 uses
    195100 uses
    195200 uses
    195300 uses
    195400 uses
    195500 uses
    195600 uses
    195700 uses
    195800 uses
    195900 uses
    196000 uses
    196100 uses
    196200 uses
    196300 uses
    196400 uses
    196500 uses
    196600 uses
    196700 uses
    196800 uses
    196900 uses
    197000 uses
    197100 uses
    197200 uses
    197300 uses
    197400 uses
    197500 uses
    197600 uses
    197700 uses
    197800 uses
    197900 uses
    198000 uses
    198100 uses
    198200 uses
    198300 uses
    198400 uses
    198500 uses
    198600 uses
    198700 uses
    198800 uses
    198900 uses
    199000 uses
    199100 uses
    199200 uses
    199300 uses
    199400 uses
    199500 uses
    199600 uses
    199700 uses
    199800 uses
    199900 uses
    200000 uses
    200100 uses
    200200 uses
    200300 uses
    200400 uses
    200500 uses
    200600 uses
    200700 uses
    200800 uses
    200900 uses
    201000 uses
    201100 uses
    201200 uses
    201300 uses
    201400 uses
    201500 uses
    201600 uses
    201700 uses
    201800 uses
    201900 uses
    202000 uses
    202100 uses
    202200 uses
    202300 uses
    202400 uses
    202500 uses
    202600 uses
    202700 uses
    202800 uses
    202900 uses
    203000 uses
    203100 uses
    203200 uses
    203300 uses
    203400 uses
    203500 uses
    203600 uses
    203700 uses
    203800 uses
    203900 uses
    204000 uses
    204100 uses
    204200 uses
    204300 uses
    204400 uses
    204500 uses
    204600 uses
    204700 uses
    204800 uses
    204900 uses
    205000 uses
    205100 uses
    205200 uses
    205300 uses
    205400 uses
    205500 uses
    205600 uses
    205700 uses
    205800 uses
    205900 uses
    206000 uses
    206100 uses
    206200 uses
    206300 uses
    206400 uses
    206500 uses
    206600 uses
    206700 uses
    206800 uses
    206900 uses
    207000 uses
    207100 uses
    207200 uses
    207300 uses
    207400 uses
    207500 uses
    207600 uses
    207700 uses
    207800 uses
    207900 uses
    208000 uses
    208100 uses
    208200 uses
    208300 uses
    208400 uses
    208500 uses
    208600 uses
    208700 uses
    208800 uses
    208900 uses
    209000 uses
    209100 uses
    209200 uses
    209300 uses
    209400 uses
    209500 uses
    209600 uses
    209700 uses
    209800 uses
    209900 uses
    210000 uses
    210100 uses
    210200 uses
    210300 uses
    210400 uses
    210500 uses
    210600 uses
    210700 uses
    210800 uses
    210900 uses
    211000 uses
    211100 uses
    211200 uses
    211300 uses
    211400 uses
    211500 uses
    211600 uses
    211700 uses
    211800 uses
    211900 uses
    212000 uses
    212100 uses
    212200 uses
    212300 uses
    212400 uses
    212500 uses
    212600 uses
    212700 uses
    212800 uses
    212900 uses
    213000 uses
    213100 uses
    213200 uses
    213300 uses
    213400 uses
    213500 uses
    213600 uses
    213700 uses
    213800 uses
    213900 uses
    214000 uses
    214100 uses
    214200 uses
    214300 uses
    214400 uses
    214500 uses
    214600 uses
    214700 uses
    214800 uses
    214900 uses
    215000 uses
    215100 uses
    215200 uses
    215300 uses
    215400 uses
    215500 uses
    215600 uses
    215700 uses
    215800 uses
    215900 uses
    216000 uses
    216100 uses
    216200 uses
    216300 uses
    216400 uses
    216500 uses
    216600 uses
    216700 uses
    216800 uses
    216900 uses
    217000 uses
    217100 uses
    217200 uses
    217300 uses
    217400 uses
    217500 uses
    217600 uses
    217700 uses
    217800 uses
    217900 uses
    218000 uses
    218100 uses
    218200 uses
    218300 uses
    218400 uses
    218500 uses
    218600 uses
    218700 uses
    218800 uses
    218900 uses
    219000 uses
    219100 uses
    219200 uses
    219300 uses
    219400 uses
    219500 uses
    219600 uses
    219700 uses
    219800 uses
    219900 uses
    220000 uses
    220100 uses
    220200 uses
    220300 uses
    220400 uses
    220500 uses
    220600 uses
    220700 uses
    220800 uses
    220900 uses
    221000 uses
    221100 uses
    221200 uses
    221300 uses
    221400 uses
    221500 uses
    221600 uses
    221700 uses
    221800 uses
    221900 uses
    222000 uses
    222100 uses
    222200 uses
    222300 uses
    222400 uses
    222500 uses
    222600 uses
    222700 uses
    222800 uses
    222900 uses
    223000 uses
    223100 uses
    223200 uses
    223300 uses
    223400 uses
    223500 uses
    223600 uses
    223700 uses
    223800 uses
    223900 uses
    224000 uses
    224100 uses
    224200 uses
    224300 uses
    224400 uses
    224500 uses
    224600 uses
    224700 uses
    224800 uses
    224900 uses
    225000 uses
    225100 uses
    225200 uses
    225300 uses
    225400 uses
    225500 uses
    225600 uses
    225700 uses
    225800 uses
    225900 uses
    226000 uses
    226100 uses
    226200 uses
    226300 uses
    226400 uses
    226500 uses
    226600 uses
    226700 uses
    226800 uses
    226900 uses
    227000 uses
    227100 uses
    227200 uses
    227300 uses
    227400 uses
    227500 uses
    227600 uses
    227700 uses
    227800 uses
    227900 uses
    228000 uses
    228100 uses
    228200 uses
    228300 uses
    228400 uses
    228500 uses
    228600 uses
    228700 uses
    228800 uses
    228900 uses
    229000 uses
    229100 uses
    229200 uses
    229300 uses
    229400 uses
    229500 uses
    229600 uses
    229700 uses
    229800 uses
    229900 uses
    230000 uses
    230100 uses
    230200 uses
    230300 uses
    230400 uses
    230500 uses
    230600 uses
    230700 uses
    230800 uses
    230900 uses
    231000 uses
    231100 uses
    231200 uses
    231300 uses
    231400 uses
    231500 uses
    231600 uses
    231700 uses
    231800 uses
    231900 uses
    232000 uses
    232100 uses
    232200 uses
    232300 uses
    232400 uses
    232500 uses
    232600 uses
    232700 uses
    232800 uses
    232900 uses
    233000 uses
    233100 uses
    233200 uses
    233300 uses
    233400 uses
    233500 uses
    233600 uses
    233700 uses
    233800 uses
    233900 uses
    234000 uses
    234100 uses
    234200 uses
    234300 uses
    234400 uses
    234500 uses
    234600 uses
    234700 uses
    234800 uses
    234900 uses
    235000 uses
    235100 uses
    235200 uses
    235300 uses
    235400 uses
    235500 uses
    235600 uses
    235700 uses
    235800 uses
    235900 uses
    236000 uses
    236100 uses
    236200 uses
    236300 uses
    236400 uses
    236500 uses
    236600 uses
    236700 uses
    236800 uses
    236900 uses
    237000 uses
    237100 uses
    237200 uses
    237300 uses
    237400 uses
    237500 uses
    237600 uses
    237700 uses
    237800 uses
    237900 uses
    238000 uses
    238100 uses
    238200 uses
    238300 uses
    238400 uses
    238500 uses
    238600 uses
    238700 uses
    238800 uses
    238900 uses
    239000 uses
    239100 uses
    239200 uses
    239300 uses
    239400 uses
    239500 uses
    239600 uses
    239700 uses
    239800 uses
    239900 uses
    240000 uses
    240100 uses
    240200 uses
    240300 uses
    240400 uses
    240500 uses
    240600 uses
    240700 uses
    240800 uses
    240900 uses
    241000 uses
    241100 uses
    241200 uses
    241300 uses
    241400 uses
    241500 uses
    241600 uses
    241700 uses
    241800 uses
    241900 uses
    242000 uses
    242100 uses
    242200 uses
    242300 uses
    242400 uses
    242500 uses
    242600 uses
    242700 uses
    242800 uses
    242900 uses
    243000 uses
    243100 uses
    243200 uses
    243300 uses
    243400 uses
    243500 uses
    243600 uses
    243700 uses
    243800 uses
    243900 uses
    244000 uses
    244100 uses
    244200 uses
    244300 uses
    244400 uses
    244500 uses
    244600 uses
    244700 uses
    244800 uses
    244900 uses
    245000 uses
    245100 uses
    245200 uses
    245300 uses
    245400 uses
    245500 uses
    245600 uses
    245700 uses
    245800 uses
    245900 uses
    246000 uses
    246100 uses
    246200 uses
    246300 uses
    246400 uses
    246500 uses
    246600 uses
    246700 uses
    246800 uses
    246900 uses
    247000 uses
    247100 uses
    247200 uses
    247300 uses
    247400 uses
    247500 uses
    247600 uses
    247700 uses
    247800 uses
    247900 uses
    248000 uses
    248100 uses
    248200 uses
    248300 uses
    248400 uses
    248500 uses
    248600 uses
    248700 uses
    248800 uses
    248900 uses
    249000 uses
    249100 uses
    249200 uses
    249300 uses
    249400 uses
    249500 uses
    249600 uses
    249700 uses
    249800 uses
    249900 uses
    250000 uses
    250100 uses
    250200 uses
    250300 uses
    250400 uses
    250500 uses
    250600 uses
    250700 uses
    250800 uses
    250900 uses
    251000 uses
    251100 uses
    251200 uses
    251300 uses
    251400 uses
    251500 uses
    251600 uses
    251700 uses
    251800 uses
    251900 uses
    252000 uses
    252100 uses
    252200 uses
    252300 uses
    252400 uses
    252500 uses
    252600 uses
    252700 uses
    252800 uses
    252900 uses
    253000 uses
    253100 uses
    253200 uses
    253300 uses
    253400 uses
    253500 uses
    253600 uses
    253700 uses
    253800 uses
    253900 uses
    254000 uses
    254100 uses
    254200 uses
    254300 uses
    254400 uses
    254500 uses
    254600 uses
    254700 uses
    254800 uses
    254900 uses
    255000 uses
    255100 uses
    255200 uses
    255300 uses
    255400 uses
    255500 uses
    255600 uses
    255700 uses
    255800 uses
    255900 uses
    256000 uses
    256100 uses
    256200 uses
    256300 uses
    256400 uses
    256500 uses
    256600 uses
    256700 uses
    256800 uses
    256900 uses
    257000 uses
    257100 uses
    257200 uses
    257300 uses
    257400 uses
    257500 uses
    257600 uses
    257700 uses
[INFO]: Loading mgmt_core

DRC style is now "drc(full)"
Loading DRC CIF style.
[INFO]: COUNT: 115
[INFO]: Should be divided by 3 or 4
[INFO]: DRC Checking DONE (/project/openlane/mgmt_core/runs/mgmt_core/logs/magic/magic.drc)
[INFO]: Saving mag view with DRC errors(/project/openlane/mgmt_core/runs/mgmt_core/results/magic/mgmt_core.drc.mag)
[INFO]: Saved
