OpenROAD 0.9.0 e582f2522b
This program is licensed under the BSD-3 license. See the LICENSE file for details. 
Components of this program may be licensed under more restrictive licenses which must be honored.
Notice 0: Reading LEF file:  /project/openlane/user_proj_example/runs/user_proj_example/tmp/merged_unpadded.lef
Notice 0:     Created 13 technology layers
Notice 0:     Created 25 technology vias
Notice 0:     Created 437 library cells
Notice 0: Finished LEF file:  /project/openlane/user_proj_example/runs/user_proj_example/tmp/merged_unpadded.lef
Notice 0: 
Reading DEF file: /project/openlane/user_proj_example/runs/user_proj_example/tmp/floorplan/ioPlacer.def
Notice 0: Design: user_proj_example
Notice 0:     Created 612 pins.
Notice 0:     Created 672 components and 4679 component-terminals.
Notice 0:     Created 1015 nets and 1888 connections.
Notice 0: Finished DEF file: /project/openlane/user_proj_example/runs/user_proj_example/tmp/floorplan/ioPlacer.def
Running tapcell...
Step 1: Cut rows...
[INFO] Macro blocks found: 0
[INFO] #Original rows: 83
[INFO] #Cut rows: 0
Step 2: Insert endcaps...
[INFO] #Endcaps inserted: 166
Step 3: Insert tapcells...
[INFO] #Tapcells inserted: 680
Running tapcell... Done!
