Wed Nov 11 04:20:24 UTC 2020 - Executing "/openLANE_flow/scripts/mergeLef.py -i /home/xrex/usr/devel/pdks/sky130A/libs.ref/sky130_fd_sc_hvl/techlef/sky130_fd_sc_hvl.tlef /home/xrex/usr/devel/pdks/sky130A/libs.ref/sky130_fd_sc_hvl/lef/sky130_fd_sc_hvl.lef -o /project/openlane/caravel/runs/caravel/tmp/merged_unpadded.lef |& tee >&@stdout"

Wed Nov 11 04:20:24 UTC 2020 - Executing "/openLANE_flow/scripts/mergeLef.py -i /project/openlane/caravel/runs/caravel/tmp/merged_unpadded.lef /project/openlane/caravel/../../lef//chip_io.lef /project/openlane/caravel/../../lef//mgmt_core.lef /project/openlane/caravel/../../lef//storage.lef /project/openlane/caravel/../../lef//user_project_wrapper.lef /project/openlane/caravel/../../lef//mgmt_protect.lef /project/openlane/caravel/../../lef//gpio_control_block.lef /project/openlane/caravel/../../lef//user_id_programming.lef /project/openlane/caravel/../../lef//simple_por.lef -o /project/openlane/caravel/runs/caravel/tmp/merged_unpadded.lef |& tee >&@stdout"

Wed Nov 11 04:20:29 UTC 2020 - Executing "/openLANE_flow/scripts/libtrim.pl { /home/xrex/usr/devel/pdks/sky130A/libs.ref/sky130_fd_sc_hvl/lib/sky130_fd_sc_hvl__tt_025C_3v30.lib  /home/xrex/usr/devel/pdks/sky130A/libs.ref/sky130_fd_sc_hvl/lib/sky130_fd_sc_hvl__tt_025C_3v30_lv1v80.lib} /home/xrex/usr/devel/pdks/sky130A/libs.tech/openlane/sky130_fd_sc_hvl/no_synth.cells > /project/openlane/caravel/runs/caravel/tmp/trimmed.lib"

Wed Nov 11 04:20:29 UTC 2020 - Executing "yosys -c /openLANE_flow/scripts/synth_top.tcl -l /project/openlane/caravel/runs/caravel/logs/synthesis/yosys.log |& tee >&@stdout"

Wed Nov 11 04:20:30 UTC 2020 - Executing "sed -i -e {s/\(set ::env(CURRENT_NETLIST)\).*/\1 \/project\/openlane\/caravel\/runs\/caravel\/results\/synthesis\/caravel.synthesis.v/} /project/openlane/caravel/runs/caravel/config.tcl"

Wed Nov 11 04:20:30 UTC 2020 - Executing "sed -i -e {s/\(set ::env(PREV_NETLIST)\).*/\1 0/} /project/openlane/caravel/runs/caravel/config.tcl"

Wed Nov 11 04:20:30 UTC 2020 - Executing "openroad -exit /openLANE_flow/scripts/openroad/or_floorplan.tcl |& tee >&@stdout /project/openlane/caravel/runs/caravel/logs/floorplan/verilog2def.openroad.log"

Wed Nov 11 04:20:37 UTC 2020 - Executing "echo padframe 0 0 N >> /project/openlane/caravel/runs/caravel/tmp/macro_placement.cfg"

Wed Nov 11 04:20:37 UTC 2020 - Executing "echo storage 279.960 219.360 N >> /project/openlane/caravel/runs/caravel/tmp/macro_placement.cfg"

Wed Nov 11 04:20:37 UTC 2020 - Executing "echo soc 813.755 226.905 N >> /project/openlane/caravel/runs/caravel/tmp/macro_placement.cfg"

Wed Nov 11 04:20:37 UTC 2020 - Executing "echo mprj 251.520 1279.800 N >> /project/openlane/caravel/runs/caravel/tmp/macro_placement.cfg"

Wed Nov 11 04:20:37 UTC 2020 - Executing "echo mgmt_buffers 887.200 1158.940 N >> /project/openlane/caravel/runs/caravel/tmp/macro_placement.cfg"

Wed Nov 11 04:20:37 UTC 2020 - Executing "echo porb_level 778.715 1099.725 N >> /project/openlane/caravel/runs/caravel/tmp/macro_placement.cfg"

Wed Nov 11 04:20:37 UTC 2020 - Executing "echo rstb_level 826.125 1099.725 N >> /project/openlane/caravel/runs/caravel/tmp/macro_placement.cfg"

Wed Nov 11 04:20:37 UTC 2020 - Executing "echo user_id_value 778.715 1158.940 N >> /project/openlane/caravel/runs/caravel/tmp/macro_placement.cfg"

Wed Nov 11 04:20:37 UTC 2020 - Executing "echo por 2903.225 2184.205 N >> /project/openlane/caravel/runs/caravel/tmp/macro_placement.cfg"

Wed Nov 11 04:20:37 UTC 2020 - Executing "echo {gpio_control_in\[37\]} 38.560 1119.130 N >> /project/openlane/caravel/runs/caravel/tmp/macro_placement.cfg"

Wed Nov 11 04:20:37 UTC 2020 - Executing "echo {gpio_control_in\[36\]} 38.560 1346.13 N >> /project/openlane/caravel/runs/caravel/tmp/macro_placement.cfg"

Wed Nov 11 04:20:37 UTC 2020 - Executing "echo {gpio_control_in\[35\]} 38.560 1573.13 N >> /project/openlane/caravel/runs/caravel/tmp/macro_placement.cfg"

Wed Nov 11 04:20:37 UTC 2020 - Executing "echo {gpio_control_in\[34\]} 38.560 1800.13 N >> /project/openlane/caravel/runs/caravel/tmp/macro_placement.cfg"

Wed Nov 11 04:20:37 UTC 2020 - Executing "echo {gpio_control_in\[33\]} 38.560 2027.13 N >> /project/openlane/caravel/runs/caravel/tmp/macro_placement.cfg"

Wed Nov 11 04:20:37 UTC 2020 - Executing "echo {gpio_control_in\[32\]} 38.560 2254.13 N >> /project/openlane/caravel/runs/caravel/tmp/macro_placement.cfg"

Wed Nov 11 04:20:37 UTC 2020 - Executing "echo {gpio_control_in\[31\]} 38.560 2935.13 N >> /project/openlane/caravel/runs/caravel/tmp/macro_placement.cfg"

Wed Nov 11 04:20:37 UTC 2020 - Executing "echo {gpio_control_in\[30\]} 38.560 3162.13 N >> /project/openlane/caravel/runs/caravel/tmp/macro_placement.cfg"

Wed Nov 11 04:20:37 UTC 2020 - Executing "echo {gpio_control_in\[29\]} 38.560 3389.13 N >> /project/openlane/caravel/runs/caravel/tmp/macro_placement.cfg"

Wed Nov 11 04:20:37 UTC 2020 - Executing "echo {gpio_control_in\[28\]} 38.560 3616.13 N >> /project/openlane/caravel/runs/caravel/tmp/macro_placement.cfg"

Wed Nov 11 04:20:37 UTC 2020 - Executing "echo {gpio_control_in\[27\]} 38.560 3843.13 N >> /project/openlane/caravel/runs/caravel/tmp/macro_placement.cfg"

Wed Nov 11 04:20:37 UTC 2020 - Executing "echo {gpio_control_in\[26\]} 38.560 4070.13 N >> /project/openlane/caravel/runs/caravel/tmp/macro_placement.cfg"

Wed Nov 11 04:20:37 UTC 2020 - Executing "echo {gpio_control_in\[25\]} 38.560 4297.13 N >> /project/openlane/caravel/runs/caravel/tmp/macro_placement.cfg"

Wed Nov 11 04:20:37 UTC 2020 - Executing "echo {gpio_control_in\[24\]} 38.560 4751.13 N >> /project/openlane/caravel/runs/caravel/tmp/macro_placement.cfg"

Wed Nov 11 04:20:37 UTC 2020 - Executing "echo {gpio_control_bidir\[0\]} 3111.080 696.300 N >> /project/openlane/caravel/runs/caravel/tmp/macro_placement.cfg"

Wed Nov 11 04:20:37 UTC 2020 - Executing "echo {gpio_control_bidir\[1\]} 3111.080 934.3 N >> /project/openlane/caravel/runs/caravel/tmp/macro_placement.cfg"

Wed Nov 11 04:20:37 UTC 2020 - Executing "echo {gpio_control_in\[2\]} 3111.080 1172.3 N >> /project/openlane/caravel/runs/caravel/tmp/macro_placement.cfg"

Wed Nov 11 04:20:37 UTC 2020 - Executing "echo {gpio_control_in\[3\]} 3111.080 1410.3 N >> /project/openlane/caravel/runs/caravel/tmp/macro_placement.cfg"

Wed Nov 11 04:20:37 UTC 2020 - Executing "echo {gpio_control_in\[4\]} 3111.080 1648.3 N >> /project/openlane/caravel/runs/caravel/tmp/macro_placement.cfg"

Wed Nov 11 04:20:37 UTC 2020 - Executing "echo {gpio_control_in\[5\]} 3111.080 1886.3 N >> /project/openlane/caravel/runs/caravel/tmp/macro_placement.cfg"

Wed Nov 11 04:20:37 UTC 2020 - Executing "echo {gpio_control_in\[6\]} 3111.080 2124.3 N >> /project/openlane/caravel/runs/caravel/tmp/macro_placement.cfg"

Wed Nov 11 04:20:37 UTC 2020 - Executing "echo {gpio_control_in\[7\]} 3111.080 2600.3 N >> /project/openlane/caravel/runs/caravel/tmp/macro_placement.cfg"

Wed Nov 11 04:20:37 UTC 2020 - Executing "echo {gpio_control_in\[8\]} 3111.080 2838.3 N >> /project/openlane/caravel/runs/caravel/tmp/macro_placement.cfg"

Wed Nov 11 04:20:37 UTC 2020 - Executing "echo {gpio_control_in\[9\]} 3111.080 3076.3 N >> /project/openlane/caravel/runs/caravel/tmp/macro_placement.cfg"

Wed Nov 11 04:20:37 UTC 2020 - Executing "echo {gpio_control_in\[10\]} 3111.080 3314.3 N >> /project/openlane/caravel/runs/caravel/tmp/macro_placement.cfg"

Wed Nov 11 04:20:37 UTC 2020 - Executing "echo {gpio_control_in\[11\]} 3111.080 3552.3 N >> /project/openlane/caravel/runs/caravel/tmp/macro_placement.cfg"

Wed Nov 11 04:20:37 UTC 2020 - Executing "echo {gpio_control_in\[12\]} 3111.080 3790.3 N >> /project/openlane/caravel/runs/caravel/tmp/macro_placement.cfg"

Wed Nov 11 04:20:37 UTC 2020 - Executing "echo {gpio_control_in\[13\]} 3111.080 4028.3 N >> /project/openlane/caravel/runs/caravel/tmp/macro_placement.cfg"

Wed Nov 11 04:20:37 UTC 2020 - Executing "echo {gpio_control_in\[14\]} 3111.080 4735.3 N >> /project/openlane/caravel/runs/caravel/tmp/macro_placement.cfg"

Wed Nov 11 04:20:37 UTC 2020 - Executing "echo {gpio_control_in\[23\]} 468.460 5207.760 R270 >> /project/openlane/caravel/runs/caravel/tmp/macro_placement.cfg"

Wed Nov 11 04:20:37 UTC 2020 - Executing "echo {gpio_control_in\[22\]} 709.46 5207.760 R270 >> /project/openlane/caravel/runs/caravel/tmp/macro_placement.cfg"

Wed Nov 11 04:20:37 UTC 2020 - Executing "echo {gpio_control_in\[21\]} 950.46 5207.760 R270 >> /project/openlane/caravel/runs/caravel/tmp/macro_placement.cfg"

Wed Nov 11 04:20:37 UTC 2020 - Executing "echo {gpio_control_in\[20\]} 1191.46 5207.760 R270 >> /project/openlane/caravel/runs/caravel/tmp/macro_placement.cfg"

Wed Nov 11 04:20:37 UTC 2020 - Executing "echo {gpio_control_in\[19\]} 1432.46 5207.760 R270 >> /project/openlane/caravel/runs/caravel/tmp/macro_placement.cfg"

Wed Nov 11 04:20:37 UTC 2020 - Executing "echo {gpio_control_in\[18\]} 1673.46 5207.760 R270 >> /project/openlane/caravel/runs/caravel/tmp/macro_placement.cfg"

Wed Nov 11 04:20:37 UTC 2020 - Executing "echo {gpio_control_in\[17\]} 1914.46 5207.760 R270 >> /project/openlane/caravel/runs/caravel/tmp/macro_placement.cfg"

Wed Nov 11 04:20:37 UTC 2020 - Executing "echo {gpio_control_in\[16\]} 2155.46 5207.760 R270 >> /project/openlane/caravel/runs/caravel/tmp/macro_placement.cfg"

Wed Nov 11 04:20:37 UTC 2020 - Executing "echo {gpio_control_in\[15\]} 2396.46 5207.760 R270 >> /project/openlane/caravel/runs/caravel/tmp/macro_placement.cfg"

Wed Nov 11 04:20:37 UTC 2020 - Executing "python3 /openLANE_flow/scripts/manual_macro_place.py -l /project/openlane/caravel/runs/caravel/tmp/merged.lef -id /project/openlane/caravel/runs/caravel/tmp/floorplan/verilog2def_openroad.def -o /project/openlane/caravel/runs/caravel/tmp/floorplan/verilog2def_openroad.def.macro_placement.def -c /project/openlane/caravel/runs/caravel/tmp/macro_placement.cfg -f |& tee >&@stdout /project/openlane/caravel/runs/caravel/logs/macro_placement.log"

Wed Nov 11 04:20:49 UTC 2020 - Executing "magic -noconsole -dnull -rcfile /home/xrex/usr/devel/pdks/sky130A/libs.tech/magic/sky130A.magicrc /openLANE_flow/scripts/magic.tcl </dev/null |& tee >&@stdout /project/openlane/caravel/runs/caravel/logs/magic/magic.log"

