Netgen 1.5.183 compiled on Thu Jun  3 18:36:38 PDT 2021
Warning: netgen command 'format' use fully-qualified name '::netgen::format'
Warning: netgen command 'global' use fully-qualified name '::netgen::global'
Reading netlist file caravel.spice
Reading netlist file ../../verilog/gl/caravel.v
Warning:  A case-insensitive file has been read and so the	verilog file must be treated case-insensitive to match.
Creating placeholder cell definition for module gpio_control_block.
Creating placeholder cell definition for module mgmt_protect.
Creating placeholder cell definition for module user_project_wrapper.
Creating placeholder cell definition for module chip_io.
Creating placeholder cell definition for module simple_por.
Creating placeholder cell definition for module sky130_fd_sc_hvl__lsbufhv2lv_1_wrapped.
Creating placeholder cell definition for module mgmt_core.
Creating placeholder cell definition for module storage.
Creating placeholder cell definition for module user_id_programming.
Reading setup file sky130A_setup.tcl
Comparison output logged to file caravel_comp.out
Logging to file "caravel_comp.out" enabled
Contents of circuit 1:  Circuit: 'gpio_control_block'
Circuit gpio_control_block contains 0 device instances.
Circuit contains 0 nets, and 30 disconnected pins.
Contents of circuit 2:  Circuit: 'gpio_control_block'
Circuit gpio_control_block contains 0 device instances.
Circuit contains 0 nets.

Circuit gpio_control_block contains no devices.
Contents of circuit 1:  Circuit: 'chip_io'
Circuit chip_io contains 0 device instances.
Circuit contains 0 nets, and 740 disconnected pins.
Contents of circuit 2:  Circuit: 'chip_io'
Circuit chip_io contains 0 device instances.
Circuit contains 0 nets.

Circuit chip_io contains no devices.
Contents of circuit 1:  Circuit: 'mgmt_core'
Circuit mgmt_core contains 0 device instances.
Circuit contains 0 nets, and 796 disconnected pins.
Contents of circuit 2:  Circuit: 'mgmt_core'
Circuit mgmt_core contains 0 device instances.
Circuit contains 0 nets.

Circuit mgmt_core contains no devices.
Contents of circuit 1:  Circuit: 'simple_por'
Circuit simple_por contains 0 device instances.
Circuit contains 0 nets, and 6 disconnected pins.
Contents of circuit 2:  Circuit: 'simple_por'
Circuit simple_por contains 0 device instances.
Circuit contains 0 nets.

Circuit simple_por contains no devices.
Contents of circuit 1:  Circuit: 'user_id_programming'
Circuit user_id_programming contains 0 device instances.
Circuit contains 0 nets, and 34 disconnected pins.
Contents of circuit 2:  Circuit: 'user_id_programming'
Circuit user_id_programming contains 0 device instances.
Circuit contains 0 nets.

Circuit user_id_programming contains no devices.
Contents of circuit 1:  Circuit: 'mgmt_protect'
Circuit mgmt_protect contains 0 device instances.
Circuit contains 2925 nets, and 8393 disconnected pins.
Contents of circuit 2:  Circuit: 'mgmt_protect'
Circuit mgmt_protect contains 0 device instances.
Circuit contains 0 nets.

Circuit mgmt_protect contains no devices.
Contents of circuit 1:  Circuit: 'sky130_fd_sc_hvl__lsbufhv2lv_1_wrapped'
Circuit sky130_fd_sc_hvl__lsbufhv2lv_1_wrapped contains 0 device instances.
Circuit contains 5 nets, and 123 disconnected pins.
Contents of circuit 2:  Circuit: 'sky130_fd_sc_hvl__lsbufhv2lv_1_wrapped'
Circuit sky130_fd_sc_hvl__lsbufhv2lv_1_wrapped contains 0 device instances.
Circuit contains 0 nets.

Circuit sky130_fd_sc_hvl__lsbufhv2lv_1_wrapped contains no devices.
Contents of circuit 1:  Circuit: 'user_project_wrapper'
Circuit user_project_wrapper contains 0 device instances.
Circuit contains 0 nets, and 644 disconnected pins.
Contents of circuit 2:  Circuit: 'user_project_wrapper'
Circuit user_project_wrapper contains 0 device instances.
Circuit contains 0 nets.

Circuit user_project_wrapper contains no devices.
Contents of circuit 1:  Circuit: 'storage'
Circuit storage contains 0 device instances.
Circuit contains 0 nets, and 160 disconnected pins.
Contents of circuit 2:  Circuit: 'storage'
Circuit storage contains 0 device instances.
Circuit contains 0 nets.

Circuit storage contains no devices.
Contents of circuit 1:  Circuit: 'caravel'
Circuit caravel contains 46 device instances.
  Class: chip_io               instances:   1
  Class: user_id_programming   instances:   1
  Class: mgmt_core             instances:   1
  Class: storage               instances:   1
  Class: user_project_wrapper  instances:   1
  Class: gpio_control_block    instances:  38
  Class: mgmt_protect          instances:   1
  Class: simple_por            instances:   1
  Class: sky130_fd_sc_hvl__lsbufhv2lv_1_wrapped instances:   1
Circuit contains 2732 nets.
Contents of circuit 2:  Circuit: 'caravel'
Circuit caravel contains 46 device instances.
  Class: chip_io               instances:   1
  Class: user_id_programming   instances:   1
  Class: mgmt_core             instances:   1
  Class: storage               instances:   1
  Class: user_project_wrapper  instances:   1
  Class: gpio_control_block    instances:  38
  Class: mgmt_protect          instances:   1
  Class: simple_por            instances:   1
  Class: sky130_fd_sc_hvl__lsbufhv2lv_1_wrapped instances:   1
Circuit contains 2086 nets.

Circuit 1 contains 46 devices, Circuit 2 contains 46 devices.
Circuit 1 contains 2727 nets,    Circuit 2 contains 2086 nets. *** MISMATCH ***

Result: Netlists do not match.
Logging to file "caravel_comp.out" disabled
LVS Done.
