
Cell sky130_fd_sc_hvl__schmittbuf_1 disconnected node: A
Cell sky130_fd_sc_hvl__schmittbuf_1 disconnected node: X
Cell sky130_fd_sc_hvl__schmittbuf_1 disconnected node: VGND
Cell sky130_fd_sc_hvl__schmittbuf_1 disconnected node: VNB
Cell sky130_fd_sc_hvl__schmittbuf_1 disconnected node: VPB
Cell sky130_fd_sc_hvl__schmittbuf_1 disconnected node: VPWR
Warning: Equate pins:  cell sky130_fd_sc_hvl__schmittbuf_1 has no definition, treated as a black box.

Subcircuit pins:
Circuit 1: sky130_fd_sc_hvl__schmittbuf_1  |Circuit 2: sky130_fd_sc_hvl__schmittbuf_1  
-------------------------------------------|-------------------------------------------
A                                          |A                                          
X                                          |X                                          
VGND                                       |VGND                                       
VNB                                        |VNB                                        
VPB                                        |VPB                                        
VPWR                                       |VPWR                                       
---------------------------------------------------------------------------------------
Cell pin lists are equivalent.
Device classes sky130_fd_sc_hvl__schmittbuf_1 and sky130_fd_sc_hvl__schmittbuf_1 are equivalent.

Cell sky130_fd_sc_hvl__conb_1 disconnected node: HI
Cell sky130_fd_sc_hvl__conb_1 disconnected node: LO
Cell sky130_fd_sc_hvl__conb_1 disconnected node: VGND
Cell sky130_fd_sc_hvl__conb_1 disconnected node: VNB
Cell sky130_fd_sc_hvl__conb_1 disconnected node: VPB
Cell sky130_fd_sc_hvl__conb_1 disconnected node: VPWR
Warning: Equate pins:  cell sky130_fd_sc_hvl__conb_1 has no definition, treated as a black box.

Subcircuit pins:
Circuit 1: sky130_fd_sc_hvl__conb_1        |Circuit 2: sky130_fd_sc_hvl__conb_1        
-------------------------------------------|-------------------------------------------
LO                                         |LO                                         
VGND                                       |VGND                                       
VNB                                        |VNB                                        
VPB                                        |VPB                                        
VPWR                                       |VPWR                                       
---------------------------------------------------------------------------------------
Cell pin lists are equivalent.
Device classes sky130_fd_sc_hvl__conb_1 and sky130_fd_sc_hvl__conb_1 are equivalent.

Cell simple_por disconnected node: vdd3v3
Cell simple_por disconnected node: vss

Cell simple_por disconnected node: vdd3v3
Cell simple_por disconnected node: vss

Subcircuit summary:
Circuit 1: simple_por                      |Circuit 2: simple_por                      
-------------------------------------------|-------------------------------------------
sky130_fd_sc_hvl__schmittbuf_1 (2)         |sky130_fd_sc_hvl__schmittbuf_1 (2)         
sky130_fd_sc_hvl__conb_1 (1)               |sky130_fd_sc_hvl__conb_1 (1)               
Number of devices: 3                       |Number of devices: 3                       
Number of nets: 5                          |Number of nets: 5                          
---------------------------------------------------------------------------------------
Circuits match uniquely.
Netlists match uniquely.

Subcircuit pins:
Circuit 1: simple_por                      |Circuit 2: simple_por                      
-------------------------------------------|-------------------------------------------
porb_h                                     |porb_h                                     
VGND                                       |VGND                                       
VPWR                                       |VPWR                                       
---------------------------------------------------------------------------------------
Cell pin lists are equivalent.
Device classes simple_por and simple_por are equivalent.
Circuits match uniquely.
