OpenROAD 0.9.0 d03ebfc244
This program is licensed under the BSD-3 license. See the LICENSE file for details. 
Components of this program may be licensed under more restrictive licenses which must be honored.
Error: cannot open '/.openroad'.
Notice 0: Reading LEF file:  /project/openlane/mgmt_protect/runs/mgmt_protect/tmp/merged_unpadded.lef
Notice 0:     Created 13 technology layers
Notice 0:     Created 25 technology vias
Notice 0:     Created 439 library cells
Notice 0: Finished LEF file:  /project/openlane/mgmt_protect/runs/mgmt_protect/tmp/merged_unpadded.lef
Notice 0: 
Reading DEF file: /project/openlane/mgmt_protect/runs/mgmt_protect/results/placement/mgmt_protect.placement.def
Notice 0: Design: mgmt_protect
Notice 0:     Created 923 pins.
Notice 0:     Created 2103 components and 10326 component-terminals.
Notice 0:     Created 2 special nets and 7106 connections.
Notice 0:     Created 1840 nets and 2761 connections.
Notice 0: Finished DEF file: /project/openlane/mgmt_protect/runs/mgmt_protect/results/placement/mgmt_protect.placement.def
[INFO]: Inserting sky130_fd_sc_hd__diode_2...
[WARN]: Skipping VPWR
[WARN]: Skipping VGND

[INFO]: 1379 of sky130_fd_sc_hd__diode_2 inserted!
[INFO]: Legalizing...
Design Stats
--------------------------------
total instances          3482
multi row instances         0
fixed instances           723
nets                     1842
design area           48320.1 u^2
fixed area             1695.0 u^2
movable area          16791.1 u^2
utilization                36 %
utilization padded         43 %
rows                       21
row height                2.7 u

Placement Analysis
--------------------------------
total displacement     4233.6 u
average displacement      1.2 u
max displacement         12.1 u
original HPWL        113946.1 u
legalized HPWL       114795.0 u
delta HPWL                  1 %

