
20. Printing statistics.

=== gpio_control_block ===

   Number of wires:                 77
   Number of wire bits:             79
   Number of public wires:          38
   Number of public wire bits:      40
   Number of memories:               0
   Number of memory bits:            0
   Number of processes:              0
   Number of cells:                 71
     sky130_fd_sc_hd__a32o_4         2
     sky130_fd_sc_hd__and2_4         2
     sky130_fd_sc_hd__and3_4         1
     sky130_fd_sc_hd__buf_2         31
     sky130_fd_sc_hd__conb_1         1
     sky130_fd_sc_hd__dfrtp_4       23
     sky130_fd_sc_hd__dfstp_4        3
     sky130_fd_sc_hd__einvp_8        1
     sky130_fd_sc_hd__inv_2          3
     sky130_fd_sc_hd__nand2_4        2
     sky130_fd_sc_hd__or2_4          2

   Chip area for module '\gpio_control_block': 1056.012800

