//  Calibre Interactive - LVS  v2018.4_34.26    Mon Dec 3 14:41:19 PST 2018
//
//        Copyright Mentor Graphics Corporation 1996-2018
//                       All Rights Reserved.
//   THIS WORK CONTAINS TRADE SECRET AND PROPRIETARY INFORMATION
//      WHICH IS THE PROPERTY OF MENTOR GRAPHICS CORPORATION
//        OR ITS LICENSORS AND IS SUBJECT TO LICENSE TERMS.
//
//  The registered trademark Linux is used pursuant to a sublicense from LMI, the
//  exclusive licensee of Linus Torvalds, owner of the mark on a world-wide basis.
//
//  Mentor Graphics software executing under x86-64 Linux
//
//  Running on Linux tansell-u.c.googlers.com 5.10.28-1rodete2-amd64 #1 SMP Debian 5.10.28-1rodete2 (2021-05-12) x86_64
//  64 bit virtual addressing enabled
//
//  Starting time: Thu ... XX XX:XX:XX 2...
//
//  calinteractive license acquired.
//  WARNING: calinteractive license(s) (1817@gchips-licenses.corp.google.com SN=71739823, HostID=00259057cd72) will expire in 4 days.
//  Calibre Interactive authorized.
// Calibre Interactive: Creating Run Directory directory /usr/local/google/home/tansell/work/openflow-drc-tests/torture_tests/sky130_fd_io__top_xres4v2//lvs
// Calibre Interactive Error: Source Path "$JOB_HOME/$JOB_NAME.cdl" doesn't exist
