Warning - class CORE ANTENNACELL is not found. This msg can be ignored if not in the antenna-avoid flow

Net - A
  lvlshiftdown  (sky130_fd_sc_hvl__lsbufhv2lv_1)  A
[1]  met2:
  PAR:    2.86  Ratio:    0.00       (Area)
  PAR:   14.99  Ratio:  400.00       (S.Area)
  CAR:    7.58  Ratio:    0.00       (C.Area)
  CAR:   38.70  Ratio:    0.00       (C.S.Area)

[1]  met1:
  PAR:    4.69  Ratio:    0.00       (Area)
  PAR:   23.67  Ratio:  400.00       (S.Area)
  CAR:    4.72  Ratio:    0.00       (C.Area)
  CAR:   23.71  Ratio:    0.00       (C.S.Area)

[1]  li1:
  PAR:    0.03  Ratio:    0.00       (Area)
  PAR:    0.04  Ratio:   75.00       (S.Area)
  CAR:    0.03  Ratio:    0.00       (C.Area)
  CAR:    0.04  Ratio:    0.00       (C.S.Area)

[1]  M1M2_PR:
  PAR:    0.05  Ratio:    6.00       (Area)
  CAR:    0.12  Ratio:    0.00       (C.Area)

[1]  L1M1_PR_MR:
  PAR:    0.07  Ratio:    3.00       (Area)
  CAR:    0.07  Ratio:    0.00       (C.Area)


Net - X
  No sinks on this net
Number of pins violated: 0
Number of nets violated: 0
Total number of unspecial nets: 2
