OpenROAD 0.9.0 e582f2522b
This program is licensed under the BSD-3 license. See the LICENSE file for details. 
Components of this program may be licensed under more restrictive licenses which must be honored.
Notice 0: Reading LEF file:  /project/openlane/storage/runs/storage/tmp/merged_unpadded.lef
Notice 0:     Created 13 technology layers
Notice 0:     Created 25 technology vias
Notice 0:     Created 438 library cells
Notice 0: Finished LEF file:  /project/openlane/storage/runs/storage/tmp/merged_unpadded.lef
Notice 0: 
Reading DEF file: /project/openlane/storage/runs/storage/tmp/placement/replace.def.macro_placement.def
Notice 0: Design: storage
Notice 0:     Created 158 pins.
Notice 0:     Created 2 components and 246 component-terminals.
Notice 0:     Created 158 nets and 200 connections.
Notice 0: Finished DEF file: /project/openlane/storage/runs/storage/tmp/placement/replace.def.macro_placement.def
Running tapcell...
Step 1: Cut rows...
[INFO] Macro blocks found: 2
[INFO] #Original rows: 341
[INFO] #Cut rows: 341
Step 2: Insert endcaps...
[INFO] #Endcaps inserted: 1364
Step 3: Insert tapcells...
[INFO] #Tapcells inserted: 342
Running tapcell... Done!
